2025-06-22 16:46:30   Build version: 2024.5 Release from 2024-06-14 (change 1285309)

2025-06-22 16:46:30   Starting adaptive port meshing.

                      ------------------------------------------------------------------------------
2025-06-22 16:46:30   Mode calculation for port 1:

                      ------------------------------------------------------------------------------
2025-06-22 16:46:30   

                      ------------------------------------------------------------------------------
2025-06-22 16:46:30   

                      ------------------------------------------------------------------------------
2025-06-22 16:46:31   *** Warning ***

2025-06-22 16:46:31   The Standard (legacy) port mode solver is not supported anymore. Please consider switching to the Generalized port mode 
                      solver instead. More...

                      ------------------------------------------------------------------------------
2025-06-22 16:46:32     -------------------------------- F-Calc 24 ---------------------------------
                        Port   Mode   Type        Z-Wave        Z-Wave-Sigma  Z-Line        F-Cutoff
                        1      1      TE          527           1.19e-005     ---           16.79
                        ----------------------------------------------------------------------------

2025-06-22 16:46:32   Pass 1 successfully completed. 
2025-06-22 16:46:32   Adaptive port meshing finished. 

                      ------------------------------------------------------------------------------
2025-06-22 16:46:33   *** Warning ***

                      This software is licensed for non-commercial use only.

                      ------------------------------------------------------------------------------
2025-06-22 16:46:33   
                      Solver started at: 2025-06-22 16:46:33 +0200

                        Module:  Time Domain: S-Parameter (Win 64)
                        Version: 2024.5 Release from 2024-06-14 (change 1285309)

2025-06-22 16:46:33   

                      ------------------------------------------------------------------------------
2025-06-22 16:46:33   

                      ------------------------------------------------------------------------------
2025-06-22 16:46:33   ======================================================================
                       Solver cycle: 1
                      ======================================================================

                      Stimulation at port 1 (mode 1) 



                      ------------------------------------------------------------------------------
2025-06-22 16:46:33   Units settings: 

                        Dimensions: mm
                        Frequency:  GHz
                        Time:       ns

                      ------------------------------------------------------------------------------
2025-06-22 16:46:33   The dispersive material update will be performed using the "Standard" update schema

                      ------------------------------------------------------------------------------
2025-06-22 16:46:55   Mesh statistics:

                         Hexahedral mesh type: Perfect Boundary Approximation (PBA)
                            Version: legacy

                         Parallelization type: domain decomposition
                            Number of parallel working threads: 4
                            Number of calculation domains used: 8

                         Used point accuracy enhancement value: 62.00%.
                         Acceleration mode: CPU
                         PBA fill limit: 93.59% (inverse)

                         *** Warning ***  The matrix computation uses legacy PBA settings. These settings will become obsolete in future versions.

                         *** Warning ***  To use the default PBA settings please consider pressing the "Default" button in the "Discretizer" tab of the "Special Mesh Properties" dialog box. 


2025-06-22 16:46:57   *** Warning ***

2025-06-22 16:46:57   The Standard (legacy) port mode solver is not supported anymore. Please consider switching to the Generalized port mode 
                      solver instead. More...

                      ------------------------------------------------------------------------------
2025-06-22 16:46:58   Boundary conditions: 

                        YZsymmetry: none
                        XZsymmetry: none
                        XYsymmetry: none

                        Xmin: expanded open, 4 Layer, depth 3.48186 mm
                        Xmax: expanded open, 4 Layer, depth 3.48186 mm

                        Ymin: expanded open, 4 Layer, depth 4.16378 mm
                        Ymax: expanded open, 4 Layer, depth 3.46275 mm

                        Zmin: expanded open, 4 Layer, depth 3.48186 mm
                        Zmax: expanded open, 4 Layer, depth 3.48186 mm

                        PML-Type: Convolution PML

                      ------------------------------------------------------------------------------
2025-06-22 16:46:58   Frequency settings: 

                        Fmin:         21.6
                        Fmax:         26.4
                        Nfsteps(lin): 1001

                      ------------------------------------------------------------------------------
2025-06-22 16:46:58   Field update statistics:

                        Number of components in total: 	2199940
                        Number of TST and special elements:	342
                        Number of lossy metal components:	123549

                      Subcycling state:      			Automatically deactivated

                      ------------------------------------------------------------------------------
2025-06-22 16:46:58   Waveguide boundaries:

2025-06-22 16:46:58   Port: 1

2025-06-22 16:46:58     -------------------------------- F-Calc 24 ---------------------------------
                        Port   Mode   Type        Z-Wave        Z-Wave-Sigma  Z-Line        F-Cutoff
                        1      1      TE          527           1.19e-005     ---           16.79
                        ----------------------------------------------------------------------------

2025-06-22 16:55:37   
                      --------------------------------------------------------------------------------
2025-06-22 16:55:37   Steady state energy criterion met, solver finished successfully.

                      ------------------------------------------------------------------------------
2025-06-22 16:55:37   Frequency domain results normalized to default signal.


                      ------------------------------------------------------------------------------
2025-06-22 16:55:37   
                        ----------------------------------------------------------------------------
                                            Peak memory used (kB)         Free physical memory (kB) 
                                                                          At begin     Minimum      
                        ----------------------------------------------------------------------------
                        CAD preparation     16124                         21108376     21108376     
                        Matrices calc.      347321                        21103515     20762695     
                        Solver run total    212760                        21121128     19141004     
                        ----------------------------------------------------------------------------

                      --------------------------------------------------------------------------------
                      Solver Statistics:

                        Hardware:
                           Computer name:                 	Fynn 

                           Number of CPU threads:               6
                           Hardware info:                  	Hardware Accelerator Device not activated

                        Number of mesh cells:             	350075
                        Excitation duration:              	1.48106198e+000 ns 
                        Calculation time for excitation:  	0 	s
                        Number of calculated pulse widths:	5.31714 
                        Steady state accuracy limit:      	-30	dB 
                        Simulated number of time steps:   	65940 
                        Maximum number of time steps:     	248027 
                        Time step width:
                           without subcycles:             	1.194270530e-004 ns
                           used:                          	1.194270530e-004 ns

                        CAD preparation time:             	1      	s
                        Matrix calculation time:          	21 	s
                        Solver setup time:                	4 	s
                        Solver loop time:                 	515 	s
                        Solver post-processing time:      	1 	s
                                                          	------------
                        Total solver time:                	542 	s  ( = 0 h, 9 m, 2 s )

                      ------------------------------------------------------------------------------
2025-06-22 16:55:37   
                        Adaptive port meshing time:          	4      	s
                        Total solver time (all cycles):      	542    	s  ( = 0 h, 9 m, 2 s )
                        Solver initialization and clean-up:  	2      	s
                                                             	------------
                        Total simulation time:               	548    	s  ( = 0 h, 9 m, 8 s )

                      ------------------------------------------------------------------------------
2025-06-22 16:55:37   Solver finished at: 2025-06-22 16:55:37 +0200



                      ------------------------------------------------------------------------------
2025-06-22 16:55:43   Creating parametric 1D results for Run ID 1

                      ------------------------------------------------------------------------------
