2025-06-27 22:32:32   Build version: 2024.5 Release from 2024-06-14 (change 1285309)

2025-06-27 22:32:32   Starting adaptive port meshing.

                      ------------------------------------------------------------------------------
2025-06-27 22:32:32   Mode calculation for port 1:

                      ------------------------------------------------------------------------------
2025-06-27 22:32:32   

                      ------------------------------------------------------------------------------
2025-06-27 22:32:32   

                      ------------------------------------------------------------------------------
2025-06-27 22:32:34   *** Warning ***

2025-06-27 22:32:34   The Standard (legacy) port mode solver is not supported anymore. Please consider switching to the Generalized port mode 
                      solver instead. More...

                      ------------------------------------------------------------------------------
2025-06-27 22:32:34     -------------------------------- F-Calc 24 ---------------------------------
                        Port   Mode   Type        Z-Wave        Z-Wave-Sigma  Z-Line        F-Cutoff
                        1      1      TE          529           8.67e-006     ---           16.85
                        ----------------------------------------------------------------------------

2025-06-27 22:32:35   Pass 1 successfully completed. 
2025-06-27 22:32:35   Adaptive port meshing finished. 

                      ------------------------------------------------------------------------------
2025-06-27 22:32:35   *** Warning ***

                      This software is licensed for non-commercial use only.

                      ------------------------------------------------------------------------------
2025-06-27 22:32:35   
                      Solver started at: 2025-06-27 22:32:35 +0200

                        Module:  Time Domain: S-Parameter (Win 64)
                        Version: 2024.5 Release from 2024-06-14 (change 1285309)

2025-06-27 22:32:35   

                      ------------------------------------------------------------------------------
2025-06-27 22:32:35   

                      ------------------------------------------------------------------------------
2025-06-27 22:32:35   ======================================================================
                       Solver cycle: 1
                      ======================================================================

                      Stimulation at port 1 (mode 1) 



                      ------------------------------------------------------------------------------
2025-06-27 22:32:35   Units settings: 

                        Dimensions: mm
                        Frequency:  GHz
                        Time:       ns

                      ------------------------------------------------------------------------------
2025-06-27 22:32:35   The dispersive material update will be performed using the "Standard" update schema

                      ------------------------------------------------------------------------------
2025-06-27 22:33:23   Mesh statistics:

                         Hexahedral mesh type: Perfect Boundary Approximation (PBA)
                            Version: legacy

                         Parallelization type: domain decomposition
                            Number of parallel working threads: 10
                            Number of calculation domains used: 24

                         Used point accuracy enhancement value: 61.00%.
                         Acceleration mode: CPU
                         PBA fill limit: 85.00% (inverse)
2025-06-27 22:32:45      current system memory usage reached 50%
2025-06-27 22:32:44      current system memory usage reached 50%

                         *** Warning ***  The matrix computation uses legacy PBA settings. These settings will become obsolete in future versions.

                         *** Warning ***  To use the default PBA settings please consider pressing the "Default" button in the "Discretizer" tab of the "Special Mesh Properties" dialog box. 


2025-06-27 22:33:26   *** Warning ***

2025-06-27 22:33:26   The Standard (legacy) port mode solver is not supported anymore. Please consider switching to the Generalized port mode 
                      solver instead. More...

                      ------------------------------------------------------------------------------
2025-06-27 22:33:27   Boundary conditions: 

                        YZsymmetry: none
                        XZsymmetry: none
                        XYsymmetry: none

                        Xmin: open, 4 Layer, depth 4.41553 mm
                        Xmax: open, 4 Layer, depth 4.23054 mm

                        Ymin: open, 4 Layer, depth 4.50207 mm
                        Ymax: open, 4 Layer, depth 4.39688 mm

                        Zmin: open, 4 Layer, depth 3.71629 mm
                        Zmax: open, 4 Layer, depth 4.48663 mm

                        PML-Type: Convolution PML

                      ------------------------------------------------------------------------------
2025-06-27 22:33:27   Frequency settings: 

                        Fmin:         21.6
                        Fmax:         26.4
                        Nfsteps(lin): 1001

                      ------------------------------------------------------------------------------
2025-06-27 22:33:27   Field update statistics:

                        Number of components in total: 	8962408
                        Number of TST and special elements:	342
                        Number of lossy metal components:	121486

                      Subcycling state:      			Automatically deactivated

                      ------------------------------------------------------------------------------
2025-06-27 22:33:27   Waveguide boundaries:

2025-06-27 22:33:27   Port: 1

2025-06-27 22:33:28     -------------------------------- F-Calc 24 ---------------------------------
                        Port   Mode   Type        Z-Wave        Z-Wave-Sigma  Z-Line        F-Cutoff
                        1      1      TE          529           8.67e-006     ---           16.85
                        ----------------------------------------------------------------------------

2025-06-27 22:48:00   
                      --------------------------------------------------------------------------------
2025-06-27 22:48:00   Steady state energy criterion met, solver finished successfully.

                      ------------------------------------------------------------------------------
2025-06-27 22:48:00   Frequency domain results normalized to default signal.


                      ------------------------------------------------------------------------------
2025-06-27 22:48:00   
                        ----------------------------------------------------------------------------
                                            Peak memory used (kB)         Free physical memory (kB) 
                                                                          At begin     Minimum      
                        ----------------------------------------------------------------------------
                        CAD preparation     16164                         18711884     18711884     
                        Matrices calc.      2272562                       18795898     17445312     
                        Solver run total    512708                        18739668     17470768     
                        ----------------------------------------------------------------------------

                      --------------------------------------------------------------------------------
                      Solver Statistics:

                        Hardware:
                           Computer name:                 	Fynn 

                           Number of CPU threads:               6
                           Hardware info:                  	Hardware Accelerator Device not activated

                        Number of mesh cells:             	1457775
                        Excitation duration:              	1.48106198e+000 ns 
                        Calculation time for excitation:  	167 	s
                        Number of calculated pulse widths:	5.28319 
                        Steady state accuracy limit:      	-30	dB 
                        Simulated number of time steps:   	54288 
                        Maximum number of time steps:     	205512 
                        Time step width:
                           without subcycles:             	1.441337255e-004 ns
                           used:                          	1.441337255e-004 ns

                        CAD preparation time:             	1      	s
                        Matrix calculation time:          	47 	s
                        Solver setup time:                	6 	s
                        Solver loop time:                 	868 	s
                        Solver post-processing time:      	1 	s
                                                          	------------
                        Total solver time:                	923 	s  ( = 0 h, 15 m, 23 s )

                      ------------------------------------------------------------------------------
2025-06-27 22:48:01   
                        Adaptive port meshing time:          	4      	s
                        Total solver time (all cycles):      	923    	s  ( = 0 h, 15 m, 23 s )
                        Solver initialization and clean-up:  	2      	s
                                                             	------------
                        Total simulation time:               	929    	s  ( = 0 h, 15 m, 29 s )

                      ------------------------------------------------------------------------------
2025-06-27 22:48:01   Solver finished at: 2025-06-27 22:48:01 +0200



                      ------------------------------------------------------------------------------
2025-06-27 22:48:08   *** Error ***

                      Template based post-processing result "GainPhi0":
                      Error in calling "Evaluate1D" function ((9999) No calculated Farfield Result
                      with correct excitation string found.(Line:1660))

                      ------------------------------------------------------------------------------
2025-06-27 22:48:11   *** Error ***

                      Template based post-processing result "GainPhi90":
                      Error in calling "Evaluate1D" function ((&H8000ffff) Storing curves in file
                      'C:\Users\fgewi\Documents\Projects\CST_New\CST_Simulations\slot_antenna_V2_scaled_bigbox\slot_antenna_V2_scaled_bigbox\Result\Farfield_mono_tmp.sig' failed: The selected result 'Farfields\Farfield Cuts' is not a 0d or 1d result
                      (StoreCurvesInASCIIFile stmpfile)(Line:2402))

                      ------------------------------------------------------------------------------
2025-06-27 22:48:11   *** Error ***

                      Template based post-processing result "e-field (f=24,z=4.9605942990365) (1)_Abs
                      (X)":
                      Error in calling "Evaluate1D" function ((9999) Could not find result '2D/3D
                      Results\E-Field\e-field (f=24;z=4.9605942990365) [1]'. Please check your
                      settings.(Line:1846))

                      ------------------------------------------------------------------------------
2025-06-27 22:48:12   Creating parametric 1D results for Run ID 1

                      ------------------------------------------------------------------------------
