Port monitor named: Port1_e1.prt

nx        = 20
ny        = 736
nz        = 26

nu        = 16
nv        = 10
iu        = 6
iv        = 6

idir      = 1
dcut      = -2.206558e-001
icut      = 5
type      = 0
frequency = 2.400000e+010

fcutoff   = 1.502883e+010
alpha     = 0.000000e+000
beta      = 3.921719e+002
accuracy  = 1.490972e-010

type          = TM
wave imp.     = 2.937221e+002
wave imp.sig. = 6.386227e-006
line imp.     = 0.000000e+000

ref. port     = 0

2.687513e+002  8.223819e+002  1.375068e+003  1.888252e+003  2.504193e+003  3.107870e+003  3.427341e+003  3.395021e+003  3.043258e+003  2.598947e+003  2.182772e+003  1.703890e+003  1.223853e+003  7.680320e+002  2.679954e+002  -0.000000e+000  
2.687513e+002  8.223819e+002  1.375068e+003  1.888252e+003  2.504193e+003  3.107870e+003  3.427341e+003  3.395021e+003  3.043258e+003  2.598947e+003  2.182772e+003  1.703890e+003  1.223853e+003  7.680320e+002  2.679954e+002  -0.000000e+000  
2.687512e+002  8.223819e+002  1.375068e+003  1.888252e+003  2.504193e+003  3.107870e+003  3.427341e+003  3.395021e+003  3.043258e+003  2.598947e+003  2.182772e+003  1.703890e+003  1.223853e+003  7.680320e+002  2.679954e+002  -0.000000e+000  
2.687512e+002  8.223819e+002  1.375068e+003  1.888252e+003  2.504193e+003  3.107870e+003  3.427341e+003  3.395021e+003  3.043258e+003  2.598947e+003  2.182772e+003  1.703890e+003  1.223853e+003  7.680320e+002  2.679954e+002  -0.000000e+000  
2.687512e+002  8.223819e+002  1.375068e+003  1.888252e+003  2.504193e+003  3.107870e+003  3.427341e+003  3.395021e+003  3.043258e+003  2.598947e+003  2.182772e+003  1.703890e+003  1.223853e+003  7.680320e+002  2.679954e+002  -0.000000e+000  
2.687512e+002  8.223819e+002  1.375068e+003  1.888252e+003  2.504193e+003  3.107870e+003  3.427341e+003  3.395021e+003  3.043258e+003  2.598947e+003  2.182772e+003  1.703890e+003  1.223853e+003  7.680320e+002  2.679954e+002  -0.000000e+000  
2.687512e+002  8.223819e+002  1.375068e+003  1.888252e+003  2.504193e+003  3.107870e+003  3.427341e+003  3.395021e+003  3.043258e+003  2.598947e+003  2.182772e+003  1.703890e+003  1.223853e+003  7.680320e+002  2.679954e+002  -0.000000e+000  
2.687512e+002  8.223819e+002  1.375068e+003  1.888252e+003  2.504193e+003  3.107870e+003  3.427341e+003  3.395021e+003  3.043258e+003  2.598947e+003  2.182772e+003  1.703890e+003  1.223853e+003  7.680320e+002  2.679954e+002  -0.000000e+000  
2.687513e+002  8.223819e+002  1.375068e+003  1.888252e+003  2.504193e+003  3.107870e+003  3.427341e+003  3.395021e+003  3.043258e+003  2.598947e+003  2.182772e+003  1.703890e+003  1.223853e+003  7.680320e+002  2.679954e+002  -0.000000e+000  
2.687513e+002  8.223819e+002  1.375068e+003  1.888252e+003  2.504193e+003  3.107870e+003  3.427341e+003  3.395021e+003  3.043258e+003  2.598947e+003  2.182772e+003  1.703890e+003  1.223853e+003  7.680320e+002  2.679954e+002  -0.000000e+000  

2.690941e-005  1.599487e-005  8.415969e-006  1.019480e-005  3.100621e-005  -3.236644e-005  -5.467615e-006  1.864788e-006  4.753969e-005  -4.426904e-005  -1.175622e-005  -4.498884e-006  -9.838693e-006  5.379451e-007  3.481691e-006  -1.887110e-005  
6.653740e-005  5.844717e-005  6.700536e-005  6.012479e-005  3.394803e-005  5.877337e-005  5.044433e-006  -5.632187e-006  -4.258799e-005  -4.073069e-005  -5.053013e-005  -4.485481e-005  -1.228745e-005  -4.245921e-005  -6.408718e-005  -6.751607e-005  
4.299153e-005  4.160214e-005  4.204989e-005  3.787564e-005  2.956817e-005  3.264671e-005  6.784757e-006  -5.511516e-006  -2.484646e-005  -2.798858e-005  -3.040658e-005  -2.799941e-005  -2.230250e-005  -2.963991e-005  -3.762338e-005  -4.014494e-005  
2.135653e-005  2.105754e-005  2.064228e-005  1.876016e-005  1.595897e-005  1.482165e-005  3.875182e-006  -3.027750e-006  -1.152751e-005  -1.386753e-005  -1.457809e-005  -1.401288e-005  -1.331119e-005  -1.556238e-005  -1.803318e-005  -1.918331e-005  
-4.645204e-008  -0.000000e+000  -6.231781e-008  -0.000000e+000  -0.000000e+000  -8.483341e-008  -1.712137e-007  -6.117127e-008  2.247540e-007  2.461822e-007  1.518927e-007  8.254526e-008  -0.000000e+000  7.011178e-008  -3.069851e-007  -1.248172e-007  
-2.142802e-005  -2.106583e-005  -2.049140e-005  -1.861311e-005  -1.588940e-005  -1.497200e-005  -4.111873e-006  3.005446e-006  1.178741e-005  1.402300e-005  1.477190e-005  1.415859e-005  1.339407e-005  1.533910e-005  1.788447e-005  1.889277e-005  
-4.287540e-005  -4.142558e-005  -4.188119e-005  -3.777956e-005  -2.962841e-005  -3.272813e-005  -6.832809e-006  5.443125e-006  2.495148e-005  2.803709e-005  3.032514e-005  2.804775e-005  2.220156e-005  2.981156e-005  3.731608e-005  4.025007e-005  
-6.663796e-005  -5.855550e-005  -6.698571e-005  -6.013829e-005  -3.397910e-005  -5.895936e-005  -5.154807e-006  5.617945e-006  4.280276e-005  4.075636e-005  5.054585e-005  4.485153e-005  1.243915e-005  4.227771e-005  6.414342e-005  6.737102e-005  
-2.687874e-005  -1.601175e-005  -8.437133e-006  -1.026627e-005  -3.112160e-005  3.237756e-005  5.327179e-006  -1.900491e-006  -4.741349e-005  4.444745e-005  1.174669e-005  4.539318e-006  9.587232e-006  -2.746895e-007  -3.729948e-006  1.914663e-005  
-0.000000e+000  -0.000000e+000  -0.000000e+000  -0.000000e+000  -0.000000e+000  -0.000000e+000  -0.000000e+000  -0.000000e+000  -0.000000e+000  -0.000000e+000  -0.000000e+000  -0.000000e+000  -0.000000e+000  -0.000000e+000  -0.000000e+000  -0.000000e+000  

0.000000e+000  0.000000e+000  0.000000e+000  0.000000e+000  0.000000e+000  0.000000e+000  0.000000e+000  0.000000e+000  0.000000e+000  0.000000e+000  0.000000e+000  0.000000e+000  0.000000e+000  0.000000e+000  0.000000e+000  0.000000e+000  
0.000000e+000  0.000000e+000  0.000000e+000  0.000000e+000  0.000000e+000  0.000000e+000  0.000000e+000  0.000000e+000  0.000000e+000  0.000000e+000  0.000000e+000  0.000000e+000  0.000000e+000  0.000000e+000  0.000000e+000  0.000000e+000  
0.000000e+000  0.000000e+000  0.000000e+000  0.000000e+000  0.000000e+000  0.000000e+000  0.000000e+000  0.000000e+000  0.000000e+000  0.000000e+000  0.000000e+000  0.000000e+000  0.000000e+000  0.000000e+000  0.000000e+000  0.000000e+000  
0.000000e+000  0.000000e+000  0.000000e+000  0.000000e+000  0.000000e+000  0.000000e+000  0.000000e+000  0.000000e+000  0.000000e+000  0.000000e+000  0.000000e+000  0.000000e+000  0.000000e+000  0.000000e+000  0.000000e+000  0.000000e+000  
0.000000e+000  0.000000e+000  0.000000e+000  0.000000e+000  0.000000e+000  0.000000e+000  0.000000e+000  0.000000e+000  0.000000e+000  0.000000e+000  0.000000e+000  0.000000e+000  0.000000e+000  0.000000e+000  0.000000e+000  0.000000e+000  
0.000000e+000  0.000000e+000  0.000000e+000  0.000000e+000  0.000000e+000  0.000000e+000  0.000000e+000  0.000000e+000  0.000000e+000  0.000000e+000  0.000000e+000  0.000000e+000  0.000000e+000  0.000000e+000  0.000000e+000  0.000000e+000  
0.000000e+000  0.000000e+000  0.000000e+000  0.000000e+000  0.000000e+000  0.000000e+000  0.000000e+000  0.000000e+000  0.000000e+000  0.000000e+000  0.000000e+000  0.000000e+000  0.000000e+000  0.000000e+000  0.000000e+000  0.000000e+000  
0.000000e+000  0.000000e+000  0.000000e+000  0.000000e+000  0.000000e+000  0.000000e+000  0.000000e+000  0.000000e+000  0.000000e+000  0.000000e+000  0.000000e+000  0.000000e+000  0.000000e+000  0.000000e+000  0.000000e+000  0.000000e+000  
0.000000e+000  0.000000e+000  0.000000e+000  0.000000e+000  0.000000e+000  0.000000e+000  0.000000e+000  0.000000e+000  0.000000e+000  0.000000e+000  0.000000e+000  0.000000e+000  0.000000e+000  0.000000e+000  0.000000e+000  0.000000e+000  
0.000000e+000  0.000000e+000  0.000000e+000  0.000000e+000  0.000000e+000  0.000000e+000  0.000000e+000  0.000000e+000  0.000000e+000  0.000000e+000  0.000000e+000  0.000000e+000  0.000000e+000  0.000000e+000  0.000000e+000  0.000000e+000  

0.000000e+000  0.000000e+000  0.000000e+000  0.000000e+000  0.000000e+000  0.000000e+000  0.000000e+000  0.000000e+000  0.000000e+000  0.000000e+000  0.000000e+000  0.000000e+000  0.000000e+000  0.000000e+000  0.000000e+000  0.000000e+000  
0.000000e+000  0.000000e+000  0.000000e+000  0.000000e+000  0.000000e+000  0.000000e+000  0.000000e+000  0.000000e+000  0.000000e+000  0.000000e+000  0.000000e+000  0.000000e+000  0.000000e+000  0.000000e+000  0.000000e+000  0.000000e+000  
0.000000e+000  0.000000e+000  0.000000e+000  0.000000e+000  0.000000e+000  0.000000e+000  0.000000e+000  0.000000e+000  0.000000e+000  0.000000e+000  0.000000e+000  0.000000e+000  0.000000e+000  0.000000e+000  0.000000e+000  0.000000e+000  
0.000000e+000  0.000000e+000  0.000000e+000  0.000000e+000  0.000000e+000  0.000000e+000  0.000000e+000  0.000000e+000  0.000000e+000  0.000000e+000  0.000000e+000  0.000000e+000  0.000000e+000  0.000000e+000  0.000000e+000  0.000000e+000  
0.000000e+000  0.000000e+000  0.000000e+000  0.000000e+000  0.000000e+000  0.000000e+000  0.000000e+000  0.000000e+000  0.000000e+000  0.000000e+000  0.000000e+000  0.000000e+000  0.000000e+000  0.000000e+000  0.000000e+000  0.000000e+000  
0.000000e+000  0.000000e+000  0.000000e+000  0.000000e+000  0.000000e+000  0.000000e+000  0.000000e+000  0.000000e+000  0.000000e+000  0.000000e+000  0.000000e+000  0.000000e+000  0.000000e+000  0.000000e+000  0.000000e+000  0.000000e+000  
0.000000e+000  0.000000e+000  0.000000e+000  0.000000e+000  0.000000e+000  0.000000e+000  0.000000e+000  0.000000e+000  0.000000e+000  0.000000e+000  0.000000e+000  0.000000e+000  0.000000e+000  0.000000e+000  0.000000e+000  0.000000e+000  
0.000000e+000  0.000000e+000  0.000000e+000  0.000000e+000  0.000000e+000  0.000000e+000  0.000000e+000  0.000000e+000  0.000000e+000  0.000000e+000  0.000000e+000  0.000000e+000  0.000000e+000  0.000000e+000  0.000000e+000  0.000000e+000  
0.000000e+000  0.000000e+000  0.000000e+000  0.000000e+000  0.000000e+000  0.000000e+000  0.000000e+000  0.000000e+000  0.000000e+000  0.000000e+000  0.000000e+000  0.000000e+000  0.000000e+000  0.000000e+000  0.000000e+000  0.000000e+000  
0.000000e+000  0.000000e+000  0.000000e+000  0.000000e+000  0.000000e+000  0.000000e+000  0.000000e+000  0.000000e+000  0.000000e+000  0.000000e+000  0.000000e+000  0.000000e+000  0.000000e+000  0.000000e+000  0.000000e+000  0.000000e+000  

0.000000e+000  0.000000e+000  0.000000e+000  0.000000e+000  0.000000e+000  0.000000e+000  0.000000e+000  0.000000e+000  0.000000e+000  0.000000e+000  0.000000e+000  0.000000e+000  0.000000e+000  0.000000e+000  0.000000e+000  0.000000e+000  
0.000000e+000  0.000000e+000  0.000000e+000  0.000000e+000  0.000000e+000  0.000000e+000  0.000000e+000  0.000000e+000  0.000000e+000  0.000000e+000  0.000000e+000  0.000000e+000  0.000000e+000  0.000000e+000  0.000000e+000  0.000000e+000  
0.000000e+000  0.000000e+000  0.000000e+000  0.000000e+000  0.000000e+000  0.000000e+000  0.000000e+000  0.000000e+000  0.000000e+000  0.000000e+000  0.000000e+000  0.000000e+000  0.000000e+000  0.000000e+000  0.000000e+000  0.000000e+000  
0.000000e+000  0.000000e+000  0.000000e+000  0.000000e+000  0.000000e+000  0.000000e+000  0.000000e+000  0.000000e+000  0.000000e+000  0.000000e+000  0.000000e+000  0.000000e+000  0.000000e+000  0.000000e+000  0.000000e+000  0.000000e+000  
0.000000e+000  0.000000e+000  0.000000e+000  0.000000e+000  0.000000e+000  0.000000e+000  0.000000e+000  0.000000e+000  0.000000e+000  0.000000e+000  0.000000e+000  0.000000e+000  0.000000e+000  0.000000e+000  0.000000e+000  0.000000e+000  
0.000000e+000  0.000000e+000  0.000000e+000  0.000000e+000  0.000000e+000  0.000000e+000  0.000000e+000  0.000000e+000  0.000000e+000  0.000000e+000  0.000000e+000  0.000000e+000  0.000000e+000  0.000000e+000  0.000000e+000  0.000000e+000  
0.000000e+000  0.000000e+000  0.000000e+000  0.000000e+000  0.000000e+000  0.000000e+000  0.000000e+000  0.000000e+000  0.000000e+000  0.000000e+000  0.000000e+000  0.000000e+000  0.000000e+000  0.000000e+000  0.000000e+000  0.000000e+000  
0.000000e+000  0.000000e+000  0.000000e+000  0.000000e+000  0.000000e+000  0.000000e+000  0.000000e+000  0.000000e+000  0.000000e+000  0.000000e+000  0.000000e+000  0.000000e+000  0.000000e+000  0.000000e+000  0.000000e+000  0.000000e+000  
0.000000e+000  0.000000e+000  0.000000e+000  0.000000e+000  0.000000e+000  0.000000e+000  0.000000e+000  0.000000e+000  0.000000e+000  0.000000e+000  0.000000e+000  0.000000e+000  0.000000e+000  0.000000e+000  0.000000e+000  0.000000e+000  
0.000000e+000  0.000000e+000  0.000000e+000  0.000000e+000  0.000000e+000  0.000000e+000  0.000000e+000  0.000000e+000  0.000000e+000  0.000000e+000  0.000000e+000  0.000000e+000  0.000000e+000  0.000000e+000  0.000000e+000  0.000000e+000  

-2.764654e+003  -2.730949e+003  -2.618996e+003  -2.431805e+003  -2.174754e+003  -1.600608e+003  -8.008948e+002  8.102428e+001  9.546269e+002  1.618316e+003  1.972115e+003  2.269261e+003  2.501214e+003  2.637648e+003  2.723268e+003  2.756879e+003  
-2.764654e+003  -2.730949e+003  -2.618996e+003  -2.431805e+003  -2.174754e+003  -1.600608e+003  -8.008949e+002  8.102428e+001  9.546269e+002  1.618316e+003  1.972115e+003  2.269261e+003  2.501214e+003  2.637648e+003  2.723268e+003  2.756879e+003  
-2.764654e+003  -2.730949e+003  -2.618996e+003  -2.431805e+003  -2.174754e+003  -1.600608e+003  -8.008949e+002  8.102428e+001  9.546269e+002  1.618316e+003  1.972115e+003  2.269261e+003  2.501214e+003  2.637648e+003  2.723268e+003  2.756879e+003  
-2.764654e+003  -2.730949e+003  -2.618996e+003  -2.431805e+003  -2.174754e+003  -1.600608e+003  -8.008949e+002  8.102428e+001  9.546269e+002  1.618316e+003  1.972115e+003  2.269261e+003  2.501214e+003  2.637648e+003  2.723268e+003  2.756879e+003  
-2.764654e+003  -2.730949e+003  -2.618996e+003  -2.431805e+003  -2.174754e+003  -1.600608e+003  -8.008949e+002  8.102428e+001  9.546269e+002  1.618316e+003  1.972115e+003  2.269261e+003  2.501214e+003  2.637648e+003  2.723268e+003  2.756879e+003  
-2.764654e+003  -2.730949e+003  -2.618996e+003  -2.431805e+003  -2.174754e+003  -1.600608e+003  -8.008949e+002  8.102428e+001  9.546269e+002  1.618316e+003  1.972115e+003  2.269261e+003  2.501214e+003  2.637648e+003  2.723268e+003  2.756879e+003  
-2.764654e+003  -2.730949e+003  -2.618996e+003  -2.431805e+003  -2.174754e+003  -1.600608e+003  -8.008949e+002  8.102428e+001  9.546269e+002  1.618316e+003  1.972115e+003  2.269261e+003  2.501214e+003  2.637648e+003  2.723268e+003  2.756879e+003  
-2.764654e+003  -2.730949e+003  -2.618996e+003  -2.431805e+003  -2.174754e+003  -1.600608e+003  -8.008949e+002  8.102428e+001  9.546269e+002  1.618316e+003  1.972115e+003  2.269261e+003  2.501214e+003  2.637648e+003  2.723268e+003  2.756879e+003  
-2.764654e+003  -2.730949e+003  -2.618996e+003  -2.431805e+003  -2.174754e+003  -1.600608e+003  -8.008949e+002  8.102428e+001  9.546269e+002  1.618316e+003  1.972115e+003  2.269261e+003  2.501214e+003  2.637648e+003  2.723268e+003  2.756879e+003  
-2.764654e+003  -2.730949e+003  -2.618996e+003  -2.431805e+003  -2.174754e+003  -1.600608e+003  -8.008949e+002  8.102428e+001  9.546269e+002  1.618316e+003  1.972115e+003  2.269261e+003  2.501214e+003  2.637648e+003  2.723268e+003  2.756879e+003  

