
              Logfile of Field Evaluation
              ===========================

Calculation window:
===================

 Coordinate System       : global (xyz)   cartesian
 Dimension               : 1D
 Direction (tangential)  : X
 Stepsize                : 0.028602

                 low        high    stepsize
         ----------- ----------- -----------
       X -5.6030E+00  5.6030E+00  2.8587E-02
       Y -2.2378E+02 -2.2378E+02           1
       Z -8.0834E+00 -8.0834E+00           1

Evaluated field, component and result value:
============================================

 Evaluated field         : E-Field\e-field (f=24;z=4.9605942990365) [1]
 Field component         : Abs
 Complex                 : Real Part
 Result Value            : 1D Plot of Field Values


Result Data:
============

 NData Points = 393

 Max. value   =            0 at ( -5.6030E+00/ -2.2378E+02/ -8.0834E+00)
 Min. value   =            0 at ( -5.6030E+00/ -2.2378E+02/ -8.0834E+00)
 Mean value   =            0
 Deviation    =            0

 Integral     =            0
 Volume (Unit)=   1.1235E+01 mm^1
 Volume (SI)  =   1.1235E-02 m^1

