Port monitor named: Port1_h1.prt

nx        = 34
ny        = 776
nz        = 89

nu        = 16
nv        = 10
iu        = 12
iv        = 15

idir      = 1
dcut      = -2.182345e-001
icut      = 31
type      = 1
frequency = 2.400000e+010

fcutoff   = 1.685087e+010
alpha     = 0.000000e+000
beta      = 3.581678e+002
accuracy  = 1.299018e-010

type          = TE
wave imp.     = 5.290716e+002
wave imp.sig. = 8.667746e-006
line imp.     = 0.000000e+000

ref. port     = 0

-0.000000e+000  -0.000000e+000  -0.000000e+000  -0.000000e+000  -0.000000e+000  -0.000000e+000  -0.000000e+000  -0.000000e+000  -0.000000e+000  -0.000000e+000  -0.000000e+000  -0.000000e+000  -0.000000e+000  -0.000000e+000  -0.000000e+000  -0.000000e+000  
-0.000000e+000  -0.000000e+000  -1.957632e+000  -3.844682e+000  -5.593111e+000  -7.989082e+000  -9.840904e+000  -1.042713e+001  -9.672368e+000  -8.042189e+000  -6.652970e+000  -5.023877e+000  -3.213649e+000  -1.626936e+000  -0.000000e+000  -0.000000e+000  
-0.000000e+000  -0.000000e+000  -1.957632e+000  -3.844682e+000  -5.593111e+000  -7.989082e+000  -9.840904e+000  -1.042713e+001  -9.672368e+000  -8.042189e+000  -6.652970e+000  -5.023877e+000  -3.213649e+000  -1.626936e+000  -0.000000e+000  -0.000000e+000  
-0.000000e+000  -0.000000e+000  -1.957632e+000  -3.844682e+000  -5.593111e+000  -7.989082e+000  -9.840904e+000  -1.042713e+001  -9.672368e+000  -8.042189e+000  -6.652970e+000  -5.023877e+000  -3.213649e+000  -1.626936e+000  -0.000000e+000  -0.000000e+000  
-0.000000e+000  -0.000000e+000  -1.957632e+000  -3.844682e+000  -5.593111e+000  -7.989082e+000  -9.840904e+000  -1.042713e+001  -9.672368e+000  -8.042189e+000  -6.652970e+000  -5.023877e+000  -3.213649e+000  -1.626936e+000  -0.000000e+000  -0.000000e+000  
-0.000000e+000  -0.000000e+000  -1.957632e+000  -3.844682e+000  -5.593111e+000  -7.989082e+000  -9.840904e+000  -1.042713e+001  -9.672368e+000  -8.042189e+000  -6.652970e+000  -5.023877e+000  -3.213649e+000  -1.626936e+000  -0.000000e+000  -0.000000e+000  
-0.000000e+000  -0.000000e+000  -1.957632e+000  -3.844682e+000  -5.593111e+000  -7.989082e+000  -9.840904e+000  -1.042713e+001  -9.672368e+000  -8.042189e+000  -6.652970e+000  -5.023877e+000  -3.213649e+000  -1.626936e+000  -0.000000e+000  -0.000000e+000  
-0.000000e+000  -0.000000e+000  -1.957632e+000  -3.844682e+000  -5.593111e+000  -7.989082e+000  -9.840904e+000  -1.042713e+001  -9.672368e+000  -8.042189e+000  -6.652970e+000  -5.023877e+000  -3.213649e+000  -1.626936e+000  -0.000000e+000  -0.000000e+000  
-0.000000e+000  -0.000000e+000  -0.000000e+000  -0.000000e+000  -0.000000e+000  -0.000000e+000  -0.000000e+000  -0.000000e+000  -0.000000e+000  -0.000000e+000  -0.000000e+000  -0.000000e+000  -0.000000e+000  -0.000000e+000  -0.000000e+000  -0.000000e+000  
-0.000000e+000  -0.000000e+000  -0.000000e+000  -0.000000e+000  -0.000000e+000  -0.000000e+000  -0.000000e+000  -0.000000e+000  -0.000000e+000  -0.000000e+000  -0.000000e+000  -0.000000e+000  -0.000000e+000  -0.000000e+000  -0.000000e+000  -0.000000e+000  

-0.000000e+000  -0.000000e+000  -0.000000e+000  -0.000000e+000  -0.000000e+000  -0.000000e+000  -0.000000e+000  -0.000000e+000  -0.000000e+000  -0.000000e+000  -0.000000e+000  -0.000000e+000  -0.000000e+000  -0.000000e+000  -0.000000e+000  -0.000000e+000  
-0.000000e+000  -0.000000e+000  -0.000000e+000  -0.000000e+000  -0.000000e+000  -0.000000e+000  -0.000000e+000  -0.000000e+000  -0.000000e+000  -0.000000e+000  -0.000000e+000  -0.000000e+000  -0.000000e+000  -0.000000e+000  -0.000000e+000  -0.000000e+000  
-0.000000e+000  -1.959379e-009  -4.806740e-010  1.513935e-009  3.031888e-010  -1.480761e-009  8.069326e-010  7.162114e-010  2.716535e-010  -8.387053e-010  2.976021e-009  -2.469889e-009  -0.000000e+000  3.340194e-010  -0.000000e+000  -0.000000e+000  
-0.000000e+000  1.394078e-009  -1.303082e-009  -1.807668e-009  -2.188813e-010  2.725076e-010  1.207740e-009  -0.000000e+000  1.626115e-009  -1.692826e-009  -7.810252e-010  -3.702416e-010  1.922879e-009  -2.156938e-009  -0.000000e+000  -0.000000e+000  
-0.000000e+000  3.543819e-009  -6.143039e-009  6.079643e-010  8.773639e-010  -4.897235e-010  5.677768e-010  1.826266e-009  -1.691823e-009  -0.000000e+000  -2.690442e-009  4.198011e-009  -1.596266e-009  -5.593403e-010  -0.000000e+000  -0.000000e+000  
-0.000000e+000  -1.107539e-009  5.027911e-009  -4.499729e-009  5.146192e-010  -6.874227e-010  7.645711e-010  8.312113e-010  -8.400354e-010  4.802736e-009  -3.774537e-009  -3.762798e-009  7.533273e-009  -4.593885e-009  -0.000000e+000  -0.000000e+000  
-0.000000e+000  8.316212e-010  1.883434e-009  -2.488749e-009  -4.242352e-010  -6.779187e-010  -0.000000e+000  2.177593e-009  -2.226058e-009  3.785513e-010  -1.116669e-009  1.936338e-009  8.458239e-010  -1.133915e-009  -0.000000e+000  -0.000000e+000  
-0.000000e+000  2.638820e-009  -4.598749e-009  -0.000000e+000  2.273192e-009  -1.358330e-009  1.251068e-009  -6.790792e-010  1.836484e-010  -1.431420e-009  2.839601e-010  2.511780e-009  -5.872713e-010  -1.739652e-009  -0.000000e+000  -0.000000e+000  
-0.000000e+000  -0.000000e+000  -0.000000e+000  -0.000000e+000  -0.000000e+000  -0.000000e+000  -0.000000e+000  -0.000000e+000  -0.000000e+000  -0.000000e+000  -0.000000e+000  -0.000000e+000  -0.000000e+000  -0.000000e+000  -0.000000e+000  -0.000000e+000  
-0.000000e+000  -0.000000e+000  -0.000000e+000  -0.000000e+000  -0.000000e+000  -0.000000e+000  -0.000000e+000  -0.000000e+000  -0.000000e+000  -0.000000e+000  -0.000000e+000  -0.000000e+000  -0.000000e+000  -0.000000e+000  -0.000000e+000  -0.000000e+000  

0.000000e+000  0.000000e+000  0.000000e+000  0.000000e+000  0.000000e+000  0.000000e+000  0.000000e+000  0.000000e+000  0.000000e+000  0.000000e+000  0.000000e+000  0.000000e+000  0.000000e+000  0.000000e+000  0.000000e+000  0.000000e+000  
0.000000e+000  0.000000e+000  0.000000e+000  0.000000e+000  0.000000e+000  0.000000e+000  0.000000e+000  0.000000e+000  0.000000e+000  0.000000e+000  0.000000e+000  0.000000e+000  0.000000e+000  0.000000e+000  0.000000e+000  0.000000e+000  
0.000000e+000  0.000000e+000  0.000000e+000  0.000000e+000  0.000000e+000  0.000000e+000  0.000000e+000  0.000000e+000  0.000000e+000  0.000000e+000  0.000000e+000  0.000000e+000  0.000000e+000  0.000000e+000  0.000000e+000  0.000000e+000  
0.000000e+000  0.000000e+000  0.000000e+000  0.000000e+000  0.000000e+000  0.000000e+000  0.000000e+000  0.000000e+000  0.000000e+000  0.000000e+000  0.000000e+000  0.000000e+000  0.000000e+000  0.000000e+000  0.000000e+000  0.000000e+000  
0.000000e+000  0.000000e+000  0.000000e+000  0.000000e+000  0.000000e+000  0.000000e+000  0.000000e+000  0.000000e+000  0.000000e+000  0.000000e+000  0.000000e+000  0.000000e+000  0.000000e+000  0.000000e+000  0.000000e+000  0.000000e+000  
0.000000e+000  0.000000e+000  0.000000e+000  0.000000e+000  0.000000e+000  0.000000e+000  0.000000e+000  0.000000e+000  0.000000e+000  0.000000e+000  0.000000e+000  0.000000e+000  0.000000e+000  0.000000e+000  0.000000e+000  0.000000e+000  
0.000000e+000  0.000000e+000  0.000000e+000  0.000000e+000  0.000000e+000  0.000000e+000  0.000000e+000  0.000000e+000  0.000000e+000  0.000000e+000  0.000000e+000  0.000000e+000  0.000000e+000  0.000000e+000  0.000000e+000  0.000000e+000  
0.000000e+000  0.000000e+000  0.000000e+000  0.000000e+000  0.000000e+000  0.000000e+000  0.000000e+000  0.000000e+000  0.000000e+000  0.000000e+000  0.000000e+000  0.000000e+000  0.000000e+000  0.000000e+000  0.000000e+000  0.000000e+000  
0.000000e+000  0.000000e+000  0.000000e+000  0.000000e+000  0.000000e+000  0.000000e+000  0.000000e+000  0.000000e+000  0.000000e+000  0.000000e+000  0.000000e+000  0.000000e+000  0.000000e+000  0.000000e+000  0.000000e+000  0.000000e+000  
0.000000e+000  0.000000e+000  0.000000e+000  0.000000e+000  0.000000e+000  0.000000e+000  0.000000e+000  0.000000e+000  0.000000e+000  0.000000e+000  0.000000e+000  0.000000e+000  0.000000e+000  0.000000e+000  0.000000e+000  0.000000e+000  

0.000000e+000  0.000000e+000  0.000000e+000  0.000000e+000  0.000000e+000  0.000000e+000  0.000000e+000  0.000000e+000  0.000000e+000  0.000000e+000  0.000000e+000  0.000000e+000  0.000000e+000  0.000000e+000  0.000000e+000  0.000000e+000  
0.000000e+000  0.000000e+000  0.000000e+000  0.000000e+000  0.000000e+000  0.000000e+000  0.000000e+000  0.000000e+000  0.000000e+000  0.000000e+000  0.000000e+000  0.000000e+000  0.000000e+000  0.000000e+000  0.000000e+000  0.000000e+000  
0.000000e+000  0.000000e+000  0.000000e+000  0.000000e+000  0.000000e+000  0.000000e+000  0.000000e+000  0.000000e+000  0.000000e+000  0.000000e+000  0.000000e+000  0.000000e+000  0.000000e+000  0.000000e+000  0.000000e+000  0.000000e+000  
0.000000e+000  0.000000e+000  0.000000e+000  0.000000e+000  0.000000e+000  0.000000e+000  0.000000e+000  0.000000e+000  0.000000e+000  0.000000e+000  0.000000e+000  0.000000e+000  0.000000e+000  0.000000e+000  0.000000e+000  0.000000e+000  
0.000000e+000  0.000000e+000  0.000000e+000  0.000000e+000  0.000000e+000  0.000000e+000  0.000000e+000  0.000000e+000  0.000000e+000  0.000000e+000  0.000000e+000  0.000000e+000  0.000000e+000  0.000000e+000  0.000000e+000  0.000000e+000  
0.000000e+000  0.000000e+000  0.000000e+000  0.000000e+000  0.000000e+000  0.000000e+000  0.000000e+000  0.000000e+000  0.000000e+000  0.000000e+000  0.000000e+000  0.000000e+000  0.000000e+000  0.000000e+000  0.000000e+000  0.000000e+000  
0.000000e+000  0.000000e+000  0.000000e+000  0.000000e+000  0.000000e+000  0.000000e+000  0.000000e+000  0.000000e+000  0.000000e+000  0.000000e+000  0.000000e+000  0.000000e+000  0.000000e+000  0.000000e+000  0.000000e+000  0.000000e+000  
0.000000e+000  0.000000e+000  0.000000e+000  0.000000e+000  0.000000e+000  0.000000e+000  0.000000e+000  0.000000e+000  0.000000e+000  0.000000e+000  0.000000e+000  0.000000e+000  0.000000e+000  0.000000e+000  0.000000e+000  0.000000e+000  
0.000000e+000  0.000000e+000  0.000000e+000  0.000000e+000  0.000000e+000  0.000000e+000  0.000000e+000  0.000000e+000  0.000000e+000  0.000000e+000  0.000000e+000  0.000000e+000  0.000000e+000  0.000000e+000  0.000000e+000  0.000000e+000  
0.000000e+000  0.000000e+000  0.000000e+000  0.000000e+000  0.000000e+000  0.000000e+000  0.000000e+000  0.000000e+000  0.000000e+000  0.000000e+000  0.000000e+000  0.000000e+000  0.000000e+000  0.000000e+000  0.000000e+000  0.000000e+000  

0.000000e+000  0.000000e+000  0.000000e+000  0.000000e+000  0.000000e+000  0.000000e+000  0.000000e+000  0.000000e+000  0.000000e+000  0.000000e+000  0.000000e+000  0.000000e+000  0.000000e+000  0.000000e+000  0.000000e+000  0.000000e+000  
0.000000e+000  0.000000e+000  0.000000e+000  0.000000e+000  0.000000e+000  0.000000e+000  0.000000e+000  0.000000e+000  0.000000e+000  0.000000e+000  0.000000e+000  0.000000e+000  0.000000e+000  0.000000e+000  0.000000e+000  0.000000e+000  
0.000000e+000  0.000000e+000  0.000000e+000  0.000000e+000  0.000000e+000  0.000000e+000  0.000000e+000  0.000000e+000  0.000000e+000  0.000000e+000  0.000000e+000  0.000000e+000  0.000000e+000  0.000000e+000  0.000000e+000  0.000000e+000  
0.000000e+000  0.000000e+000  0.000000e+000  0.000000e+000  0.000000e+000  0.000000e+000  0.000000e+000  0.000000e+000  0.000000e+000  0.000000e+000  0.000000e+000  0.000000e+000  0.000000e+000  0.000000e+000  0.000000e+000  0.000000e+000  
0.000000e+000  0.000000e+000  0.000000e+000  0.000000e+000  0.000000e+000  0.000000e+000  0.000000e+000  0.000000e+000  0.000000e+000  0.000000e+000  0.000000e+000  0.000000e+000  0.000000e+000  0.000000e+000  0.000000e+000  0.000000e+000  
0.000000e+000  0.000000e+000  0.000000e+000  0.000000e+000  0.000000e+000  0.000000e+000  0.000000e+000  0.000000e+000  0.000000e+000  0.000000e+000  0.000000e+000  0.000000e+000  0.000000e+000  0.000000e+000  0.000000e+000  0.000000e+000  
0.000000e+000  0.000000e+000  0.000000e+000  0.000000e+000  0.000000e+000  0.000000e+000  0.000000e+000  0.000000e+000  0.000000e+000  0.000000e+000  0.000000e+000  0.000000e+000  0.000000e+000  0.000000e+000  0.000000e+000  0.000000e+000  
0.000000e+000  0.000000e+000  0.000000e+000  0.000000e+000  0.000000e+000  0.000000e+000  0.000000e+000  0.000000e+000  0.000000e+000  0.000000e+000  0.000000e+000  0.000000e+000  0.000000e+000  0.000000e+000  0.000000e+000  0.000000e+000  
0.000000e+000  0.000000e+000  0.000000e+000  0.000000e+000  0.000000e+000  0.000000e+000  0.000000e+000  0.000000e+000  0.000000e+000  0.000000e+000  0.000000e+000  0.000000e+000  0.000000e+000  0.000000e+000  0.000000e+000  0.000000e+000  
0.000000e+000  0.000000e+000  0.000000e+000  0.000000e+000  0.000000e+000  0.000000e+000  0.000000e+000  0.000000e+000  0.000000e+000  0.000000e+000  0.000000e+000  0.000000e+000  0.000000e+000  0.000000e+000  0.000000e+000  0.000000e+000  

0.000000e+000  0.000000e+000  0.000000e+000  0.000000e+000  0.000000e+000  0.000000e+000  0.000000e+000  0.000000e+000  0.000000e+000  0.000000e+000  0.000000e+000  0.000000e+000  0.000000e+000  0.000000e+000  0.000000e+000  0.000000e+000  
0.000000e+000  1.016584e+001  9.799307e+000  9.079464e+000  7.711004e+000  5.091715e+000  1.611870e+000  -2.075271e+000  -5.246440e+000  -7.214113e+000  -8.459755e+000  -9.400381e+000  -9.950353e+000  -1.020260e+001  0.000000e+000  0.000000e+000  
0.000000e+000  1.016584e+001  9.799307e+000  9.079464e+000  7.711004e+000  5.091715e+000  1.611870e+000  -2.075271e+000  -5.246440e+000  -7.214113e+000  -8.459755e+000  -9.400381e+000  -9.950353e+000  -1.020260e+001  0.000000e+000  0.000000e+000  
0.000000e+000  1.016584e+001  9.799307e+000  9.079464e+000  7.711004e+000  5.091715e+000  1.611870e+000  -2.075271e+000  -5.246440e+000  -7.214113e+000  -8.459755e+000  -9.400381e+000  -9.950353e+000  -1.020260e+001  0.000000e+000  0.000000e+000  
0.000000e+000  1.016584e+001  9.799307e+000  9.079464e+000  7.711004e+000  5.091715e+000  1.611870e+000  -2.075271e+000  -5.246440e+000  -7.214113e+000  -8.459755e+000  -9.400381e+000  -9.950353e+000  -1.020260e+001  0.000000e+000  0.000000e+000  
0.000000e+000  1.016584e+001  9.799307e+000  9.079464e+000  7.711004e+000  5.091715e+000  1.611870e+000  -2.075271e+000  -5.246440e+000  -7.214113e+000  -8.459755e+000  -9.400381e+000  -9.950353e+000  -1.020260e+001  0.000000e+000  0.000000e+000  
0.000000e+000  1.016584e+001  9.799307e+000  9.079464e+000  7.711004e+000  5.091715e+000  1.611870e+000  -2.075271e+000  -5.246440e+000  -7.214113e+000  -8.459755e+000  -9.400381e+000  -9.950353e+000  -1.020260e+001  0.000000e+000  0.000000e+000  
0.000000e+000  1.016584e+001  9.799307e+000  9.079464e+000  7.711004e+000  5.091715e+000  1.611870e+000  -2.075271e+000  -5.246440e+000  -7.214113e+000  -8.459755e+000  -9.400381e+000  -9.950353e+000  -1.020260e+001  0.000000e+000  0.000000e+000  
0.000000e+000  0.000000e+000  0.000000e+000  0.000000e+000  0.000000e+000  0.000000e+000  0.000000e+000  0.000000e+000  0.000000e+000  0.000000e+000  0.000000e+000  0.000000e+000  0.000000e+000  0.000000e+000  0.000000e+000  0.000000e+000  
0.000000e+000  0.000000e+000  0.000000e+000  0.000000e+000  0.000000e+000  0.000000e+000  0.000000e+000  0.000000e+000  0.000000e+000  0.000000e+000  0.000000e+000  0.000000e+000  0.000000e+000  0.000000e+000  0.000000e+000  0.000000e+000  

