2025-06-26 15:21:28   Build version: 2024.0 Release from 2023-09-01 (change 1164796)

2025-06-26 15:21:28   Starting adaptive port meshing.

                      ------------------------------------------------------------------------------
2025-06-26 15:21:28   Mode calculation for port 1:

                      ------------------------------------------------------------------------------
2025-06-26 15:21:28   

                      ------------------------------------------------------------------------------
2025-06-26 15:21:28   

                      ------------------------------------------------------------------------------
2025-06-26 15:21:29   *** Warning ***

2025-06-26 15:21:29   The Standard (legacy) port mode solver is not supported anymore. Please consider switching to the Generalized port mode 
                      solver instead. More...

                      ------------------------------------------------------------------------------
2025-06-26 15:21:29     -------------------------------- F-Calc 24 ---------------------------------
                        Port   Mode   Type        Z-Wave        Z-Wave-Sigma  Z-Line        F-Cutoff
                        1      1      TE          529           1.11e-005     ---           16.85
                        ----------------------------------------------------------------------------

2025-06-26 15:21:30   Pass 1 successfully completed. 
2025-06-26 15:21:30   Adaptive port meshing finished. 

                      ------------------------------------------------------------------------------
2025-06-26 15:21:30   *** Warning ***

                      This software is licensed for non-commercial use only.

                      ------------------------------------------------------------------------------
2025-06-26 15:21:30   
                      Solver started at: 2025-06-26 15:21:30 +0200

                        Module:  Time Domain: S-Parameter (Linux 64)
                        Version: 2024.0 Release from 2023-09-01 (change 1164796)

2025-06-26 15:21:30   

                      ------------------------------------------------------------------------------
2025-06-26 15:21:30   

                      ------------------------------------------------------------------------------
2025-06-26 15:21:30   ======================================================================
                       Solver cycle: 1
                      ======================================================================

                      Stimulation at port 1 (mode 1) 



                      ------------------------------------------------------------------------------
2025-06-26 15:21:30   Units settings: 

                        Dimensions: mm
                        Frequency:  GHz
                        Time:       ns

                      ------------------------------------------------------------------------------
2025-06-26 15:21:30   The dispersive material update will be performed using the "Standard" update schema

                      ------------------------------------------------------------------------------
2025-06-26 15:21:47   Mesh statistics:

                         Hexahedral mesh type: Perfect Boundary Approximation (PBA)
                            Version: legacy

                         Parallelization type: domain decomposition
                            Number of parallel working threads: 6
                            Number of calculation domains used: 8

                         Used point accuracy enhancement value: 62.00%.
                         Acceleration mode: CPU
                         PBA fill limit: 93.77% (inverse)
2025-06-26 15:21:33      current system memory usage reached 50%
2025-06-26 15:21:34      current system memory usage reached 50%

                         *** Warning ***  The matrix computation uses legacy PBA settings. These settings will become obsolete in future versions.

                         *** Warning ***  To use the default PBA settings please consider pressing the "Default" button in the "Discretizer" tab of the "Special Mesh Properties" dialog box. 


2025-06-26 15:21:48   *** Warning ***

2025-06-26 15:21:48   The Standard (legacy) port mode solver is not supported anymore. Please consider switching to the Generalized port mode 
                      solver instead. More...

                      ------------------------------------------------------------------------------
2025-06-26 15:21:48   Boundary conditions: 

                        YZsymmetry: none
                        XZsymmetry: none
                        XYsymmetry: none

                        Xmin: expanded open, 4 Layer, depth 3.48186 mm
                        Xmax: expanded open, 4 Layer, depth 3.48186 mm

                        Ymin: expanded open, 4 Layer, depth 4.16378 mm
                        Ymax: expanded open, 4 Layer, depth 3.46401 mm

                        Zmin: expanded open, 4 Layer, depth 3.48186 mm
                        Zmax: expanded open, 4 Layer, depth 3.48186 mm

                        PML-Type: Convolution PML

                      ------------------------------------------------------------------------------
2025-06-26 15:21:48   Frequency settings: 

                        Fmin:         21.6
                        Fmax:         26.4
                        Nfsteps(lin): 1001

                      ------------------------------------------------------------------------------
2025-06-26 15:21:48   Field update statistics:

                        Number of components in total: 	2173093
                        Number of TST and special elements:	342
                        Number of lossy metal components:	122087

                      Subcycling state:      			Automatically deactivated

                      ------------------------------------------------------------------------------
2025-06-26 15:21:48   Waveguide boundaries:

2025-06-26 15:21:48   Port: 1

2025-06-26 15:21:48     -------------------------------- F-Calc 24 ---------------------------------
                        Port   Mode   Type        Z-Wave        Z-Wave-Sigma  Z-Line        F-Cutoff
                        1      1      TE          529           1.11e-005     ---           16.85
                        ----------------------------------------------------------------------------

2025-06-26 15:36:56   
                      --------------------------------------------------------------------------------
2025-06-26 15:36:56   Steady state energy criterion met, solver finished successfully.

                      ------------------------------------------------------------------------------
2025-06-26 15:36:56   Frequency domain results normalized to default signal.


                      ------------------------------------------------------------------------------
2025-06-26 15:36:56   
                        ----------------------------------------------------------------------------
                                            Peak memory used (kB)         Free physical memory (kB) 
                                                                          At begin     Minimum      
                        ----------------------------------------------------------------------------
                        CAD preparation     33684                         8446644      8446644      
                        Matrices calc.      3165068                       20997070     7824218      
                        Solver run total    407548                        8436319      7903717      
                        ----------------------------------------------------------------------------

                      --------------------------------------------------------------------------------
                      Solver Statistics:

                        Hardware:
                           Computer name:                 	FYNN-LinuxLaptop 

                           Number of CPU threads:               8
                           Hardware info:                  	Hardware Accelerator Device not activated

                        Number of mesh cells:             	345800
                        Excitation duration:              	1.48106198e+000 ns 
                        Calculation time for excitation:  	0 	s
                        Number of calculated pulse widths:	5.35138 
                        Steady state accuracy limit:      	-30	dB 
                        Simulated number of time steps:   	67098 
                        Maximum number of time steps:     	250769 
                        Time step width:
                           without subcycles:             	1.181216076e-004 ns
                           used:                          	1.181216076e-004 ns

                        CAD preparation time:             	1      	s
                        Matrix calculation time:          	15 	s
                        Solver setup time:                	2 	s
                        Solver loop time:                 	905 	s
                        Solver post-processing time:      	0 	s
                                                          	------------
                        Total solver time:                	923 	s  ( = 0 h, 15 m, 23 s )

                      ------------------------------------------------------------------------------
2025-06-26 15:36:56   
                        Adaptive port meshing time:          	4      	s
                        Total solver time (all cycles):      	923    	s  ( = 0 h, 15 m, 23 s )
                        Solver initialization and clean-up:  	3      	s
                                                             	------------
                        Total simulation time:               	930    	s  ( = 0 h, 15 m, 30 s )

                      ------------------------------------------------------------------------------
2025-06-26 15:36:56   Solver finished at: 2025-06-26 15:36:56 +0200



                      ------------------------------------------------------------------------------
2025-06-26 15:36:59   *** Error ***

                      Template based post-processing result "GainPhi0":
                      Error in calling "Evaluate1D" function ((9999) No calculated Farfield Result
                      with correct excitation string found.(Line:1660))

                      ------------------------------------------------------------------------------
2025-06-26 15:37:00   *** Error ***

                      Template based post-processing result "e-field (f=24,z=4.9605942990365) (1)_Abs
                      (X)":
                      Error in calling "Evaluate1D" function ((9999) Could not find result '2D/3D
                      Results\E-Field\e-field (f=24;z=4.9605942990365) [1]'. Please check your
                      settings.(Line:1846))

                      ------------------------------------------------------------------------------
2025-06-26 15:37:01   Creating parametric 1D results for Run ID 1

                      ------------------------------------------------------------------------------
