Port monitor named: Port2_h1.prt

nx        = 20
ny        = 729
nz        = 26

nu        = 16
nv        = 10
iu        = 6
iv        = 6

idir      = 1
dcut      = -2.190193e-001
icut      = 4
type      = 1
frequency = 2.400000e+010

fcutoff   = 1.678982e+010
alpha     = 0.000000e+000
beta      = 3.594248e+002
accuracy  = 1.356672e-010

type          = TE
wave imp.     = 5.272212e+002
wave imp.sig. = 7.306542e-006
line imp.     = 0.000000e+000

ref. port     = 0

-0.000000e+000  -0.000000e+000  -0.000000e+000  -0.000000e+000  -0.000000e+000  -0.000000e+000  -0.000000e+000  -0.000000e+000  -0.000000e+000  -0.000000e+000  -0.000000e+000  -0.000000e+000  -0.000000e+000  -0.000000e+000  -0.000000e+000  -0.000000e+000  
-0.000000e+000  -0.000000e+000  -1.948101e+000  -3.826353e+000  -5.567413e+000  -8.048499e+000  -9.858204e+000  -1.040502e+001  -9.618886e+000  -7.987883e+000  -6.597174e+000  -4.969925e+000  -3.164481e+000  -1.601494e+000  -0.000000e+000  -0.000000e+000  
-0.000000e+000  -0.000000e+000  -1.948101e+000  -3.826353e+000  -5.567413e+000  -8.048499e+000  -9.858204e+000  -1.040502e+001  -9.618886e+000  -7.987883e+000  -6.597174e+000  -4.969925e+000  -3.164481e+000  -1.601494e+000  -0.000000e+000  -0.000000e+000  
-0.000000e+000  -0.000000e+000  -1.948101e+000  -3.826353e+000  -5.567413e+000  -8.048499e+000  -9.858204e+000  -1.040502e+001  -9.618886e+000  -7.987883e+000  -6.597174e+000  -4.969925e+000  -3.164481e+000  -1.601494e+000  -0.000000e+000  -0.000000e+000  
-0.000000e+000  -0.000000e+000  -1.948101e+000  -3.826353e+000  -5.567413e+000  -8.048499e+000  -9.858204e+000  -1.040502e+001  -9.618886e+000  -7.987883e+000  -6.597174e+000  -4.969925e+000  -3.164481e+000  -1.601494e+000  -0.000000e+000  -0.000000e+000  
-0.000000e+000  -0.000000e+000  -1.948101e+000  -3.826353e+000  -5.567413e+000  -8.048499e+000  -9.858204e+000  -1.040502e+001  -9.618886e+000  -7.987883e+000  -6.597174e+000  -4.969925e+000  -3.164481e+000  -1.601494e+000  -0.000000e+000  -0.000000e+000  
-0.000000e+000  -0.000000e+000  -1.948101e+000  -3.826353e+000  -5.567413e+000  -8.048499e+000  -9.858204e+000  -1.040502e+001  -9.618886e+000  -7.987883e+000  -6.597174e+000  -4.969925e+000  -3.164481e+000  -1.601494e+000  -0.000000e+000  -0.000000e+000  
-0.000000e+000  -0.000000e+000  -1.948101e+000  -3.826353e+000  -5.567413e+000  -8.048499e+000  -9.858204e+000  -1.040502e+001  -9.618886e+000  -7.987883e+000  -6.597174e+000  -4.969925e+000  -3.164481e+000  -1.601494e+000  -0.000000e+000  -0.000000e+000  
-0.000000e+000  -0.000000e+000  -0.000000e+000  -0.000000e+000  -0.000000e+000  -0.000000e+000  -0.000000e+000  -0.000000e+000  -0.000000e+000  -0.000000e+000  -0.000000e+000  -0.000000e+000  -0.000000e+000  -0.000000e+000  -0.000000e+000  -0.000000e+000  
-0.000000e+000  -0.000000e+000  -0.000000e+000  -0.000000e+000  -0.000000e+000  -0.000000e+000  -0.000000e+000  -0.000000e+000  -0.000000e+000  -0.000000e+000  -0.000000e+000  -0.000000e+000  -0.000000e+000  -0.000000e+000  -0.000000e+000  -0.000000e+000  

-0.000000e+000  -0.000000e+000  -0.000000e+000  -0.000000e+000  -0.000000e+000  -0.000000e+000  -0.000000e+000  -0.000000e+000  -0.000000e+000  -0.000000e+000  -0.000000e+000  -0.000000e+000  -0.000000e+000  -0.000000e+000  -0.000000e+000  -0.000000e+000  
-0.000000e+000  -0.000000e+000  -0.000000e+000  -0.000000e+000  -0.000000e+000  -0.000000e+000  -0.000000e+000  -0.000000e+000  -0.000000e+000  -0.000000e+000  -0.000000e+000  -0.000000e+000  -0.000000e+000  -0.000000e+000  -0.000000e+000  -0.000000e+000  
-0.000000e+000  -2.050129e-009  -3.250196e-010  1.384469e-009  3.974780e-010  -1.578260e-009  8.117281e-010  1.130870e-009  -9.105149e-010  3.664453e-010  2.806276e-009  -2.433175e-009  -0.000000e+000  3.102147e-010  -0.000000e+000  -0.000000e+000  
-0.000000e+000  1.260381e-009  -1.343703e-009  -1.617732e-009  -2.049623e-010  2.606402e-010  1.199859e-009  -1.860285e-010  1.694925e-009  -1.891132e-009  -6.045458e-010  -4.117888e-010  1.926428e-009  -2.143067e-009  -0.000000e+000  -0.000000e+000  
-0.000000e+000  3.254644e-009  -5.809697e-009  4.972687e-010  9.025461e-010  -4.347810e-010  5.416403e-010  1.822217e-009  -1.777373e-009  1.878100e-010  -2.792164e-009  4.223129e-009  -1.537641e-009  -6.009818e-010  -0.000000e+000  -0.000000e+000  
-0.000000e+000  -1.302158e-009  5.228753e-009  -4.439519e-009  4.505609e-010  -6.496026e-010  7.344912e-010  8.297049e-010  -8.921204e-010  4.812761e-009  -3.876769e-009  -3.684123e-009  7.838483e-009  -4.765697e-009  -0.000000e+000  -0.000000e+000  
-0.000000e+000  6.874653e-010  2.134231e-009  -2.596439e-009  -3.620723e-010  -6.589916e-010  -0.000000e+000  2.209776e-009  -2.332140e-009  4.827172e-010  -1.074590e-009  1.830598e-009  1.035739e-009  -1.244502e-009  -0.000000e+000  -0.000000e+000  
-0.000000e+000  2.636342e-009  -4.563457e-009  -7.510000e-010  3.029834e-009  -1.646192e-009  1.256073e-009  -7.238531e-010  -0.000000e+000  -1.483211e-009  3.715423e-010  2.494902e-009  -5.371107e-010  -1.739184e-009  -0.000000e+000  -0.000000e+000  
-0.000000e+000  -0.000000e+000  -0.000000e+000  -0.000000e+000  -0.000000e+000  -0.000000e+000  -0.000000e+000  -0.000000e+000  -0.000000e+000  -0.000000e+000  -0.000000e+000  -0.000000e+000  -0.000000e+000  -0.000000e+000  -0.000000e+000  -0.000000e+000  
-0.000000e+000  -0.000000e+000  -0.000000e+000  -0.000000e+000  -0.000000e+000  -0.000000e+000  -0.000000e+000  -0.000000e+000  -0.000000e+000  -0.000000e+000  -0.000000e+000  -0.000000e+000  -0.000000e+000  -0.000000e+000  -0.000000e+000  -0.000000e+000  

0.000000e+000  0.000000e+000  0.000000e+000  0.000000e+000  0.000000e+000  0.000000e+000  0.000000e+000  0.000000e+000  0.000000e+000  0.000000e+000  0.000000e+000  0.000000e+000  0.000000e+000  0.000000e+000  0.000000e+000  0.000000e+000  
0.000000e+000  0.000000e+000  0.000000e+000  0.000000e+000  0.000000e+000  0.000000e+000  0.000000e+000  0.000000e+000  0.000000e+000  0.000000e+000  0.000000e+000  0.000000e+000  0.000000e+000  0.000000e+000  0.000000e+000  0.000000e+000  
0.000000e+000  0.000000e+000  0.000000e+000  0.000000e+000  0.000000e+000  0.000000e+000  0.000000e+000  0.000000e+000  0.000000e+000  0.000000e+000  0.000000e+000  0.000000e+000  0.000000e+000  0.000000e+000  0.000000e+000  0.000000e+000  
0.000000e+000  0.000000e+000  0.000000e+000  0.000000e+000  0.000000e+000  0.000000e+000  0.000000e+000  0.000000e+000  0.000000e+000  0.000000e+000  0.000000e+000  0.000000e+000  0.000000e+000  0.000000e+000  0.000000e+000  0.000000e+000  
0.000000e+000  0.000000e+000  0.000000e+000  0.000000e+000  0.000000e+000  0.000000e+000  0.000000e+000  0.000000e+000  0.000000e+000  0.000000e+000  0.000000e+000  0.000000e+000  0.000000e+000  0.000000e+000  0.000000e+000  0.000000e+000  
0.000000e+000  0.000000e+000  0.000000e+000  0.000000e+000  0.000000e+000  0.000000e+000  0.000000e+000  0.000000e+000  0.000000e+000  0.000000e+000  0.000000e+000  0.000000e+000  0.000000e+000  0.000000e+000  0.000000e+000  0.000000e+000  
0.000000e+000  0.000000e+000  0.000000e+000  0.000000e+000  0.000000e+000  0.000000e+000  0.000000e+000  0.000000e+000  0.000000e+000  0.000000e+000  0.000000e+000  0.000000e+000  0.000000e+000  0.000000e+000  0.000000e+000  0.000000e+000  
0.000000e+000  0.000000e+000  0.000000e+000  0.000000e+000  0.000000e+000  0.000000e+000  0.000000e+000  0.000000e+000  0.000000e+000  0.000000e+000  0.000000e+000  0.000000e+000  0.000000e+000  0.000000e+000  0.000000e+000  0.000000e+000  
0.000000e+000  0.000000e+000  0.000000e+000  0.000000e+000  0.000000e+000  0.000000e+000  0.000000e+000  0.000000e+000  0.000000e+000  0.000000e+000  0.000000e+000  0.000000e+000  0.000000e+000  0.000000e+000  0.000000e+000  0.000000e+000  
0.000000e+000  0.000000e+000  0.000000e+000  0.000000e+000  0.000000e+000  0.000000e+000  0.000000e+000  0.000000e+000  0.000000e+000  0.000000e+000  0.000000e+000  0.000000e+000  0.000000e+000  0.000000e+000  0.000000e+000  0.000000e+000  

0.000000e+000  0.000000e+000  0.000000e+000  0.000000e+000  0.000000e+000  0.000000e+000  0.000000e+000  0.000000e+000  0.000000e+000  0.000000e+000  0.000000e+000  0.000000e+000  0.000000e+000  0.000000e+000  0.000000e+000  0.000000e+000  
0.000000e+000  0.000000e+000  0.000000e+000  0.000000e+000  0.000000e+000  0.000000e+000  0.000000e+000  0.000000e+000  0.000000e+000  0.000000e+000  0.000000e+000  0.000000e+000  0.000000e+000  0.000000e+000  0.000000e+000  0.000000e+000  
0.000000e+000  0.000000e+000  0.000000e+000  0.000000e+000  0.000000e+000  0.000000e+000  0.000000e+000  0.000000e+000  0.000000e+000  0.000000e+000  0.000000e+000  0.000000e+000  0.000000e+000  0.000000e+000  0.000000e+000  0.000000e+000  
0.000000e+000  0.000000e+000  0.000000e+000  0.000000e+000  0.000000e+000  0.000000e+000  0.000000e+000  0.000000e+000  0.000000e+000  0.000000e+000  0.000000e+000  0.000000e+000  0.000000e+000  0.000000e+000  0.000000e+000  0.000000e+000  
0.000000e+000  0.000000e+000  0.000000e+000  0.000000e+000  0.000000e+000  0.000000e+000  0.000000e+000  0.000000e+000  0.000000e+000  0.000000e+000  0.000000e+000  0.000000e+000  0.000000e+000  0.000000e+000  0.000000e+000  0.000000e+000  
0.000000e+000  0.000000e+000  0.000000e+000  0.000000e+000  0.000000e+000  0.000000e+000  0.000000e+000  0.000000e+000  0.000000e+000  0.000000e+000  0.000000e+000  0.000000e+000  0.000000e+000  0.000000e+000  0.000000e+000  0.000000e+000  
0.000000e+000  0.000000e+000  0.000000e+000  0.000000e+000  0.000000e+000  0.000000e+000  0.000000e+000  0.000000e+000  0.000000e+000  0.000000e+000  0.000000e+000  0.000000e+000  0.000000e+000  0.000000e+000  0.000000e+000  0.000000e+000  
0.000000e+000  0.000000e+000  0.000000e+000  0.000000e+000  0.000000e+000  0.000000e+000  0.000000e+000  0.000000e+000  0.000000e+000  0.000000e+000  0.000000e+000  0.000000e+000  0.000000e+000  0.000000e+000  0.000000e+000  0.000000e+000  
0.000000e+000  0.000000e+000  0.000000e+000  0.000000e+000  0.000000e+000  0.000000e+000  0.000000e+000  0.000000e+000  0.000000e+000  0.000000e+000  0.000000e+000  0.000000e+000  0.000000e+000  0.000000e+000  0.000000e+000  0.000000e+000  
0.000000e+000  0.000000e+000  0.000000e+000  0.000000e+000  0.000000e+000  0.000000e+000  0.000000e+000  0.000000e+000  0.000000e+000  0.000000e+000  0.000000e+000  0.000000e+000  0.000000e+000  0.000000e+000  0.000000e+000  0.000000e+000  

0.000000e+000  0.000000e+000  0.000000e+000  0.000000e+000  0.000000e+000  0.000000e+000  0.000000e+000  0.000000e+000  0.000000e+000  0.000000e+000  0.000000e+000  0.000000e+000  0.000000e+000  0.000000e+000  0.000000e+000  0.000000e+000  
0.000000e+000  0.000000e+000  0.000000e+000  0.000000e+000  0.000000e+000  0.000000e+000  0.000000e+000  0.000000e+000  0.000000e+000  0.000000e+000  0.000000e+000  0.000000e+000  0.000000e+000  0.000000e+000  0.000000e+000  0.000000e+000  
0.000000e+000  0.000000e+000  0.000000e+000  0.000000e+000  0.000000e+000  0.000000e+000  0.000000e+000  0.000000e+000  0.000000e+000  0.000000e+000  0.000000e+000  0.000000e+000  0.000000e+000  0.000000e+000  0.000000e+000  0.000000e+000  
0.000000e+000  0.000000e+000  0.000000e+000  0.000000e+000  0.000000e+000  0.000000e+000  0.000000e+000  0.000000e+000  0.000000e+000  0.000000e+000  0.000000e+000  0.000000e+000  0.000000e+000  0.000000e+000  0.000000e+000  0.000000e+000  
0.000000e+000  0.000000e+000  0.000000e+000  0.000000e+000  0.000000e+000  0.000000e+000  0.000000e+000  0.000000e+000  0.000000e+000  0.000000e+000  0.000000e+000  0.000000e+000  0.000000e+000  0.000000e+000  0.000000e+000  0.000000e+000  
0.000000e+000  0.000000e+000  0.000000e+000  0.000000e+000  0.000000e+000  0.000000e+000  0.000000e+000  0.000000e+000  0.000000e+000  0.000000e+000  0.000000e+000  0.000000e+000  0.000000e+000  0.000000e+000  0.000000e+000  0.000000e+000  
0.000000e+000  0.000000e+000  0.000000e+000  0.000000e+000  0.000000e+000  0.000000e+000  0.000000e+000  0.000000e+000  0.000000e+000  0.000000e+000  0.000000e+000  0.000000e+000  0.000000e+000  0.000000e+000  0.000000e+000  0.000000e+000  
0.000000e+000  0.000000e+000  0.000000e+000  0.000000e+000  0.000000e+000  0.000000e+000  0.000000e+000  0.000000e+000  0.000000e+000  0.000000e+000  0.000000e+000  0.000000e+000  0.000000e+000  0.000000e+000  0.000000e+000  0.000000e+000  
0.000000e+000  0.000000e+000  0.000000e+000  0.000000e+000  0.000000e+000  0.000000e+000  0.000000e+000  0.000000e+000  0.000000e+000  0.000000e+000  0.000000e+000  0.000000e+000  0.000000e+000  0.000000e+000  0.000000e+000  0.000000e+000  
0.000000e+000  0.000000e+000  0.000000e+000  0.000000e+000  0.000000e+000  0.000000e+000  0.000000e+000  0.000000e+000  0.000000e+000  0.000000e+000  0.000000e+000  0.000000e+000  0.000000e+000  0.000000e+000  0.000000e+000  0.000000e+000  

0.000000e+000  0.000000e+000  0.000000e+000  0.000000e+000  0.000000e+000  0.000000e+000  0.000000e+000  0.000000e+000  0.000000e+000  0.000000e+000  0.000000e+000  0.000000e+000  0.000000e+000  0.000000e+000  0.000000e+000  0.000000e+000  
0.000000e+000  1.007246e+001  9.711319e+000  9.001978e+000  7.616790e+000  4.950176e+000  1.495724e+000  -2.150339e+000  -5.263972e+000  -7.190526e+000  -8.413530e+000  -9.334870e+000  -9.868392e+000  -1.011152e+001  0.000000e+000  0.000000e+000  
0.000000e+000  1.007246e+001  9.711319e+000  9.001978e+000  7.616790e+000  4.950176e+000  1.495724e+000  -2.150339e+000  -5.263972e+000  -7.190526e+000  -8.413530e+000  -9.334870e+000  -9.868392e+000  -1.011152e+001  0.000000e+000  0.000000e+000  
0.000000e+000  1.007246e+001  9.711319e+000  9.001978e+000  7.616790e+000  4.950176e+000  1.495724e+000  -2.150339e+000  -5.263972e+000  -7.190526e+000  -8.413530e+000  -9.334870e+000  -9.868392e+000  -1.011152e+001  0.000000e+000  0.000000e+000  
0.000000e+000  1.007246e+001  9.711319e+000  9.001978e+000  7.616790e+000  4.950176e+000  1.495724e+000  -2.150339e+000  -5.263972e+000  -7.190526e+000  -8.413530e+000  -9.334870e+000  -9.868392e+000  -1.011152e+001  0.000000e+000  0.000000e+000  
0.000000e+000  1.007246e+001  9.711319e+000  9.001978e+000  7.616790e+000  4.950176e+000  1.495724e+000  -2.150339e+000  -5.263972e+000  -7.190526e+000  -8.413530e+000  -9.334870e+000  -9.868392e+000  -1.011152e+001  0.000000e+000  0.000000e+000  
0.000000e+000  1.007246e+001  9.711319e+000  9.001978e+000  7.616790e+000  4.950176e+000  1.495724e+000  -2.150339e+000  -5.263972e+000  -7.190526e+000  -8.413530e+000  -9.334870e+000  -9.868392e+000  -1.011152e+001  0.000000e+000  0.000000e+000  
0.000000e+000  1.007246e+001  9.711319e+000  9.001978e+000  7.616790e+000  4.950176e+000  1.495724e+000  -2.150339e+000  -5.263972e+000  -7.190526e+000  -8.413530e+000  -9.334870e+000  -9.868392e+000  -1.011152e+001  0.000000e+000  0.000000e+000  
0.000000e+000  0.000000e+000  0.000000e+000  0.000000e+000  0.000000e+000  0.000000e+000  0.000000e+000  0.000000e+000  0.000000e+000  0.000000e+000  0.000000e+000  0.000000e+000  0.000000e+000  0.000000e+000  0.000000e+000  0.000000e+000  
0.000000e+000  0.000000e+000  0.000000e+000  0.000000e+000  0.000000e+000  0.000000e+000  0.000000e+000  0.000000e+000  0.000000e+000  0.000000e+000  0.000000e+000  0.000000e+000  0.000000e+000  0.000000e+000  0.000000e+000  0.000000e+000  

