Port monitor named: Port1_h1.prt

nx        = 20
ny        = 489
nz        = 26

nu        = 16
nv        = 10
iu        = 6
iv        = 6

idir      = 1
dcut      = -1.288980e-001
icut      = 5
type      = 1
frequency = 2.400000e+010

fcutoff   = 1.503138e+010
alpha     = 0.000000e+000
beta      = 3.921289e+002
accuracy  = 3.408950e-011

type          = TM
wave imp.     = 2.936899e+002
wave imp.sig. = 9.083919e-006
line imp.     = 0.000000e+000

ref. port     = 0

-2.488642e-008  5.553522e-008  4.691901e-008  4.548294e-008  -5.784014e-009  -1.283062e-007  5.979964e-010  1.243466e-008  1.552666e-007  4.131895e-008  -3.575703e-008  -7.354787e-008  -1.566857e-007  -6.726105e-008  -6.634516e-008  3.533302e-008  
1.298887e-008  -2.625258e-008  -7.358929e-009  6.092286e-009  5.316765e-008  -6.386647e-008  -2.032407e-008  1.303178e-008  6.807024e-008  -6.235273e-008  -8.669228e-009  1.580413e-008  6.015038e-008  -3.641474e-008  -5.107704e-008  -8.344692e-008  
5.971551e-009  -1.819719e-009  5.529250e-010  8.641682e-009  1.051534e-008  -2.004913e-008  -6.294196e-009  1.071573e-008  2.611844e-008  -1.798360e-008  -7.289559e-009  3.380813e-009  7.897492e-009  -9.649076e-009  -3.299433e-008  -2.589283e-008  
6.565943e-010  -2.270326e-009  1.334693e-009  2.008192e-009  4.680581e-009  -1.397594e-008  -9.073097e-009  7.125124e-009  9.632144e-009  -7.038370e-009  -1.365851e-009  3.825147e-009  4.253046e-009  -1.408973e-008  -1.134018e-008  -2.279593e-008  
1.090980e-009  2.876658e-009  -6.539058e-009  -2.537494e-009  -2.244171e-009  6.377754e-010  -1.881756e-009  -2.570042e-009  3.851533e-009  6.545252e-009  5.285340e-009  1.003063e-009  -3.632913e-009  5.487548e-009  -6.370842e-009  -2.036609e-009  
-7.761526e-010  -4.038707e-009  2.792646e-009  -1.531685e-009  3.579973e-009  1.169886e-008  6.741746e-009  -4.135519e-009  -9.906779e-009  1.193915e-009  5.799534e-009  -1.037694e-009  1.648390e-009  1.275437e-009  1.777299e-008  1.707866e-008  
-2.053106e-009  1.103175e-008  3.831722e-009  -4.580918e-009  -1.830479e-008  2.599105e-008  1.187229e-008  -1.317893e-008  -3.244506e-008  1.768977e-008  -3.101777e-009  -1.421472e-009  -1.484583e-008  2.197211e-008  2.324008e-008  3.770848e-008  
-2.082492e-008  1.531557e-008  5.227520e-009  -8.595660e-009  -4.739156e-008  5.879434e-008  1.910083e-008  -1.185652e-008  -6.475392e-008  5.826157e-008  1.333364e-008  -1.797297e-008  -4.668674e-008  1.897974e-008  6.661257e-008  6.752088e-008  
3.107562e-008  -5.158828e-008  -5.077054e-008  -5.118168e-008  -3.120843e-009  1.348603e-007  -7.108543e-009  -1.824526e-008  -1.496329e-007  -3.040557e-008  3.565597e-008  7.425533e-008  1.399752e-007  9.256298e-008  3.973951e-008  -5.924930e-009  
0.000000e+000  0.000000e+000  0.000000e+000  0.000000e+000  0.000000e+000  0.000000e+000  0.000000e+000  0.000000e+000  0.000000e+000  0.000000e+000  0.000000e+000  0.000000e+000  0.000000e+000  0.000000e+000  0.000000e+000  0.000000e+000  

9.893882e-001  2.939130e+000  4.804401e+000  6.532950e+000  8.553818e+000  1.056395e+001  1.166022e+001  1.158236e+001  1.042454e+001  8.928515e+000  7.532433e+000  5.921996e+000  4.301906e+000  2.758095e+000  9.868892e-001  0.000000e+000  
9.893882e-001  2.939130e+000  4.804401e+000  6.532950e+000  8.553818e+000  1.056395e+001  1.166022e+001  1.158236e+001  1.042454e+001  8.928514e+000  7.532433e+000  5.921996e+000  4.301906e+000  2.758095e+000  9.868891e-001  0.000000e+000  
9.893882e-001  2.939130e+000  4.804401e+000  6.532950e+000  8.553818e+000  1.056395e+001  1.166022e+001  1.158236e+001  1.042454e+001  8.928515e+000  7.532433e+000  5.921996e+000  4.301906e+000  2.758095e+000  9.868891e-001  0.000000e+000  
9.893882e-001  2.939130e+000  4.804401e+000  6.532950e+000  8.553818e+000  1.056395e+001  1.166022e+001  1.158236e+001  1.042454e+001  8.928515e+000  7.532433e+000  5.921996e+000  4.301906e+000  2.758095e+000  9.868891e-001  0.000000e+000  
9.893882e-001  2.939130e+000  4.804401e+000  6.532950e+000  8.553818e+000  1.056395e+001  1.166022e+001  1.158236e+001  1.042454e+001  8.928515e+000  7.532433e+000  5.921996e+000  4.301906e+000  2.758095e+000  9.868891e-001  0.000000e+000  
9.893882e-001  2.939130e+000  4.804401e+000  6.532950e+000  8.553818e+000  1.056395e+001  1.166022e+001  1.158236e+001  1.042454e+001  8.928515e+000  7.532433e+000  5.921996e+000  4.301906e+000  2.758095e+000  9.868891e-001  0.000000e+000  
9.893882e-001  2.939130e+000  4.804401e+000  6.532950e+000  8.553818e+000  1.056395e+001  1.166022e+001  1.158236e+001  1.042454e+001  8.928515e+000  7.532433e+000  5.921996e+000  4.301906e+000  2.758095e+000  9.868891e-001  0.000000e+000  
9.893882e-001  2.939130e+000  4.804401e+000  6.532950e+000  8.553818e+000  1.056395e+001  1.166022e+001  1.158236e+001  1.042454e+001  8.928515e+000  7.532433e+000  5.921996e+000  4.301906e+000  2.758095e+000  9.868891e-001  0.000000e+000  
9.893882e-001  2.939130e+000  4.804401e+000  6.532950e+000  8.553818e+000  1.056395e+001  1.166022e+001  1.158236e+001  1.042454e+001  8.928514e+000  7.532433e+000  5.921996e+000  4.301906e+000  2.758095e+000  9.868891e-001  0.000000e+000  
9.893882e-001  2.939130e+000  4.804401e+000  6.532950e+000  8.553818e+000  1.056395e+001  1.166022e+001  1.158236e+001  1.042454e+001  8.928515e+000  7.532433e+000  5.921996e+000  4.301906e+000  2.758095e+000  9.868891e-001  0.000000e+000  

0.000000e+000  0.000000e+000  0.000000e+000  0.000000e+000  0.000000e+000  0.000000e+000  0.000000e+000  0.000000e+000  0.000000e+000  0.000000e+000  0.000000e+000  0.000000e+000  0.000000e+000  0.000000e+000  0.000000e+000  0.000000e+000  
0.000000e+000  0.000000e+000  0.000000e+000  0.000000e+000  0.000000e+000  0.000000e+000  0.000000e+000  0.000000e+000  0.000000e+000  0.000000e+000  0.000000e+000  0.000000e+000  0.000000e+000  0.000000e+000  0.000000e+000  0.000000e+000  
0.000000e+000  0.000000e+000  0.000000e+000  0.000000e+000  0.000000e+000  0.000000e+000  0.000000e+000  0.000000e+000  0.000000e+000  0.000000e+000  0.000000e+000  0.000000e+000  0.000000e+000  0.000000e+000  0.000000e+000  0.000000e+000  
0.000000e+000  0.000000e+000  0.000000e+000  0.000000e+000  0.000000e+000  0.000000e+000  0.000000e+000  0.000000e+000  0.000000e+000  0.000000e+000  0.000000e+000  0.000000e+000  0.000000e+000  0.000000e+000  0.000000e+000  0.000000e+000  
0.000000e+000  0.000000e+000  0.000000e+000  0.000000e+000  0.000000e+000  0.000000e+000  0.000000e+000  0.000000e+000  0.000000e+000  0.000000e+000  0.000000e+000  0.000000e+000  0.000000e+000  0.000000e+000  0.000000e+000  0.000000e+000  
0.000000e+000  0.000000e+000  0.000000e+000  0.000000e+000  0.000000e+000  0.000000e+000  0.000000e+000  0.000000e+000  0.000000e+000  0.000000e+000  0.000000e+000  0.000000e+000  0.000000e+000  0.000000e+000  0.000000e+000  0.000000e+000  
0.000000e+000  0.000000e+000  0.000000e+000  0.000000e+000  0.000000e+000  0.000000e+000  0.000000e+000  0.000000e+000  0.000000e+000  0.000000e+000  0.000000e+000  0.000000e+000  0.000000e+000  0.000000e+000  0.000000e+000  0.000000e+000  
0.000000e+000  0.000000e+000  0.000000e+000  0.000000e+000  0.000000e+000  0.000000e+000  0.000000e+000  0.000000e+000  0.000000e+000  0.000000e+000  0.000000e+000  0.000000e+000  0.000000e+000  0.000000e+000  0.000000e+000  0.000000e+000  
0.000000e+000  0.000000e+000  0.000000e+000  0.000000e+000  0.000000e+000  0.000000e+000  0.000000e+000  0.000000e+000  0.000000e+000  0.000000e+000  0.000000e+000  0.000000e+000  0.000000e+000  0.000000e+000  0.000000e+000  0.000000e+000  
0.000000e+000  0.000000e+000  0.000000e+000  0.000000e+000  0.000000e+000  0.000000e+000  0.000000e+000  0.000000e+000  0.000000e+000  0.000000e+000  0.000000e+000  0.000000e+000  0.000000e+000  0.000000e+000  0.000000e+000  0.000000e+000  

0.000000e+000  0.000000e+000  0.000000e+000  0.000000e+000  0.000000e+000  0.000000e+000  0.000000e+000  0.000000e+000  0.000000e+000  0.000000e+000  0.000000e+000  0.000000e+000  0.000000e+000  0.000000e+000  0.000000e+000  0.000000e+000  
0.000000e+000  0.000000e+000  0.000000e+000  0.000000e+000  0.000000e+000  0.000000e+000  0.000000e+000  0.000000e+000  0.000000e+000  0.000000e+000  0.000000e+000  0.000000e+000  0.000000e+000  0.000000e+000  0.000000e+000  0.000000e+000  
0.000000e+000  0.000000e+000  0.000000e+000  0.000000e+000  0.000000e+000  0.000000e+000  0.000000e+000  0.000000e+000  0.000000e+000  0.000000e+000  0.000000e+000  0.000000e+000  0.000000e+000  0.000000e+000  0.000000e+000  0.000000e+000  
0.000000e+000  0.000000e+000  0.000000e+000  0.000000e+000  0.000000e+000  0.000000e+000  0.000000e+000  0.000000e+000  0.000000e+000  0.000000e+000  0.000000e+000  0.000000e+000  0.000000e+000  0.000000e+000  0.000000e+000  0.000000e+000  
0.000000e+000  0.000000e+000  0.000000e+000  0.000000e+000  0.000000e+000  0.000000e+000  0.000000e+000  0.000000e+000  0.000000e+000  0.000000e+000  0.000000e+000  0.000000e+000  0.000000e+000  0.000000e+000  0.000000e+000  0.000000e+000  
0.000000e+000  0.000000e+000  0.000000e+000  0.000000e+000  0.000000e+000  0.000000e+000  0.000000e+000  0.000000e+000  0.000000e+000  0.000000e+000  0.000000e+000  0.000000e+000  0.000000e+000  0.000000e+000  0.000000e+000  0.000000e+000  
0.000000e+000  0.000000e+000  0.000000e+000  0.000000e+000  0.000000e+000  0.000000e+000  0.000000e+000  0.000000e+000  0.000000e+000  0.000000e+000  0.000000e+000  0.000000e+000  0.000000e+000  0.000000e+000  0.000000e+000  0.000000e+000  
0.000000e+000  0.000000e+000  0.000000e+000  0.000000e+000  0.000000e+000  0.000000e+000  0.000000e+000  0.000000e+000  0.000000e+000  0.000000e+000  0.000000e+000  0.000000e+000  0.000000e+000  0.000000e+000  0.000000e+000  0.000000e+000  
0.000000e+000  0.000000e+000  0.000000e+000  0.000000e+000  0.000000e+000  0.000000e+000  0.000000e+000  0.000000e+000  0.000000e+000  0.000000e+000  0.000000e+000  0.000000e+000  0.000000e+000  0.000000e+000  0.000000e+000  0.000000e+000  
0.000000e+000  0.000000e+000  0.000000e+000  0.000000e+000  0.000000e+000  0.000000e+000  0.000000e+000  0.000000e+000  0.000000e+000  0.000000e+000  0.000000e+000  0.000000e+000  0.000000e+000  0.000000e+000  0.000000e+000  0.000000e+000  

0.000000e+000  0.000000e+000  0.000000e+000  0.000000e+000  0.000000e+000  0.000000e+000  0.000000e+000  0.000000e+000  0.000000e+000  0.000000e+000  0.000000e+000  0.000000e+000  0.000000e+000  0.000000e+000  0.000000e+000  0.000000e+000  
0.000000e+000  0.000000e+000  0.000000e+000  0.000000e+000  0.000000e+000  0.000000e+000  0.000000e+000  0.000000e+000  0.000000e+000  0.000000e+000  0.000000e+000  0.000000e+000  0.000000e+000  0.000000e+000  0.000000e+000  0.000000e+000  
0.000000e+000  0.000000e+000  0.000000e+000  0.000000e+000  0.000000e+000  0.000000e+000  0.000000e+000  0.000000e+000  0.000000e+000  0.000000e+000  0.000000e+000  0.000000e+000  0.000000e+000  0.000000e+000  0.000000e+000  0.000000e+000  
0.000000e+000  0.000000e+000  0.000000e+000  0.000000e+000  0.000000e+000  0.000000e+000  0.000000e+000  0.000000e+000  0.000000e+000  0.000000e+000  0.000000e+000  0.000000e+000  0.000000e+000  0.000000e+000  0.000000e+000  0.000000e+000  
0.000000e+000  0.000000e+000  0.000000e+000  0.000000e+000  0.000000e+000  0.000000e+000  0.000000e+000  0.000000e+000  0.000000e+000  0.000000e+000  0.000000e+000  0.000000e+000  0.000000e+000  0.000000e+000  0.000000e+000  0.000000e+000  
0.000000e+000  0.000000e+000  0.000000e+000  0.000000e+000  0.000000e+000  0.000000e+000  0.000000e+000  0.000000e+000  0.000000e+000  0.000000e+000  0.000000e+000  0.000000e+000  0.000000e+000  0.000000e+000  0.000000e+000  0.000000e+000  
0.000000e+000  0.000000e+000  0.000000e+000  0.000000e+000  0.000000e+000  0.000000e+000  0.000000e+000  0.000000e+000  0.000000e+000  0.000000e+000  0.000000e+000  0.000000e+000  0.000000e+000  0.000000e+000  0.000000e+000  0.000000e+000  
0.000000e+000  0.000000e+000  0.000000e+000  0.000000e+000  0.000000e+000  0.000000e+000  0.000000e+000  0.000000e+000  0.000000e+000  0.000000e+000  0.000000e+000  0.000000e+000  0.000000e+000  0.000000e+000  0.000000e+000  0.000000e+000  
0.000000e+000  0.000000e+000  0.000000e+000  0.000000e+000  0.000000e+000  0.000000e+000  0.000000e+000  0.000000e+000  0.000000e+000  0.000000e+000  0.000000e+000  0.000000e+000  0.000000e+000  0.000000e+000  0.000000e+000  0.000000e+000  
0.000000e+000  0.000000e+000  0.000000e+000  0.000000e+000  0.000000e+000  0.000000e+000  0.000000e+000  0.000000e+000  0.000000e+000  0.000000e+000  0.000000e+000  0.000000e+000  0.000000e+000  0.000000e+000  0.000000e+000  0.000000e+000  

-6.465788e-009  -2.475446e-008  -4.142664e-008  -5.535133e-008  -4.517461e-008  -2.195715e-008  -1.896649e-008  -2.542255e-008  -5.612437e-008  -7.612582e-008  -6.575611e-008  -5.033751e-008  -3.124750e-008  -1.679332e-008  -7.406512e-009  -0.000000e+000  
-1.115159e-008  -2.773382e-008  -4.801397e-008  -7.877397e-008  -1.624609e-007  -1.114214e-007  -1.087917e-007  -1.250036e-007  -1.991531e-007  -1.063155e-007  -7.762967e-008  -6.527260e-008  -7.259792e-008  -5.429935e-008  -1.742517e-008  -0.000000e+000  
-7.058473e-009  -2.118986e-008  -3.689490e-008  -5.798507e-008  -9.245481e-008  -7.893850e-008  -7.777827e-008  -8.930753e-008  -1.136763e-007  -7.892474e-008  -5.979783e-008  -4.795726e-008  -4.292954e-008  -2.858861e-008  -1.164813e-008  -0.000000e+000  
-4.245907e-009  -1.198099e-008  -1.989690e-008  -2.942974e-008  -4.273424e-008  -4.048222e-008  -4.052394e-008  -4.602120e-008  -5.318003e-008  -4.078330e-008  -3.162749e-008  -2.512355e-008  -1.949074e-008  -1.414440e-008  -5.299104e-009  -0.000000e+000  
1.944434e-010  1.119286e-010  -4.557562e-010  -1.644536e-010  -1.379290e-010  2.671930e-010  -1.917920e-010  -3.950679e-010  1.522593e-010  5.323555e-010  -1.802666e-010  -1.361025e-010  -8.499480e-010  2.328090e-009  -8.190105e-010  -0.000000e+000  
2.973504e-009  1.098624e-008  1.968574e-008  3.039638e-008  4.310450e-008  4.083911e-008  4.042129e-008  4.563872e-008  5.337363e-008  4.081178e-008  3.181214e-008  2.464988e-008  2.083383e-008  1.289052e-008  5.849889e-009  -0.000000e+000  
7.075117e-009  2.162736e-008  3.727932e-008  5.800637e-008  9.297679e-008  7.882664e-008  7.763685e-008  8.878041e-008  1.141382e-007  7.921814e-008  5.961626e-008  4.855142e-008  4.047774e-008  3.137941e-008  1.032995e-008  -0.000000e+000  
1.126759e-008  2.776001e-008  4.891538e-008  7.983256e-008  1.628492e-007  1.109533e-007  1.086400e-007  1.245501e-007  1.998979e-007  1.067380e-007  7.770441e-008  6.403601e-008  7.449039e-008  5.294053e-008  1.769499e-008  -0.000000e+000  
6.413172e-009  2.404429e-008  4.103685e-008  5.531887e-008  4.506559e-008  2.177719e-008  1.778376e-008  2.533321e-008  5.588556e-008  7.725390e-008  6.515350e-008  5.275120e-008  2.726724e-008  1.927715e-008  6.085628e-009  -0.000000e+000  
-0.000000e+000  -0.000000e+000  -0.000000e+000  -0.000000e+000  -0.000000e+000  -0.000000e+000  -0.000000e+000  -0.000000e+000  -0.000000e+000  -0.000000e+000  -0.000000e+000  -0.000000e+000  -0.000000e+000  -0.000000e+000  -0.000000e+000  -0.000000e+000  

