Unknown:
C:\Users\fgewi\Documents\Projects\CST_New\CST_Simulations\yagi\yagi\Result\farfield (f=0.8)1D_1.ffp
C:\Users\fgewi\Documents\Projects\CST_New\CST_Simulations\yagi\yagi\Result\farfield (f=0.8)2D_1.ffp
C:\Users\fgewi\Documents\Projects\CST_New\CST_Simulations\yagi\yagi\Result\farfield (f=0.84)1D_1.ffp
C:\Users\fgewi\Documents\Projects\CST_New\CST_Simulations\yagi\yagi\Result\farfield (f=0.88)1D_1.ffp
C:\Users\fgewi\Documents\Projects\CST_New\CST_Simulations\yagi\yagi\Result\farfield (f=0.88)2D_1.ffp
C:\Users\fgewi\Documents\Projects\CST_New\CST_Simulations\yagi\yagi\Result\farfield (f=0.92)1D_1.ffp
C:\Users\fgewi\Documents\Projects\CST_New\CST_Simulations\yagi\yagi\Result\farfield (f=0.96)1D_1.ffp
C:\Users\fgewi\Documents\Projects\CST_New\CST_Simulations\yagi\yagi\Result\farfield (f=0.96)2D_1.ffp
C:\Users\fgewi\Documents\Projects\CST_New\CST_Simulations\yagi\yagi\Result\farfield (f=1)1D_1.ffp
C:\Users\fgewi\Documents\Projects\CST_New\CST_Simulations\yagi\yagi\Result\farfield (f=1.04)1D_1.ffp
C:\Users\fgewi\Documents\Projects\CST_New\CST_Simulations\yagi\yagi\Result\farfield (f=1.08)1D_1.ffp
C:\Users\fgewi\Documents\Projects\CST_New\CST_Simulations\yagi\yagi\Result\farfield (f=1.12)1D_1.ffp
C:\Users\fgewi\Documents\Projects\CST_New\CST_Simulations\yagi\yagi\Result\farfield (f=1.16)1D_1.ffp
C:\Users\fgewi\Documents\Projects\CST_New\CST_Simulations\yagi\yagi\Result\farfield (f=1.2)1D_1.ffp
C:\Users\fgewi\Documents\Projects\CST_New\CST_Simulations\yagi\yagi\Result\farfield (f=1.2)2D_1.ffp
C:\Users\fgewi\Documents\Projects\CST_New\CST_Simulations\yagi\yagi\Result\farfield (f=frequency_centre)1D_1.ffp
C:\Users\fgewi\Documents\Projects\CST_New\CST_Simulations\yagi\yagi\Result\farfield (f=frequency_centre)2D_1.ffp
C:\Users\fgewi\Documents\Projects\CST_New\CST_Simulations\yagi\yagi\Result\FarfieldBkGround.bmp
C:\Users\fgewi\Documents\Projects\CST_New\CST_Simulations\yagi\yagi\Result\hardware_resources.sconf
C:\Users\fgewi\Documents\Projects\CST_New\CST_Simulations\yagi\yagi\Result\Model.axg
C:\Users\fgewi\Documents\Projects\CST_New\CST_Simulations\yagi\yagi\Result\Model.cur
C:\Users\fgewi\Documents\Projects\CST_New\CST_Simulations\yagi\yagi\Result\Model.log
C:\Users\fgewi\Documents\Projects\CST_New\CST_Simulations\yagi\yagi\Result\Model.sa
C:\Users\fgewi\Documents\Projects\CST_New\CST_Simulations\yagi\yagi\Result\Postprocessing.log
Mesh:
C:\Users\fgewi\Documents\Projects\CST_New\CST_Simulations\yagi\yagi\Result\3d.slim
C:\Users\fgewi\Documents\Projects\CST_New\CST_Simulations\yagi\yagi\Result\3d.srf
C:\Users\fgewi\Documents\Projects\CST_New\CST_Simulations\yagi\yagi\Result\bc3d.srf
C:\Users\fgewi\Documents\Projects\CST_New\CST_Simulations\yagi\yagi\Result\log.tet
C:\Users\fgewi\Documents\Projects\CST_New\CST_Simulations\yagi\yagi\Result\meshrelated.info
C:\Users\fgewi\Documents\Projects\CST_New\CST_Simulations\yagi\yagi\Result\Mesh_Input.Entities2Mesh.tet
C:\Users\fgewi\Documents\Projects\CST_New\CST_Simulations\yagi\yagi\Result\Mesh_Input.Options.tet
C:\Users\fgewi\Documents\Projects\CST_New\CST_Simulations\yagi\yagi\Result\Mesh_Input.QuasiModel.tet
C:\Users\fgewi\Documents\Projects\CST_New\CST_Simulations\yagi\yagi\Result\Mesh_Output.QuasiModel.tet
C:\Users\fgewi\Documents\Projects\CST_New\CST_Simulations\yagi\yagi\Result\Mesh_Output.U2F.tet
C:\Users\fgewi\Documents\Projects\CST_New\CST_Simulations\yagi\yagi\Result\mir.tet
C:\Users\fgewi\Documents\Projects\CST_New\CST_Simulations\yagi\yagi\Result\moegeom.tet
C:\Users\fgewi\Documents\Projects\CST_New\CST_Simulations\yagi\yagi\Result\objectid.srf
C:\Users\fgewi\Documents\Projects\CST_New\CST_Simulations\yagi\yagi\Result\sat.tet
C:\Users\fgewi\Documents\Projects\CST_New\CST_Simulations\yagi\yagi\Result\topot.tet
Port:
C:\Users\fgewi\Documents\Projects\CST_New\CST_Simulations\yagi\yagi\Result\Model.pmi
