Port monitor named: Port2_h1.prt

nx        = 20
ny        = 735
nz        = 26

nu        = 16
nv        = 10
iu        = 6
iv        = 6

idir      = 1
dcut      = -2.190193e-001
icut      = 5
type      = 1
frequency = 2.400000e+010

fcutoff   = 1.502987e+010
alpha     = 0.000000e+000
beta      = 3.921544e+002
accuracy  = 4.157534e-011

type          = TM
wave imp.     = 2.937090e+002
wave imp.sig. = 5.690972e-006
line imp.     = 0.000000e+000

ref. port     = 0

1.813209e-007  1.972505e-007  1.534933e-007  1.320635e-007  3.868668e-008  1.935710e-007  6.347217e-008  -2.803745e-008  -6.493588e-008  -8.787193e-008  -1.155241e-007  -1.557382e-007  -1.556811e-007  -2.647697e-008  -7.907181e-008  -6.565846e-008  
2.222364e-007  1.878096e-007  2.377388e-007  2.372383e-007  2.488547e-007  3.263296e-007  8.575390e-008  -6.728228e-008  -4.021516e-007  -8.347793e-008  -1.434009e-007  -1.543366e-007  -9.251934e-008  -1.699333e-007  -1.667009e-007  -2.441663e-007  
1.504795e-007  1.467430e-007  1.572869e-007  1.746182e-007  1.684665e-007  2.072146e-007  7.676551e-008  -5.255701e-008  -2.190708e-007  -1.081689e-007  -1.074988e-007  -1.004487e-007  -9.605708e-008  -8.807522e-008  -1.288887e-007  -1.009795e-007  
7.641786e-008  6.868992e-008  7.973771e-008  7.862624e-008  8.212955e-008  8.161301e-008  2.533275e-008  -2.031388e-008  -9.085398e-008  -6.751613e-008  -5.465250e-008  -4.247916e-008  -4.196352e-008  -7.567480e-008  -5.239233e-008  -7.534591e-008  
-1.474740e-009  1.143862e-008  -3.282235e-009  -8.478622e-010  5.000506e-009  8.284093e-009  -4.424275e-009  -1.032904e-008  6.208657e-009  9.504841e-009  4.608751e-009  -6.555435e-009  -1.225013e-008  1.551208e-008  -1.691387e-008  1.791223e-010  
-6.817417e-008  -8.240307e-008  -7.805269e-008  -7.662686e-008  -7.093749e-008  -8.093586e-008  -1.654515e-008  3.080658e-008  9.174747e-008  5.477488e-008  6.377677e-008  5.686846e-008  5.964574e-008  4.408850e-008  7.549297e-008  6.276413e-008  
-1.503065e-007  -1.324986e-007  -1.507751e-007  -1.683575e-007  -1.845345e-007  -2.024382e-007  -6.471308e-008  5.114230e-008  1.941634e-007  1.043422e-007  7.616384e-008  1.026745e-007  7.898508e-008  1.273784e-007  1.064669e-007  1.367692e-007  
-2.481264e-007  -2.195644e-007  -2.445571e-007  -2.432892e-007  -2.393119e-007  -3.421953e-007  -9.568273e-008  7.031184e-008  4.128677e-007  6.697374e-008  1.536232e-007  1.465202e-007  1.292659e-007  1.207114e-007  2.158428e-007  1.999443e-007  
-1.836708e-007  -1.980384e-007  -1.594225e-007  -1.493853e-007  -7.216359e-008  -1.719908e-007  -7.968844e-008  1.888274e-008  8.202260e-008  1.167281e-007  1.201637e-007  1.460660e-007  1.144580e-007  1.005846e-007  6.921436e-009  1.438533e-007  
0.000000e+000  0.000000e+000  0.000000e+000  0.000000e+000  0.000000e+000  0.000000e+000  0.000000e+000  0.000000e+000  0.000000e+000  0.000000e+000  0.000000e+000  0.000000e+000  0.000000e+000  0.000000e+000  0.000000e+000  0.000000e+000  

9.446552e-001  2.855472e+000  4.730629e+000  6.470410e+000  8.552881e+000  1.059175e+001  1.167055e+001  1.156083e+001  1.037328e+001  8.873935e+000  7.464322e+000  5.841104e+000  4.214006e+000  2.669569e+000  9.420280e-001  0.000000e+000  
9.446551e-001  2.855472e+000  4.730629e+000  6.470411e+000  8.552882e+000  1.059175e+001  1.167055e+001  1.156083e+001  1.037328e+001  8.873935e+000  7.464322e+000  5.841104e+000  4.214006e+000  2.669569e+000  9.420280e-001  0.000000e+000  
9.446552e-001  2.855472e+000  4.730629e+000  6.470411e+000  8.552882e+000  1.059175e+001  1.167055e+001  1.156083e+001  1.037328e+001  8.873935e+000  7.464322e+000  5.841104e+000  4.214006e+000  2.669569e+000  9.420281e-001  0.000000e+000  
9.446552e-001  2.855472e+000  4.730629e+000  6.470411e+000  8.552882e+000  1.059175e+001  1.167055e+001  1.156083e+001  1.037328e+001  8.873935e+000  7.464322e+000  5.841104e+000  4.214006e+000  2.669569e+000  9.420281e-001  0.000000e+000  
9.446552e-001  2.855472e+000  4.730629e+000  6.470411e+000  8.552882e+000  1.059175e+001  1.167055e+001  1.156083e+001  1.037328e+001  8.873935e+000  7.464322e+000  5.841104e+000  4.214006e+000  2.669569e+000  9.420281e-001  0.000000e+000  
9.446552e-001  2.855472e+000  4.730629e+000  6.470411e+000  8.552882e+000  1.059175e+001  1.167055e+001  1.156083e+001  1.037328e+001  8.873935e+000  7.464322e+000  5.841104e+000  4.214006e+000  2.669569e+000  9.420281e-001  0.000000e+000  
9.446552e-001  2.855472e+000  4.730629e+000  6.470411e+000  8.552882e+000  1.059175e+001  1.167055e+001  1.156083e+001  1.037328e+001  8.873935e+000  7.464322e+000  5.841104e+000  4.214006e+000  2.669569e+000  9.420281e-001  0.000000e+000  
9.446552e-001  2.855472e+000  4.730629e+000  6.470411e+000  8.552882e+000  1.059175e+001  1.167055e+001  1.156083e+001  1.037328e+001  8.873935e+000  7.464322e+000  5.841104e+000  4.214006e+000  2.669569e+000  9.420281e-001  0.000000e+000  
9.446552e-001  2.855472e+000  4.730629e+000  6.470411e+000  8.552882e+000  1.059175e+001  1.167055e+001  1.156083e+001  1.037328e+001  8.873935e+000  7.464322e+000  5.841104e+000  4.214006e+000  2.669569e+000  9.420280e-001  0.000000e+000  
9.446552e-001  2.855472e+000  4.730629e+000  6.470410e+000  8.552881e+000  1.059175e+001  1.167055e+001  1.156083e+001  1.037328e+001  8.873935e+000  7.464322e+000  5.841104e+000  4.214006e+000  2.669569e+000  9.420279e-001  0.000000e+000  

0.000000e+000  0.000000e+000  0.000000e+000  0.000000e+000  0.000000e+000  0.000000e+000  0.000000e+000  0.000000e+000  0.000000e+000  0.000000e+000  0.000000e+000  0.000000e+000  0.000000e+000  0.000000e+000  0.000000e+000  0.000000e+000  
0.000000e+000  0.000000e+000  0.000000e+000  0.000000e+000  0.000000e+000  0.000000e+000  0.000000e+000  0.000000e+000  0.000000e+000  0.000000e+000  0.000000e+000  0.000000e+000  0.000000e+000  0.000000e+000  0.000000e+000  0.000000e+000  
0.000000e+000  0.000000e+000  0.000000e+000  0.000000e+000  0.000000e+000  0.000000e+000  0.000000e+000  0.000000e+000  0.000000e+000  0.000000e+000  0.000000e+000  0.000000e+000  0.000000e+000  0.000000e+000  0.000000e+000  0.000000e+000  
0.000000e+000  0.000000e+000  0.000000e+000  0.000000e+000  0.000000e+000  0.000000e+000  0.000000e+000  0.000000e+000  0.000000e+000  0.000000e+000  0.000000e+000  0.000000e+000  0.000000e+000  0.000000e+000  0.000000e+000  0.000000e+000  
0.000000e+000  0.000000e+000  0.000000e+000  0.000000e+000  0.000000e+000  0.000000e+000  0.000000e+000  0.000000e+000  0.000000e+000  0.000000e+000  0.000000e+000  0.000000e+000  0.000000e+000  0.000000e+000  0.000000e+000  0.000000e+000  
0.000000e+000  0.000000e+000  0.000000e+000  0.000000e+000  0.000000e+000  0.000000e+000  0.000000e+000  0.000000e+000  0.000000e+000  0.000000e+000  0.000000e+000  0.000000e+000  0.000000e+000  0.000000e+000  0.000000e+000  0.000000e+000  
0.000000e+000  0.000000e+000  0.000000e+000  0.000000e+000  0.000000e+000  0.000000e+000  0.000000e+000  0.000000e+000  0.000000e+000  0.000000e+000  0.000000e+000  0.000000e+000  0.000000e+000  0.000000e+000  0.000000e+000  0.000000e+000  
0.000000e+000  0.000000e+000  0.000000e+000  0.000000e+000  0.000000e+000  0.000000e+000  0.000000e+000  0.000000e+000  0.000000e+000  0.000000e+000  0.000000e+000  0.000000e+000  0.000000e+000  0.000000e+000  0.000000e+000  0.000000e+000  
0.000000e+000  0.000000e+000  0.000000e+000  0.000000e+000  0.000000e+000  0.000000e+000  0.000000e+000  0.000000e+000  0.000000e+000  0.000000e+000  0.000000e+000  0.000000e+000  0.000000e+000  0.000000e+000  0.000000e+000  0.000000e+000  
0.000000e+000  0.000000e+000  0.000000e+000  0.000000e+000  0.000000e+000  0.000000e+000  0.000000e+000  0.000000e+000  0.000000e+000  0.000000e+000  0.000000e+000  0.000000e+000  0.000000e+000  0.000000e+000  0.000000e+000  0.000000e+000  

0.000000e+000  0.000000e+000  0.000000e+000  0.000000e+000  0.000000e+000  0.000000e+000  0.000000e+000  0.000000e+000  0.000000e+000  0.000000e+000  0.000000e+000  0.000000e+000  0.000000e+000  0.000000e+000  0.000000e+000  0.000000e+000  
0.000000e+000  0.000000e+000  0.000000e+000  0.000000e+000  0.000000e+000  0.000000e+000  0.000000e+000  0.000000e+000  0.000000e+000  0.000000e+000  0.000000e+000  0.000000e+000  0.000000e+000  0.000000e+000  0.000000e+000  0.000000e+000  
0.000000e+000  0.000000e+000  0.000000e+000  0.000000e+000  0.000000e+000  0.000000e+000  0.000000e+000  0.000000e+000  0.000000e+000  0.000000e+000  0.000000e+000  0.000000e+000  0.000000e+000  0.000000e+000  0.000000e+000  0.000000e+000  
0.000000e+000  0.000000e+000  0.000000e+000  0.000000e+000  0.000000e+000  0.000000e+000  0.000000e+000  0.000000e+000  0.000000e+000  0.000000e+000  0.000000e+000  0.000000e+000  0.000000e+000  0.000000e+000  0.000000e+000  0.000000e+000  
0.000000e+000  0.000000e+000  0.000000e+000  0.000000e+000  0.000000e+000  0.000000e+000  0.000000e+000  0.000000e+000  0.000000e+000  0.000000e+000  0.000000e+000  0.000000e+000  0.000000e+000  0.000000e+000  0.000000e+000  0.000000e+000  
0.000000e+000  0.000000e+000  0.000000e+000  0.000000e+000  0.000000e+000  0.000000e+000  0.000000e+000  0.000000e+000  0.000000e+000  0.000000e+000  0.000000e+000  0.000000e+000  0.000000e+000  0.000000e+000  0.000000e+000  0.000000e+000  
0.000000e+000  0.000000e+000  0.000000e+000  0.000000e+000  0.000000e+000  0.000000e+000  0.000000e+000  0.000000e+000  0.000000e+000  0.000000e+000  0.000000e+000  0.000000e+000  0.000000e+000  0.000000e+000  0.000000e+000  0.000000e+000  
0.000000e+000  0.000000e+000  0.000000e+000  0.000000e+000  0.000000e+000  0.000000e+000  0.000000e+000  0.000000e+000  0.000000e+000  0.000000e+000  0.000000e+000  0.000000e+000  0.000000e+000  0.000000e+000  0.000000e+000  0.000000e+000  
0.000000e+000  0.000000e+000  0.000000e+000  0.000000e+000  0.000000e+000  0.000000e+000  0.000000e+000  0.000000e+000  0.000000e+000  0.000000e+000  0.000000e+000  0.000000e+000  0.000000e+000  0.000000e+000  0.000000e+000  0.000000e+000  
0.000000e+000  0.000000e+000  0.000000e+000  0.000000e+000  0.000000e+000  0.000000e+000  0.000000e+000  0.000000e+000  0.000000e+000  0.000000e+000  0.000000e+000  0.000000e+000  0.000000e+000  0.000000e+000  0.000000e+000  0.000000e+000  

0.000000e+000  0.000000e+000  0.000000e+000  0.000000e+000  0.000000e+000  0.000000e+000  0.000000e+000  0.000000e+000  0.000000e+000  0.000000e+000  0.000000e+000  0.000000e+000  0.000000e+000  0.000000e+000  0.000000e+000  0.000000e+000  
0.000000e+000  0.000000e+000  0.000000e+000  0.000000e+000  0.000000e+000  0.000000e+000  0.000000e+000  0.000000e+000  0.000000e+000  0.000000e+000  0.000000e+000  0.000000e+000  0.000000e+000  0.000000e+000  0.000000e+000  0.000000e+000  
0.000000e+000  0.000000e+000  0.000000e+000  0.000000e+000  0.000000e+000  0.000000e+000  0.000000e+000  0.000000e+000  0.000000e+000  0.000000e+000  0.000000e+000  0.000000e+000  0.000000e+000  0.000000e+000  0.000000e+000  0.000000e+000  
0.000000e+000  0.000000e+000  0.000000e+000  0.000000e+000  0.000000e+000  0.000000e+000  0.000000e+000  0.000000e+000  0.000000e+000  0.000000e+000  0.000000e+000  0.000000e+000  0.000000e+000  0.000000e+000  0.000000e+000  0.000000e+000  
0.000000e+000  0.000000e+000  0.000000e+000  0.000000e+000  0.000000e+000  0.000000e+000  0.000000e+000  0.000000e+000  0.000000e+000  0.000000e+000  0.000000e+000  0.000000e+000  0.000000e+000  0.000000e+000  0.000000e+000  0.000000e+000  
0.000000e+000  0.000000e+000  0.000000e+000  0.000000e+000  0.000000e+000  0.000000e+000  0.000000e+000  0.000000e+000  0.000000e+000  0.000000e+000  0.000000e+000  0.000000e+000  0.000000e+000  0.000000e+000  0.000000e+000  0.000000e+000  
0.000000e+000  0.000000e+000  0.000000e+000  0.000000e+000  0.000000e+000  0.000000e+000  0.000000e+000  0.000000e+000  0.000000e+000  0.000000e+000  0.000000e+000  0.000000e+000  0.000000e+000  0.000000e+000  0.000000e+000  0.000000e+000  
0.000000e+000  0.000000e+000  0.000000e+000  0.000000e+000  0.000000e+000  0.000000e+000  0.000000e+000  0.000000e+000  0.000000e+000  0.000000e+000  0.000000e+000  0.000000e+000  0.000000e+000  0.000000e+000  0.000000e+000  0.000000e+000  
0.000000e+000  0.000000e+000  0.000000e+000  0.000000e+000  0.000000e+000  0.000000e+000  0.000000e+000  0.000000e+000  0.000000e+000  0.000000e+000  0.000000e+000  0.000000e+000  0.000000e+000  0.000000e+000  0.000000e+000  0.000000e+000  
0.000000e+000  0.000000e+000  0.000000e+000  0.000000e+000  0.000000e+000  0.000000e+000  0.000000e+000  0.000000e+000  0.000000e+000  0.000000e+000  0.000000e+000  0.000000e+000  0.000000e+000  0.000000e+000  0.000000e+000  0.000000e+000  

-2.106460e-009  -5.890365e-009  -1.040830e-008  -1.732859e-008  -1.874133e-008  -8.652600e-008  -1.032223e-007  -9.526050e-008  -8.152685e-008  -2.601049e-008  -1.474694e-008  -6.025554e-009  -1.768361e-009  7.962855e-009  -2.746736e-009  -0.000000e+000  
-8.311008e-009  -2.765939e-008  -4.877456e-008  -7.902977e-008  -1.552785e-007  -2.560327e-007  -2.906180e-007  -2.674036e-007  -1.399291e-007  -9.117021e-008  -6.724166e-008  -4.900824e-008  -4.099788e-008  -3.121757e-008  -7.615297e-009  -0.000000e+000  
-6.021273e-009  -2.110558e-008  -3.915181e-008  -6.200148e-008  -1.056375e-007  -1.644004e-007  -1.858853e-007  -1.682605e-007  -1.027447e-007  -6.911583e-008  -5.120875e-008  -3.607426e-008  -2.989708e-008  -1.435510e-008  -8.371345e-009  -0.000000e+000  
-4.768577e-009  -1.390450e-008  -2.220903e-008  -3.464670e-008  -5.374455e-008  -8.047751e-008  -9.102940e-008  -8.212918e-008  -5.431845e-008  -3.855443e-008  -2.772944e-008  -2.002262e-008  -1.278304e-008  -1.103632e-008  -3.687710e-009  -0.000000e+000  
1.011933e-010  -0.000000e+000  -2.035020e-009  -2.442560e-009  3.260577e-010  1.193138e-009  6.061924e-010  4.766687e-010  -5.008342e-010  9.147364e-010  -1.943391e-009  -4.180556e-010  -3.274638e-009  5.157787e-009  -3.043871e-009  -0.000000e+000  
1.503329e-009  1.014819e-008  2.050602e-008  3.337101e-008  5.312474e-008  8.058062e-008  9.297996e-008  8.310445e-008  5.515015e-008  3.708371e-008  2.527552e-008  1.811855e-008  1.628607e-008  7.353177e-009  5.583188e-009  -0.000000e+000  
5.642185e-009  2.156835e-008  3.792462e-008  6.012294e-008  1.067516e-007  1.633917e-007  1.873066e-007  1.688831e-007  1.043016e-007  6.813675e-008  4.668997e-008  3.588451e-008  2.289800e-008  2.219369e-008  4.362479e-009  -0.000000e+000  
8.715231e-009  2.681735e-008  4.984589e-008  7.958273e-008  1.552069e-007  2.544761e-007  2.896862e-007  2.685767e-007  1.417612e-007  9.047011e-008  6.534630e-008  4.585399e-008  4.474482e-008  2.638485e-008  8.158892e-009  -0.000000e+000  
2.584439e-009  4.481353e-009  1.016163e-008  1.614443e-008  1.845808e-008  8.649332e-008  1.002668e-007  9.689396e-008  8.052757e-008  2.872656e-008  1.335745e-008  1.121298e-008  -8.294909e-009  -2.026789e-009  -1.712425e-009  -0.000000e+000  
-0.000000e+000  -0.000000e+000  -0.000000e+000  -0.000000e+000  -0.000000e+000  -0.000000e+000  -0.000000e+000  -0.000000e+000  -0.000000e+000  -0.000000e+000  -0.000000e+000  -0.000000e+000  -0.000000e+000  -0.000000e+000  -0.000000e+000  -0.000000e+000  

