Port monitor named: Port2_e1.prt

nx        = 20
ny        = 735
nz        = 26

nu        = 16
nv        = 10
iu        = 6
iv        = 6

idir      = 1
dcut      = -2.190193e-001
icut      = 5
type      = 0
frequency = 2.400000e+010

fcutoff   = 1.502987e+010
alpha     = 0.000000e+000
beta      = 3.921544e+002
accuracy  = 4.157534e-011

type          = TM
wave imp.     = 2.937090e+002
wave imp.sig. = 5.690972e-006
line imp.     = 0.000000e+000

ref. port     = 0

2.774537e+002  8.386778e+002  1.389428e+003  1.900418e+003  2.512058e+003  3.110891e+003  3.427744e+003  3.395519e+003  3.046724e+003  2.606354e+003  2.192338e+003  1.715585e+003  1.237691e+003  7.840763e+002  2.766821e+002  0.000000e+000  
2.774537e+002  8.386778e+002  1.389428e+003  1.900418e+003  2.512058e+003  3.110891e+003  3.427744e+003  3.395519e+003  3.046724e+003  2.606354e+003  2.192338e+003  1.715585e+003  1.237691e+003  7.840763e+002  2.766821e+002  0.000000e+000  
2.774537e+002  8.386778e+002  1.389428e+003  1.900418e+003  2.512058e+003  3.110891e+003  3.427744e+003  3.395519e+003  3.046724e+003  2.606354e+003  2.192338e+003  1.715585e+003  1.237691e+003  7.840763e+002  2.766821e+002  0.000000e+000  
2.774537e+002  8.386778e+002  1.389428e+003  1.900418e+003  2.512058e+003  3.110891e+003  3.427744e+003  3.395519e+003  3.046724e+003  2.606354e+003  2.192338e+003  1.715585e+003  1.237691e+003  7.840763e+002  2.766821e+002  0.000000e+000  
2.774537e+002  8.386778e+002  1.389428e+003  1.900418e+003  2.512058e+003  3.110891e+003  3.427744e+003  3.395519e+003  3.046724e+003  2.606354e+003  2.192338e+003  1.715585e+003  1.237691e+003  7.840763e+002  2.766821e+002  0.000000e+000  
2.774537e+002  8.386778e+002  1.389428e+003  1.900418e+003  2.512058e+003  3.110891e+003  3.427744e+003  3.395519e+003  3.046724e+003  2.606354e+003  2.192338e+003  1.715585e+003  1.237691e+003  7.840763e+002  2.766821e+002  0.000000e+000  
2.774537e+002  8.386778e+002  1.389428e+003  1.900418e+003  2.512058e+003  3.110891e+003  3.427744e+003  3.395519e+003  3.046724e+003  2.606354e+003  2.192338e+003  1.715585e+003  1.237691e+003  7.840763e+002  2.766821e+002  0.000000e+000  
2.774537e+002  8.386778e+002  1.389428e+003  1.900418e+003  2.512058e+003  3.110891e+003  3.427744e+003  3.395519e+003  3.046724e+003  2.606354e+003  2.192338e+003  1.715585e+003  1.237691e+003  7.840763e+002  2.766821e+002  0.000000e+000  
2.774537e+002  8.386778e+002  1.389428e+003  1.900418e+003  2.512058e+003  3.110891e+003  3.427744e+003  3.395519e+003  3.046724e+003  2.606354e+003  2.192338e+003  1.715585e+003  1.237691e+003  7.840763e+002  2.766821e+002  0.000000e+000  
2.774537e+002  8.386778e+002  1.389428e+003  1.900418e+003  2.512058e+003  3.110891e+003  3.427744e+003  3.395519e+003  3.046724e+003  2.606354e+003  2.192338e+003  1.715585e+003  1.237691e+003  7.840763e+002  2.766821e+002  0.000000e+000  

-4.913581e-005  -4.974965e-005  -4.195191e-005  -3.338014e-005  -1.541738e-005  -3.112543e-006  -9.823223e-006  2.006615e-006  1.347331e-005  -2.593934e-005  1.648212e-005  2.888785e-005  2.583008e-005  1.773151e-005  1.692534e-005  3.429641e-005  
-4.596711e-005  -3.251216e-005  -3.986655e-005  -2.798481e-005  8.268861e-006  -2.212441e-005  -1.887200e-006  2.866306e-006  1.760878e-005  -2.835524e-005  1.046903e-005  2.477509e-005  1.893988e-005  1.804049e-005  2.732467e-005  3.860632e-005  
-2.611881e-005  -2.334206e-005  -2.229638e-005  -1.560553e-005  -4.302306e-006  -1.118041e-005  -2.518928e-006  1.995986e-006  6.937690e-006  -6.403223e-006  4.475026e-006  1.172320e-005  1.313980e-005  1.432024e-005  1.778842e-005  2.046276e-005  
-1.217451e-005  -1.145979e-005  -1.036959e-005  -7.528229e-006  -4.035705e-006  -4.975537e-006  -1.446826e-006  8.965918e-007  2.634264e-006  -8.261076e-007  2.184905e-006  5.022144e-006  6.438869e-006  7.567534e-006  8.623953e-006  9.425413e-006  
1.155617e-007  4.995239e-008  6.626028e-008  -7.694160e-008  -2.772452e-007  -2.765461e-007  -1.062625e-007  7.910785e-008  6.985629e-008  5.845777e-008  1.172166e-007  0.000000e+000  0.000000e+000  -2.483124e-007  1.388265e-007  -1.112667e-007  
1.256016e-005  1.171657e-005  1.038334e-005  7.367756e-006  3.653142e-006  4.604341e-006  1.084427e-006  -9.266748e-007  -2.405691e-006  1.237973e-006  -1.962546e-006  -5.135555e-006  -6.713562e-006  -7.598933e-006  -8.863994e-006  -9.539273e-006  
2.641575e-005  2.350862e-005  2.238709e-005  1.557910e-005  4.204401e-006  1.103592e-005  2.206964e-006  -2.002310e-006  -6.583039e-006  6.887898e-006  -3.986294e-006  -1.174550e-005  -1.317202e-005  -1.487873e-005  -1.778492e-005  -2.091240e-005  
4.642217e-005  3.296251e-005  4.004846e-005  2.811574e-005  -8.252526e-006  2.221662e-005  1.894140e-006  -2.947615e-006  -1.757110e-005  2.869172e-005  -1.026172e-005  -2.472159e-005  -1.920814e-005  -1.797919e-005  -2.766271e-005  -3.872190e-005  
4.928227e-005  4.992371e-005  4.205186e-005  3.354160e-005  1.558195e-005  3.041488e-006  9.945451e-006  -2.036809e-006  -1.352763e-005  2.582888e-005  -1.640347e-005  -2.889377e-005  -2.553619e-005  -1.816135e-005  -1.670685e-005  -3.470182e-005  
0.000000e+000  0.000000e+000  0.000000e+000  0.000000e+000  0.000000e+000  0.000000e+000  0.000000e+000  0.000000e+000  0.000000e+000  0.000000e+000  0.000000e+000  0.000000e+000  0.000000e+000  0.000000e+000  0.000000e+000  0.000000e+000  

0.000000e+000  0.000000e+000  0.000000e+000  0.000000e+000  0.000000e+000  0.000000e+000  0.000000e+000  0.000000e+000  0.000000e+000  0.000000e+000  0.000000e+000  0.000000e+000  0.000000e+000  0.000000e+000  0.000000e+000  0.000000e+000  
0.000000e+000  0.000000e+000  0.000000e+000  0.000000e+000  0.000000e+000  0.000000e+000  0.000000e+000  0.000000e+000  0.000000e+000  0.000000e+000  0.000000e+000  0.000000e+000  0.000000e+000  0.000000e+000  0.000000e+000  0.000000e+000  
0.000000e+000  0.000000e+000  0.000000e+000  0.000000e+000  0.000000e+000  0.000000e+000  0.000000e+000  0.000000e+000  0.000000e+000  0.000000e+000  0.000000e+000  0.000000e+000  0.000000e+000  0.000000e+000  0.000000e+000  0.000000e+000  
0.000000e+000  0.000000e+000  0.000000e+000  0.000000e+000  0.000000e+000  0.000000e+000  0.000000e+000  0.000000e+000  0.000000e+000  0.000000e+000  0.000000e+000  0.000000e+000  0.000000e+000  0.000000e+000  0.000000e+000  0.000000e+000  
0.000000e+000  0.000000e+000  0.000000e+000  0.000000e+000  0.000000e+000  0.000000e+000  0.000000e+000  0.000000e+000  0.000000e+000  0.000000e+000  0.000000e+000  0.000000e+000  0.000000e+000  0.000000e+000  0.000000e+000  0.000000e+000  
0.000000e+000  0.000000e+000  0.000000e+000  0.000000e+000  0.000000e+000  0.000000e+000  0.000000e+000  0.000000e+000  0.000000e+000  0.000000e+000  0.000000e+000  0.000000e+000  0.000000e+000  0.000000e+000  0.000000e+000  0.000000e+000  
0.000000e+000  0.000000e+000  0.000000e+000  0.000000e+000  0.000000e+000  0.000000e+000  0.000000e+000  0.000000e+000  0.000000e+000  0.000000e+000  0.000000e+000  0.000000e+000  0.000000e+000  0.000000e+000  0.000000e+000  0.000000e+000  
0.000000e+000  0.000000e+000  0.000000e+000  0.000000e+000  0.000000e+000  0.000000e+000  0.000000e+000  0.000000e+000  0.000000e+000  0.000000e+000  0.000000e+000  0.000000e+000  0.000000e+000  0.000000e+000  0.000000e+000  0.000000e+000  
0.000000e+000  0.000000e+000  0.000000e+000  0.000000e+000  0.000000e+000  0.000000e+000  0.000000e+000  0.000000e+000  0.000000e+000  0.000000e+000  0.000000e+000  0.000000e+000  0.000000e+000  0.000000e+000  0.000000e+000  0.000000e+000  
0.000000e+000  0.000000e+000  0.000000e+000  0.000000e+000  0.000000e+000  0.000000e+000  0.000000e+000  0.000000e+000  0.000000e+000  0.000000e+000  0.000000e+000  0.000000e+000  0.000000e+000  0.000000e+000  0.000000e+000  0.000000e+000  

0.000000e+000  0.000000e+000  0.000000e+000  0.000000e+000  0.000000e+000  0.000000e+000  0.000000e+000  0.000000e+000  0.000000e+000  0.000000e+000  0.000000e+000  0.000000e+000  0.000000e+000  0.000000e+000  0.000000e+000  0.000000e+000  
0.000000e+000  0.000000e+000  0.000000e+000  0.000000e+000  0.000000e+000  0.000000e+000  0.000000e+000  0.000000e+000  0.000000e+000  0.000000e+000  0.000000e+000  0.000000e+000  0.000000e+000  0.000000e+000  0.000000e+000  0.000000e+000  
0.000000e+000  0.000000e+000  0.000000e+000  0.000000e+000  0.000000e+000  0.000000e+000  0.000000e+000  0.000000e+000  0.000000e+000  0.000000e+000  0.000000e+000  0.000000e+000  0.000000e+000  0.000000e+000  0.000000e+000  0.000000e+000  
0.000000e+000  0.000000e+000  0.000000e+000  0.000000e+000  0.000000e+000  0.000000e+000  0.000000e+000  0.000000e+000  0.000000e+000  0.000000e+000  0.000000e+000  0.000000e+000  0.000000e+000  0.000000e+000  0.000000e+000  0.000000e+000  
0.000000e+000  0.000000e+000  0.000000e+000  0.000000e+000  0.000000e+000  0.000000e+000  0.000000e+000  0.000000e+000  0.000000e+000  0.000000e+000  0.000000e+000  0.000000e+000  0.000000e+000  0.000000e+000  0.000000e+000  0.000000e+000  
0.000000e+000  0.000000e+000  0.000000e+000  0.000000e+000  0.000000e+000  0.000000e+000  0.000000e+000  0.000000e+000  0.000000e+000  0.000000e+000  0.000000e+000  0.000000e+000  0.000000e+000  0.000000e+000  0.000000e+000  0.000000e+000  
0.000000e+000  0.000000e+000  0.000000e+000  0.000000e+000  0.000000e+000  0.000000e+000  0.000000e+000  0.000000e+000  0.000000e+000  0.000000e+000  0.000000e+000  0.000000e+000  0.000000e+000  0.000000e+000  0.000000e+000  0.000000e+000  
0.000000e+000  0.000000e+000  0.000000e+000  0.000000e+000  0.000000e+000  0.000000e+000  0.000000e+000  0.000000e+000  0.000000e+000  0.000000e+000  0.000000e+000  0.000000e+000  0.000000e+000  0.000000e+000  0.000000e+000  0.000000e+000  
0.000000e+000  0.000000e+000  0.000000e+000  0.000000e+000  0.000000e+000  0.000000e+000  0.000000e+000  0.000000e+000  0.000000e+000  0.000000e+000  0.000000e+000  0.000000e+000  0.000000e+000  0.000000e+000  0.000000e+000  0.000000e+000  
0.000000e+000  0.000000e+000  0.000000e+000  0.000000e+000  0.000000e+000  0.000000e+000  0.000000e+000  0.000000e+000  0.000000e+000  0.000000e+000  0.000000e+000  0.000000e+000  0.000000e+000  0.000000e+000  0.000000e+000  0.000000e+000  

0.000000e+000  0.000000e+000  0.000000e+000  0.000000e+000  0.000000e+000  0.000000e+000  0.000000e+000  0.000000e+000  0.000000e+000  0.000000e+000  0.000000e+000  0.000000e+000  0.000000e+000  0.000000e+000  0.000000e+000  0.000000e+000  
0.000000e+000  0.000000e+000  0.000000e+000  0.000000e+000  0.000000e+000  0.000000e+000  0.000000e+000  0.000000e+000  0.000000e+000  0.000000e+000  0.000000e+000  0.000000e+000  0.000000e+000  0.000000e+000  0.000000e+000  0.000000e+000  
0.000000e+000  0.000000e+000  0.000000e+000  0.000000e+000  0.000000e+000  0.000000e+000  0.000000e+000  0.000000e+000  0.000000e+000  0.000000e+000  0.000000e+000  0.000000e+000  0.000000e+000  0.000000e+000  0.000000e+000  0.000000e+000  
0.000000e+000  0.000000e+000  0.000000e+000  0.000000e+000  0.000000e+000  0.000000e+000  0.000000e+000  0.000000e+000  0.000000e+000  0.000000e+000  0.000000e+000  0.000000e+000  0.000000e+000  0.000000e+000  0.000000e+000  0.000000e+000  
0.000000e+000  0.000000e+000  0.000000e+000  0.000000e+000  0.000000e+000  0.000000e+000  0.000000e+000  0.000000e+000  0.000000e+000  0.000000e+000  0.000000e+000  0.000000e+000  0.000000e+000  0.000000e+000  0.000000e+000  0.000000e+000  
0.000000e+000  0.000000e+000  0.000000e+000  0.000000e+000  0.000000e+000  0.000000e+000  0.000000e+000  0.000000e+000  0.000000e+000  0.000000e+000  0.000000e+000  0.000000e+000  0.000000e+000  0.000000e+000  0.000000e+000  0.000000e+000  
0.000000e+000  0.000000e+000  0.000000e+000  0.000000e+000  0.000000e+000  0.000000e+000  0.000000e+000  0.000000e+000  0.000000e+000  0.000000e+000  0.000000e+000  0.000000e+000  0.000000e+000  0.000000e+000  0.000000e+000  0.000000e+000  
0.000000e+000  0.000000e+000  0.000000e+000  0.000000e+000  0.000000e+000  0.000000e+000  0.000000e+000  0.000000e+000  0.000000e+000  0.000000e+000  0.000000e+000  0.000000e+000  0.000000e+000  0.000000e+000  0.000000e+000  0.000000e+000  
0.000000e+000  0.000000e+000  0.000000e+000  0.000000e+000  0.000000e+000  0.000000e+000  0.000000e+000  0.000000e+000  0.000000e+000  0.000000e+000  0.000000e+000  0.000000e+000  0.000000e+000  0.000000e+000  0.000000e+000  0.000000e+000  
0.000000e+000  0.000000e+000  0.000000e+000  0.000000e+000  0.000000e+000  0.000000e+000  0.000000e+000  0.000000e+000  0.000000e+000  0.000000e+000  0.000000e+000  0.000000e+000  0.000000e+000  0.000000e+000  0.000000e+000  0.000000e+000  

-2.765069e+003  -2.729142e+003  -2.615179e+003  -2.426378e+003  -2.168142e+003  -1.594992e+003  -7.975503e+002  8.111311e+001  9.515161e+002  1.611748e+003  1.965910e+003  2.263813e+003  2.496934e+003  2.634441e+003  2.721552e+003  2.757379e+003  
-2.765069e+003  -2.729142e+003  -2.615179e+003  -2.426378e+003  -2.168142e+003  -1.594992e+003  -7.975503e+002  8.111311e+001  9.515161e+002  1.611748e+003  1.965910e+003  2.263813e+003  2.496934e+003  2.634441e+003  2.721552e+003  2.757379e+003  
-2.765069e+003  -2.729142e+003  -2.615179e+003  -2.426378e+003  -2.168142e+003  -1.594992e+003  -7.975503e+002  8.111311e+001  9.515161e+002  1.611748e+003  1.965910e+003  2.263813e+003  2.496934e+003  2.634441e+003  2.721552e+003  2.757379e+003  
-2.765069e+003  -2.729142e+003  -2.615179e+003  -2.426378e+003  -2.168142e+003  -1.594992e+003  -7.975503e+002  8.111312e+001  9.515161e+002  1.611748e+003  1.965910e+003  2.263813e+003  2.496934e+003  2.634441e+003  2.721552e+003  2.757379e+003  
-2.765069e+003  -2.729142e+003  -2.615179e+003  -2.426378e+003  -2.168142e+003  -1.594992e+003  -7.975503e+002  8.111312e+001  9.515161e+002  1.611748e+003  1.965910e+003  2.263813e+003  2.496934e+003  2.634441e+003  2.721552e+003  2.757379e+003  
-2.765069e+003  -2.729142e+003  -2.615179e+003  -2.426378e+003  -2.168142e+003  -1.594992e+003  -7.975503e+002  8.111312e+001  9.515161e+002  1.611748e+003  1.965910e+003  2.263813e+003  2.496934e+003  2.634441e+003  2.721552e+003  2.757379e+003  
-2.765069e+003  -2.729142e+003  -2.615179e+003  -2.426378e+003  -2.168142e+003  -1.594992e+003  -7.975503e+002  8.111312e+001  9.515161e+002  1.611748e+003  1.965910e+003  2.263813e+003  2.496934e+003  2.634441e+003  2.721552e+003  2.757379e+003  
-2.765069e+003  -2.729142e+003  -2.615179e+003  -2.426378e+003  -2.168142e+003  -1.594992e+003  -7.975503e+002  8.111311e+001  9.515161e+002  1.611748e+003  1.965910e+003  2.263813e+003  2.496934e+003  2.634441e+003  2.721552e+003  2.757379e+003  
-2.765069e+003  -2.729142e+003  -2.615179e+003  -2.426378e+003  -2.168142e+003  -1.594992e+003  -7.975503e+002  8.111311e+001  9.515161e+002  1.611748e+003  1.965910e+003  2.263813e+003  2.496934e+003  2.634441e+003  2.721552e+003  2.757379e+003  
-2.765069e+003  -2.729142e+003  -2.615179e+003  -2.426378e+003  -2.168142e+003  -1.594992e+003  -7.975503e+002  8.111311e+001  9.515161e+002  1.611748e+003  1.965910e+003  2.263813e+003  2.496934e+003  2.634441e+003  2.721552e+003  2.757379e+003  

