Port monitor named: Port1_h1.prt

nx        = 20
ny        = 736
nz        = 26

nu        = 16
nv        = 10
iu        = 6
iv        = 6

idir      = 1
dcut      = -2.206558e-001
icut      = 5
type      = 1
frequency = 2.400000e+010

fcutoff   = 1.502883e+010
alpha     = 0.000000e+000
beta      = 3.921719e+002
accuracy  = 1.490972e-010

type          = TM
wave imp.     = 2.937221e+002
wave imp.sig. = 6.386227e-006
line imp.     = 0.000000e+000

ref. port     = 0

-6.747161e-008  -3.694258e-008  1.434144e-008  1.415846e-008  -1.796749e-008  4.073475e-008  2.365540e-008  4.595947e-009  -1.690781e-008  -3.943234e-008  -1.884901e-008  1.199282e-008  2.204095e-009  -4.478501e-008  -3.677820e-009  -4.058744e-008  
-1.406013e-007  -1.865888e-007  -1.971169e-007  -1.290616e-007  4.333650e-008  -1.504206e-008  4.030329e-008  7.810049e-009  -1.096963e-008  -6.179796e-008  9.649549e-008  1.686966e-007  2.079796e-007  7.846897e-008  4.130961e-009  6.015495e-008  
-1.263878e-007  -1.266376e-007  -1.152442e-007  -7.827450e-008  -1.892875e-009  -2.076636e-008  5.685809e-009  8.556622e-010  -7.848626e-010  -2.923012e-009  5.459551e-008  9.096166e-008  1.015302e-007  5.283818e-008  5.097951e-008  3.718373e-009  
-6.022675e-008  -5.930043e-008  -5.260767e-008  -3.248620e-008  -1.310178e-008  4.156020e-009  1.503101e-008  -4.365755e-009  5.579729e-011  1.057622e-008  2.157366e-008  3.016917e-008  3.386602e-008  4.877723e-008  1.952442e-008  4.376234e-008  
3.253688e-009  -3.208192e-009  1.168287e-008  6.415424e-009  3.196348e-009  1.372004e-009  4.710307e-009  5.769641e-009  -8.610483e-009  -1.423696e-008  -1.206819e-008  -5.411950e-010  6.642340e-009  -9.905087e-009  1.319294e-008  5.027538e-009  
5.448463e-008  6.856840e-008  4.709644e-008  3.029133e-008  -1.271758e-009  -1.003223e-009  -1.021569e-008  -2.221696e-009  -2.629040e-010  1.498604e-009  -3.064933e-008  -3.914611e-008  -4.293335e-008  -2.408282e-008  -3.447431e-008  -2.734654e-008  
1.173211e-007  1.081351e-007  1.033625e-007  6.991881e-008  1.751649e-008  9.221854e-009  -1.729118e-008  4.052522e-009  1.476407e-008  2.774833e-009  -3.225143e-008  -9.425419e-008  -8.837897e-008  -7.699790e-008  -2.620692e-008  -3.801330e-008  
1.562307e-007  2.092760e-007  2.036184e-007  1.334761e-007  -5.591076e-008  2.641260e-008  -3.737323e-008  -1.045480e-008  3.046472e-009  7.116684e-008  -1.067526e-007  -1.658484e-007  -2.360275e-007  -4.035648e-008  -4.243382e-008  -1.617874e-008  
5.137760e-008  2.925094e-008  -7.826926e-009  -1.069598e-009  3.992156e-008  -5.685548e-008  -8.954123e-009  7.673833e-009  4.573421e-009  1.519817e-008  1.645370e-008  -9.043652e-009  3.053720e-008  -7.484241e-009  6.986053e-008  -4.068267e-008  
-0.000000e+000  -0.000000e+000  -0.000000e+000  -0.000000e+000  -0.000000e+000  -0.000000e+000  -0.000000e+000  -0.000000e+000  -0.000000e+000  -0.000000e+000  -0.000000e+000  -0.000000e+000  -0.000000e+000  -0.000000e+000  -0.000000e+000  -0.000000e+000  

9.149849e-001  2.799864e+000  4.681530e+000  6.428704e+000  8.525725e+000  1.058099e+001  1.166865e+001  1.155862e+001  1.036101e+001  8.848323e+000  7.431420e+000  5.801029e+000  4.166704e+000  2.614826e+000  9.124116e-001  -0.000000e+000  
9.149849e-001  2.799864e+000  4.681529e+000  6.428704e+000  8.525725e+000  1.058099e+001  1.166865e+001  1.155862e+001  1.036101e+001  8.848322e+000  7.431420e+000  5.801029e+000  4.166704e+000  2.614826e+000  9.124116e-001  -0.000000e+000  
9.149849e-001  2.799864e+000  4.681530e+000  6.428704e+000  8.525725e+000  1.058099e+001  1.166865e+001  1.155862e+001  1.036101e+001  8.848322e+000  7.431420e+000  5.801029e+000  4.166704e+000  2.614826e+000  9.124115e-001  -0.000000e+000  
9.149849e-001  2.799864e+000  4.681530e+000  6.428704e+000  8.525725e+000  1.058099e+001  1.166865e+001  1.155862e+001  1.036101e+001  8.848322e+000  7.431420e+000  5.801029e+000  4.166704e+000  2.614826e+000  9.124115e-001  -0.000000e+000  
9.149849e-001  2.799864e+000  4.681530e+000  6.428704e+000  8.525725e+000  1.058099e+001  1.166865e+001  1.155862e+001  1.036101e+001  8.848322e+000  7.431420e+000  5.801029e+000  4.166704e+000  2.614826e+000  9.124115e-001  -0.000000e+000  
9.149849e-001  2.799864e+000  4.681530e+000  6.428704e+000  8.525725e+000  1.058099e+001  1.166865e+001  1.155862e+001  1.036101e+001  8.848322e+000  7.431420e+000  5.801029e+000  4.166704e+000  2.614826e+000  9.124115e-001  -0.000000e+000  
9.149849e-001  2.799864e+000  4.681530e+000  6.428704e+000  8.525725e+000  1.058099e+001  1.166865e+001  1.155862e+001  1.036101e+001  8.848322e+000  7.431420e+000  5.801029e+000  4.166704e+000  2.614826e+000  9.124115e-001  -0.000000e+000  
9.149849e-001  2.799864e+000  4.681530e+000  6.428704e+000  8.525725e+000  1.058099e+001  1.166865e+001  1.155862e+001  1.036101e+001  8.848322e+000  7.431420e+000  5.801029e+000  4.166704e+000  2.614826e+000  9.124115e-001  -0.000000e+000  
9.149849e-001  2.799864e+000  4.681529e+000  6.428704e+000  8.525725e+000  1.058099e+001  1.166865e+001  1.155862e+001  1.036101e+001  8.848322e+000  7.431420e+000  5.801029e+000  4.166704e+000  2.614826e+000  9.124115e-001  -0.000000e+000  
9.149849e-001  2.799864e+000  4.681530e+000  6.428704e+000  8.525725e+000  1.058099e+001  1.166865e+001  1.155862e+001  1.036101e+001  8.848323e+000  7.431420e+000  5.801029e+000  4.166704e+000  2.614826e+000  9.124116e-001  -0.000000e+000  

0.000000e+000  0.000000e+000  0.000000e+000  0.000000e+000  0.000000e+000  0.000000e+000  0.000000e+000  0.000000e+000  0.000000e+000  0.000000e+000  0.000000e+000  0.000000e+000  0.000000e+000  0.000000e+000  0.000000e+000  0.000000e+000  
0.000000e+000  0.000000e+000  0.000000e+000  0.000000e+000  0.000000e+000  0.000000e+000  0.000000e+000  0.000000e+000  0.000000e+000  0.000000e+000  0.000000e+000  0.000000e+000  0.000000e+000  0.000000e+000  0.000000e+000  0.000000e+000  
0.000000e+000  0.000000e+000  0.000000e+000  0.000000e+000  0.000000e+000  0.000000e+000  0.000000e+000  0.000000e+000  0.000000e+000  0.000000e+000  0.000000e+000  0.000000e+000  0.000000e+000  0.000000e+000  0.000000e+000  0.000000e+000  
0.000000e+000  0.000000e+000  0.000000e+000  0.000000e+000  0.000000e+000  0.000000e+000  0.000000e+000  0.000000e+000  0.000000e+000  0.000000e+000  0.000000e+000  0.000000e+000  0.000000e+000  0.000000e+000  0.000000e+000  0.000000e+000  
0.000000e+000  0.000000e+000  0.000000e+000  0.000000e+000  0.000000e+000  0.000000e+000  0.000000e+000  0.000000e+000  0.000000e+000  0.000000e+000  0.000000e+000  0.000000e+000  0.000000e+000  0.000000e+000  0.000000e+000  0.000000e+000  
0.000000e+000  0.000000e+000  0.000000e+000  0.000000e+000  0.000000e+000  0.000000e+000  0.000000e+000  0.000000e+000  0.000000e+000  0.000000e+000  0.000000e+000  0.000000e+000  0.000000e+000  0.000000e+000  0.000000e+000  0.000000e+000  
0.000000e+000  0.000000e+000  0.000000e+000  0.000000e+000  0.000000e+000  0.000000e+000  0.000000e+000  0.000000e+000  0.000000e+000  0.000000e+000  0.000000e+000  0.000000e+000  0.000000e+000  0.000000e+000  0.000000e+000  0.000000e+000  
0.000000e+000  0.000000e+000  0.000000e+000  0.000000e+000  0.000000e+000  0.000000e+000  0.000000e+000  0.000000e+000  0.000000e+000  0.000000e+000  0.000000e+000  0.000000e+000  0.000000e+000  0.000000e+000  0.000000e+000  0.000000e+000  
0.000000e+000  0.000000e+000  0.000000e+000  0.000000e+000  0.000000e+000  0.000000e+000  0.000000e+000  0.000000e+000  0.000000e+000  0.000000e+000  0.000000e+000  0.000000e+000  0.000000e+000  0.000000e+000  0.000000e+000  0.000000e+000  
0.000000e+000  0.000000e+000  0.000000e+000  0.000000e+000  0.000000e+000  0.000000e+000  0.000000e+000  0.000000e+000  0.000000e+000  0.000000e+000  0.000000e+000  0.000000e+000  0.000000e+000  0.000000e+000  0.000000e+000  0.000000e+000  

0.000000e+000  0.000000e+000  0.000000e+000  0.000000e+000  0.000000e+000  0.000000e+000  0.000000e+000  0.000000e+000  0.000000e+000  0.000000e+000  0.000000e+000  0.000000e+000  0.000000e+000  0.000000e+000  0.000000e+000  0.000000e+000  
0.000000e+000  0.000000e+000  0.000000e+000  0.000000e+000  0.000000e+000  0.000000e+000  0.000000e+000  0.000000e+000  0.000000e+000  0.000000e+000  0.000000e+000  0.000000e+000  0.000000e+000  0.000000e+000  0.000000e+000  0.000000e+000  
0.000000e+000  0.000000e+000  0.000000e+000  0.000000e+000  0.000000e+000  0.000000e+000  0.000000e+000  0.000000e+000  0.000000e+000  0.000000e+000  0.000000e+000  0.000000e+000  0.000000e+000  0.000000e+000  0.000000e+000  0.000000e+000  
0.000000e+000  0.000000e+000  0.000000e+000  0.000000e+000  0.000000e+000  0.000000e+000  0.000000e+000  0.000000e+000  0.000000e+000  0.000000e+000  0.000000e+000  0.000000e+000  0.000000e+000  0.000000e+000  0.000000e+000  0.000000e+000  
0.000000e+000  0.000000e+000  0.000000e+000  0.000000e+000  0.000000e+000  0.000000e+000  0.000000e+000  0.000000e+000  0.000000e+000  0.000000e+000  0.000000e+000  0.000000e+000  0.000000e+000  0.000000e+000  0.000000e+000  0.000000e+000  
0.000000e+000  0.000000e+000  0.000000e+000  0.000000e+000  0.000000e+000  0.000000e+000  0.000000e+000  0.000000e+000  0.000000e+000  0.000000e+000  0.000000e+000  0.000000e+000  0.000000e+000  0.000000e+000  0.000000e+000  0.000000e+000  
0.000000e+000  0.000000e+000  0.000000e+000  0.000000e+000  0.000000e+000  0.000000e+000  0.000000e+000  0.000000e+000  0.000000e+000  0.000000e+000  0.000000e+000  0.000000e+000  0.000000e+000  0.000000e+000  0.000000e+000  0.000000e+000  
0.000000e+000  0.000000e+000  0.000000e+000  0.000000e+000  0.000000e+000  0.000000e+000  0.000000e+000  0.000000e+000  0.000000e+000  0.000000e+000  0.000000e+000  0.000000e+000  0.000000e+000  0.000000e+000  0.000000e+000  0.000000e+000  
0.000000e+000  0.000000e+000  0.000000e+000  0.000000e+000  0.000000e+000  0.000000e+000  0.000000e+000  0.000000e+000  0.000000e+000  0.000000e+000  0.000000e+000  0.000000e+000  0.000000e+000  0.000000e+000  0.000000e+000  0.000000e+000  
0.000000e+000  0.000000e+000  0.000000e+000  0.000000e+000  0.000000e+000  0.000000e+000  0.000000e+000  0.000000e+000  0.000000e+000  0.000000e+000  0.000000e+000  0.000000e+000  0.000000e+000  0.000000e+000  0.000000e+000  0.000000e+000  

0.000000e+000  0.000000e+000  0.000000e+000  0.000000e+000  0.000000e+000  0.000000e+000  0.000000e+000  0.000000e+000  0.000000e+000  0.000000e+000  0.000000e+000  0.000000e+000  0.000000e+000  0.000000e+000  0.000000e+000  0.000000e+000  
0.000000e+000  0.000000e+000  0.000000e+000  0.000000e+000  0.000000e+000  0.000000e+000  0.000000e+000  0.000000e+000  0.000000e+000  0.000000e+000  0.000000e+000  0.000000e+000  0.000000e+000  0.000000e+000  0.000000e+000  0.000000e+000  
0.000000e+000  0.000000e+000  0.000000e+000  0.000000e+000  0.000000e+000  0.000000e+000  0.000000e+000  0.000000e+000  0.000000e+000  0.000000e+000  0.000000e+000  0.000000e+000  0.000000e+000  0.000000e+000  0.000000e+000  0.000000e+000  
0.000000e+000  0.000000e+000  0.000000e+000  0.000000e+000  0.000000e+000  0.000000e+000  0.000000e+000  0.000000e+000  0.000000e+000  0.000000e+000  0.000000e+000  0.000000e+000  0.000000e+000  0.000000e+000  0.000000e+000  0.000000e+000  
0.000000e+000  0.000000e+000  0.000000e+000  0.000000e+000  0.000000e+000  0.000000e+000  0.000000e+000  0.000000e+000  0.000000e+000  0.000000e+000  0.000000e+000  0.000000e+000  0.000000e+000  0.000000e+000  0.000000e+000  0.000000e+000  
0.000000e+000  0.000000e+000  0.000000e+000  0.000000e+000  0.000000e+000  0.000000e+000  0.000000e+000  0.000000e+000  0.000000e+000  0.000000e+000  0.000000e+000  0.000000e+000  0.000000e+000  0.000000e+000  0.000000e+000  0.000000e+000  
0.000000e+000  0.000000e+000  0.000000e+000  0.000000e+000  0.000000e+000  0.000000e+000  0.000000e+000  0.000000e+000  0.000000e+000  0.000000e+000  0.000000e+000  0.000000e+000  0.000000e+000  0.000000e+000  0.000000e+000  0.000000e+000  
0.000000e+000  0.000000e+000  0.000000e+000  0.000000e+000  0.000000e+000  0.000000e+000  0.000000e+000  0.000000e+000  0.000000e+000  0.000000e+000  0.000000e+000  0.000000e+000  0.000000e+000  0.000000e+000  0.000000e+000  0.000000e+000  
0.000000e+000  0.000000e+000  0.000000e+000  0.000000e+000  0.000000e+000  0.000000e+000  0.000000e+000  0.000000e+000  0.000000e+000  0.000000e+000  0.000000e+000  0.000000e+000  0.000000e+000  0.000000e+000  0.000000e+000  0.000000e+000  
0.000000e+000  0.000000e+000  0.000000e+000  0.000000e+000  0.000000e+000  0.000000e+000  0.000000e+000  0.000000e+000  0.000000e+000  0.000000e+000  0.000000e+000  0.000000e+000  0.000000e+000  0.000000e+000  0.000000e+000  0.000000e+000  

-1.623286e-009  -7.157177e-009  -1.352715e-008  -2.243172e-008  -4.379050e-008  -2.037434e-008  -2.145957e-008  -2.494477e-008  -8.539053e-008  -3.775098e-008  -2.463019e-008  -2.183991e-008  -9.285090e-009  -1.352012e-008  -2.497569e-009  0.000000e+000  
-6.664227e-009  -6.918739e-009  -1.476862e-008  -3.088264e-008  -7.902524e-008  -1.452330e-007  -1.674944e-007  -1.599203e-007  -1.035016e-007  -4.662445e-008  -3.057827e-008  -3.679671e-008  -7.074615e-008  -5.254444e-008  -2.075638e-008  0.000000e+000  
-3.376665e-009  -7.373006e-009  -1.540354e-008  -2.827834e-008  -5.510062e-008  -9.378774e-008  -1.089192e-007  -1.017698e-007  -6.967201e-008  -4.159660e-008  -3.046065e-008  -3.050929e-008  -3.217747e-008  -2.934261e-008  -8.474003e-009  0.000000e+000  
-6.803480e-010  -2.736207e-009  -8.824688e-009  -1.603684e-008  -2.869074e-008  -4.591881e-008  -5.311747e-008  -4.909919e-008  -3.472118e-008  -2.247338e-008  -1.785217e-008  -1.579846e-008  -1.614571e-008  -1.039054e-008  -4.103629e-009  0.000000e+000  
2.746697e-010  -2.509038e-010  9.671104e-010  3.011762e-010  -2.732852e-010  -3.737327e-010  6.733753e-010  1.005377e-009  -2.701824e-010  -1.429046e-009  3.244531e-010  1.020452e-010  1.142266e-009  -5.156267e-009  2.569213e-009  0.000000e+000  
2.601999e-009  5.309768e-009  8.620202e-009  1.375965e-008  2.755921e-008  4.533149e-008  5.374936e-008  5.028903e-008  3.422143e-008  2.222799e-008  1.712972e-008  1.607315e-008  1.293478e-008  1.303775e-008  2.354606e-009  0.000000e+000  
3.232784e-009  6.199184e-009  1.455433e-008  2.781197e-008  5.353921e-008  9.420098e-008  1.095322e-007  1.031604e-007  6.866760e-008  4.064337e-008  3.066489e-008  2.905452e-008  3.647390e-008  2.334107e-008  1.217981e-008  0.000000e+000  
6.533974e-009  6.818249e-009  1.263936e-008  2.840194e-008  7.798178e-008  1.463122e-007  1.681074e-007  1.610029e-007  1.018435e-007  4.557541e-008  3.050202e-008  3.869507e-008  6.697124e-008  5.507311e-008  2.001522e-008  0.000000e+000  
1.697359e-009  8.689086e-009  1.417138e-008  2.268382e-008  4.385866e-008  2.073377e-008  2.414723e-008  2.506096e-008  8.601060e-008  3.525417e-008  2.546820e-008  1.727985e-008  1.680502e-008  8.781093e-009  5.249605e-009  0.000000e+000  
0.000000e+000  0.000000e+000  0.000000e+000  0.000000e+000  0.000000e+000  0.000000e+000  0.000000e+000  0.000000e+000  0.000000e+000  0.000000e+000  0.000000e+000  0.000000e+000  0.000000e+000  0.000000e+000  0.000000e+000  0.000000e+000  

