2025-06-22 17:17:14   Build version: 2024.5 Release from 2024-06-14 (change 1285309)

2025-06-22 17:17:14   Starting adaptive port meshing.

                      ------------------------------------------------------------------------------
2025-06-22 17:17:15   Mode calculation for port 1:

                      ------------------------------------------------------------------------------
2025-06-22 17:17:15   

                      ------------------------------------------------------------------------------
2025-06-22 17:17:15   

                      ------------------------------------------------------------------------------
2025-06-22 17:17:16   *** Warning ***

2025-06-22 17:17:16   The Standard (legacy) port mode solver is not supported anymore. Please consider switching to the Generalized port mode 
                      solver instead. More...

                      ------------------------------------------------------------------------------
2025-06-22 17:17:17     -------------------------------- F-Calc 24 ---------------------------------
                        Port   Mode   Type        Z-Wave        Z-Wave-Sigma  Z-Line        F-Cutoff
                        1      1      TE          527           1.17e-005     ---           16.79
                        ----------------------------------------------------------------------------

2025-06-22 17:17:17   Pass 1 successfully completed. 
2025-06-22 17:17:17   Adaptive port meshing finished. 

                      ------------------------------------------------------------------------------
2025-06-22 17:17:17   *** Warning ***

                      This software is licensed for non-commercial use only.

                      ------------------------------------------------------------------------------
2025-06-22 17:17:18   
                      Solver started at: 2025-06-22 17:17:18 +0200

                        Module:  Time Domain: S-Parameter (Win 64)
                        Version: 2024.5 Release from 2024-06-14 (change 1285309)

2025-06-22 17:17:18   

                      ------------------------------------------------------------------------------
2025-06-22 17:17:18   

                      ------------------------------------------------------------------------------
2025-06-22 17:17:18   ======================================================================
                       Solver cycle: 1
                      ======================================================================

                      Stimulation at port 1 (mode 1) 



                      ------------------------------------------------------------------------------
2025-06-22 17:17:18   Units settings: 

                        Dimensions: mm
                        Frequency:  GHz
                        Time:       ns

                      ------------------------------------------------------------------------------
2025-06-22 17:17:18   The dispersive material update will be performed using the "Standard" update schema

                      ------------------------------------------------------------------------------
2025-06-22 17:17:40   Mesh statistics:

                         Hexahedral mesh type: Perfect Boundary Approximation (PBA)
                            Version: legacy

                         Parallelization type: domain decomposition
                            Number of parallel working threads: 4
                            Number of calculation domains used: 8

                         Used point accuracy enhancement value: 62.00%.
                         Acceleration mode: CPU
                         PBA fill limit: 93.59% (inverse)

                         *** Warning ***  The matrix computation uses legacy PBA settings. These settings will become obsolete in future versions.

                         *** Warning ***  To use the default PBA settings please consider pressing the "Default" button in the "Discretizer" tab of the "Special Mesh Properties" dialog box. 


2025-06-22 17:17:42   *** Warning ***

2025-06-22 17:17:42   The Standard (legacy) port mode solver is not supported anymore. Please consider switching to the Generalized port mode 
                      solver instead. More...

                      ------------------------------------------------------------------------------
2025-06-22 17:17:43   Boundary conditions: 

                        YZsymmetry: none
                        XZsymmetry: none
                        XYsymmetry: none

                        Xmin: expanded open, 4 Layer, depth 3.48186 mm
                        Xmax: expanded open, 4 Layer, depth 3.48186 mm

                        Ymin: expanded open, 4 Layer, depth 3.46389 mm
                        Ymax: expanded open, 4 Layer, depth 3.46389 mm

                        Zmin: expanded open, 4 Layer, depth 3.48186 mm
                        Zmax: expanded open, 4 Layer, depth 3.48186 mm

                        PML-Type: Convolution PML

                      ------------------------------------------------------------------------------
2025-06-22 17:17:43   Frequency settings: 

                        Fmin:         21.6
                        Fmax:         26.4
                        Nfsteps(lin): 1001

                      ------------------------------------------------------------------------------
2025-06-22 17:17:43   Field update statistics:

                        Number of components in total: 	2220821
                        Number of TST and special elements:	342
                        Number of lossy metal components:	124448

                      Subcycling state:      			Automatically deactivated

                      ------------------------------------------------------------------------------
2025-06-22 17:17:43   Waveguide boundaries:

2025-06-22 17:17:43   Port: 1

2025-06-22 17:17:43     -------------------------------- F-Calc 24 ---------------------------------
                        Port   Mode   Type        Z-Wave        Z-Wave-Sigma  Z-Line        F-Cutoff
                        1      1      TE          527           1.17e-005     ---           16.79
                        ----------------------------------------------------------------------------

2025-06-22 17:26:15   
                      --------------------------------------------------------------------------------
2025-06-22 17:26:15   Steady state energy criterion met, solver finished successfully.

                      ------------------------------------------------------------------------------
2025-06-22 17:26:15   Frequency domain results normalized to default signal.


                      ------------------------------------------------------------------------------
2025-06-22 17:26:15   
                        ----------------------------------------------------------------------------
                                            Peak memory used (kB)         Free physical memory (kB) 
                                                                          At begin     Minimum      
                        ----------------------------------------------------------------------------
                        CAD preparation     16200                         18380136     18380136     
                        Matrices calc.      347321                        20997070     18018554     
                        Solver run total    218828                        18406240     17324236     
                        ----------------------------------------------------------------------------

                      --------------------------------------------------------------------------------
                      Solver Statistics:

                        Hardware:
                           Computer name:                 	Fynn 

                           Number of CPU threads:               6
                           Hardware info:                  	Hardware Accelerator Device not activated

                        Number of mesh cells:             	353400
                        Excitation duration:              	1.48106198e+000 ns 
                        Calculation time for excitation:  	96 	s
                        Number of calculated pulse widths:	5.33071 
                        Steady state accuracy limit:      	-30	dB 
                        Simulated number of time steps:   	65624 
                        Maximum number of time steps:     	246211 
                        Time step width:
                           without subcycles:             	1.203082655e-004 ns
                           used:                          	1.203082655e-004 ns

                        CAD preparation time:             	1      	s
                        Matrix calculation time:          	22 	s
                        Solver setup time:                	3 	s
                        Solver loop time:                 	509 	s
                        Solver post-processing time:      	0 	s
                                                          	------------
                        Total solver time:                	535 	s  ( = 0 h, 8 m, 55 s )

                      ------------------------------------------------------------------------------
2025-06-22 17:26:15   
                        Adaptive port meshing time:          	4      	s
                        Total solver time (all cycles):      	535    	s  ( = 0 h, 8 m, 55 s )
                        Solver initialization and clean-up:  	2      	s
                                                             	------------
                        Total simulation time:               	541    	s  ( = 0 h, 9 m, 1 s )

                      ------------------------------------------------------------------------------
2025-06-22 17:26:15   Solver finished at: 2025-06-22 17:26:15 +0200



                      ------------------------------------------------------------------------------
2025-06-22 17:26:24   Creating parametric 1D results for Run ID 1

                      ------------------------------------------------------------------------------
