
              Logfile of Field Evaluation
              ===========================

Calculation window:
===================

 Coordinate System       : global (xyz)   cartesian
 Dimension               : 2D
 Face Normal             : X
 Stepsize                : 0.2961011

                 low        high    stepsize
         ----------- ----------- -----------
       X       -16.2       -16.2           1
       Y        -252         250  2.9617E-01
       Z -9.0826E+00  4.3567E+01  2.9579E-01

Evaluated field, component and result value:
============================================

 Evaluated field         : E-Field\e-field (f=24) [1]
 Field component         : Abs
 Complex                 : Real Part
 Result Value            : Integral-2D


Result Data:
============

 NData Points = 301710

 Max. value   =   1.2988E+02 at (       -16.2/  2.0217E+02/  2.4489E+01)
 Min. value   =   3.5404E-01 at (       -16.2/  1.3168E+02/  6.4461E+00)
 Mean value   =   4.1547E+01
 Deviation    =   1.9891E+00

 Integral     =   1.0981E+00
 Volume (Unit)=   2.6430E+04 mm^2
 Volume (SI)  =   2.6430E-02 m^2

