Post-processing Logfile 

----------------------------------------------------------------------------------------
Units settings: 

  Dimensions: mm
  Frequency:  GHz
  Time:       ns

----------------------------------------------------------------------------------------

Template based post-processing started at: 2025-06-23 15:27:45

  Evaluating 'GainPhi0': 0 s
  Evaluating 'GainPhi90': 1 s
  Evaluating 'e-field (f=24,z=4.9605942990365) (1)_Abs (X)': 1 s

  Total time: 3 s  ( = 0 h, 0 m, 3 s )

Template based post-processing finished at: 2025-06-23 15:27:48
----------------------------------------------------------------------------------------
Template based post-processing started at: 2025-06-25 18:33:29

  Evaluating 'GainPhi0': 1 s
  Evaluating 'GainPhi90': 1 s
  Evaluating 'e-field (f=24,z=4.9605942990365) (1)_Abs (X)': 0 s
  Evaluating 'Directivity, constant Phi=0': 1 s

  Total time: 3 s  ( = 0 h, 0 m, 3 s )

Template based post-processing finished at: 2025-06-25 18:33:32
----------------------------------------------------------------------------------------
