Frontend-Node:  ======================
                Mesher selection: FPBA
                ======================

>>>>>>>>>>>>>>>>>>>>>>>>>>>>>>>>
Sat Sat Jun 28 23:33:16 2025
started: parallelization control
>>>>>>>>>>>>>>>>>>>>>>>>>>>>>>>>

=================================================================================
 - hardware info
   + cpu name                    : AMD Ryzen 5 3600 6-Core Processor
   + sockets                     : 1
   + cores per socket            : 6
   + hyperthreading              : on
   + ht-units                    : 2
   + max cpuid level             : 13
   + max cpuid ext. level        : 32
   + numa nodes                  : 1
   + internal cpu info           : CPUID: selected engine is 'Leaf 0xB detection'
apic ids           : 0, 1, 2, 3, 4, 5, 8, 9, 10, 11, 12, 13
apic ids (fallback): 0, 1, 2, 3, 4, 5, 8, 9, 10, 11, 12, 13
from cpu registers: 0, 1, 2, 3, 4, 5, 8, 9, 10, 11, 12, 13
fallback: 0, 1, 2, 3, 4, 5, 8, 9, 10, 11, 12, 13
combined: 0, 1, 2, 3, 4, 5, 8, 9, 10, 11, 12, 13
max id per cpu: 128
SMT mask: 1
Core mask: 7e
Package mask: ffffff80
set results:
  - packages: 1
  - cores: 6
  - smts: 2
generate core map, new implementation
0, 1, 2, 3, 4, 5, 6, 7, 8, 9, 10, 11
packages: 1
cores   : 6
ht units: 2
 - pinning rule in use   : PINNING_RULE_MCALC_SKIP_ALL
 - desired group         : 0
 - num cores available   : 12
 - active core list from affinity: 
   + num accessible procs          : 12
   + num logical procs             : 12
   + current affinity (env)        : 0,1,2,3,4,5,6,7,8,9,10,11
   + sockets ids in                : 0
   + core list                  (1): 0,2,4,6,8,10
 - active cores          : 0,2,4,6,8,10
 - hyperthreading        : on
 - allowed core ids      : 0,2,4,6,8,10
 - allowed core ids (aff): 101010 101010 
 - used mask (string)    : 101010 101010 
=================================================================================

=========================================================================
Version: 2024.5 Release from 2024-06-14 (change 1285309) [Release]
Workflow: QQ-Facets
Operation: [acis, fpba, bg]
Architecture: Windows, ID: AMD64
System Windows-64bit
Using processor group 0/1
Matrix calculation information:
# of Nodes: 0
Concurrency: 0
Start ID: 0
Node ID: 0
HEX Mesh information:
Hex mesh: global: [hxr o(0 | 0 | 0) s(51 | 26 | 46) np (no TSTs): 60996] 
=========================================================================

>>>>>>>>>>>>>>>>>>>>>>>>>>>>>
Sat Sat Jun 28 23:33:16 2025
started: processing CAD model
>>>>>>>>>>>>>>>>>>>>>>>>>>>>>

========================================================================
Processing CAD model (for field results)
	[Improved internal geometry representation]
	[Accuracy improvement for long shapes in inhomogeneous mesh regions]
Version: 2024.5 Release from 2024-06-14 (change 1285309)
PBA version 2009023009
Sub-Workflow: Facets-QQ-GEX
Workflow updated: -
Sat Sat Jun 28 23:33:16 2025
========================================================================

===========================================
Finished CAD processing (for field results)
===========================================

<<<<<<<<<<<<<<<<<<<<<<<<<<<<<<<<<<<<<<<<<<
Sat Sat Jun 28 23:33:16 2025
Resource usage for processing CAD model:
	Runtime                 00:00:00.00072
	Peak Memory Usage:               15 MB
<<<<<<<<<<<<<<<<<<<<<<<<<<<<<<<<<<<<<<<<<<

>>>>>>>>>>>>>>>>>>>>>>>>>>>>>
Sat Sat Jun 28 23:33:16 2025
started: processing CAD model
>>>>>>>>>>>>>>>>>>>>>>>>>>>>>

========================================================================
Processing CAD model
	[Improved internal geometry representation]
	[Accuracy improvement for long shapes in inhomogeneous mesh regions]
Version: 2024.5 Release from 2024-06-14 (change 1285309)
PBA version 2009023009
Sub-Workflow: Facets-QQ-GEX
Workflow updated: -
Sat Sat Jun 28 23:33:16 2025
========================================================================

----------------------------------------------
Used point accuracy enhancement value: 74.00%.
----------------------------------------------

=============================================================================
Mesh statistics:
-----------------------------------------------------------------------------
Minimum edge length (x): 0.944 @ mesh line 24 (x)
Maximum edge length (x): 2.04 @ mesh line 44 (x)
Minimum face area (x): 0.167 @ mesh lines 13 | 23 (y | z)
Maximum face area (x): 4.16 @ mesh lines 19 | 5 (y | z)
Minimum edge length (y): 0.944 @ mesh line 13 (y)
Maximum edge length (y): 2.04 @ mesh line 19 (y)
Minimum face area (y): 0.167 @ mesh lines 23 | 24 (z | x)
Maximum face area (y): 4.16 @ mesh lines 5 | 44 (z | x)
Minimum edge length (z): 0.177 @ mesh line 23 (z)
Maximum edge length (z): 2.04 @ mesh line 5 (z)
Minimum face area (z): 0.891 @ mesh lines 24 | 13 (x | y)
Maximum face area (z): 4.16 @ mesh lines 44 | 19 (x | y)
Maximum mesh face aspect ratio (x): 11.5 : 1.0  @ mesh lines 19 | 23 (y | z)
Maximum mesh face aspect ratio (y): 11.5 : 1.0  @ mesh lines 23 | 44 (z | x)
Maximum mesh face aspect ratio (z): 2.16 : 1.0  @ mesh lines 24 | 19 (x | y)
=============================================================================

=============================================================================
Available resources to store TST cells: 2147422651 (3520595.86% of mesh size)
=============================================================================

------------------------------------------------------------------------------------------------
Geometry processing log
	PEC background is represented by CAD geometry: false
	no entries
------------------------------------------------------------------------------------------------
=========================================
== CST Matrix Calculation Priority Log ==
=========================================
Priorities are sorted in ascending order beginning with the lowest priority
 
Group | Shape-ID | ShapeName | Material | User-priority | 2D/3D-Geometry | Material-attributes | Shape-attributes | Feature-ID | Schemetype
1 | 8 | </cst/Boundaries/> Low^X | $NFSMaterial$ | n/a | no | normal.vacuum. | boundary. | n/a | FIT_TD
1 | 9 | </cst/Boundaries/> Low^Y_Sym | $NFSMaterial$ | n/a | no | normal.vacuum. | boundary. | n/a | FIT_TD
1 | 10 | </cst/Boundaries/> Low^Z | $NFSMaterial$ | n/a | no | normal.vacuum. | boundary. | n/a | FIT_TD
1 | 11 | </cst/Boundaries/> Up^X | $NFSMaterial$ | n/a | no | normal.vacuum. | boundary. | n/a | FIT_TD
1 | 12 | </cst/Boundaries/> Up^Y | $NFSMaterial$ | n/a | no | normal.vacuum. | boundary. | n/a | FIT_TD
1 | 13 | </cst/Boundaries/> Up^Z | $NFSMaterial$ | n/a | no | normal.vacuum. | boundary. | n/a | FIT_TD
2 | 6 | </cst/Ports/> 1^t0 | PEC | n/a | no | pec. | edge-element.wire. | n/a | FIT_TD
2 | 7 | </cst/Ports/> 1^t1 | PEC | n/a | no | pec. | edge-element.wire. | n/a | FIT_TD
2 | 1 | </cst/Wires/> Driven_element | PEC | n/a | no | pec. | wire. | n/a | FIT_TD
2 | 2 | </cst/Wires/> Radial | PEC | n/a | no | pec. | wire. | n/a | FIT_TD
2 | 3 | </cst/Wires/> Radial_1 | PEC | n/a | no | pec. | wire. | n/a | FIT_TD
2 | 4 | </cst/Wires/> Radial_2 | PEC | n/a | no | pec. | wire. | n/a | FIT_TD
2 | 5 | </cst/Wires/> Radial_3 | PEC | n/a | no | pec. | wire. | n/a | FIT_TD
=========================================
************************************************************************************************
General settings
	PBA version: legacy
------------------------------------------------------------------------------------------------
Geometry processor: legacy
	Geo accuracy: 74.000000
	Watertightness check: true
	Self intersection check: false
	Inheritance (all): false
	Normal dominance (all): false
	Normal dominance (ports): false
	Flanges hollow: true
	One shape per flange: false
	Multi threading: false
		max # of threads used: 1
		requested max # of threads: 1
		representation: ppm
		method: single thread
		retry: no
------------------------------------------------------------------------------------------------
CAD processing settings are set to default
------------------------------------------------------------------------------------------------
Connectivity settings
	Workflow selection: 0
	Workflow version: 20170101
	Gap detection: false
	Gap detection version: 1
	TST version: 1
	QQ workflow: true
	CoCo workflow: true
	Legacy topology: false
	Connectivity check: false
------------------------------------------------------------------------------------------------
------------------------------------------------------------------------------------------------
CAD Processing Version Info
------------------------------------------------------------------------------------------------
Success method:	fb-single-thread-21
************************************************************************************************

=======================
Finished CAD processing
=======================

<<<<<<<<<<<<<<<<<<<<<<<<<<<<<<<<<<<<<<<<<<
Sat Sat Jun 28 23:33:16 2025
Resource usage for processing CAD model:
	Runtime                 00:00:00.00112
	Peak Memory Usage:               15 MB
<<<<<<<<<<<<<<<<<<<<<<<<<<<<<<<<<<<<<<<<<<

------------------------------------------------------------
Parallelization Info
------------------------------------------------------------
Hyperthreading active: true
Hyperthreading used: false
Number of concurrent threads: 2
Number of concurrent threads using GPU: 0
Number of node domains: 2
Domains-to-threads scaling: 2
Average FI domain size: 2e+04
Nice mode: true
Delayed matrix calculation start: false
Load balancing: Version 20090403
Number of mesh fill domains: 4
Memory downscale: 1
Shared memory representation: none
CPU load: 33.33%
Emptiness: 0.00%
Hex mesh complexity: 0.05625
Geometric complexity: 0.00000
lower size limit of domain (1D): 60
------------------------------------------------------------
Node order
1, 0
------------------------------------------------------------

-------------------------------------------------------------------------
Matrix calculation job submit section 0
Currently running jobs: 0
Waiting jobs: 2
Concurrency for section: 2/2
Memory physically installed: 34.2816 GB
Memory currently available: 20.895 GB
Memory already used: 13.3866 GB
Matrix calculation @ 1xN-Node 0001
	Mesh coverage: 3037500.00 %
	Estimated peak memory usage per node: -nan(ind) MB, tightness: 0.00 %
	GPU acceleration: off
	Processor group: 0
Matrix calculation @ 1xN-Node 0000
	Mesh coverage: 2700000.00 %
	Estimated peak memory usage per node: -nan(ind) MB, tightness: 0.00 %
	GPU acceleration: off
	Processor group: 0
Node distribution on 1 processor group: 2
-------------------------------------------------------------------------

-----------------------------------
Mesh: # of points excl. TSTs: 60996
      # of points incl. TSTs: 60996
-----------------------------------

===========================================
Data rearrangement statistics:
Disk IO directories:	00:00:00.0004
Disk IO node domain files:	00:00:00.0070
Disk IO FI domain files:	00:00:00.0000
Disk IO meta information:	00:00:00.0017
Sequential merge (TST):	00:00:00.0000
===========================================

1xN000:  =============================================================================
         [Boundaries] - MCalc
         open-add-space, mpi, magnetic, open-add-space, open-add-space, open-add-space
         =============================================================================

1xN000:  ========================================
         [Mesh] Matrix calculation - NO ACIS mode
         [Mesh] 1xN MPI or parallelization mode
         ========================================

1xN000:  =============================
         [Mesh] Expansion: 0 1 0 0 0 0
         =============================

1xN000:  ==================================================
         [Mesh] world: o(0000,0000,0000) e(0051,0026,0046)
         [Mesh] l-1xN: o(0000,0000,0000) e(0025,0026,0046)
         [Mesh] e-1xN: o(0000,0000,0000) e(0026,0026,0046)
         [Mesh] g-MPI: not available
         [Mesh] bound offset: (0 | 1 | 0)
         ==================================================

1xN000:  =================================================================================
          - hardware info
            + cpu name                    : AMD Ryzen 5 3600 6-Core Processor
            + sockets                     : 1
            + cores per socket            : 6
            + hyperthreading              : on
            + ht-units                    : 2
            + max cpuid level             : 13
            + max cpuid ext. level        : 32
            + numa nodes                  : 1
            + internal cpu info           : CPUID: selected engine is 'Leaf 0xB detection'
         apic ids           : 0, 1, 2, 3, 4, 5, 8, 9, 10, 11, 12, 13
         apic ids (fallback): 0, 1, 2, 3, 4, 5, 8, 9, 10, 11, 12, 13
         from cpu registers: 0, 1, 2, 3, 4, 5, 8, 9, 10, 11, 12, 13
         fallback: 0, 1, 2, 3, 4, 5, 8, 9, 10, 11, 12, 13
         combined: 0, 1, 2, 3, 4, 5, 8, 9, 10, 11, 12, 13
         max id per cpu: 128
         SMT mask: 1
         Core mask: 7e
         Package mask: ffffff80
         set results:
           - packages: 1
           - cores: 6
           - smts: 2
         generate core map, new implementation
         0, 1, 2, 3, 4, 5, 6, 7, 8, 9, 10, 11
         packages: 1
         cores   : 6
         ht units: 2
          - pinning rule in use   : PINNING_RULE_MCALC_SKIP_ALL
          - desired group         : 0
          - num cores available   : 12
          - active core list from affinity:
            + num accessible procs          : 12
            + num logical procs             : 12
            + current affinity (env)        : 0,1,2,3,4,5,6,7,8,9,10,11
            + sockets ids in                : 0
            + core list                  (1): 0,1,2,3,4,5,6,7,8,9,10,11
          - active cores          : 0,1,2,3,4,5,6,7,8,9,10,11
          - hyperthreading        : on
          - skip pinning: + allowed number of sockets = available number of sockets
                          + hyperthreading allowed by solver
         =================================================================================

1xN000:  ===========================================================================
         Version: 2024.5 Release from 2024-06-14 (change 1285309) [Release]
         Workflow: PBA matrix coefficients
         Operation: [fpba, meshfill, bg, port-path, tst, coeff, surface-imp]
         Architecture: Windows, ID: AMD64
         System Windows-64bit
         Using processor group 0/1
         Matrix calculation information:
         # of Nodes: 2
         Concurrency: 2
         Start ID: 1
         Node ID: 0
         HEX Mesh information:
         Hex mesh: node: [hxr o(0 | 0 | 0) s(25 | 26 | 46) np (no TSTs): 29900]
         Hex mesh: extended: [hxr o(0 | 0 | 0) s(26 | 26 | 46) np (no TSTs): 31096]
         ===========================================================================

1xN000:  >>>>>>>>>>>>>>>>>>>>>>>>>>>>>>>>>>>>>>>>>>>>>>>>>
         Sat Sat Jun 28 23:33:17 2025
         started: calculating matrix coefficients per node
         >>>>>>>>>>>>>>>>>>>>>>>>>>>>>>>>>>>>>>>>>>>>>>>>>

1xN000:  ===========================================================
         Matrix computation (PBA)
         	[Perfect Boundary Approximation (PBA), version: legacy]
         	[GPU acceleration: off (not supported)]
         Version: 2024.5 Release from 2024-06-14 (change 1285309)
         PBA version 2009023009
         Sub-Workflow: FPBA-1xN-TST1-Node
         Workflow updated: -
         Sat Sat Jun 28 23:33:17 2025
         ===========================================================

1xN000:  -------------------------------------------------
         Geometry representation: compact
         Shared memory: none
         FARM allocation scheme: BBM
         Parallelization: on, used

1xN000:



1xN000:  ----------------------
         Acceleration mode: CPU
         ----------------------

1xN000:  Port homogenization method: FARM voxels copy
1xN000:  -------------------
         TST Statistics:
         E Split (0 | 0 | 0)
         E Adapt (0 | 0 | 0)
         B Split (0 | 0 | 0)
         B Adapt (0 | 0 | 0)
         -------------------

1xN000:  --------------------------------------------------
         The following wire is connected to metal material:
         	Radial_2
         --------------------------------------------------

1xN000:  ------------------------------------------------------------------------------
         PBA fill limit is applied in inverse mode.
         PBA fill limit is applied on faces filled with at least 99.00% metal material.
         --------------------------------------------------------------
         detailed accuracy settings:
         --------------------------------------------------------------
         augmented fill limit:       true
         augmented fill limit value: 99.00
         automatic fill limit:       true
         early fill limit:           true
         inverse fill limit:         true
         model complexity:           0.00
         legacy 2015:                false
         fixed point accuracy:       false
         minimum point accuracy:     0
         mesh step inheritance:      false
         accuracy mode:
         ------------------------------------------------------------------------------

1xN000:  =================================
         Finished matrix computation (PBA)
         =================================

1xN000:  <<<<<<<<<<<<<<<<<<<<<<<<<<<<<<<<<<<<<<<<<<<<<<<<<<<<<<<<<<<<
         Sat Sat Jun 28 23:33:17 2025
         Resource usage for calculating matrix coefficients per node:
         	Runtime                          00:00:00.00719
         	Peak Memory Usage:                        22 MB
         <<<<<<<<<<<<<<<<<<<<<<<<<<<<<<<<<<<<<<<<<<<<<<<<<<<<<<<<<<<<



1xN001:  =============================================================================
         [Boundaries] - MCalc
         mpi, open-add-space, magnetic, open-add-space, open-add-space, open-add-space
         =============================================================================

1xN001:  ========================================
         [Mesh] Matrix calculation - NO ACIS mode
         [Mesh] 1xN MPI or parallelization mode
         ========================================

1xN001:  ==============================
         [Mesh] Expansion: -1 0 0 0 0 0
         ==============================

1xN001:  ==================================================
         [Mesh] world: o(0000,0000,0000) e(0051,0026,0046)
         [Mesh] l-1xN: o(0023,0000,0000) e(0051,0026,0046)
         [Mesh] e-1xN: o(0022,0000,0000) e(0051,0026,0046)
         [Mesh] g-MPI: not available
         [Mesh] bound offset: (-1 | 0 | 0)
         ==================================================

1xN001:  =================================================================================
          - hardware info
            + cpu name                    : AMD Ryzen 5 3600 6-Core Processor
            + sockets                     : 1
            + cores per socket            : 6
            + hyperthreading              : on
            + ht-units                    : 2
            + max cpuid level             : 13
            + max cpuid ext. level        : 32
            + numa nodes                  : 1
            + internal cpu info           : CPUID: selected engine is 'Leaf 0xB detection'
         apic ids           : 0, 1, 2, 3, 4, 5, 8, 9, 10, 11, 12, 13
         apic ids (fallback): 0, 1, 2, 3, 4, 5, 8, 9, 10, 11, 12, 13
         from cpu registers: 0, 1, 2, 3, 4, 5, 8, 9, 10, 11, 12, 13
         fallback: 0, 1, 2, 3, 4, 5, 8, 9, 10, 11, 12, 13
         combined: 0, 1, 2, 3, 4, 5, 8, 9, 10, 11, 12, 13
         max id per cpu: 128
         SMT mask: 1
         Core mask: 7e
         Package mask: ffffff80
         set results:
           - packages: 1
           - cores: 6
           - smts: 2
         generate core map, new implementation
         0, 1, 2, 3, 4, 5, 6, 7, 8, 9, 10, 11
         packages: 1
         cores   : 6
         ht units: 2
          - pinning rule in use   : PINNING_RULE_MCALC_SKIP_ALL
          - desired group         : 0
          - num cores available   : 12
          - active core list from affinity:
            + num accessible procs          : 12
            + num logical procs             : 12
            + current affinity (env)        : 0,1,2,3,4,5,6,7,8,9,10,11
            + sockets ids in                : 0
            + core list                  (1): 0,1,2,3,4,5,6,7,8,9,10,11
          - active cores          : 0,1,2,3,4,5,6,7,8,9,10,11
          - hyperthreading        : on
          - skip pinning: + allowed number of sockets = available number of sockets
                          + hyperthreading allowed by solver
         =================================================================================

1xN001:  ============================================================================
         Version: 2024.5 Release from 2024-06-14 (change 1285309) [Release]
         Workflow: PBA matrix coefficients
         Operation: [fpba, meshfill, bg, port-path, tst, coeff, surface-imp]
         Architecture: Windows, ID: AMD64
         System Windows-64bit
         Using processor group 0/1
         Matrix calculation information:
         # of Nodes: 2
         Concurrency: 2
         Start ID: 0
         Node ID: 1
         HEX Mesh information:
         Hex mesh: node: [hxr o(23 | 0 | 0) s(28 | 26 | 46) np (no TSTs): 33488]
         Hex mesh: extended: [hxr o(22 | 0 | 0) s(29 | 26 | 46) np (no TSTs): 34684]
         ============================================================================

1xN001:  >>>>>>>>>>>>>>>>>>>>>>>>>>>>>>>>>>>>>>>>>>>>>>>>>
         Sat Sat Jun 28 23:33:17 2025
         started: calculating matrix coefficients per node
         >>>>>>>>>>>>>>>>>>>>>>>>>>>>>>>>>>>>>>>>>>>>>>>>>

1xN001:  ===========================================================
         Matrix computation (PBA)
         	[Perfect Boundary Approximation (PBA), version: legacy]
         	[GPU acceleration: off (not supported)]
         Version: 2024.5 Release from 2024-06-14 (change 1285309)
         PBA version 2009023009
         Sub-Workflow: FPBA-1xN-TST1-Node
         Workflow updated: -
         Sat Sat Jun 28 23:33:17 2025
         ===========================================================

1xN001:  -------------------------------------------------
         Geometry representation: compact
         Shared memory: none
         FARM allocation scheme: BBM
         Parallelization: on, used

1xN001:



1xN001:  ----------------------
         Acceleration mode: CPU
         ----------------------

1xN001:  Port homogenization method: FARM voxels copy
1xN001:  -------------------
         TST Statistics:
         E Split (0 | 0 | 0)
         E Adapt (0 | 0 | 0)
         B Split (0 | 0 | 0)
         B Adapt (0 | 0 | 0)
         -------------------

1xN001:  -----------------------------------------------------------------
         The following wire is only partially connected to metal material:
         	Radial_1
         -----------------------------------------------------------------

1xN001:  ----------------------------------------------------------------
         The following discrete edge port is connected to metal material:
         	1
         ----------------------------------------------------------------

1xN001:  ----------------------------------------------------
         The following wires are connected to metal material:
         	Driven_element, Radial, Radial_2
         ----------------------------------------------------

1xN001:  ------------------------------------------------------------------------------
         PBA fill limit is applied in inverse mode.
         PBA fill limit is applied on faces filled with at least 99.00% metal material.
         --------------------------------------------------------------
         detailed accuracy settings:
         --------------------------------------------------------------
         augmented fill limit:       true
         augmented fill limit value: 99.00
         automatic fill limit:       true
         early fill limit:           true
         inverse fill limit:         true
         model complexity:           0.00
         legacy 2015:                false
         fixed point accuracy:       false
         minimum point accuracy:     0
         mesh step inheritance:      false
         accuracy mode:
         ------------------------------------------------------------------------------

1xN001:  =================================
         Finished matrix computation (PBA)
         =================================

1xN001:  <<<<<<<<<<<<<<<<<<<<<<<<<<<<<<<<<<<<<<<<<<<<<<<<<<<<<<<<<<<<
         Sat Sat Jun 28 23:33:18 2025
         Resource usage for calculating matrix coefficients per node:
         	Runtime                          00:00:01.00149
         	Peak Memory Usage:                        25 MB
         <<<<<<<<<<<<<<<<<<<<<<<<<<<<<<<<<<<<<<<<<<<<<<<<<<<<<<<<<<<<



<<<<<<<<<<<<<<<<<<<<<<<<<<<<<<<<<<<<<<<<<<<<<<<
Sat Sat Jun 28 23:33:20 2025
Resource usage for parallelization control:
	Runtime                      00:00:03.00442
<<<<<<<<<<<<<<<<<<<<<<<<<<<<<<<<<<<<<<<<<<<<<<<

------------------------------------------------------------------------------------------------------------------------------
PBAMeshFeedback - InfoMap: 0[ms] - SBCell navigation: Using legacy edges - CornerCorrectionLinesAndWires: 0[ms] - Write: 0[ms]
ConnectivityAXG - 
------------------------------------------------------------------------------------------------------------------------------

--------------------------------
# of staircase filled cells: 0
# of staircase filled areas: 0
# of staircase filled edges: 0
# of faces above fill limit: 0
# of edges with FPBA topology: 0
--------------------------------

--------------------------------
# of staircase filled cells: 0
# of staircase filled areas: 0
# of staircase filled edges: 0
# of faces above fill limit: 0
# of edges with FPBA topology: 0
--------------------------------

--------------------------------
# of staircase filled cells: 0
# of staircase filled areas: 0
# of staircase filled edges: 0
# of faces above fill limit: 0
# of edges with FPBA topology: 0
--------------------------------

