Port monitor named: Port1_h1.prt

nx        = 20
ny        = 745
nz        = 26

nu        = 16
nv        = 10
iu        = 6
iv        = 6

idir      = 1
dcut      = -2.206558e-001
icut      = 9
type      = 1
frequency = 2.400000e+010

fcutoff   = 1.678982e+010
alpha     = 0.000000e+000
beta      = 3.594248e+002
accuracy  = 1.118851e-010

type          = TE
wave imp.     = 5.272212e+002
wave imp.sig. = 1.168860e-005
line imp.     = 0.000000e+000

ref. port     = 0

-0.000000e+000  -0.000000e+000  -0.000000e+000  -0.000000e+000  -0.000000e+000  -0.000000e+000  -0.000000e+000  -0.000000e+000  -0.000000e+000  -0.000000e+000  -0.000000e+000  -0.000000e+000  -0.000000e+000  -0.000000e+000  -0.000000e+000  -0.000000e+000  
-0.000000e+000  -0.000000e+000  -1.948101e+000  -3.826353e+000  -5.567413e+000  -8.048499e+000  -9.858203e+000  -1.040502e+001  -9.618886e+000  -7.987883e+000  -6.597174e+000  -4.969925e+000  -3.164481e+000  -1.601494e+000  -0.000000e+000  -0.000000e+000  
-0.000000e+000  -0.000000e+000  -1.948101e+000  -3.826353e+000  -5.567413e+000  -8.048499e+000  -9.858203e+000  -1.040502e+001  -9.618886e+000  -7.987883e+000  -6.597174e+000  -4.969925e+000  -3.164481e+000  -1.601494e+000  -0.000000e+000  -0.000000e+000  
-0.000000e+000  -0.000000e+000  -1.948101e+000  -3.826353e+000  -5.567413e+000  -8.048499e+000  -9.858203e+000  -1.040502e+001  -9.618886e+000  -7.987883e+000  -6.597174e+000  -4.969925e+000  -3.164481e+000  -1.601494e+000  -0.000000e+000  -0.000000e+000  
-0.000000e+000  -0.000000e+000  -1.948101e+000  -3.826353e+000  -5.567413e+000  -8.048499e+000  -9.858203e+000  -1.040502e+001  -9.618886e+000  -7.987883e+000  -6.597174e+000  -4.969925e+000  -3.164481e+000  -1.601494e+000  -0.000000e+000  -0.000000e+000  
-0.000000e+000  -0.000000e+000  -1.948101e+000  -3.826353e+000  -5.567413e+000  -8.048499e+000  -9.858203e+000  -1.040502e+001  -9.618886e+000  -7.987883e+000  -6.597174e+000  -4.969925e+000  -3.164481e+000  -1.601494e+000  -0.000000e+000  -0.000000e+000  
-0.000000e+000  -0.000000e+000  -1.948101e+000  -3.826353e+000  -5.567413e+000  -8.048499e+000  -9.858203e+000  -1.040502e+001  -9.618886e+000  -7.987883e+000  -6.597174e+000  -4.969925e+000  -3.164481e+000  -1.601494e+000  -0.000000e+000  -0.000000e+000  
-0.000000e+000  -0.000000e+000  -1.948101e+000  -3.826353e+000  -5.567413e+000  -8.048499e+000  -9.858203e+000  -1.040502e+001  -9.618886e+000  -7.987883e+000  -6.597174e+000  -4.969925e+000  -3.164481e+000  -1.601494e+000  -0.000000e+000  -0.000000e+000  
-0.000000e+000  -0.000000e+000  -0.000000e+000  -0.000000e+000  -0.000000e+000  -0.000000e+000  -0.000000e+000  -0.000000e+000  -0.000000e+000  -0.000000e+000  -0.000000e+000  -0.000000e+000  -0.000000e+000  -0.000000e+000  -0.000000e+000  -0.000000e+000  
-0.000000e+000  -0.000000e+000  -0.000000e+000  -0.000000e+000  -0.000000e+000  -0.000000e+000  -0.000000e+000  -0.000000e+000  -0.000000e+000  -0.000000e+000  -0.000000e+000  -0.000000e+000  -0.000000e+000  -0.000000e+000  -0.000000e+000  -0.000000e+000  

-0.000000e+000  -0.000000e+000  -0.000000e+000  -0.000000e+000  -0.000000e+000  -0.000000e+000  -0.000000e+000  -0.000000e+000  -0.000000e+000  -0.000000e+000  -0.000000e+000  -0.000000e+000  -0.000000e+000  -0.000000e+000  -0.000000e+000  -0.000000e+000  
-0.000000e+000  -0.000000e+000  -0.000000e+000  -0.000000e+000  -0.000000e+000  -0.000000e+000  -0.000000e+000  -0.000000e+000  -0.000000e+000  -0.000000e+000  -0.000000e+000  -0.000000e+000  -0.000000e+000  -0.000000e+000  -0.000000e+000  -0.000000e+000  
-0.000000e+000  -2.050282e-009  -3.248934e-010  1.384329e-009  3.975809e-010  -1.578298e-009  8.118251e-010  1.130816e-009  -9.106471e-010  3.666048e-010  2.806225e-009  -2.433053e-009  -0.000000e+000  3.102383e-010  -0.000000e+000  -0.000000e+000  
-0.000000e+000  1.260449e-009  -1.174033e-009  -1.787362e-009  -2.050378e-010  2.606410e-010  1.199774e-009  -1.859989e-010  1.695137e-009  -1.891507e-009  -6.043913e-010  -5.891949e-010  2.143078e-009  -2.143078e-009  -0.000000e+000  -0.000000e+000  
-0.000000e+000  3.254642e-009  -5.809623e-009  4.970953e-010  9.025519e-010  -4.349461e-010  5.417627e-010  1.822317e-009  -1.777499e-009  1.880285e-010  -2.792168e-009  4.223073e-009  -1.537596e-009  -6.010020e-010  -0.000000e+000  -0.000000e+000  
-0.000000e+000  -1.302329e-009  5.228926e-009  -4.439539e-009  4.505708e-010  -6.495768e-010  7.342764e-010  8.298788e-010  -8.919943e-010  4.812663e-009  -3.876810e-009  -3.684017e-009  7.838063e-009  -4.765460e-009  -0.000000e+000  -0.000000e+000  
-0.000000e+000  6.874386e-010  2.134285e-009  -2.596469e-009  -3.620828e-010  -6.590885e-010  -0.000000e+000  2.209804e-009  -2.332303e-009  4.828199e-010  -1.074681e-009  1.830685e-009  1.035842e-009  -1.244527e-009  -0.000000e+000  -0.000000e+000  
-0.000000e+000  2.636467e-009  -4.563649e-009  -7.509629e-010  3.029841e-009  -1.646095e-009  1.256012e-009  -7.239161e-010  1.728179e-010  -1.483142e-009  3.716218e-010  2.494805e-009  -5.371549e-010  -1.739188e-009  -0.000000e+000  -0.000000e+000  
-0.000000e+000  -0.000000e+000  -0.000000e+000  -0.000000e+000  -0.000000e+000  -0.000000e+000  -0.000000e+000  -0.000000e+000  -0.000000e+000  -0.000000e+000  -0.000000e+000  -0.000000e+000  -0.000000e+000  -0.000000e+000  -0.000000e+000  -0.000000e+000  
-0.000000e+000  -0.000000e+000  -0.000000e+000  -0.000000e+000  -0.000000e+000  -0.000000e+000  -0.000000e+000  -0.000000e+000  -0.000000e+000  -0.000000e+000  -0.000000e+000  -0.000000e+000  -0.000000e+000  -0.000000e+000  -0.000000e+000  -0.000000e+000  

0.000000e+000  0.000000e+000  0.000000e+000  0.000000e+000  0.000000e+000  0.000000e+000  0.000000e+000  0.000000e+000  0.000000e+000  0.000000e+000  0.000000e+000  0.000000e+000  0.000000e+000  0.000000e+000  0.000000e+000  0.000000e+000  
0.000000e+000  0.000000e+000  0.000000e+000  0.000000e+000  0.000000e+000  0.000000e+000  0.000000e+000  0.000000e+000  0.000000e+000  0.000000e+000  0.000000e+000  0.000000e+000  0.000000e+000  0.000000e+000  0.000000e+000  0.000000e+000  
0.000000e+000  0.000000e+000  0.000000e+000  0.000000e+000  0.000000e+000  0.000000e+000  0.000000e+000  0.000000e+000  0.000000e+000  0.000000e+000  0.000000e+000  0.000000e+000  0.000000e+000  0.000000e+000  0.000000e+000  0.000000e+000  
0.000000e+000  0.000000e+000  0.000000e+000  0.000000e+000  0.000000e+000  0.000000e+000  0.000000e+000  0.000000e+000  0.000000e+000  0.000000e+000  0.000000e+000  0.000000e+000  0.000000e+000  0.000000e+000  0.000000e+000  0.000000e+000  
0.000000e+000  0.000000e+000  0.000000e+000  0.000000e+000  0.000000e+000  0.000000e+000  0.000000e+000  0.000000e+000  0.000000e+000  0.000000e+000  0.000000e+000  0.000000e+000  0.000000e+000  0.000000e+000  0.000000e+000  0.000000e+000  
0.000000e+000  0.000000e+000  0.000000e+000  0.000000e+000  0.000000e+000  0.000000e+000  0.000000e+000  0.000000e+000  0.000000e+000  0.000000e+000  0.000000e+000  0.000000e+000  0.000000e+000  0.000000e+000  0.000000e+000  0.000000e+000  
0.000000e+000  0.000000e+000  0.000000e+000  0.000000e+000  0.000000e+000  0.000000e+000  0.000000e+000  0.000000e+000  0.000000e+000  0.000000e+000  0.000000e+000  0.000000e+000  0.000000e+000  0.000000e+000  0.000000e+000  0.000000e+000  
0.000000e+000  0.000000e+000  0.000000e+000  0.000000e+000  0.000000e+000  0.000000e+000  0.000000e+000  0.000000e+000  0.000000e+000  0.000000e+000  0.000000e+000  0.000000e+000  0.000000e+000  0.000000e+000  0.000000e+000  0.000000e+000  
0.000000e+000  0.000000e+000  0.000000e+000  0.000000e+000  0.000000e+000  0.000000e+000  0.000000e+000  0.000000e+000  0.000000e+000  0.000000e+000  0.000000e+000  0.000000e+000  0.000000e+000  0.000000e+000  0.000000e+000  0.000000e+000  
0.000000e+000  0.000000e+000  0.000000e+000  0.000000e+000  0.000000e+000  0.000000e+000  0.000000e+000  0.000000e+000  0.000000e+000  0.000000e+000  0.000000e+000  0.000000e+000  0.000000e+000  0.000000e+000  0.000000e+000  0.000000e+000  

0.000000e+000  0.000000e+000  0.000000e+000  0.000000e+000  0.000000e+000  0.000000e+000  0.000000e+000  0.000000e+000  0.000000e+000  0.000000e+000  0.000000e+000  0.000000e+000  0.000000e+000  0.000000e+000  0.000000e+000  0.000000e+000  
0.000000e+000  0.000000e+000  0.000000e+000  0.000000e+000  0.000000e+000  0.000000e+000  0.000000e+000  0.000000e+000  0.000000e+000  0.000000e+000  0.000000e+000  0.000000e+000  0.000000e+000  0.000000e+000  0.000000e+000  0.000000e+000  
0.000000e+000  0.000000e+000  0.000000e+000  0.000000e+000  0.000000e+000  0.000000e+000  0.000000e+000  0.000000e+000  0.000000e+000  0.000000e+000  0.000000e+000  0.000000e+000  0.000000e+000  0.000000e+000  0.000000e+000  0.000000e+000  
0.000000e+000  0.000000e+000  0.000000e+000  0.000000e+000  0.000000e+000  0.000000e+000  0.000000e+000  0.000000e+000  0.000000e+000  0.000000e+000  0.000000e+000  0.000000e+000  0.000000e+000  0.000000e+000  0.000000e+000  0.000000e+000  
0.000000e+000  0.000000e+000  0.000000e+000  0.000000e+000  0.000000e+000  0.000000e+000  0.000000e+000  0.000000e+000  0.000000e+000  0.000000e+000  0.000000e+000  0.000000e+000  0.000000e+000  0.000000e+000  0.000000e+000  0.000000e+000  
0.000000e+000  0.000000e+000  0.000000e+000  0.000000e+000  0.000000e+000  0.000000e+000  0.000000e+000  0.000000e+000  0.000000e+000  0.000000e+000  0.000000e+000  0.000000e+000  0.000000e+000  0.000000e+000  0.000000e+000  0.000000e+000  
0.000000e+000  0.000000e+000  0.000000e+000  0.000000e+000  0.000000e+000  0.000000e+000  0.000000e+000  0.000000e+000  0.000000e+000  0.000000e+000  0.000000e+000  0.000000e+000  0.000000e+000  0.000000e+000  0.000000e+000  0.000000e+000  
0.000000e+000  0.000000e+000  0.000000e+000  0.000000e+000  0.000000e+000  0.000000e+000  0.000000e+000  0.000000e+000  0.000000e+000  0.000000e+000  0.000000e+000  0.000000e+000  0.000000e+000  0.000000e+000  0.000000e+000  0.000000e+000  
0.000000e+000  0.000000e+000  0.000000e+000  0.000000e+000  0.000000e+000  0.000000e+000  0.000000e+000  0.000000e+000  0.000000e+000  0.000000e+000  0.000000e+000  0.000000e+000  0.000000e+000  0.000000e+000  0.000000e+000  0.000000e+000  
0.000000e+000  0.000000e+000  0.000000e+000  0.000000e+000  0.000000e+000  0.000000e+000  0.000000e+000  0.000000e+000  0.000000e+000  0.000000e+000  0.000000e+000  0.000000e+000  0.000000e+000  0.000000e+000  0.000000e+000  0.000000e+000  

0.000000e+000  0.000000e+000  0.000000e+000  0.000000e+000  0.000000e+000  0.000000e+000  0.000000e+000  0.000000e+000  0.000000e+000  0.000000e+000  0.000000e+000  0.000000e+000  0.000000e+000  0.000000e+000  0.000000e+000  0.000000e+000  
0.000000e+000  0.000000e+000  0.000000e+000  0.000000e+000  0.000000e+000  0.000000e+000  0.000000e+000  0.000000e+000  0.000000e+000  0.000000e+000  0.000000e+000  0.000000e+000  0.000000e+000  0.000000e+000  0.000000e+000  0.000000e+000  
0.000000e+000  0.000000e+000  0.000000e+000  0.000000e+000  0.000000e+000  0.000000e+000  0.000000e+000  0.000000e+000  0.000000e+000  0.000000e+000  0.000000e+000  0.000000e+000  0.000000e+000  0.000000e+000  0.000000e+000  0.000000e+000  
0.000000e+000  0.000000e+000  0.000000e+000  0.000000e+000  0.000000e+000  0.000000e+000  0.000000e+000  0.000000e+000  0.000000e+000  0.000000e+000  0.000000e+000  0.000000e+000  0.000000e+000  0.000000e+000  0.000000e+000  0.000000e+000  
0.000000e+000  0.000000e+000  0.000000e+000  0.000000e+000  0.000000e+000  0.000000e+000  0.000000e+000  0.000000e+000  0.000000e+000  0.000000e+000  0.000000e+000  0.000000e+000  0.000000e+000  0.000000e+000  0.000000e+000  0.000000e+000  
0.000000e+000  0.000000e+000  0.000000e+000  0.000000e+000  0.000000e+000  0.000000e+000  0.000000e+000  0.000000e+000  0.000000e+000  0.000000e+000  0.000000e+000  0.000000e+000  0.000000e+000  0.000000e+000  0.000000e+000  0.000000e+000  
0.000000e+000  0.000000e+000  0.000000e+000  0.000000e+000  0.000000e+000  0.000000e+000  0.000000e+000  0.000000e+000  0.000000e+000  0.000000e+000  0.000000e+000  0.000000e+000  0.000000e+000  0.000000e+000  0.000000e+000  0.000000e+000  
0.000000e+000  0.000000e+000  0.000000e+000  0.000000e+000  0.000000e+000  0.000000e+000  0.000000e+000  0.000000e+000  0.000000e+000  0.000000e+000  0.000000e+000  0.000000e+000  0.000000e+000  0.000000e+000  0.000000e+000  0.000000e+000  
0.000000e+000  0.000000e+000  0.000000e+000  0.000000e+000  0.000000e+000  0.000000e+000  0.000000e+000  0.000000e+000  0.000000e+000  0.000000e+000  0.000000e+000  0.000000e+000  0.000000e+000  0.000000e+000  0.000000e+000  0.000000e+000  
0.000000e+000  0.000000e+000  0.000000e+000  0.000000e+000  0.000000e+000  0.000000e+000  0.000000e+000  0.000000e+000  0.000000e+000  0.000000e+000  0.000000e+000  0.000000e+000  0.000000e+000  0.000000e+000  0.000000e+000  0.000000e+000  

0.000000e+000  0.000000e+000  0.000000e+000  0.000000e+000  0.000000e+000  0.000000e+000  0.000000e+000  0.000000e+000  0.000000e+000  0.000000e+000  0.000000e+000  0.000000e+000  0.000000e+000  0.000000e+000  0.000000e+000  0.000000e+000  
0.000000e+000  1.007246e+001  9.711319e+000  9.001978e+000  7.616790e+000  4.950176e+000  1.495723e+000  -2.150340e+000  -5.263972e+000  -7.190526e+000  -8.413530e+000  -9.334870e+000  -9.868393e+000  -1.011152e+001  0.000000e+000  0.000000e+000  
0.000000e+000  1.007246e+001  9.711319e+000  9.001978e+000  7.616790e+000  4.950176e+000  1.495723e+000  -2.150340e+000  -5.263972e+000  -7.190526e+000  -8.413530e+000  -9.334870e+000  -9.868393e+000  -1.011152e+001  0.000000e+000  0.000000e+000  
0.000000e+000  1.007246e+001  9.711319e+000  9.001978e+000  7.616790e+000  4.950176e+000  1.495723e+000  -2.150340e+000  -5.263972e+000  -7.190526e+000  -8.413530e+000  -9.334870e+000  -9.868393e+000  -1.011152e+001  0.000000e+000  0.000000e+000  
0.000000e+000  1.007246e+001  9.711319e+000  9.001978e+000  7.616790e+000  4.950176e+000  1.495723e+000  -2.150340e+000  -5.263972e+000  -7.190526e+000  -8.413530e+000  -9.334870e+000  -9.868393e+000  -1.011152e+001  0.000000e+000  0.000000e+000  
0.000000e+000  1.007246e+001  9.711319e+000  9.001978e+000  7.616790e+000  4.950176e+000  1.495723e+000  -2.150340e+000  -5.263972e+000  -7.190526e+000  -8.413530e+000  -9.334870e+000  -9.868393e+000  -1.011152e+001  0.000000e+000  0.000000e+000  
0.000000e+000  1.007246e+001  9.711319e+000  9.001978e+000  7.616790e+000  4.950176e+000  1.495723e+000  -2.150340e+000  -5.263972e+000  -7.190526e+000  -8.413530e+000  -9.334870e+000  -9.868393e+000  -1.011152e+001  0.000000e+000  0.000000e+000  
0.000000e+000  1.007246e+001  9.711319e+000  9.001978e+000  7.616790e+000  4.950176e+000  1.495723e+000  -2.150340e+000  -5.263972e+000  -7.190526e+000  -8.413530e+000  -9.334870e+000  -9.868393e+000  -1.011152e+001  0.000000e+000  0.000000e+000  
0.000000e+000  0.000000e+000  0.000000e+000  0.000000e+000  0.000000e+000  0.000000e+000  0.000000e+000  0.000000e+000  0.000000e+000  0.000000e+000  0.000000e+000  0.000000e+000  0.000000e+000  0.000000e+000  0.000000e+000  0.000000e+000  
0.000000e+000  0.000000e+000  0.000000e+000  0.000000e+000  0.000000e+000  0.000000e+000  0.000000e+000  0.000000e+000  0.000000e+000  0.000000e+000  0.000000e+000  0.000000e+000  0.000000e+000  0.000000e+000  0.000000e+000  0.000000e+000  

