2025-06-23 14:56:06   Build version: 2024.0 Release from 2023-09-01 (change 1164796)

2025-06-23 14:56:06   Starting adaptive port meshing.

                      ------------------------------------------------------------------------------
2025-06-23 14:56:06   Mode calculation for port 1:

                      ------------------------------------------------------------------------------
2025-06-23 14:56:07   

                      ------------------------------------------------------------------------------
2025-06-23 14:56:07   

                      ------------------------------------------------------------------------------
2025-06-23 14:56:09   *** Warning ***

2025-06-23 14:56:09   The Standard (legacy) port mode solver is not supported anymore. Please consider switching to the Generalized port mode 
                      solver instead. More...

                      ------------------------------------------------------------------------------
2025-06-23 14:56:10     -------------------------------- F-Calc 24 ---------------------------------
                        Port   Mode   Type        Z-Wave        Z-Wave-Sigma  Z-Line        F-Cutoff
                        1      1      TE          529           1.11e-005     ---           16.85
                        ----------------------------------------------------------------------------

2025-06-23 14:56:10   Pass 1 successfully completed. 
2025-06-23 14:56:10   Adaptive port meshing finished. 

                      ------------------------------------------------------------------------------
2025-06-23 14:56:10   *** Warning ***

                      This software is licensed for non-commercial use only.

                      ------------------------------------------------------------------------------
2025-06-23 14:56:11   
                      Solver started at: 2025-06-23 14:56:11 +0200

                        Module:  Time Domain: S-Parameter (Linux 64)
                        Version: 2024.0 Release from 2023-09-01 (change 1164796)

2025-06-23 14:56:11   

                      ------------------------------------------------------------------------------
2025-06-23 14:56:11   

                      ------------------------------------------------------------------------------
2025-06-23 14:56:11   ======================================================================
                       Solver cycle: 1
                      ======================================================================

                      Stimulation at port 1 (mode 1) 



                      ------------------------------------------------------------------------------
2025-06-23 14:56:11   Units settings: 

                        Dimensions: mm
                        Frequency:  GHz
                        Time:       ns

                      ------------------------------------------------------------------------------
2025-06-23 14:56:11   The dispersive material update will be performed using the "Standard" update schema

                      ------------------------------------------------------------------------------
2025-06-23 14:56:54   Mesh statistics:

                         Hexahedral mesh type: Perfect Boundary Approximation (PBA)
                            Version: legacy

                         Parallelization type: domain decomposition
                            Number of parallel working threads: 6
                            Number of calculation domains used: 8

                         Used point accuracy enhancement value: 62.00%.
                         Acceleration mode: CPU
                         PBA fill limit: 93.77% (inverse)

                         *** Warning ***  The matrix computation uses legacy PBA settings. These settings will become obsolete in future versions.

                         *** Warning ***  To use the default PBA settings please consider pressing the "Default" button in the "Discretizer" tab of the "Special Mesh Properties" dialog box. 


2025-06-23 14:56:58   *** Warning ***

2025-06-23 14:56:58   The Standard (legacy) port mode solver is not supported anymore. Please consider switching to the Generalized port mode 
                      solver instead. More...

                      ------------------------------------------------------------------------------
2025-06-23 14:56:58   Boundary conditions: 

                        YZsymmetry: none
                        XZsymmetry: none
                        XYsymmetry: none

                        Xmin: expanded open, 4 Layer, depth 3.48186 mm
                        Xmax: expanded open, 4 Layer, depth 3.48186 mm

                        Ymin: expanded open, 4 Layer, depth 4.16378 mm
                        Ymax: expanded open, 4 Layer, depth 3.46401 mm

                        Zmin: expanded open, 4 Layer, depth 3.48186 mm
                        Zmax: expanded open, 4 Layer, depth 3.48186 mm

                        PML-Type: Convolution PML

                      ------------------------------------------------------------------------------
2025-06-23 14:56:58   Frequency settings: 

                        Fmin:         21.6
                        Fmax:         26.4
                        Nfsteps(lin): 1001

                      ------------------------------------------------------------------------------
2025-06-23 14:56:59   Field update statistics:

                        Number of components in total: 	2173093
                        Number of TST and special elements:	342
                        Number of lossy metal components:	122087

                      Subcycling state:      			Automatically deactivated

                      ------------------------------------------------------------------------------
2025-06-23 14:56:59   Waveguide boundaries:

2025-06-23 14:56:59   Port: 1

2025-06-23 14:56:59     -------------------------------- F-Calc 24 ---------------------------------
                        Port   Mode   Type        Z-Wave        Z-Wave-Sigma  Z-Line        F-Cutoff
                        1      1      TE          529           1.11e-005     ---           16.85
                        ----------------------------------------------------------------------------

2025-06-23 15:27:43   
                      --------------------------------------------------------------------------------
2025-06-23 15:27:43   Steady state energy criterion met, solver finished successfully.

                      ------------------------------------------------------------------------------
2025-06-23 15:27:43   Frequency domain results normalized to default signal.


                      ------------------------------------------------------------------------------
2025-06-23 15:27:43   
                        ----------------------------------------------------------------------------
                                            Peak memory used (kB)         Free physical memory (kB) 
                                                                          At begin     Minimum      
                        ----------------------------------------------------------------------------
                        CAD preparation     88912                         9802083      9794422      
                        Matrices calc.      571909                        20997070     9333007      
                        Solver run total    389716                        9814374      9174751      
                        ----------------------------------------------------------------------------

                      --------------------------------------------------------------------------------
                      Solver Statistics:

                        Hardware:
                           Computer name:                 	FYNN-LinuxLaptop 

                           Number of CPU threads:               8
                           Hardware info:                  	Hardware Accelerator Device not activated

                        Number of mesh cells:             	345800
                        Excitation duration:              	1.48106198e+000 ns 
                        Calculation time for excitation:  	0 	s
                        Number of calculated pulse widths:	5.35138 
                        Steady state accuracy limit:      	-30	dB 
                        Simulated number of time steps:   	67098 
                        Maximum number of time steps:     	250769 
                        Time step width:
                           without subcycles:             	1.181216076e-004 ns
                           used:                          	1.181216076e-004 ns

                        CAD preparation time:             	3      	s
                        Matrix calculation time:          	40 	s
                        Solver setup time:                	5 	s
                        Solver loop time:                 	1841 	s
                        Solver post-processing time:      	0 	s
                                                          	------------
                        Total solver time:                	1889 	s  ( = 0 h, 31 m, 29 s )

                      ------------------------------------------------------------------------------
2025-06-23 15:27:43   
                        Adaptive port meshing time:          	10     	s
                        Total solver time (all cycles):      	1758   	s  ( = 0 h, 29 m, 18 s )
                        Pause time:                          	131    	s  ( = 0 h, 2 m, 11 s )
                        Solver initialization and clean-up:  	3      	s
                                                             	------------
                        Total simulation time:               	1902   	s  ( = 0 h, 31 m, 42 s )

                      ------------------------------------------------------------------------------
2025-06-23 15:27:43   Solver finished at: 2025-06-23 15:27:43 +0200



                      ------------------------------------------------------------------------------
2025-06-23 15:27:48   Creating parametric 1D results for Run ID 1

                      ------------------------------------------------------------------------------
2025-06-25 18:17:10   *** Warning ***

                      The monitor surface-current (f=24) is not supported and will be ignored. Please
                      define an 'H-Field and Surface current monitor' instead.

                      ------------------------------------------------------------------------------
2025-06-25 18:17:10   Line impedance adaptation results found. Adaptive port meshing skipped.

                      ------------------------------------------------------------------------------
2025-06-25 18:17:10   *** Warning ***

                      This software is licensed for non-commercial use only.

                      ------------------------------------------------------------------------------
2025-06-25 18:17:10   
                      Solver started at: 2025-06-25 18:17:10 +0200

                        Module:  Time Domain: S-Parameter (Linux 64)
                        Version: 2024.0 Release from 2023-09-01 (change 1164796)

2025-06-25 18:17:10   

                      ------------------------------------------------------------------------------
2025-06-25 18:17:10   

                      ------------------------------------------------------------------------------
2025-06-25 18:17:10   ======================================================================
                       Solver cycle: 1
                      ======================================================================

                      Stimulation at port 1 (mode 1) 



                      ------------------------------------------------------------------------------
2025-06-25 18:17:10   Units settings: 

                        Dimensions: mm
                        Frequency:  GHz
                        Time:       ns

                      ------------------------------------------------------------------------------
2025-06-25 18:17:10   The dispersive material update will be performed using the "Standard" update schema

                      ------------------------------------------------------------------------------
2025-06-25 18:17:12   *** Warning ***

2025-06-25 18:17:12   The Standard (legacy) port mode solver is not supported anymore. Please consider switching to the Generalized port mode 
                      solver instead. More...

                      ------------------------------------------------------------------------------
2025-06-25 18:17:12   Boundary conditions: 

                        YZsymmetry: none
                        XZsymmetry: none
                        XYsymmetry: none

                        Xmin: expanded open, 4 Layer, depth 3.48186 mm
                        Xmax: expanded open, 4 Layer, depth 3.48186 mm

                        Ymin: expanded open, 4 Layer, depth 4.16378 mm
                        Ymax: expanded open, 4 Layer, depth 3.46401 mm

                        Zmin: expanded open, 4 Layer, depth 3.48186 mm
                        Zmax: expanded open, 4 Layer, depth 3.48186 mm

                        PML-Type: Convolution PML

                      ------------------------------------------------------------------------------
2025-06-25 18:17:12   Frequency settings: 

                        Fmin:         21.6
                        Fmax:         26.4
                        Nfsteps(lin): 1001

                      ------------------------------------------------------------------------------
2025-06-25 18:17:12   Field update statistics:

                        Number of components in total: 	2173093
                        Number of TST and special elements:	342
                        Number of lossy metal components:	122087

                      Subcycling state:      			Automatically deactivated

                      ------------------------------------------------------------------------------
2025-06-25 18:17:12   Waveguide boundaries:

2025-06-25 18:17:12   Port: 1

2025-06-25 18:17:12   Reloaded mode(s) for port 1.

                      ------------------------------------------------------------------------------
2025-06-25 18:17:54   
                      --------------------------------------------------------------------------------
2025-06-25 18:17:54   *** Warning ***

2025-06-25 18:17:54   Solver run aborted by user (discarding results).

                      ------------------------------------------------------------------------------
2025-06-25 18:17:54   Frequency domain results normalized to default signal.


                      ------------------------------------------------------------------------------
2025-06-25 18:17:54   
                        ----------------------------------------------------------------------------
                                            Peak memory used (kB)         Free physical memory (kB) 
                                                                          At begin     Minimum      
                        ----------------------------------------------------------------------------
                        CAD preparation     88912                         9802083      9794422      
                        Matrices calc.      571909                        20997070     9333007      
                        Solver run total    315488                        10139281     9942055      
                        ----------------------------------------------------------------------------

                      --------------------------------------------------------------------------------
                      Solver Statistics:

                        Hardware:
                           Computer name:                 	FYNN-LinuxLaptop 

                           Number of CPU threads:               8
                           Hardware info:                  	Hardware Accelerator Device not activated

                        Number of mesh cells:             	345800
                        Excitation duration:              	1.48106198e+000 ns 
                        Calculation time for excitation:  	0 	s
                        Number of calculated pulse widths:	0.219006 
                        Steady state accuracy limit:      	-30	dB 
                        Simulated number of time steps:   	2746 
                        Maximum number of time steps:     	250769 
                        Time step width:
                           without subcycles:             	1.181216076e-004 ns
                           used:                          	1.181216076e-004 ns

                        Reloading matrices:               	0 	s
                        Solver setup time:                	2 	s
                        Solver loop time:                 	40 	s
                        Solver post-processing time:      	0 	s
                                                          	------------
                        Total solver time:                	42 	s

                      ------------------------------------------------------------------------------
2025-06-25 18:17:54   
                        Total solver time (all cycles):      	38     	s
                        Pause time:                          	4      	s
                        Solver initialization and clean-up:  	2      	s
                                                             	------------
                        Total simulation time:               	44     	s

                      ------------------------------------------------------------------------------
2025-06-25 18:17:54   Solver finished at: 2025-06-25 18:17:54 +0200



                      ------------------------------------------------------------------------------
2025-06-25 18:18:11   *** Warning ***

                      The monitor surface-current (f=24) is not supported and will be ignored. Please
                      define an 'H-Field and Surface current monitor' instead.

                      ------------------------------------------------------------------------------
2025-06-25 18:18:11   Line impedance adaptation results found. Adaptive port meshing skipped.

                      ------------------------------------------------------------------------------
2025-06-25 18:18:11   *** Warning ***

                      This software is licensed for non-commercial use only.

                      ------------------------------------------------------------------------------
2025-06-25 18:18:11   
                      Solver started at: 2025-06-25 18:18:11 +0200

                        Module:  Time Domain: S-Parameter (Linux 64)
                        Version: 2024.0 Release from 2023-09-01 (change 1164796)

2025-06-25 18:18:11   

                      ------------------------------------------------------------------------------
2025-06-25 18:18:11   

                      ------------------------------------------------------------------------------
2025-06-25 18:18:11   ======================================================================
                       Solver cycle: 1
                      ======================================================================

                      Stimulation at port 1 (mode 1) 



                      ------------------------------------------------------------------------------
2025-06-25 18:18:11   Units settings: 

                        Dimensions: mm
                        Frequency:  GHz
                        Time:       ns

                      ------------------------------------------------------------------------------
2025-06-25 18:18:11   The dispersive material update will be performed using the "Standard" update schema

                      ------------------------------------------------------------------------------
2025-06-25 18:18:13   *** Warning ***

2025-06-25 18:18:13   The Standard (legacy) port mode solver is not supported anymore. Please consider switching to the Generalized port mode 
                      solver instead. More...

                      ------------------------------------------------------------------------------
2025-06-25 18:18:13   Boundary conditions: 

                        YZsymmetry: none
                        XZsymmetry: none
                        XYsymmetry: none

                        Xmin: expanded open, 4 Layer, depth 3.48186 mm
                        Xmax: expanded open, 4 Layer, depth 3.48186 mm

                        Ymin: expanded open, 4 Layer, depth 4.16378 mm
                        Ymax: expanded open, 4 Layer, depth 3.46401 mm

                        Zmin: expanded open, 4 Layer, depth 3.48186 mm
                        Zmax: expanded open, 4 Layer, depth 3.48186 mm

                        PML-Type: Convolution PML

                      ------------------------------------------------------------------------------
2025-06-25 18:18:13   Frequency settings: 

                        Fmin:         21.6
                        Fmax:         26.4
                        Nfsteps(lin): 1001

                      ------------------------------------------------------------------------------
2025-06-25 18:18:13   Field update statistics:

                        Number of components in total: 	2173093
                        Number of TST and special elements:	342
                        Number of lossy metal components:	122087

                      Subcycling state:      			Automatically deactivated

                      ------------------------------------------------------------------------------
2025-06-25 18:18:13   Waveguide boundaries:

2025-06-25 18:18:13   Port: 1

2025-06-25 18:18:13   Reloaded mode(s) for port 1.

                      ------------------------------------------------------------------------------
2025-06-25 18:33:26   
                      --------------------------------------------------------------------------------
2025-06-25 18:33:26   Steady state energy criterion met, solver finished successfully.

                      ------------------------------------------------------------------------------
2025-06-25 18:33:26   Frequency domain results normalized to default signal.


                      ------------------------------------------------------------------------------
2025-06-25 18:33:26   
                        ----------------------------------------------------------------------------
                                            Peak memory used (kB)         Free physical memory (kB) 
                                                                          At begin     Minimum      
                        ----------------------------------------------------------------------------
                        CAD preparation     88912                         9802083      9794422      
                        Matrices calc.      571909                        20997070     9333007      
                        Solver run total    320560                        10124906     9878313      
                        ----------------------------------------------------------------------------

                      --------------------------------------------------------------------------------
                      Solver Statistics:

                        Hardware:
                           Computer name:                 	FYNN-LinuxLaptop 

                           Number of CPU threads:               8
                           Hardware info:                  	Hardware Accelerator Device not activated

                        Number of mesh cells:             	345800
                        Excitation duration:              	1.48106198e+000 ns 
                        Calculation time for excitation:  	0 	s
                        Number of calculated pulse widths:	5.35138 
                        Steady state accuracy limit:      	-30	dB 
                        Simulated number of time steps:   	67098 
                        Maximum number of time steps:     	250769 
                        Time step width:
                           without subcycles:             	1.181216076e-004 ns
                           used:                          	1.181216076e-004 ns

                        Reloading matrices:               	0 	s
                        Solver setup time:                	2 	s
                        Solver loop time:                 	911 	s
                        Solver post-processing time:      	0 	s
                                                          	------------
                        Total solver time:                	913 	s  ( = 0 h, 15 m, 13 s )

                      ------------------------------------------------------------------------------
2025-06-25 18:33:26   
                        Total solver time (all cycles):      	913    	s  ( = 0 h, 15 m, 13 s )
                        Solver initialization and clean-up:  	2      	s
                                                             	------------
                        Total simulation time:               	915    	s  ( = 0 h, 15 m, 15 s )

                      ------------------------------------------------------------------------------
2025-06-25 18:33:26   Solver finished at: 2025-06-25 18:33:26 +0200



                      ------------------------------------------------------------------------------
2025-06-25 18:33:32   Creating parametric 1D results for Run ID 1

                      ------------------------------------------------------------------------------
2025-06-25 18:41:30   Line impedance adaptation results found. Adaptive port meshing skipped.

                      ------------------------------------------------------------------------------
2025-06-25 18:41:30   *** Warning ***

                      This software is licensed for non-commercial use only.

                      ------------------------------------------------------------------------------
2025-06-25 18:41:30   
                      Solver started at: 2025-06-25 18:41:30 +0200

                        Module:  Time Domain: S-Parameter (Linux 64)
                        Version: 2024.0 Release from 2023-09-01 (change 1164796)

2025-06-25 18:41:30   

                      ------------------------------------------------------------------------------
2025-06-25 18:41:30   

                      ------------------------------------------------------------------------------
2025-06-25 18:41:30   ======================================================================
                       Solver cycle: 1
                      ======================================================================

                      Stimulation at port 1 (mode 1) 



                      ------------------------------------------------------------------------------
2025-06-25 18:41:30   Units settings: 

                        Dimensions: mm
                        Frequency:  GHz
                        Time:       ns

                      ------------------------------------------------------------------------------
2025-06-25 18:41:30   The dispersive material update will be performed using the "Standard" update schema

                      ------------------------------------------------------------------------------
2025-06-25 18:41:32   *** Warning ***

2025-06-25 18:41:32   The Standard (legacy) port mode solver is not supported anymore. Please consider switching to the Generalized port mode 
                      solver instead. More...

                      ------------------------------------------------------------------------------
2025-06-25 18:41:32   Boundary conditions: 

                        YZsymmetry: none
                        XZsymmetry: none
                        XYsymmetry: none

                        Xmin: expanded open, 4 Layer, depth 3.48186 mm
                        Xmax: expanded open, 4 Layer, depth 3.48186 mm

                        Ymin: expanded open, 4 Layer, depth 4.16378 mm
                        Ymax: expanded open, 4 Layer, depth 3.46401 mm

                        Zmin: expanded open, 4 Layer, depth 3.48186 mm
                        Zmax: expanded open, 4 Layer, depth 3.48186 mm

                        PML-Type: Convolution PML

                      ------------------------------------------------------------------------------
2025-06-25 18:41:32   Frequency settings: 

                        Fmin:         21.6
                        Fmax:         26.4
                        Nfsteps(lin): 1001

                      ------------------------------------------------------------------------------
2025-06-25 18:41:32   Field update statistics:

                        Number of components in total: 	2173093
                        Number of TST and special elements:	342
                        Number of lossy metal components:	122087

                      Subcycling state:      			Automatically deactivated

                      ------------------------------------------------------------------------------
2025-06-25 18:41:32   Waveguide boundaries:

2025-06-25 18:41:32   Port: 1

2025-06-25 18:41:32   Reloaded mode(s) for port 1.

                      ------------------------------------------------------------------------------
2025-06-25 19:02:49   
                      --------------------------------------------------------------------------------
2025-06-25 19:02:49   Steady state energy criterion met, solver finished successfully.

                      ------------------------------------------------------------------------------
2025-06-25 19:02:49   Frequency domain results normalized to default signal.


                      ------------------------------------------------------------------------------
2025-06-25 19:02:49   
                        ----------------------------------------------------------------------------
                                            Peak memory used (kB)         Free physical memory (kB) 
                                                                          At begin     Minimum      
                        ----------------------------------------------------------------------------
                        CAD preparation     88912                         9802083      9794422      
                        Matrices calc.      571909                        20997070     9333007      
                        Solver run total    314756                        10090598     8898908      
                        ----------------------------------------------------------------------------

                      --------------------------------------------------------------------------------
                      Solver Statistics:

                        Hardware:
                           Computer name:                 	FYNN-LinuxLaptop 

                           Number of CPU threads:               8
                           Hardware info:                  	Hardware Accelerator Device not activated

                        Number of mesh cells:             	345800
                        Excitation duration:              	1.48106198e+000 ns 
                        Calculation time for excitation:  	0 	s
                        Number of calculated pulse widths:	5.35138 
                        Steady state accuracy limit:      	-30	dB 
                        Simulated number of time steps:   	67098 
                        Maximum number of time steps:     	250769 
                        Time step width:
                           without subcycles:             	1.181216076e-004 ns
                           used:                          	1.181216076e-004 ns

                        Reloading matrices:               	0 	s
                        Solver setup time:                	2 	s
                        Solver loop time:                 	1275 	s
                        Solver post-processing time:      	1 	s
                                                          	------------
                        Total solver time:                	1278 	s  ( = 0 h, 21 m, 18 s )

                      ------------------------------------------------------------------------------
2025-06-25 19:02:49   
                        Total solver time (all cycles):      	1268   	s  ( = 0 h, 21 m, 8 s )
                        Pause time:                          	10     	s
                        Solver initialization and clean-up:  	1      	s
                                                             	------------
                        Total simulation time:               	1279   	s  ( = 0 h, 21 m, 19 s )

                      ------------------------------------------------------------------------------
2025-06-25 19:02:49   Solver finished at: 2025-06-25 19:02:49 +0200



                      ------------------------------------------------------------------------------
2025-06-25 19:02:52   *** Error ***

                      Template based post-processing result "GainPhi0":
                      Error in calling "Evaluate1D" function ((9999) No calculated Farfield Result
                      with correct excitation string found.(Line:1660))

                      ------------------------------------------------------------------------------
2025-06-25 19:02:52   *** Error ***

                      Template based post-processing result "e-field (f=24,z=4.9605942990365) (1)_Abs
                      (X)":
                      Error in calling "Evaluate1D" function ((9999) Could not find result '2D/3D
                      Results\E-Field\e-field (f=24;z=4.9605942990365) [1]'. Please check your
                      settings.(Line:1846))

                      ------------------------------------------------------------------------------
2025-06-25 19:02:54   Creating parametric 1D results for Run ID 1

                      ------------------------------------------------------------------------------
2025-06-26 14:13:50   Defined reference frequency for open boundary condition (24 GHz) is larger than
                      the lowest relevant system frequency (monitor at 20 GHz).
                      Please check the Settings for PML Boundary (Simulation > Settings > Boundary
                      Conditions > Open Boundary) to ensure accurate monitor results for the lowest
                      frequency of interest. More...

                      ------------------------------------------------------------------------------
2025-06-26 14:13:50   *** Warning ***

                      The monitor farfield (f=20) is outside the simulation frequency range and will
                      be ignored.

                      ------------------------------------------------------------------------------
2025-06-26 14:13:50   *** Warning ***

                      The monitor farfield (f=20.5) is outside the simulation frequency range and
                      will be ignored.

                      ------------------------------------------------------------------------------
2025-06-26 14:13:50   *** Warning ***

                      The monitor farfield (f=21) is outside the simulation frequency range and will
                      be ignored.

                      ------------------------------------------------------------------------------
2025-06-26 14:13:50   *** Warning ***

                      The monitor farfield (f=21.5) is outside the simulation frequency range and
                      will be ignored.

                      ------------------------------------------------------------------------------
2025-06-26 14:13:50   *** Warning ***

                      The monitor farfield (f=26.5) is outside the simulation frequency range and
                      will be ignored.

                      ------------------------------------------------------------------------------
2025-06-26 14:13:50   *** Warning ***

                      The monitor farfield (f=27) is outside the simulation frequency range and will
                      be ignored.

                      ------------------------------------------------------------------------------
2025-06-26 14:13:50   *** Warning ***

                      The monitor farfield (f=27.5) is outside the simulation frequency range and
                      will be ignored.

                      ------------------------------------------------------------------------------
2025-06-26 14:13:50   *** Warning ***

                      The monitor farfield (f=28) is outside the simulation frequency range and will
                      be ignored.

                      ------------------------------------------------------------------------------
2025-06-26 14:13:50   Line impedance adaptation results found. Adaptive port meshing skipped.

                      ------------------------------------------------------------------------------
2025-06-26 14:13:50   *** Warning ***

                      This software is licensed for non-commercial use only.

                      ------------------------------------------------------------------------------
2025-06-26 14:13:50   
                      Solver started at: 2025-06-26 14:13:50 +0200

                        Module:  Time Domain: S-Parameter (Linux 64)
                        Version: 2024.0 Release from 2023-09-01 (change 1164796)

2025-06-26 14:13:50   

                      ------------------------------------------------------------------------------
2025-06-26 14:13:50   

                      ------------------------------------------------------------------------------
2025-06-26 14:13:50   ======================================================================
                       Solver cycle: 1
                      ======================================================================

                      Stimulation at port 1 (mode 1) 



                      ------------------------------------------------------------------------------
2025-06-26 14:13:50   Units settings: 

                        Dimensions: mm
                        Frequency:  GHz
                        Time:       ns

                      ------------------------------------------------------------------------------
2025-06-26 14:13:50   The dispersive material update will be performed using the "Standard" update schema

                      ------------------------------------------------------------------------------
2025-06-26 14:13:52   *** Warning ***

2025-06-26 14:13:52   The Standard (legacy) port mode solver is not supported anymore. Please consider switching to the Generalized port mode 
                      solver instead. More...

                      ------------------------------------------------------------------------------
2025-06-26 14:13:52   Boundary conditions: 

                        YZsymmetry: none
                        XZsymmetry: none
                        XYsymmetry: none

                        Xmin: expanded open, 4 Layer, depth 3.48186 mm
                        Xmax: expanded open, 4 Layer, depth 3.48186 mm

                        Ymin: expanded open, 4 Layer, depth 4.16378 mm
                        Ymax: expanded open, 4 Layer, depth 3.46401 mm

                        Zmin: expanded open, 4 Layer, depth 3.48186 mm
                        Zmax: expanded open, 4 Layer, depth 3.48186 mm

                        PML-Type: Convolution PML

                      ------------------------------------------------------------------------------
2025-06-26 14:13:52   Frequency settings: 

                        Fmin:         21.6
                        Fmax:         26.4
                        Nfsteps(lin): 1001

                      ------------------------------------------------------------------------------
2025-06-26 14:13:53   Field update statistics:

                        Number of components in total: 	2173093
                        Number of TST and special elements:	342
                        Number of lossy metal components:	122087

                      Subcycling state:      			Automatically deactivated

                      ------------------------------------------------------------------------------
2025-06-26 14:13:53   Waveguide boundaries:

2025-06-26 14:13:53   Port: 1

2025-06-26 14:13:53   Reloaded mode(s) for port 1.

                      ------------------------------------------------------------------------------
2025-06-26 14:20:46   
                      --------------------------------------------------------------------------------
2025-06-26 14:20:46   *** Warning ***

2025-06-26 14:20:46   Solver run aborted by user (keeping results).

                      ------------------------------------------------------------------------------
2025-06-26 14:20:46   Frequency domain results normalized to default signal.


                      ------------------------------------------------------------------------------
2025-06-26 14:20:46   
                        ----------------------------------------------------------------------------
                                            Peak memory used (kB)         Free physical memory (kB) 
                                                                          At begin     Minimum      
                        ----------------------------------------------------------------------------
                        CAD preparation     88912                         9802083      9794422      
                        Matrices calc.      571909                        20997070     9333007      
                        Solver run total    345028                        10870966     10404658     
                        ----------------------------------------------------------------------------

                      --------------------------------------------------------------------------------
                      Solver Statistics:

                        Hardware:
                           Computer name:                 	FYNN-LinuxLaptop 

                           Number of CPU threads:               8
                           Hardware info:                  	Hardware Accelerator Device not activated

                        Number of mesh cells:             	345800
                        Excitation duration:              	1.48106198e+000 ns 
                        Calculation time for excitation:  	0 	s
                        Number of calculated pulse widths:	2.41816 
                        Steady state accuracy limit:      	-30	dB 
                        Simulated number of time steps:   	30320 
                        Maximum number of time steps:     	250769 
                        Time step width:
                           without subcycles:             	1.181216076e-004 ns
                           used:                          	1.181216076e-004 ns

                        Reloading matrices:               	0 	s
                        Solver setup time:                	2 	s
                        Solver loop time:                 	412 	s
                        Solver post-processing time:      	0 	s
                                                          	------------
                        Total solver time:                	414 	s  ( = 0 h, 6 m, 54 s )

                      ------------------------------------------------------------------------------
2025-06-26 14:20:47   
                        Total solver time (all cycles):      	411    	s  ( = 0 h, 6 m, 51 s )
                        Pause time:                          	3      	s
                        Solver initialization and clean-up:  	3      	s
                                                             	------------
                        Total simulation time:               	417    	s  ( = 0 h, 6 m, 57 s )

                      ------------------------------------------------------------------------------
2025-06-26 14:20:47   Solver finished at: 2025-06-26 14:20:47 +0200



                      ------------------------------------------------------------------------------
2025-06-26 14:20:55   *** Error ***

                      Template based post-processing result "GainPhi0":
                      Error in calling "Evaluate1D" function ((9999) No calculated Farfield Result
                      with correct excitation string found.(Line:1660))

                      ------------------------------------------------------------------------------
2025-06-26 14:20:56   *** Error ***

                      Template based post-processing result "e-field (f=24,z=4.9605942990365) (1)_Abs
                      (X)":
                      Error in calling "Evaluate1D" function ((9999) Could not find result '2D/3D
                      Results\E-Field\e-field (f=24;z=4.9605942990365) [1]'. Please check your
                      settings.(Line:1846))

                      ------------------------------------------------------------------------------
2025-06-26 14:20:57   Creating parametric 1D results for Run ID 1

                      ------------------------------------------------------------------------------
