2025-06-27 11:48:31   Build version: 2024.5 Release from 2024-06-14 (change 1285309)

2025-06-27 11:48:31   Starting adaptive port meshing.

                      ------------------------------------------------------------------------------
2025-06-27 11:48:31   Mode calculation for port 1:

                      ------------------------------------------------------------------------------
2025-06-27 11:48:31   

                      ------------------------------------------------------------------------------
2025-06-27 11:48:31   

                      ------------------------------------------------------------------------------
2025-06-27 11:48:32   *** Warning ***

2025-06-27 11:48:32   The Standard (legacy) port mode solver is not supported anymore. Please consider switching to the Generalized port mode 
                      solver instead. More...

                      ------------------------------------------------------------------------------
2025-06-27 11:48:33     -------------------------------- F-Calc 24 ---------------------------------
                        Port   Mode   Type        Z-Wave        Z-Wave-Sigma  Z-Line        F-Cutoff
                        1      1      TE          529           8.67e-006     ---           16.85
                        ----------------------------------------------------------------------------

2025-06-27 11:48:33   Pass 1 successfully completed. 
2025-06-27 11:48:33   Adaptive port meshing finished. 

                      ------------------------------------------------------------------------------
2025-06-27 11:48:34   *** Warning ***

                      This software is licensed for non-commercial use only.

                      ------------------------------------------------------------------------------
2025-06-27 11:48:34   
                      Solver started at: 2025-06-27 11:48:34 +0200

                        Module:  Time Domain: S-Parameter (Win 64)
                        Version: 2024.5 Release from 2024-06-14 (change 1285309)

2025-06-27 11:48:34   

                      ------------------------------------------------------------------------------
2025-06-27 11:48:34   

                      ------------------------------------------------------------------------------
2025-06-27 11:48:34   ======================================================================
                       Solver cycle: 1
                      ======================================================================

                      Stimulation at port 1 (mode 1) 



                      ------------------------------------------------------------------------------
2025-06-27 11:48:34   Units settings: 

                        Dimensions: mm
                        Frequency:  GHz
                        Time:       ns

                      ------------------------------------------------------------------------------
2025-06-27 11:48:34   The dispersive material update will be performed using the "Standard" update schema

                      ------------------------------------------------------------------------------
2025-06-27 11:48:58   Mesh statistics:

                         Hexahedral mesh type: Perfect Boundary Approximation (PBA)
                            Version: legacy

                         Parallelization type: domain decomposition
                            Number of parallel working threads: 4
                            Number of calculation domains used: 8

                         Used point accuracy enhancement value: 62.00%.
                         Acceleration mode: CPU
                         PBA fill limit: 93.77% (inverse)

                         *** Warning ***  The matrix computation uses legacy PBA settings. These settings will become obsolete in future versions.

                         *** Warning ***  To use the default PBA settings please consider pressing the "Default" button in the "Discretizer" tab of the "Special Mesh Properties" dialog box. 


2025-06-27 11:49:00   *** Warning ***

2025-06-27 11:49:00   The Standard (legacy) port mode solver is not supported anymore. Please consider switching to the Generalized port mode 
                      solver instead. More...

                      ------------------------------------------------------------------------------
2025-06-27 11:49:00   Boundary conditions: 

                        YZsymmetry: none
                        XZsymmetry: none
                        XYsymmetry: none

                        Xmin: expanded open, 4 Layer, depth 3.48186 mm
                        Xmax: expanded open, 4 Layer, depth 3.48186 mm

                        Ymin: expanded open, 4 Layer, depth 4.16378 mm
                        Ymax: expanded open, 4 Layer, depth 3.46401 mm

                        Zmin: expanded open, 4 Layer, depth 3.48186 mm
                        Zmax: expanded open, 4 Layer, depth 3.48186 mm

                        PML-Type: Convolution PML

                      ------------------------------------------------------------------------------
2025-06-27 11:49:00   Frequency settings: 

                        Fmin:         21.6
                        Fmax:         26.4
                        Nfsteps(lin): 1001

                      ------------------------------------------------------------------------------
2025-06-27 11:49:01   Field update statistics:

                        Number of components in total: 	2158178
                        Number of TST and special elements:	342
                        Number of lossy metal components:	121486

                      Subcycling state:      			Automatically deactivated

                      ------------------------------------------------------------------------------
2025-06-27 11:49:01   Waveguide boundaries:

2025-06-27 11:49:01   Port: 1

2025-06-27 11:4