2025-06-23 14:56:06   Build version: 2024.0 Release from 2023-09-01 (change 1164796)

2025-06-23 14:56:06   Starting adaptive port meshing.

                      ------------------------------------------------------------------------------
2025-06-23 14:56:06   Mode calculation for port 1:

                      ------------------------------------------------------------------------------
2025-06-23 14:56:07   

                      ------------------------------------------------------------------------------
2025-06-23 14:56:07   

                      ------------------------------------------------------------------------------
2025-06-23 14:56:09   *** Warning ***

2025-06-23 14:56:09   The Standard (legacy) port mode solver is not supported anymore. Please consider switching to the Generalized port mode 
                      solver instead. More...

                      ------------------------------------------------------------------------------
2025-06-23 14:56:10     -------------------------------- F-Calc 24 ---------------------------------
                        Port   Mode   Type        Z-Wave        Z-Wave-Sigma  Z-Line        F-Cutoff
                        1      1      TE          529           1.11e-005     ---           16.85
                        ----------------------------------------------------------------------------

2025-06-23 14:56:10   Pass 1 successfully completed. 
2025-06-23 14:56:10   Adaptive port meshing finished. 

                      ------------------------------------------------------------------------------
2025-06-23 14:56:10   *** Warning ***

                      This software is licensed for non-commercial use only.

                      ------------------------------------------------------------------------------
2025-06-23 14:56:11   
                      Solver started at: 2025-06-23 14:56:11 +0200

                        Module:  Time Domain: S-Parameter (Linux 64)
                        Version: 2024.0 Release from 2023-09-01 (change 1164796)

2025-06-23 14:56:11   

                      ------------------------------------------------------------------------------
2025-06-23 14:56:11   

                      ------------------------------------------------------------------------------
2025-06-23 14:56:11   ======================================================================
                       Solver cycle: 1
                      ======================================================================

                      Stimulation at port 1 (mode 1) 



                      ------------------------------------------------------------------------------
2025-06-23 14:56:11   Units settings: 

                        Dimensions: mm
                        Frequency:  GHz
                        Time:       ns

                      ------------------------------------------------------------------------------
2025-06-23 14:56:11   The dispersive material update will be performed using the "Standard" update schema

                      ------------------------------------------------------------------------------
2025-06-23 14:56:54   Mesh statistics:

                         Hexahedral mesh type: Perfect Boundary Approximation (PBA)
                            Version: legacy

                         Parallelization type: domain decomposition
                            Number of parallel working threads: 6
                            Number of calculation domains used: 8

                         Used point accuracy enhancement value: 62.00%.
                         Acceleration mode: CPU
                         PBA fill limit: 93.77% (inverse)

                         *** Warning ***  The matrix computation uses legacy PBA settings. These settings will become obsolete in future versions.

                         *** Warning ***  To use the default PBA settings please consider pressing the "Default" button in the "Discretizer" tab of the "Special Mesh Properties" dialog box. 


2025-06-23 14:56:58   *** Warning ***

2025-06-23 14:56:58   The Standard (legacy) port mode solver is not supported anymore. Please consider switching to the Generalized port mode 
                      solver instead. More...

                      ------------------------------------------------------------------------------
2025-06-23 14:56:58   Boundary conditions: 

                        YZsymmetry: none
                        XZsymmetry: none
                        XYsymmetry: none

                        Xmin: expanded open, 4 Layer, depth 3.48186 mm
                        Xmax: expanded open, 4 Layer, depth 3.48186 mm

                        Ymin: expanded open, 4 Layer, depth 4.16378 mm
                        Ymax: expanded open, 4 Layer, depth 3.46401 mm

                        Zmin: expanded open, 4 Layer, depth 3.48186 mm
                        Zmax: expanded open, 4 Layer, depth 3.48186 mm

                        PML-Type: Convolution PML

                      ------------------------------------------------------------------------------
2025-06-23 14:56:58   Frequency settings: 

                        Fmin:         21.6
                        Fmax:         26.4
                        Nfsteps(lin): 1001

                      ------------------------------------------------------------------------------
2025-06-23 14:56:59   Field update statistics:

                        Number of components in total: 	2173093
                        Number of TST and special elements:	342
                        Number of lossy metal components:	122087

                      Subcycling state:      			Automatically deactivated

                      ------------------------------------------------------------------------------
2025-06-23 14:56:59   Waveguide boundaries:

2025-06-23 14:56:59   Port: 1

2025-06-23 14:56:59     -------------------------------- F-Calc 24 ---------------------------------
                        Port   Mode   Type        Z-Wave        Z-Wave-Sigma  Z-Line        F-Cutoff
                        1      1      TE          529           1.11e-005     ---           16.85
                        ----------------------------------------------------------------------------

2025-06-23 15:27:43   
                      --------------------------------------------------------------------------------
2025-06-23 15:27:43   Steady state energy criterion met, solver finished successfully.

                      ------------------------------------------------------------------------------
2025-06-23 15:27:43   Frequency domain results normalized to default signal.


                      ------------------------------------------------------------------------------
2025-06-23 15:27:43   
                        ----------------------------------------------------------------------------
                                            Peak memory used (kB)         Free physical memory (kB) 
                                                                          At begin     Minimum      
                        ----------------------------------------------------------------------------
                        CAD preparation     88912                         9802083      9794422      
                        Matrices calc.      571909                        20997070     9333007      
                        Solver run total    389716                        9814374      9174751      
                        ----------------------------------------------------------------------------

                      --------------------------------------------------------------------------------
                      Solver Statistics:

                        Hardware:
                           Computer name:                 	FYNN-LinuxLaptop 

                           Number of CPU threads:               8
                           Hardware info:                  	Hardware Accelerator Device not activated

                        Number of mesh cells:             	345800
                        Excitation duration:              	1.48106198e+000 ns 
                        Calculation time for excitation:  	0 	s
                        Number of calculated pulse widths:	5.35138 
                        Steady state accuracy limit:      	-30	dB 
                        Simulated number of time steps:   	67098 
                        Maximum number of time steps:     	250769 
                        Time step width:
                           without subcycles:             	1.181216076e-004 ns
                           used:                          	1.181216076e-004 ns

                        CAD preparation time:             	3      	s
                        Matrix calculation time:          	40 	s
                        Solver setup time:                	5 	s
                        Solver loop time:                 	1841 	s
                        Solver post-processing time:      	0 	s
                                                          	------------
                        Total solver time:                	1889 	s  ( = 0 h, 31 m, 29 s )

                      ------------------------------------------------------------------------------
2025-06-23 15:27:43   
                        Adaptive port meshing time:          	10     	s
                        Total solver time (all cycles):      	1758   	s  ( = 0 h, 29 m, 18 s )
                        Pause time:                          	131    	s  ( = 0 h, 2 m, 11 s )
                        Solver initialization and clean-up:  	3      	s
                                                             	------------
                        Total simulation time:               	1902   	s  ( = 0 h, 31 m, 42 s )

                      ------------------------------------------------------------------------------
2025-06-23 15:27:43   Solver finished at: 2025-06-23 15:27:43 +0200



                      ------------------------------------------------------------------------------
2025-06-23 15:27:48   Creating parametric 1D results for Run ID 1

                      ------------------------------------------------------------------------------
