Port monitor named: Port1_e1.prt

nx        = 20
ny        = 489
nz        = 26

nu        = 16
nv        = 10
iu        = 6
iv        = 6

idir      = 1
dcut      = -1.288980e-001
icut      = 5
type      = 0
frequency = 2.400000e+010

fcutoff   = 1.503138e+010
alpha     = 0.000000e+000
beta      = 3.921289e+002
accuracy  = 3.408950e-011

type          = TM
wave imp.     = 2.936899e+002
wave imp.sig. = 9.083919e-006
line imp.     = 0.000000e+000

ref. port     = 0

2.905733e+002  8.631929e+002  1.411004e+003  1.918661e+003  2.512170e+003  3.102525e+003  3.424490e+003  3.401623e+003  3.061582e+003  2.622215e+003  2.212199e+003  1.739230e+003  1.263426e+003  8.100246e+002  2.898394e+002  0.000000e+000  
2.905733e+002  8.631929e+002  1.411004e+003  1.918661e+003  2.512170e+003  3.102525e+003  3.424490e+003  3.401623e+003  3.061582e+003  2.622215e+003  2.212199e+003  1.739230e+003  1.263426e+003  8.100246e+002  2.898393e+002  0.000000e+000  
2.905733e+002  8.631929e+002  1.411004e+003  1.918661e+003  2.512170e+003  3.102525e+003  3.424490e+003  3.401623e+003  3.061582e+003  2.622215e+003  2.212199e+003  1.739230e+003  1.263426e+003  8.100246e+002  2.898394e+002  0.000000e+000  
2.905733e+002  8.631929e+002  1.411004e+003  1.918661e+003  2.512170e+003  3.102525e+003  3.424490e+003  3.401623e+003  3.061582e+003  2.622215e+003  2.212199e+003  1.739230e+003  1.263426e+003  8.100246e+002  2.898394e+002  0.000000e+000  
2.905733e+002  8.631929e+002  1.411004e+003  1.918661e+003  2.512170e+003  3.102525e+003  3.424490e+003  3.401623e+003  3.061582e+003  2.622215e+003  2.212200e+003  1.739230e+003  1.263426e+003  8.100246e+002  2.898394e+002  0.000000e+000  
2.905733e+002  8.631929e+002  1.411004e+003  1.918661e+003  2.512170e+003  3.102525e+003  3.424490e+003  3.401623e+003  3.061582e+003  2.622215e+003  2.212200e+003  1.739230e+003  1.263426e+003  8.100246e+002  2.898394e+002  0.000000e+000  
2.905733e+002  8.631929e+002  1.411004e+003  1.918661e+003  2.512170e+003  3.102525e+003  3.424490e+003  3.401623e+003  3.061582e+003  2.622215e+003  2.212199e+003  1.739230e+003  1.263426e+003  8.100246e+002  2.898394e+002  0.000000e+000  
2.905733e+002  8.631929e+002  1.411004e+003  1.918661e+003  2.512170e+003  3.102525e+003  3.424490e+003  3.401623e+003  3.061582e+003  2.622215e+003  2.212199e+003  1.739230e+003  1.263426e+003  8.100246e+002  2.898394e+002  0.000000e+000  
2.905733e+002  8.631929e+002  1.411004e+003  1.918661e+003  2.512170e+003  3.102525e+003  3.424490e+003  3.401623e+003  3.061582e+003  2.622215e+003  2.212199e+003  1.739230e+003  1.263426e+003  8.100246e+002  2.898393e+002  0.000000e+000  
2.905733e+002  8.631929e+002  1.411004e+003  1.918661e+003  2.512170e+003  3.102525e+003  3.424490e+003  3.401623e+003  3.061582e+003  2.622215e+003  2.212199e+003  1.739230e+003  1.263426e+003  8.100246e+002  2.898394e+002  0.000000e+000  

2.463232e-005  1.056187e-005  7.327560e-006  5.744482e-006  -1.088156e-005  2.010194e-005  -2.615699e-006  8.289129e-007  -1.842371e-005  1.113990e-005  -4.186027e-006  -9.302490e-007  1.149291e-005  4.747671e-006  -3.044895e-006  -2.259316e-005  
2.518054e-005  2.932830e-005  3.144076e-005  4.121259e-005  7.526444e-005  -2.323660e-005  3.839529e-006  7.120445e-006  3.954217e-005  -8.159287e-005  -3.781324e-005  -2.024583e-005  -4.554931e-006  -2.603446e-005  -3.673798e-005  -2.855091e-005  
1.964630e-005  2.101664e-005  2.334739e-005  2.799615e-005  3.313249e-005  -3.146403e-006  2.236152e-006  5.412715e-006  1.159184e-005  -3.251342e-005  -2.492839e-005  -1.698336e-005  -1.248193e-005  -1.699998e-005  -2.052495e-005  -2.016049e-005  
1.055402e-005  1.101594e-005  1.203609e-005  1.342418e-005  1.345577e-005  1.013919e-006  1.362033e-006  2.579981e-006  2.793583e-006  -1.224225e-005  -1.167763e-005  -9.272168e-006  -7.896885e-006  -8.700263e-006  -9.727870e-006  -9.921437e-006  
0.000000e+000  0.000000e+000  3.862246e-008  0.000000e+000  0.000000e+000  0.000000e+000  6.040984e-008  3.072108e-008  -8.522107e-008  -9.357747e-008  -5.884536e-008  -3.316765e-008  0.000000e+000  -5.411885e-008  1.205046e-007  5.403750e-008  
-1.048376e-005  -1.099989e-005  -1.209111e-005  -1.349495e-005  -1.350707e-005  -9.929260e-007  -1.282386e-006  -2.563374e-006  -2.876842e-006  1.220567e-005  1.161236e-005  9.224780e-006  7.842879e-006  8.780473e-006  9.773035e-006  1.002094e-005  
-1.967306e-005  -2.108393e-005  -2.341168e-005  -2.803532e-005  -3.311363e-005  3.142778e-006  -2.238661e-006  -5.373967e-006  -1.161361e-005  3.252091e-005  2.498378e-005  1.697173e-005  1.252985e-005  1.688811e-005  2.063618e-005  2.011619e-005  
-2.511757e-005  -2.926311e-005  -3.144360e-005  -4.120329e-005  -7.525553e-005  2.329965e-005  -3.805587e-006  -7.107557e-006  -3.962254e-005  8.159759e-005  3.781858e-005  2.026256e-005  4.473490e-006  2.610916e-005  3.670017e-005  2.859438e-005  
-2.463766e-005  -1.055013e-005  -7.311594e-006  -5.715416e-006  1.092918e-005  -2.010984e-005  2.673534e-006  -8.090197e-007  1.837062e-005  -1.121373e-005  4.200770e-006  9.010680e-007  -1.136423e-005  -4.888605e-006  3.152401e-006  2.247738e-005  
0.000000e+000  0.000000e+000  0.000000e+000  0.000000e+000  0.000000e+000  0.000000e+000  0.000000e+000  0.000000e+000  0.000000e+000  0.000000e+000  0.000000e+000  0.000000e+000  0.000000e+000  0.000000e+000  0.000000e+000  0.000000e+000  

0.000000e+000  0.000000e+000  0.000000e+000  0.000000e+000  0.000000e+000  0.000000e+000  0.000000e+000  0.000000e+000  0.000000e+000  0.000000e+000  0.000000e+000  0.000000e+000  0.000000e+000  0.000000e+000  0.000000e+000  0.000000e+000  
0.000000e+000  0.000000e+000  0.000000e+000  0.000000e+000  0.000000e+000  0.000000e+000  0.000000e+000  0.000000e+000  0.000000e+000  0.000000e+000  0.000000e+000  0.000000e+000  0.000000e+000  0.000000e+000  0.000000e+000  0.000000e+000  
0.000000e+000  0.000000e+000  0.000000e+000  0.000000e+000  0.000000e+000  0.000000e+000  0.000000e+000  0.000000e+000  0.000000e+000  0.000000e+000  0.000000e+000  0.000000e+000  0.000000e+000  0.000000e+000  0.000000e+000  0.000000e+000  
0.000000e+000  0.000000e+000  0.000000e+000  0.000000e+000  0.000000e+000  0.000000e+000  0.000000e+000  0.000000e+000  0.000000e+000  0.000000e+000  0.000000e+000  0.000000e+000  0.000000e+000  0.000000e+000  0.000000e+000  0.000000e+000  
0.000000e+000  0.000000e+000  0.000000e+000  0.000000e+000  0.000000e+000  0.000000e+000  0.000000e+000  0.000000e+000  0.000000e+000  0.000000e+000  0.000000e+000  0.000000e+000  0.000000e+000  0.000000e+000  0.000000e+000  0.000000e+000  
0.000000e+000  0.000000e+000  0.000000e+000  0.000000e+000  0.000000e+000  0.000000e+000  0.000000e+000  0.000000e+000  0.000000e+000  0.000000e+000  0.000000e+000  0.000000e+000  0.000000e+000  0.000000e+000  0.000000e+000  0.000000e+000  
0.000000e+000  0.000000e+000  0.000000e+000  0.000000e+000  0.000000e+000  0.000000e+000  0.000000e+000  0.000000e+000  0.000000e+000  0.000000e+000  0.000000e+000  0.000000e+000  0.000000e+000  0.000000e+000  0.000000e+000  0.000000e+000  
0.000000e+000  0.000000e+000  0.000000e+000  0.000000e+000  0.000000e+000  0.000000e+000  0.000000e+000  0.000000e+000  0.000000e+000  0.000000e+000  0.000000e+000  0.000000e+000  0.000000e+000  0.000000e+000  0.000000e+000  0.000000e+000  
0.000000e+000  0.000000e+000  0.000000e+000  0.000000e+000  0.000000e+000  0.000000e+000  0.000000e+000  0.000000e+000  0.000000e+000  0.000000e+000  0.000000e+000  0.000000e+000  0.000000e+000  0.000000e+000  0.000000e+000  0.000000e+000  
0.000000e+000  0.000000e+000  0.000000e+000  0.000000e+000  0.000000e+000  0.000000e+000  0.000000e+000  0.000000e+000  0.000000e+000  0.000000e+000  0.000000e+000  0.000000e+000  0.000000e+000  0.000000e+000  0.000000e+000  0.000000e+000  

0.000000e+000  0.000000e+000  0.000000e+000  0.000000e+000  0.000000e+000  0.000000e+000  0.000000e+000  0.000000e+000  0.000000e+000  0.000000e+000  0.000000e+000  0.000000e+000  0.000000e+000  0.000000e+000  0.000000e+000  0.000000e+000  
0.000000e+000  0.000000e+000  0.000000e+000  0.000000e+000  0.000000e+000  0.000000e+000  0.000000e+000  0.000000e+000  0.000000e+000  0.000000e+000  0.000000e+000  0.000000e+000  0.000000e+000  0.000000e+000  0.000000e+000  0.000000e+000  
0.000000e+000  0.000000e+000  0.000000e+000  0.000000e+000  0.000000e+000  0.000000e+000  0.000000e+000  0.000000e+000  0.000000e+000  0.000000e+000  0.000000e+000  0.000000e+000  0.000000e+000  0.000000e+000  0.000000e+000  0.000000e+000  
0.000000e+000  0.000000e+000  0.000000e+000  0.000000e+000  0.000000e+000  0.000000e+000  0.000000e+000  0.000000e+000  0.000000e+000  0.000000e+000  0.000000e+000  0.000000e+000  0.000000e+000  0.000000e+000  0.000000e+000  0.000000e+000  
0.000000e+000  0.000000e+000  0.000000e+000  0.000000e+000  0.000000e+000  0.000000e+000  0.000000e+000  0.000000e+000  0.000000e+000  0.000000e+000  0.000000e+000  0.000000e+000  0.000000e+000  0.000000e+000  0.000000e+000  0.000000e+000  
0.000000e+000  0.000000e+000  0.000000e+000  0.000000e+000  0.000000e+000  0.000000e+000  0.000000e+000  0.000000e+000  0.000000e+000  0.000000e+000  0.000000e+000  0.000000e+000  0.000000e+000  0.000000e+000  0.000000e+000  0.000000e+000  
0.000000e+000  0.000000e+000  0.000000e+000  0.000000e+000  0.000000e+000  0.000000e+000  0.000000e+000  0.000000e+000  0.000000e+000  0.000000e+000  0.000000e+000  0.000000e+000  0.000000e+000  0.000000e+000  0.000000e+000  0.000000e+000  
0.000000e+000  0.000000e+000  0.000000e+000  0.000000e+000  0.000000e+000  0.000000e+000  0.000000e+000  0.000000e+000  0.000000e+000  0.000000e+000  0.000000e+000  0.000000e+000  0.000000e+000  0.000000e+000  0.000000e+000  0.000000e+000  
0.000000e+000  0.000000e+000  0.000000e+000  0.000000e+000  0.000000e+000  0.000000e+000  0.000000e+000  0.000000e+000  0.000000e+000  0.000000e+000  0.000000e+000  0.000000e+000  0.000000e+000  0.000000e+000  0.000000e+000  0.000000e+000  
0.000000e+000  0.000000e+000  0.000000e+000  0.000000e+000  0.000000e+000  0.000000e+000  0.000000e+000  0.000000e+000  0.000000e+000  0.000000e+000  0.000000e+000  0.000000e+000  0.000000e+000  0.000000e+000  0.000000e+000  0.000000e+000  

0.000000e+000  0.000000e+000  0.000000e+000  0.000000e+000  0.000000e+000  0.000000e+000  0.000000e+000  0.000000e+000  0.000000e+000  0.000000e+000  0.000000e+000  0.000000e+000  0.000000e+000  0.000000e+000  0.000000e+000  0.000000e+000  
0.000000e+000  0.000000e+000  0.000000e+000  0.000000e+000  0.000000e+000  0.000000e+000  0.000000e+000  0.000000e+000  0.000000e+000  0.000000e+000  0.000000e+000  0.000000e+000  0.000000e+000  0.000000e+000  0.000000e+000  0.000000e+000  
0.000000e+000  0.000000e+000  0.000000e+000  0.000000e+000  0.000000e+000  0.000000e+000  0.000000e+000  0.000000e+000  0.000000e+000  0.000000e+000  0.000000e+000  0.000000e+000  0.000000e+000  0.000000e+000  0.000000e+000  0.000000e+000  
0.000000e+000  0.000000e+000  0.000000e+000  0.000000e+000  0.000000e+000  0.000000e+000  0.000000e+000  0.000000e+000  0.000000e+000  0.000000e+000  0.000000e+000  0.000000e+000  0.000000e+000  0.000000e+000  0.000000e+000  0.000000e+000  
0.000000e+000  0.000000e+000  0.000000e+000  0.000000e+000  0.000000e+000  0.000000e+000  0.000000e+000  0.000000e+000  0.000000e+000  0.000000e+000  0.000000e+000  0.000000e+000  0.000000e+000  0.000000e+000  0.000000e+000  0.000000e+000  
0.000000e+000  0.000000e+000  0.000000e+000  0.000000e+000  0.000000e+000  0.000000e+000  0.000000e+000  0.000000e+000  0.000000e+000  0.000000e+000  0.000000e+000  0.000000e+000  0.000000e+000  0.000000e+000  0.000000e+000  0.000000e+000  
0.000000e+000  0.000000e+000  0.000000e+000  0.000000e+000  0.000000e+000  0.000000e+000  0.000000e+000  0.000000e+000  0.000000e+000  0.000000e+000  0.000000e+000  0.000000e+000  0.000000e+000  0.000000e+000  0.000000e+000  0.000000e+000  
0.000000e+000  0.000000e+000  0.000000e+000  0.000000e+000  0.000000e+000  0.000000e+000  0.000000e+000  0.000000e+000  0.000000e+000  0.000000e+000  0.000000e+000  0.000000e+000  0.000000e+000  0.000000e+000  0.000000e+000  0.000000e+000  
0.000000e+000  0.000000e+000  0.000000e+000  0.000000e+000  0.000000e+000  0.000000e+000  0.000000e+000  0.000000e+000  0.000000e+000  0.000000e+000  0.000000e+000  0.000000e+000  0.000000e+000  0.000000e+000  0.000000e+000  0.000000e+000  
0.000000e+000  0.000000e+000  0.000000e+000  0.000000e+000  0.000000e+000  0.000000e+000  0.000000e+000  0.000000e+000  0.000000e+000  0.000000e+000  0.000000e+000  0.000000e+000  0.000000e+000  0.000000e+000  0.000000e+000  0.000000e+000  

-2.765320e+003  -2.725906e+003  -2.608919e+003  -2.417689e+003  -2.157656e+003  -1.606090e+003  -8.151389e+002  5.789330e+001  9.250959e+002  1.597290e+003  1.952673e+003  2.252488e+003  2.488202e+003  2.628848e+003  2.719020e+003  2.758335e+003  
-2.765320e+003  -2.725906e+003  -2.608919e+003  -2.417689e+003  -2.157656e+003  -1.606090e+003  -8.151389e+002  5.789330e+001  9.250959e+002  1.597290e+003  1.952673e+003  2.252488e+003  2.488202e+003  2.628848e+003  2.719020e+003  2.758335e+003  
-2.765320e+003  -2.725906e+003  -2.608919e+003  -2.417689e+003  -2.157657e+003  -1.606090e+003  -8.151389e+002  5.789330e+001  9.250959e+002  1.597290e+003  1.952673e+003  2.252488e+003  2.488202e+003  2.628848e+003  2.719020e+003  2.758335e+003  
-2.765320e+003  -2.725906e+003  -2.608919e+003  -2.417689e+003  -2.157657e+003  -1.606090e+003  -8.151389e+002  5.789330e+001  9.250959e+002  1.597290e+003  1.952673e+003  2.252488e+003  2.488202e+003  2.628848e+003  2.719020e+003  2.758335e+003  
-2.765320e+003  -2.725906e+003  -2.608919e+003  -2.417689e+003  -2.157657e+003  -1.606090e+003  -8.151389e+002  5.789330e+001  9.250959e+002  1.597290e+003  1.952673e+003  2.252488e+003  2.488202e+003  2.628848e+003  2.719020e+003  2.758335e+003  
-2.765320e+003  -2.725906e+003  -2.608919e+003  -2.417689e+003  -2.157657e+003  -1.606090e+003  -8.151389e+002  5.789330e+001  9.250959e+002  1.597290e+003  1.952673e+003  2.252488e+003  2.488202e+003  2.628848e+003  2.719020e+003  2.758335e+003  
-2.765320e+003  -2.725906e+003  -2.608919e+003  -2.417689e+003  -2.157657e+003  -1.606090e+003  -8.151389e+002  5.789330e+001  9.250959e+002  1.597290e+003  1.952673e+003  2.252488e+003  2.488202e+003  2.628848e+003  2.719020e+003  2.758335e+003  
-2.765320e+003  -2.725906e+003  -2.608919e+003  -2.417689e+003  -2.157657e+003  -1.606090e+003  -8.151389e+002  5.789330e+001  9.250959e+002  1.597290e+003  1.952673e+003  2.252488e+003  2.488202e+003  2.628848e+003  2.719020e+003  2.758335e+003  
-2.765320e+003  -2.725906e+003  -2.608919e+003  -2.417689e+003  -2.157656e+003  -1.606090e+003  -8.151389e+002  5.789330e+001  9.250959e+002  1.597290e+003  1.952673e+003  2.252488e+003  2.488202e+003  2.628848e+003  2.719020e+003  2.758335e+003  
-2.765320e+003  -2.725906e+003  -2.608919e+003  -2.417689e+003  -2.157656e+003  -1.606090e+003  -8.151389e+002  5.789330e+001  9.250959e+002  1.597290e+003  1.952673e+003  2.252488e+003  2.488202e+003  2.628848e+003  2.719020e+003  2.758335e+003  

