Port monitor named: Port1_h1.prt

nx        = 20
ny        = 738
nz        = 26

nu        = 16
nv        = 10
iu        = 6
iv        = 6

idir      = 1
dcut      = -2.206558e-001
icut      = 4
type      = 1
frequency = 2.400000e+010

fcutoff   = 1.678982e+010
alpha     = 0.000000e+000
beta      = 3.594248e+002
accuracy  = 1.341733e-010

type          = TE
wave imp.     = 5.272212e+002
wave imp.sig. = 1.188076e-005
line imp.     = 0.000000e+000

ref. port     = 0

-0.000000e+000  -0.000000e+000  -0.000000e+000  -0.000000e+000  -0.000000e+000  -0.000000e+000  -0.000000e+000  -0.000000e+000  -0.000000e+000  -0.000000e+000  -0.000000e+000  -0.000000e+000  -0.000000e+000  -0.000000e+000  -0.000000e+000  -0.000000e+000  
-0.000000e+000  -0.000000e+000  -1.948101e+000  -3.826354e+000  -5.567413e+000  -8.048499e+000  -9.858204e+000  -1.040502e+001  -9.618886e+000  -7.987883e+000  -6.597174e+000  -4.969925e+000  -3.164481e+000  -1.601494e+000  -0.000000e+000  -0.000000e+000  
-0.000000e+000  -0.000000e+000  -1.948101e+000  -3.826354e+000  -5.567413e+000  -8.048499e+000  -9.858204e+000  -1.040502e+001  -9.618886e+000  -7.987883e+000  -6.597174e+000  -4.969925e+000  -3.164481e+000  -1.601494e+000  -0.000000e+000  -0.000000e+000  
-0.000000e+000  -0.000000e+000  -1.948101e+000  -3.826354e+000  -5.567413e+000  -8.048499e+000  -9.858204e+000  -1.040502e+001  -9.618886e+000  -7.987883e+000  -6.597174e+000  -4.969925e+000  -3.164481e+000  -1.601494e+000  -0.000000e+000  -0.000000e+000  
-0.000000e+000  -0.000000e+000  -1.948101e+000  -3.826354e+000  -5.567413e+000  -8.048499e+000  -9.858204e+000  -1.040502e+001  -9.618886e+000  -7.987883e+000  -6.597174e+000  -4.969925e+000  -3.164481e+000  -1.601494e+000  -0.000000e+000  -0.000000e+000  
-0.000000e+000  -0.000000e+000  -1.948101e+000  -3.826354e+000  -5.567413e+000  -8.048499e+000  -9.858204e+000  -1.040502e+001  -9.618886e+000  -7.987883e+000  -6.597174e+000  -4.969925e+000  -3.164481e+000  -1.601494e+000  -0.000000e+000  -0.000000e+000  
-0.000000e+000  -0.000000e+000  -1.948101e+000  -3.826353e+000  -5.567413e+000  -8.048499e+000  -9.858204e+000  -1.040502e+001  -9.618886e+000  -7.987883e+000  -6.597174e+000  -4.969925e+000  -3.164481e+000  -1.601494e+000  -0.000000e+000  -0.000000e+000  
-0.000000e+000  -0.000000e+000  -1.948101e+000  -3.826354e+000  -5.567413e+000  -8.048499e+000  -9.858204e+000  -1.040502e+001  -9.618886e+000  -7.987883e+000  -6.597174e+000  -4.969925e+000  -3.164481e+000  -1.601494e+000  -0.000000e+000  -0.000000e+000  
-0.000000e+000  -0.000000e+000  -0.000000e+000  -0.000000e+000  -0.000000e+000  -0.000000e+000  -0.000000e+000  -0.000000e+000  -0.000000e+000  -0.000000e+000  -0.000000e+000  -0.000000e+000  -0.000000e+000  -0.000000e+000  -0.000000e+000  -0.000000e+000  
-0.000000e+000  -0.000000e+000  -0.000000e+000  -0.000000e+000  -0.000000e+000  -0.000000e+000  -0.000000e+000  -0.000000e+000  -0.000000e+000  -0.000000e+000  -0.000000e+000  -0.000000e+000  -0.000000e+000  -0.000000e+000  -0.000000e+000  -0.000000e+000  

-0.000000e+000  -0.000000e+000  -0.000000e+000  -0.000000e+000  -0.000000e+000  -0.000000e+000  -0.000000e+000  -0.000000e+000  -0.000000e+000  -0.000000e+000  -0.000000e+000  -0.000000e+000  -0.000000e+000  -0.000000e+000  -0.000000e+000  -0.000000e+000  
-0.000000e+000  -0.000000e+000  -0.000000e+000  -0.000000e+000  -0.000000e+000  -0.000000e+000  -0.000000e+000  -0.000000e+000  -0.000000e+000  -0.000000e+000  -0.000000e+000  -0.000000e+000  -0.000000e+000  -0.000000e+000  -0.000000e+000  -0.000000e+000  
-0.000000e+000  -2.050346e-009  -3.247845e-010  1.384285e-009  3.975799e-010  -1.578365e-009  8.117964e-010  1.130917e-009  -9.106765e-010  3.666609e-010  2.806142e-009  -2.432994e-009  -0.000000e+000  3.102530e-010  -0.000000e+000  -0.000000e+000  
-0.000000e+000  1.260550e-009  -1.343844e-009  -1.617597e-009  -2.050819e-010  2.606239e-010  1.199839e-009  -1.860233e-010  1.695131e-009  -1.891612e-009  -6.041759e-010  -4.117608e-010  1.926315e-009  -2.143142e-009  -0.000000e+000  -0.000000e+000  
-0.000000e+000  3.254543e-009  -5.809469e-009  4.969789e-010  9.026844e-010  -4.349523e-010  5.416742e-010  1.822340e-009  -1.777411e-009  1.878374e-010  -2.792298e-009  4.223390e-009  -1.537710e-009  -6.010890e-010  -0.000000e+000  -0.000000e+000  
-0.000000e+000  -1.302459e-009  5.229063e-009  -4.439523e-009  4.505562e-010  -6.495593e-010  7.344703e-010  8.297166e-010  -8.920664e-010  4.812894e-009  -3.876981e-009  -3.683864e-009  7.837811e-009  -4.765442e-009  -0.000000e+000  -0.000000e+000  
-0.000000e+000  6.874195e-010  2.134391e-009  -2.596558e-009  -3.620914e-010  -6.589532e-010  -0.000000e+000  2.209719e-009  -2.332229e-009  4.828719e-010  -1.074719e-009  1.830728e-009  1.035769e-009  -1.244498e-009  -0.000000e+000  -0.000000e+000  
-0.000000e+000  2.636595e-009  -4.563768e-009  -0.000000e+000  2.070787e-009  -1.296550e-009  1.256080e-009  -7.239277e-010  -0.000000e+000  -1.483540e-009  3.718752e-010  2.494642e-009  -5.371614e-010  -1.739204e-009  -0.000000e+000  -0.000000e+000  
-0.000000e+000  -0.000000e+000  -0.000000e+000  -0.000000e+000  -0.000000e+000  -0.000000e+000  -0.000000e+000  -0.000000e+000  -0.000000e+000  -0.000000e+000  -0.000000e+000  -0.000000e+000  -0.000000e+000  -0.000000e+000  -0.000000e+000  -0.000000e+000  
-0.000000e+000  -0.000000e+000  -0.000000e+000  -0.000000e+000  -0.000000e+000  -0.000000e+000  -0.000000e+000  -0.000000e+000  -0.000000e+000  -0.000000e+000  -0.000000e+000  -0.000000e+000  -0.000000e+000  -0.000000e+000  -0.000000e+000  -0.000000e+000  

0.000000e+000  0.000000e+000  0.000000e+000  0.000000e+000  0.000000e+000  0.000000e+000  0.000000e+000  0.000000e+000  0.000000e+000  0.000000e+000  0.000000e+000  0.000000e+000  0.000000e+000  0.000000e+000  0.000000e+000  0.000000e+000  
0.000000e+000  0.000000e+000  0.000000e+000  0.000000e+000  0.000000e+000  0.000000e+000  0.000000e+000  0.000000e+000  0.000000e+000  0.000000e+000  0.000000e+000  0.000000e+000  0.000000e+000  0.000000e+000  0.000000e+000  0.000000e+000  
0.000000e+000  0.000000e+000  0.000000e+000  0.000000e+000  0.000000e+000  0.000000e+000  0.000000e+000  0.000000e+000  0.000000e+000  0.000000e+000  0.000000e+000  0.000000e+000  0.000000e+000  0.000000e+000  0.000000e+000  0.000000e+000  
0.000000e+000  0.000000e+000  0.000000e+000  0.000000e+000  0.000000e+000  0.000000e+000  0.000000e+000  0.000000e+000  0.000000e+000  0.000000e+000  0.000000e+000  0.000000e+000  0.000000e+000  0.000000e+000  0.000000e+000  0.000000e+000  
0.000000e+000  0.000000e+000  0.000000e+000  0.000000e+000  0.000000e+000  0.000000e+000  0.000000e+000  0.000000e+000  0.000000e+000  0.000000e+000  0.000000e+000  0.000000e+000  0.000000e+000  0.000000e+000  0.000000e+000  0.000000e+000  
0.000000e+000  0.000000e+000  0.000000e+000  0.000000e+000  0.000000e+000  0.000000e+000  0.000000e+000  0.000000e+000  0.000000e+000  0.000000e+000  0.000000e+000  0.000000e+000  0.000000e+000  0.000000e+000  0.000000e+000  0.000000e+000  
0.000000e+000  0.000000e+000  0.000000e+000  0.000000e+000  0.000000e+000  0.000000e+000  0.000000e+000  0.000000e+000  0.000000e+000  0.000000e+000  0.000000e+000  0.000000e+000  0.000000e+000  0.000000e+000  0.000000e+000  0.000000e+000  
0.000000e+000  0.000000e+000  0.000000e+000  0.000000e+000  0.000000e+000  0.000000e+000  0.000000e+000  0.000000e+000  0.000000e+000  0.000000e+000  0.000000e+000  0.000000e+000  0.000000e+000  0.000000e+000  0.000000e+000  0.000000e+000  
0.000000e+000  0.000000e+000  0.000000e+000  0.000000e+000  0.000000e+000  0.000000e+000  0.000000e+000  0.000000e+000  0.000000e+000  0.000000e+000  0.000000e+000  0.000000e+000  0.000000e+000  0.000000e+000  0.000000e+000  0.000000e+000  
0.000000e+000  0.000000e+000  0.000000e+000  0.000000e+000  0.000000e+000  0.000000e+000  0.000000e+000  0.000000e+000  0.000000e+000  0.000000e+000  0.000000e+000  0.000000e+000  0.000000e+000  0.000000e+000  0.000000e+000  0.000000e+000  

0.000000e+000  0.000000e+000  0.000000e+000  0.000000e+000  0.000000e+000  0.000000e+000  0.000000e+000  0.000000e+000  0.000000e+000  0.000000e+000  0.000000e+000  0.000000e+000  0.000000e+000  0.000000e+000  0.000000e+000  0.000000e+000  
0.000000e+000  0.000000e+000  0.000000e+000  0.000000e+000  0.000000e+000  0.000000e+000  0.000000e+000  0.000000e+000  0.000000e+000  0.000000e+000  0.000000e+000  0.000000e+000  0.000000e+000  0.000000e+000  0.000000e+000  0.000000e+000  
0.000000e+000  0.000000e+000  0.000000e+000  0.000000e+000  0.000000e+000  0.000000e+000  0.000000e+000  0.000000e+000  0.000000e+000  0.000000e+000  0.000000e+000  0.000000e+000  0.000000e+000  0.000000e+000  0.000000e+000  0.000000e+000  
0.000000e+000  0.000000e+000  0.000000e+000  0.000000e+000  0.000000e+000  0.000000e+000  0.000000e+000  0.000000e+000  0.000000e+000  0.000000e+000  0.000000e+000  0.000000e+000  0.000000e+000  0.000000e+000  0.000000e+000  0.000000e+000  
0.000000e+000  0.000000e+000  0.000000e+000  0.000000e+000  0.000000e+000  0.000000e+000  0.000000e+000  0.000000e+000  0.000000e+000  0.000000e+000  0.000000e+000  0.000000e+000  0.000000e+000  0.000000e+000  0.000000e+000  0.000000e+000  
0.000000e+000  0.000000e+000  0.000000e+000  0.000000e+000  0.000000e+000  0.000000e+000  0.000000e+000  0.000000e+000  0.000000e+000  0.000000e+000  0.000000e+000  0.000000e+000  0.000000e+000  0.000000e+000  0.000000e+000  0.000000e+000  
0.000000e+000  0.000000e+000  0.000000e+000  0.000000e+000  0.000000e+000  0.000000e+000  0.000000e+000  0.000000e+000  0.000000e+000  0.000000e+000  0.000000e+000  0.000000e+000  0.000000e+000  0.000000e+000  0.000000e+000  0.000000e+000  
0.000000e+000  0.000000e+000  0.000000e+000  0.000000e+000  0.000000e+000  0.000000e+000  0.000000e+000  0.000000e+000  0.000000e+000  0.000000e+000  0.000000e+000  0.000000e+000  0.000000e+000  0.000000e+000  0.000000e+000  0.000000e+000  
0.000000e+000  0.000000e+000  0.000000e+000  0.000000e+000  0.000000e+000  0.000000e+000  0.000000e+000  0.000000e+000  0.000000e+000  0.000000e+000  0.000000e+000  0.000000e+000  0.000000e+000  0.000000e+000  0.000000e+000  0.000000e+000  
0.000000e+000  0.000000e+000  0.000000e+000  0.000000e+000  0.000000e+000  0.000000e+000  0.000000e+000  0.000000e+000  0.000000e+000  0.000000e+000  0.000000e+000  0.000000e+000  0.000000e+000  0.000000e+000  0.000000e+000  0.000000e+000  

0.000000e+000  0.000000e+000  0.000000e+000  0.000000e+000  0.000000e+000  0.000000e+000  0.000000e+000  0.000000e+000  0.000000e+000  0.000000e+000  0.000000e+000  0.000000e+000  0.000000e+000  0.000000e+000  0.000000e+000  0.000000e+000  
0.000000e+000  0.000000e+000  0.000000e+000  0.000000e+000  0.000000e+000  0.000000e+000  0.000000e+000  0.000000e+000  0.000000e+000  0.000000e+000  0.000000e+000  0.000000e+000  0.000000e+000  0.000000e+000  0.000000e+000  0.000000e+000  
0.000000e+000  0.000000e+000  0.000000e+000  0.000000e+000  0.000000e+000  0.000000e+000  0.000000e+000  0.000000e+000  0.000000e+000  0.000000e+000  0.000000e+000  0.000000e+000  0.000000e+000  0.000000e+000  0.000000e+000  0.000000e+000  
0.000000e+000  0.000000e+000  0.000000e+000  0.000000e+000  0.000000e+000  0.000000e+000  0.000000e+000  0.000000e+000  0.000000e+000  0.000000e+000  0.000000e+000  0.000000e+000  0.000000e+000  0.000000e+000  0.000000e+000  0.000000e+000  
0.000000e+000  0.000000e+000  0.000000e+000  0.000000e+000  0.000000e+000  0.000000e+000  0.000000e+000  0.000000e+000  0.000000e+000  0.000000e+000  0.000000e+000  0.000000e+000  0.000000e+000  0.000000e+000  0.000000e+000  0.000000e+000  
0.000000e+000  0.000000e+000  0.000000e+000  0.000000e+000  0.000000e+000  0.000000e+000  0.000000e+000  0.000000e+000  0.000000e+000  0.000000e+000  0.000000e+000  0.000000e+000  0.000000e+000  0.000000e+000  0.000000e+000  0.000000e+000  
0.000000e+000  0.000000e+000  0.000000e+000  0.000000e+000  0.000000e+000  0.000000e+000  0.000000e+000  0.000000e+000  0.000000e+000  0.000000e+000  0.000000e+000  0.000000e+000  0.000000e+000  0.000000e+000  0.000000e+000  0.000000e+000  
0.000000e+000  0.000000e+000  0.000000e+000  0.000000e+000  0.000000e+000  0.000000e+000  0.000000e+000  0.000000e+000  0.000000e+000  0.000000e+000  0.000000e+000  0.000000e+000  0.000000e+000  0.000000e+000  0.000000e+000  0.000000e+000  
0.000000e+000  0.000000e+000  0.000000e+000  0.000000e+000  0.000000e+000  0.000000e+000  0.000000e+000  0.000000e+000  0.000000e+000  0.000000e+000  0.000000e+000  0.000000e+000  0.000000e+000  0.000000e+000  0.000000e+000  0.000000e+000  
0.000000e+000  0.000000e+000  0.000000e+000  0.000000e+000  0.000000e+000  0.000000e+000  0.000000e+000  0.000000e+000  0.000000e+000  0.000000e+000  0.000000e+000  0.000000e+000  0.000000e+000  0.000000e+000  0.000000e+000  0.000000e+000  

0.000000e+000  0.000000e+000  0.000000e+000  0.000000e+000  0.000000e+000  0.000000e+000  0.000000e+000  0.000000e+000  0.000000e+000  0.000000e+000  0.000000e+000  0.000000e+000  0.000000e+000  0.000000e+000  0.000000e+000  0.000000e+000  
0.000000e+000  1.007246e+001  9.711319e+000  9.001978e+000  7.616790e+000  4.950175e+000  1.495723e+000  -2.150340e+000  -5.263972e+000  -7.190525e+000  -8.413530e+000  -9.334870e+000  -9.868392e+000  -1.011152e+001  0.000000e+000  0.000000e+000  
0.000000e+000  1.007246e+001  9.711319e+000  9.001978e+000  7.616790e+000  4.950175e+000  1.495723e+000  -2.150340e+000  -5.263972e+000  -7.190525e+000  -8.413530e+000  -9.334870e+000  -9.868392e+000  -1.011152e+001  0.000000e+000  0.000000e+000  
0.000000e+000  1.007246e+001  9.711319e+000  9.001978e+000  7.616790e+000  4.950175e+000  1.495723e+000  -2.150340e+000  -5.263972e+000  -7.190525e+000  -8.413530e+000  -9.334870e+000  -9.868392e+000  -1.011152e+001  0.000000e+000  0.000000e+000  
0.000000e+000  1.007246e+001  9.711319e+000  9.001978e+000  7.616790e+000  4.950175e+000  1.495723e+000  -2.150340e+000  -5.263972e+000  -7.190525e+000  -8.413530e+000  -9.334870e+000  -9.868392e+000  -1.011152e+001  0.000000e+000  0.000000e+000  
0.000000e+000  1.007246e+001  9.711319e+000  9.001978e+000  7.616790e+000  4.950175e+000  1.495723e+000  -2.150340e+000  -5.263972e+000  -7.190525e+000  -8.413530e+000  -9.334870e+000  -9.868392e+000  -1.011152e+001  0.000000e+000  0.000000e+000  
0.000000e+000  1.007246e+001  9.711319e+000  9.001978e+000  7.616790e+000  4.950175e+000  1.495723e+000  -2.150340e+000  -5.263972e+000  -7.190525e+000  -8.413530e+000  -9.334870e+000  -9.868392e+000  -1.011152e+001  0.000000e+000  0.000000e+000  
0.000000e+000  1.007246e+001  9.711319e+000  9.001978e+000  7.616790e+000  4.950175e+000  1.495723e+000  -2.150340e+000  -5.263972e+000  -7.190525e+000  -8.413530e+000  -9.334870e+000  -9.868392e+000  -1.011152e+001  0.000000e+000  0.000000e+000  
0.000000e+000  0.000000e+000  0.000000e+000  0.000000e+000  0.000000e+000  0.000000e+000  0.000000e+000  0.000000e+000  0.000000e+000  0.000000e+000  0.000000e+000  0.000000e+000  0.000000e+000  0.000000e+000  0.000000e+000  0.000000e+000  
0.000000e+000  0.000000e+000  0.000000e+000  0.000000e+000  0.000000e+000  0.000000e+000  0.000000e+000  0.000000e+000  0.000000e+000  0.000000e+000  0.000000e+000  0.000000e+000  0.000000e+000  0.000000e+000  0.000000e+000  0.000000e+000  

