Post-processing Logfile 

----------------------------------------------------------------------------------------
Units settings: 

  Dimensions: mm
  Frequency:  GHz
  Time:       ns

----------------------------------------------------------------------------------------

Template based post-processing started at: 2025-06-04 17:35:19

  Evaluating 'GainPhi90': 0.966 s
  Evaluating 'GainPhi0': 0.546 s
  Evaluating 'GainTheta0Phi0': 0.466 s

  Total time: 2 s  ( = 0 h, 0 m, 2 s )

Template based post-processing finished at: 2025-06-04 17:35:22
----------------------------------------------------------------------------------------
Template based post-processing started at: 2025-06-04 18:13:30

  Evaluating 'GainPhi90': 0.534 s
  Evaluating 'GainPhi0': 0.519 s
  Error: (9999) Farfield result name does not contain frequency term: (f=...).
Broadband option not possible. Name = "Farfield Cuts"(Line:2768)
  Evaluating 'GainTheta0Phi0': 3.307 s
  Evaluating 'Angular 3dB width for const phi = 0 over frequency': 0.086 s
  Evaluating 'Directivity, constant Phi=0': 0.385 s

  Total time: 5 s  ( = 0 h, 0 m, 5 s )

Template based post-processing finished at: 2025-06-04 18:13:35
----------------------------------------------------------------------------------------
