Post-processing Logfile 

----------------------------------------------------------------------------------------
Units settings: 

  Dimensions: mm
  Frequency:  GHz
  Time:       ns

----------------------------------------------------------------------------------------

Template based post-processing started at: 2025-06-27 20:27:26

  Error: (9999) No calculated Farfield Result with correct excitation string found.(Line:1660)
  Evaluating 'GainPhi0': 2.817 s
  Error: (&H8000ffff) Storing curves in file 'C:\Users\fgewi\Documents\Projects\CST_New\CST_Simulations\slot_antenna_V2_scaled_bigbox\slot_antenna_V2_scaled_bigbox\Result\Farfield_mono_tmp.sig' failed: The selected result 'Farfields\Farfield Cuts' is not a 0d or 1d result
(StoreCurvesInASCIIFile stmpfile)(Line:2402)
  Evaluating 'GainPhi90': 2.638 s
  Error: (9999) Could not find result '2D/3D Results\E-Field\e-field (f=24;z=4.9605942990365) [1]'. Please check your settings.(Line:1846)
  Evaluating 'e-field (f=24,z=4.9605942990365) (1)_Abs (X)': 0.166 s
  Evaluating 'Directivity, constant Phi=0': 0.429 s

  Total time: 6 s  ( = 0 h, 0 m, 6 s )

Template based post-processing finished at: 2025-06-27 20:27:33
----------------------------------------------------------------------------------------
Template based post-processing started at: 2025-06-27 22:21:12

  Error: (9999) No calculated Farfield Result with correct excitation string found.(Line:1660)
  Evaluating 'GainPhi0': 2.648 s
  Error: (&H8000ffff) Storing curves in file 'C:\Users\fgewi\Documents\Projects\CST_New\CST_Simulations\slot_antenna_V2_scaled_bigbox\slot_antenna_V2_scaled_bigbox\Result\Farfield_mono_tmp.sig' failed: The selected result 'Farfields\Farfield Cuts' is not a 0d or 1d result
(StoreCurvesInASCIIFile stmpfile)(Line:2402)
  Evaluating 'GainPhi90': 2.705 s
  Error: (9999) Could not find result '2D/3D Results\E-Field\e-field (f=24;z=4.9605942990365) [1]'. Please check your settings.(Line:1846)
  Evaluating 'e-field (f=24,z=4.9605942990365) (1)_Abs (X)': 0.088 s
  Evaluating 'Directivity, constant Phi=0': 0.37 s

  Total time: 6 s  ( = 0 h, 0 m, 6 s )

Template based post-processing finished at: 2025-06-27 22:21:18
----------------------------------------------------------------------------------------
