2025-06-27 11:48:31   Build version: 2024.5 Release from 2024-06-14 (change 1285309)

2025-06-27 11:48:31   Starting adaptive port meshing.

                      ------------------------------------------------------------------------------
2025-06-27 11:48:31   Mode calculation for port 1:

                      ------------------------------------------------------------------------------
2025-06-27 11:48:31   

                      ------------------------------------------------------------------------------
2025-06-27 11:48:31   

                      ------------------------------------------------------------------------------
2025-06-27 11:48:32   *** Warning ***

2025-06-27 11:48:32   The Standard (legacy) port mode solver is not supported anymore. Please consider switching to the Generalized port mode 
                      solver instead. More...

                      ------------------------------------------------------------------------------
2025-06-27 11:48:33     -------------------------------- F-Calc 24 ---------------------------------
                        Port   Mode   Type        Z-Wave        Z-Wave-Sigma  Z-Line        F-Cutoff
                        1      1      TE          529           8.67e-006     ---           16.85
                        ----------------------------------------------------------------------------

2025-06-27 11:48:33   Pass 1 successfully completed. 
2025-06-27 11:48:33   Adaptive port meshing finished. 

                      ------------------------------------------------------------------------------
2025-06-27 11:48:34   *** Warning ***

                      This software is licensed for non-commercial use only.

                      ------------------------------------------------------------------------------
2025-06-27 11:48:34   
                      Solver started at: 2025-06-27 11:48:34 +0200

                        Module:  Time Domain: S-Parameter (Win 64)
                        Version: 2024.5 Release from 2024-06-14 (change 1285309)

2025-06-27 11:48:34   

                      ------------------------------------------------------------------------------
2025-06-27 11:48:34   

                      ------------------------------------------------------------------------------
2025-06-27 11:48:34   ======================================================================
                       Solver cycle: 1
                      ======================================================================

                      Stimulation at port 1 (mode 1) 



                      ------------------------------------------------------------------------------
2025-06-27 11:48:34   Units settings: 

                        Dimensions: mm
                        Frequency:  GHz
                        Time:       ns

                      ------------------------------------------------------------------------------
2025-06-27 11:48:34   The dispersive material update will be performed using the "Standard" update schema

                      ------------------------------------------------------------------------------
2025-06-27 11:48:58   Mesh statistics:

                         Hexahedral mesh type: Perfect Boundary Approximation (PBA)
                            Version: legacy

                         Parallelization type: domain decomposition
                            Number of parallel working threads: 4
                            Number of calculation domains used: 8

                         Used point accuracy enhancement value: 62.00%.
                         Acceleration mode: CPU
                         PBA fill limit: 93.77% (inverse)

                         *** Warning ***  The matrix computation uses legacy PBA settings. These settings will become obsolete in future versions.

                         *** Warning ***  To use the default PBA settings please consider pressing the "Default" button in the "Discretizer" tab of the "Special Mesh Properties" dialog box. 


2025-06-27 11:49:00   *** Warning ***

2025-06-27 11:49:00   The Standard (legacy) port mode solver is not supported anymore. Please consider switching to the Generalized port mode 
                      solver instead. More...

                      ------------------------------------------------------------------------------
2025-06-27 11:49:00   Boundary conditions: 

                        YZsymmetry: none
                        XZsymmetry: none
                        XYsymmetry: none

                        Xmin: expanded open, 4 Layer, depth 3.48186 mm
                        Xmax: expanded open, 4 Layer, depth 3.48186 mm

                        Ymin: expanded open, 4 Layer, depth 4.16378 mm
                        Ymax: expanded open, 4 Layer, depth 3.46401 mm

                        Zmin: expanded open, 4 Layer, depth 3.48186 mm
                        Zmax: expanded open, 4 Layer, depth 3.48186 mm

                        PML-Type: Convolution PML

                      ------------------------------------------------------------------------------
2025-06-27 11:49:00   Frequency settings: 

                        Fmin:         21.6
                        Fmax:         26.4
                        Nfsteps(lin): 1001

                      ------------------------------------------------------------------------------
2025-06-27 11:49:01   Field update statistics:

                        Number of components in total: 	2158178
                        Number of TST and special elements:	342
                        Number of lossy metal components:	121486

                      Subcycling state:      			Automatically deactivated

                      ------------------------------------------------------------------------------
2025-06-27 11:49:01   Waveguide boundaries:

2025-06-27 11:49:01   Port: 1

2025-06-27 11:42025-06-27 19:37:59   Defined reference frequency for open boundary condition (24 GHz) is larger than
                      the lowest relevant system frequency (monitor at 20 GHz).
                      Please check the Settings for PML Boundary (Simulation > Settings > Boundary
                      Conditions > Open Boundary) to ensure accurate monitor results for the lowest
                      frequency of interest. More...

                      ------------------------------------------------------------------------------
2025-06-27 19:37:59   *** Warning ***

                      The monitor farfield (f=20) is outside the simulation frequency range and will
                      be ignored.

                      ------------------------------------------------------------------------------
2025-06-27 19:37:59   *** Warning ***

                      The monitor farfield (f=20.5) is outside the simulation frequency range and
                      will be ignored.

                      ------------------------------------------------------------------------------
2025-06-27 19:37:59   *** Warning ***

                      The monitor farfield (f=21) is outside the simulation frequency range and will
                      be ignored.

                      ------------------------------------------------------------------------------
2025-06-27 19:37:59   *** Warning ***

                      The monitor farfield (f=21.5) is outside the simulation frequency range and
                      will be ignored.

                      ------------------------------------------------------------------------------
2025-06-27 19:37:59   *** Warning ***

                      The monitor farfield (f=26.5) is outside the simulation frequency range and
                      will be ignored.

                      ------------------------------------------------------------------------------
2025-06-27 19:37:59   *** Warning ***

                      The monitor farfield (f=27) is outside the simulation frequency range and will
                      be ignored.

                      ------------------------------------------------------------------------------
2025-06-27 19:37:59   *** Warning ***

                      The monitor farfield (f=27.5) is outside the simulation frequency range and
                      will be ignored.

                      ------------------------------------------------------------------------------
2025-06-27 19:37:59   *** Warning ***

                      The monitor farfield (f=28) is outside the simulation frequency range and will
                      be ignored.

                      ------------------------------------------------------------------------------
2025-06-27 19:38:00   Line impedance adaptation results found. Adaptive port meshing skipped.

                      ------------------------------------------------------------------------------
2025-06-27 19:38:00   *** Warning ***

                      This software is licensed for non-commercial use only.

                      ------------------------------------------------------------------------------
2025-06-27 19:38:00   
                      Solver started at: 2025-06-27 19:38:00 +0200

                        Module:  Time Domain: S-Parameter (Win 64)
                        Version: 2024.5 Release from 2024-06-14 (change 1285309)

2025-06-27 19:38:00   

                      ------------------------------------------------------------------------------
2025-06-27 19:38:00   

                      ------------------------------------------------------------------------------
2025-06-27 19:38:00   ======================================================================
                       Solver cycle: 1
                      ======================================================================

                      Stimulation at port 1 (mode 1) 



                      ------------------------------------------------------------------------------
2025-06-27 19:38:00   Units settings: 

                        Dimensions: mm
                        Frequency:  GHz
                        Time:       ns

                      ------------------------------------------------------------------------------
2025-06-27 19:38:00   The dispersive material update will be performed using the "Standard" update schema

                      ------------------------------------------------------------------------------
2025-06-27 19:38:02   *** Warning ***

2025-06-27 19:38:02   The Standard (legacy) port mode solver is not supported anymore. Please consider switching to the Generalized port mode 
                      solver instead. More...

                      ------------------------------------------------------------------------------
2025-06-27 19:38:03   Boundary conditions: 

                        YZsymmetry: none
                        XZsymmetry: none
                        XYsymmetry: none

                        Xmin: expanded open, 4 Layer, depth 3.48186 mm
                        Xmax: expanded open, 4 Layer, depth 3.48186 mm

                        Ymin: expanded open, 4 Layer, depth 4.16378 mm
                        Ymax: expanded open, 4 Layer, depth 3.46401 mm

                        Zmin: expanded open, 4 Layer, depth 3.48186 mm
                        Zmax: expanded open, 4 Layer, depth 3.48186 mm

                        PML-Type: Convolution PML

                      ------------------------------------------------------------------------------
2025-06-27 19:38:03   Frequency settings: 

                        Fmin:         21.6
                        Fmax:         26.4
                        Nfsteps(lin): 1001

                      ------------------------------------------------------------------------------
2025-06-27 19:38:03   Field update statistics:

                        Number of components in total: 	2158178
                        Number of TST and special elements:	342
                        Number of lossy metal components:	121486

                      Subcycling state:      			Automatically deactivated

                      ------------------------------------------------------------------------------
2025-06-27 19:38:03   Waveguide boundaries:

2025-06-27 19:38:03   Port: 1

2025-06-27 19:38:03   Reloaded mode(s) for port 1.

                      ------------------------------------------------------------------------------
2025-06-27 19:46:16   
                      --------------------------------------------------------------------------------
2025-06-27 19:46:16   Steady state energy criterion met, solver finished successfully.

                      ------------------------------------------------------------------------------
2025-06-27 19:46:16   Frequency domain results normalized to default signal.


                      ------------------------------------------------------------------------------
2025-06-27 19:46:16   
                        ----------------------------------------------------------------------------
                                            Peak memory used (kB)         Free physical memory (kB) 
                                                                          At begin     Minimum      
                        ----------------------------------------------------------------------------
                        CAD preparation     16052                         19529712     19529712     
                        Matrices calc.      3161743                       20997070     7824218      
                        Solver run total    228848                        19555380     18586612     
                        ----------------------------------------------------------------------------

                      --------------------------------------------------------------------------------
                      Solver Statistics:

                        Hardware:
                           Computer name:                 	Fynn 

                           Number of CPU threads:               6
                           Hardware info:                  	Hardware Accelerator Device not activated

                        Number of mesh cells:             	343425
                        Excitation duration:              	1.48106198e+000 ns 
                        Calculation time for excitation:  	0 	s
                        Number of calculated pulse widths:	5.18379 
                        Steady state accuracy limit:      	-30	dB 
                        Simulated number of time steps:   	64766 
                        Maximum number of time steps:     	249879 
                        Time step width:
                           without subcycles:             	1.185423099e-004 ns
                           used:                          	1.185423099e-004 ns

                        Reloading matrices:               	0 	s
                        Solver setup time:                	4 	s
                        Solver loop time:                 	489 	s
                        Solver post-processing time:      	1 	s
                                                          	------------
                        Total solver time:                	494 	s  ( = 0 h, 8 m, 14 s )

                      ------------------------------------------------------------------------------
2025-06-27 19:46:16   
                        Total solver time (all cycles):      	494    	s  ( = 0 h, 8 m, 14 s )
                        Solver initialization and clean-up:  	2      	s
                                                             	------------
                        Total simulation time:               	496    	s  ( = 0 h, 8 m, 16 s )

                      ------------------------------------------------------------------------------
2025-06-27 19:46:16   Solver finished at: 2025-06-27 19:46:16 +0200



                      ------------------------------------------------------------------------------
2025-06-27 19:46:22   *** Error ***

                      Template based post-processing result "GainPhi0":
                      Error in calling "Evaluate1D" function ((9999) No calculated Farfield Result
                      with correct excitation string found.(Line:1660))

                      ------------------------------------------------------------------------------
2025-06-27 19:46:25   *** Error ***

                      Template based post-processing result "GainPhi90":
                      Error in calling "Evaluate1D" function ((&H8000ffff) Storing curves in file
                      'C:\Users\fgewi\Documents\Projects\CST_New\CST_Simulations\slot_antenna_V2_scaled\slot_antenna_V2_scaled\Result\Farfield_mono_tmp.sig' failed: The selected result 'Farfields\Farfield Cuts' is not a 0d or 1d result
                      (StoreCurvesInASCIIFile stmpfile)(Line:2402))

                      ------------------------------------------------------------------------------
2025-06-27 19:46:25   *** Error ***

                      Template based post-processing result "e-field (f=24,z=4.9605942990365) (1)_Abs
                      (X)":
                      Error in calling "Evaluate1D" function ((9999) Could not find result '2D/3D
                      Results\E-Field\e-field (f=24;z=4.9605942990365) [1]'. Please check your
                      settings.(Line:1846))

                      ------------------------------------------------------------------------------
2025-06-27 19:46:26   Creating parametric 1D results for Run ID 1

                      ------------------------------------------------------------------------------
2025-06-27 20:07:39   Defined reference frequency for open boundary condition (24 GHz) is larger than
                      the lowest relevant system frequency (monitor at 21.6 GHz).
                      Please check the Settings for PML Boundary (Simulation > Settings > Boundary
                      Conditions > Open Boundary) to ensure accurate monitor results for the lowest
                      frequency of interest. More...

                      ------------------------------------------------------------------------------
2025-06-27 20:07:39   *** Warning ***

                      The monitor surface-current (f=24) is not supported and will be ignored. Please
                      define an 'H-Field and Surface current monitor' instead.

                      ------------------------------------------------------------------------------
2025-06-27 20:07:39   Line impedance adaptation results found. Adaptive port meshing skipped.

                      ------------------------------------------------------------------------------
2025-06-27 20:07:40   *** Warning ***

                      This software is licensed for non-commercial use only.

                      ------------------------------------------------------------------------------
2025-06-27 20:07:40   
                      Solver started at: 2025-06-27 20:07:40 +0200

                        Module:  Time Domain: S-Parameter (Win 64)
                        Version: 2024.5 Release from 2024-06-14 (change 1285309)

2025-06-27 20:07:40   

                      ------------------------------------------------------------------------------
2025-06-27 20:07:40   

                      ------------------------------------------------------------------------------
2025-06-27 20:07:40   ======================================================================
                       Solver cycle: 1
                      ======================================================================

                      Stimulation at port 1 (mode 1) 



                      ------------------------------------------------------------------------------
2025-06-27 20:07:40   Units settings: 

                        Dimensions: mm
                        Frequency:  GHz
                        Time:       ns

                      ------------------------------------------------------------------------------
2025-06-27 20:07:40   The dispersive material update will be performed using the "Standard" update schema

                      ------------------------------------------------------------------------------
2025-06-27 21:57:54   *** Warning ***

2025-06-27 21:57:54   The Standard (legacy) port mode solver is not supported anymore. Please consider switching to the Generalized port mode 
                      solver instead. More...

                      ------------------------------------------------------------------------------
2025-06-27 21:57:55   Boundary conditions: 

                        YZsymmetry: none
                        XZsymmetry: none
                        XYsymmetry: none

                        Xmin: expanded open, 4 Layer, depth 3.48186 mm
                        Xmax: expanded open, 4 Layer, depth 3.48186 mm

                        Ymin: expanded open, 4 Layer, depth 4.16378 mm
                        Ymax: expanded open, 4 Layer, depth 3.46401 mm

                        Zmin: expanded open, 4 Layer, depth 3.48186 mm
                        Zmax: expanded open, 4 Layer, depth 3.48186 mm

                        PML-Type: Convolution PML

                      ------------------------------------------------------------------------------
2025-06-27 21:57:55   Frequency settings: 

                        Fmin:         21.6
                        Fmax:         26.4
                        Nfsteps(lin): 1001

                      ------------------------------------------------------------------------------
2025-06-27 21:57:55   Field update statistics:

                        Number of components in total: 	2158178
                        Number of TST and special elements:	342
                        Number of lossy metal components:	121486

                      Subcycling state:      			Automatically deactivated

                      ------------------------------------------------------------------------------
2025-06-27 21:57:55   Waveguide boundaries:

2025-06-27 21:57:55   Port: 1

2025-06-27 21:57:55   Reloaded mode(s) for port 1.

                      ------------------------------------------------------------------------------
2025-06-27 22:29:32   
                      --------------------------------------------------------------------------------
2025-06-27 22:29:32   *** Warning ***

2025-06-27 22:29:32   Solver run aborted by user (keeping results).

                      ------------------------------------------------------------------------------
2025-06-27 22:29:32   Frequency domain results normalized to default signal.


                      ------------------------------------------------------------------------------
2025-06-27 22:29:32   
                        ----------------------------------------------------------------------------
                                            Peak memory used (kB)         Free physical memory (kB) 
                                                                          At begin     Minimum      
                        ----------------------------------------------------------------------------
                        CAD preparation     16052                         19529712     19529712     
                        Matrices calc.      3161743                       20997070     7824218      
                        Solver run total    337004                        18083980     17287208     
                        ----------------------------------------------------------------------------

                      --------------------------------------------------------------------------------
                      Solver Statistics:

                        Hardware:
                           Computer name:                 	Fynn 

                           Number of CPU threads:               6
                           Hardware info:                  	Hardware Accelerator Device not activated

                        Number of mesh cells:             	343425
                        Excitation duration:              	1.48106198e+000 ns 
                        Calculation time for excitation:  	0 	s
                        Number of calculated pulse widths:	2.68954 
                        Steady state accuracy limit:      	-30	dB 
                        Simulated number of time steps:   	33603 
                        Maximum number of time steps:     	249879 
                        Time step width:
                           without subcycles:             	1.185423099e-004 ns
                           used:                          	1.185423099e-004 ns

                        Reloading matrices:               	1 	s
                        Solver setup time:                	6615 	s
                        Solver loop time:                 	1893 	s
                        Solver post-processing time:      	1 	s
                                                          	------------
                        Total solver time:                	8510 	s  ( = 2 h, 21 m, 50 s )

                      ------------------------------------------------------------------------------
2025-06-27 22:29:32   
                        Total solver time (all cycles):      	250    	s  ( = 0 h, 4 m, 10 s )
                        Pause time:                          	8260   	s  ( = 2 h, 17 m, 40 s )
                        Solver initialization and clean-up:  	2      	s
                                                             	------------
                        Total simulation time:               	8512   	s  ( = 2 h, 21 m, 52 s )

                      ------------------------------------------------------------------------------
2025-06-27 22:29:32   Solver finished at: 2025-06-27 22:29:32 +0200



                      ------------------------------------------------------------------------------
