Frontend-Node:  ==============================
                Mesher selection: manual: FPBA
                ==============================

==============================================================================================
[Boundaries] - MCalc
open-add-space, open-add-space, open-add-space, open-add-space, open-add-space, open-add-space
==============================================================================================

========================================
[Mesh] Matrix calculation - NO ACIS mode
========================================

=============================
[Mesh] Expansion: 0 0 0 0 0 0
=============================

=================================================================================
 - hardware info
   + cpu name                    : AMD Ryzen 7 4700U with Radeon Graphics
   + sockets                     : 1
   + cores per socket            : 8
   + hyperthreading              : off
   + max cpuid level             : 16
   + max cpuid ext. level        : 32
   + numa nodes                  : 1
   + sub numa nodes              : 8
   + internal cpu info           : CPUID: selected engine is 'Leaf 0xB detection'
apic ids           : 0, 1, 2, 3, 4, 5, 6, 7
apic ids (fallback): 0, 1, 2, 3, 4, 5, 6, 7
from cpu registers: 0, 1, 2, 3, 4, 5, 6, 7
from /Proc/cpuinfo: 0, 1, 2, 3, 4, 5, 6, 7
combined: 0, 1, 2, 3, 4, 5, 6, 7
max id per cpu: 64
SMT mask: 0
Core mask: 3f
Package mask: ffffffc0
set results:
  - packages: 1
  - cores: 8
  - smts: 1
generate core map, new implementation
0, 1, 2, 3, 4, 5, 6, 7
packages: 1
cores   : 8
ht units: 1
 - pinning rule in use   : PINNING_RULE_MCALC_SKIP_ALL
 - desired group         : 0
 - num cores available   : 8
 - active core list from affinity: 
   + num accessible procs          : 8
   + num logical procs             : 8
   + current affinity (env)        : 0,1,2,3,4,5,6,7
   + sockets ids in                : 0
   + core list                  (1): 0,1,2,3,4,5,6,7
 - active cores          : 0,1,2,3,4,5,6,7
 - skip pinning: + allowed number of sockets = available number of sockets
                 + hyperthreading off
=================================================================================

======================================================================================
Version: 2024.0 Release from 2023-09-01 (change 1164796) [Release]
Workflow: PBA matrix coefficients
Operation: [acis, fpba, meshfill, bg, port-path, port-domain, tst, coeff, surface-imp]
Architecture: Linux, ID: AMD64
System Linux-64bit
Using processor group 0/1
Matrix calculation information:
# of Nodes: 0
Concurrency: 0
Start ID: 0
Node ID: 0
HEX Mesh information:
Hex mesh: global: [hxr o(0 | 0 | 0) s(12 | 4 | 18) np (no TSTs): 864] 
======================================================================================

>>>>>>>>>>>>>>>>>>>>>>>>>>>>>>>>>>>>>>>>
Mon Mon 23 Jun 2025 02:56:07 PM CEST
started: calculating matrix coefficients
>>>>>>>>>>>>>>>>>>>>>>>>>>>>>>>>>>>>>>>>

===========================================================
Matrix computation (PBA)
	[Perfect Boundary Approximation (PBA), version: legacy]
	[GPU acceleration: off (not supported)]
Version: 2024.0 Release from 2023-09-01 (change 1164796)
PBA version 2013051613
Sub-Workflow: FPBA-1x1-TST1-Facets-QQ
Workflow updated: -
Mon Mon 23 Jun 2025 02:56:07 PM CEST
===========================================================

----------------------------------------------
Used point accuracy enhancement value: 62.00%.
----------------------------------------------

------------------------------------------------------------------------------------------------
Geometry processing log
	PEC background is represented by CAD geometry: false
	Background shape: added
	Number of CAD shapes: 1
	Number of lumps: 0
------------------------------------------------------------------------------------------------
=========================================
== CST Matrix Calculation Priority Log ==
=========================================
Priorities are sorted in ascending order beginning with the lowest priority
 
Group | Shape-ID | ShapeName | Material | User-priority | 2D/3D-Geometry | Material-attributes | Shape-attributes | Feature-ID | Schemetype
1 | 2 | </cst/Boundaries/> Low^X | $NFSMaterial$ | n/a | no | normal.vacuum. | boundary. | n/a | FIT_TD
1 | 3 | </cst/Boundaries/> Low^Y | $NFSMaterial$ | n/a | no | normal.vacuum. | boundary. | n/a | FIT_TD
1 | 4 | </cst/Boundaries/> Low^Z | $NFSMaterial$ | n/a | no | normal.vacuum. | boundary. | n/a | FIT_TD
1 | 5 | </cst/Boundaries/> Up^X | $NFSMaterial$ | n/a | no | normal.vacuum. | boundary. | n/a | FIT_TD
1 | 6 | </cst/Boundaries/> Up^Y | $NFSMaterial$ | n/a | no | normal.vacuum. | boundary. | n/a | FIT_TD
1 | 7 | </cst/Boundaries/> Up^Z | $NFSMaterial$ | n/a | no | normal.vacuum. | boundary. | n/a | FIT_TD
2 | 1 | antenna:waveguide__1_0 | Silver | n/a | yes | pec.rho.surface-impedance. | solid. | n/a | FIT_TD
=========================================
************************************************************************************************
General settings
	PBA version: legacy
------------------------------------------------------------------------------------------------
Geometry processor: legacy
	Geo accuracy: 62.000000
	Watertightness check: true
	Self intersection check: false
	Inheritance (all): false
	Normal dominance (all): false
	Normal dominance (ports): false
	Flanges hollow: true
	One shape per flange: false
	Multi threading: false
		max # of threads used: 1
		requested max # of threads: 1
		representation: ppm
		method: single thread
		retry: no
------------------------------------------------------------------------------------------------
CAD processing settings are set to default
------------------------------------------------------------------------------------------------
Connectivity settings
	Workflow selection: 0
	Workflow version: 20170101
	Gap detection: false
	Gap detection version: 1
	TST version: 1
	QQ workflow: true
	CoCo workflow: true
	Legacy topology: false
	Connectivity check: false
------------------------------------------------------------------------------------------------
------------------------------------------------------------------------------------------------
CAD Processing Version Info
	ACIS version installed:	33.0.1
	ACIS version used:	33.0.1
------------------------------------------------------------------------------------------------
Success method:	fb-single-thread-21
************************************************************************************************

-------------------------------------------------
Geometry representation: extended-edge
Shared memory: none
FARM allocation scheme: BBM
Parallelization: off
Gap-Detection activated for FARM-topology. Gaps are resolved, even partially.: gap tolerance value is 0.001000 and mesh geometry scale is 0.001000

----------------------
Acceleration mode: CPU
----------------------

Port homogenization method: FARM voxels copy
-------------------
TST Statistics:
E Split (0 | 0 | 0)
E Adapt (0 | 0 | 0)
B Split (0 | 0 | 0)
B Adapt (0 | 0 | 0)
-------------------

------------------------------------------------------------------------------
+++++++++++++++++++++++++++++++++++++++++++++++++++++
settings for port mode calculation
+++++++++++++++++++++++++++++++++++++++++++++++++++++
PBA fill limit is applied in inverse mode.
PBA fill limit is applied on faces filled with at least 96.57% metal material.
--------------------------------------------------------------
detailed accuracy settings:
--------------------------------------------------------------
augmented fill limit:       true
augmented fill limit value: 96.57
automatic fill limit:       true
early fill limit:           true
inverse fill limit:         true
model complexity:           0.00
legacy 2015:                false
fixed point accuracy:       false
minimum point accuracy:     0
mesh step inheritance:      false
accuracy mode:              
------------------------------------------------------------------------------

=================================
Finished matrix computation (PBA)
=================================

<<<<<<<<<<<<<<<<<<<<<<<<<<<<<<<<<<<<<<<<<<<<<<<<<<<
Mon Mon 23 Jun 2025 02:56:08 PM CEST
Resource usage for calculating matrix coefficients:
	Runtime                          00:00:01.00062
	Peak Memory Usage:                        47 MB
<<<<<<<<<<<<<<<<<<<<<<<<<<<<<<<<<<<<<<<<<<<<<<<<<<<

--------------------------------
# of staircase filled cells: 0
# of staircase filled areas: 0
# of staircase filled edges: 0
# of faces above fill limit: 0
# of edges with FPBA topology: 0
--------------------------------

Frontend-Node:  ======================
                Mesher selection: FPBA
                ======================

>>>>>>>>>>>>>>>>>>>>>>>>>>>>>>>>>>>>
Mon Mon 23 Jun 2025 02:56:12 PM CEST
started: parallelization control
>>>>>>>>>>>>>>>>>>>>>>>>>>>>>>>>>>>>

=================================================================================
 - hardware info
   + cpu name                    : AMD Ryzen 7 4700U with Radeon Graphics
   + sockets                     : 1
   + cores per socket            : 8
   + hyperthreading              : off
   + max cpuid level             : 16
   + max cpuid ext. level        : 32
   + numa nodes                  : 1
   + sub numa nodes              : 8
   + internal cpu info           : CPUID: selected engine is 'Leaf 0xB detection'
apic ids           : 0, 1, 2, 3, 4, 5, 6, 7
apic ids (fallback): 0, 1, 2, 3, 4, 5, 6, 7
from cpu registers: 0, 1, 2, 3, 4, 5, 6, 7
from /Proc/cpuinfo: 0, 1, 2, 3, 4, 5, 6, 7
combined: 0, 1, 2, 3, 4, 5, 6, 7
max id per cpu: 64
SMT mask: 0
Core mask: 3f
Package mask: ffffffc0
set results:
  - packages: 1
  - cores: 8
  - smts: 1
generate core map, new implementation
0, 1, 2, 3, 4, 5, 6, 7
packages: 1
cores   : 8
ht units: 1
 - pinning rule in use   : PINNING_RULE_MCALC_SKIP_ALL
 - desired group         : 0
 - num cores available   : 8
 - active core list from affinity: 
   + num accessible procs          : 8
   + num logical procs             : 8
   + current affinity (env)        : 0,1,2,3,4,5,6,7
   + sockets ids in                : 0
   + core list                  (1): 0,1,2,3,4,5,6,7
 - active cores          : 0,1,2,3,4,5,6,7
 - skip pinning: + allowed number of sockets = available number of sockets
                 + hyperthreading off
=================================================================================

===========================================================================
Version: 2024.0 Release from 2023-09-01 (change 1164796) [Release]
Workflow: QQ-Facets
Operation: [acis, fpba, bg]
Architecture: Linux, ID: AMD64
System Linux-64bit
Using processor group 0/1
Matrix calculation information:
# of Nodes: 0
Concurrency: 0
Start ID: 0
Node ID: 0
HEX Mesh information:
Hex mesh: global: [hxr o(0 | 0 | 0) s(20 | 729 | 26) np (no TSTs): 379080] 
===========================================================================

>>>>>>>>>>>>>>>>>>>>>>>>>>>>>>>>>>>>
Mon Mon 23 Jun 2025 02:56:12 PM CEST
started: processing CAD model
>>>>>>>>>>>>>>>>>>>>>>>>>>>>>>>>>>>>

========================================================================
Processing CAD model (for field results)
	[Improved internal geometry representation]
	[Accuracy improvement for long shapes in inhomogeneous mesh regions]
Version: 2024.0 Release from 2023-09-01 (change 1164796)
PBA version 2013051613
Sub-Workflow: Facets-QQ-GEX
Workflow updated: -
Mon Mon 23 Jun 2025 02:56:12 PM CEST
========================================================================

===========================================
Finished CAD processing (for field results)
===========================================

<<<<<<<<<<<<<<<<<<<<<<<<<<<<<<<<<<<<<<<<<<
Mon Mon 23 Jun 2025 02:56:15 PM CEST
Resource usage for processing CAD model:
	Runtime                 00:00:03.00070
	Peak Memory Usage:               77 MB
<<<<<<<<<<<<<<<<<<<<<<<<<<<<<<<<<<<<<<<<<<

>>>>>>>>>>>>>>>>>>>>>>>>>>>>>>>>>>>>
Mon Mon 23 Jun 2025 02:56:15 PM CEST
started: processing CAD model
>>>>>>>>>>>>>>>>>>>>>>>>>>>>>>>>>>>>

========================================================================
Processing CAD model
	[Improved internal geometry representation]
	[Accuracy improvement for long shapes in inhomogeneous mesh regions]
Version: 2024.0 Release from 2023-09-01 (change 1164796)
PBA version 2013051613
Sub-Workflow: Facets-QQ-GEX
Workflow updated: -
Mon Mon 23 Jun 2025 02:56:15 PM CEST
========================================================================

---------------------------------------------
Used point accuracy enhancement value: 0.00%.
---------------------------------------------

=============================================================================
Mesh statistics:
-----------------------------------------------------------------------------
Minimum edge length (x): 0.494 @ mesh line 5 (x)
Maximum edge length (x): 0.87 @ mesh line 18 (x)
Minimum face area (x): 0.0259 @ mesh lines 558 | 17 (y | z)
Maximum face area (x): 1.14 @ mesh lines 85 | 10 (y | z)
Minimum edge length (y): 0.0589 @ mesh line 558 (y)
Maximum edge length (y): 1.12 @ mesh line 85 (y)
Minimum face area (y): 0.217 @ mesh lines 17 | 5 (z | x)
Maximum face area (y): 0.886 @ mesh lines 10 | 18 (z | x)
Minimum edge length (z): 0.439 @ mesh line 17 (z)
Maximum edge length (z): 1.02 @ mesh line 10 (z)
Minimum face area (z): 0.0291 @ mesh lines 5 | 558 (x | y)
Maximum face area (z): 0.975 @ mesh lines 18 | 85 (x | y)
Maximum mesh face aspect ratio (x): 17.3 : 1.0  @ mesh lines 558 | 10 (y | z)
Maximum mesh face aspect ratio (y): 2.06 : 1.0  @ mesh lines 10 | 5 (z | x)
Maximum mesh face aspect ratio (z): 14.8 : 1.0  @ mesh lines 18 | 558 (x | y)
=============================================================================

============================================================================
Available resources to store TST cells: 2147104567 (566398.80% of mesh size)
============================================================================

------------------------------------------------------------------------------------------------
Geometry processing log
	PEC background is represented by CAD geometry: false
	Background shape: added
	Number of CAD shapes: 1
	Number of lumps: 0
------------------------------------------------------------------------------------------------
=========================================
== CST Matrix Calculation Priority Log ==
=========================================
Priorities are sorted in ascending order beginning with the lowest priority
 
Group | Shape-ID | ShapeName | Material | User-priority | 2D/3D-Geometry | Material-attributes | Shape-attributes | Feature-ID | Schemetype
1 | 2 | </cst/Boundaries/> Low^X | $NFSMaterial$ | n/a | no | normal.vacuum. | boundary. | n/a | FIT_TD
1 | 3 | </cst/Boundaries/> Low^Y | $NFSMaterial$ | n/a | no | normal.vacuum. | boundary. | n/a | FIT_TD
1 | 4 | </cst/Boundaries/> Low^Z | $NFSMaterial$ | n/a | no | normal.vacuum. | boundary. | n/a | FIT_TD
1 | 5 | </cst/Boundaries/> Up^X | $NFSMaterial$ | n/a | no | normal.vacuum. | boundary. | n/a | FIT_TD
1 | 6 | </cst/Boundaries/> Up^Y | $NFSMaterial$ | n/a | no | normal.vacuum. | boundary. | n/a | FIT_TD
1 | 7 | </cst/Boundaries/> Up^Z | $NFSMaterial$ | n/a | no | normal.vacuum. | boundary. | n/a | FIT_TD
2 | 1 | antenna:waveguide | Silver | n/a | yes | pec.rho.surface-impedance. | solid. | n/a | FIT_TD
=========================================
************************************************************************************************
General settings
	PBA version: legacy
------------------------------------------------------------------------------------------------
Geometry processor: legacy
	Geo accuracy: 0.000000
	Watertightness check: true
	Self intersection check: false
	Inheritance (all): false
	Normal dominance (all): false
	Normal dominance (ports): false
	Flanges hollow: true
	One shape per flange: false
	Multi threading: false
		max # of threads used: 1
		requested max # of threads: 1
		representation: ppm
		method: single thread
		retry: no
------------------------------------------------------------------------------------------------
CAD processing settings are set to default
------------------------------------------------------------------------------------------------
Connectivity settings
	Workflow selection: 0
	Workflow version: 20170101
	Gap detection: false
	Gap detection version: 1
	TST version: 1
	QQ workflow: true
	CoCo workflow: true
	Legacy topology: false
	Connectivity check: false
------------------------------------------------------------------------------------------------
------------------------------------------------------------------------------------------------
CAD Processing Version Info
	ACIS version installed:	33.0.1
	ACIS version used:	33.0.1
------------------------------------------------------------------------------------------------
Success method:	fb-single-thread-21
************************************************************************************************

=======================
Finished CAD processing
=======================

<<<<<<<<<<<<<<<<<<<<<<<<<<<<<<<<<<<<<<<<<<
Mon Mon 23 Jun 2025 02:56:16 PM CEST
Resource usage for processing CAD model:
	Runtime                 00:00:00.00782
	Peak Memory Usage:               79 MB
<<<<<<<<<<<<<<<<<<<<<<<<<<<<<<<<<<<<<<<<<<

------------------------------------------------------------
Parallelization Info
------------------------------------------------------------
Hyperthreading active: false
Hyperthreading used: false
Number of concurrent threads: 6
Number of concurrent threads using GPU: 0
Number of node domains: 8
Domains-to-threads scaling: 2
Average FI domain size: 2e+04
Nice mode: true
Delayed matrix calculation start: false
Load balancing: Version 20090403
Number of mesh fill domains: 25
Memory downscale: 1
Shared memory representation: none
CPU load: 75.00%
Emptiness: 0.00%
Hex mesh complexity: 0.34580
Geometric complexity: 0.01828
lower size limit of domain (1D): 60
------------------------------------------------------------
Node order
3, 4, 5, 2, 6, 1, 7, 0
------------------------------------------------------------

-------------------------------------------------------------------
Matrix calculation job submit section 0
Currently running jobs: 0
Waiting jobs: 8
Concurrency for section: 6/6
Memory physically installed: 16.1193 GB
Memory currently available: 10.0512 GB
Memory already used: 6.06818 GB
Matrix calculation @ 1xN-Node 0003
	Mesh coverage: 4370000.00 %
	Estimated peak memory usage per node: 201 MB, tightness: 2.00 %
	GPU acceleration: off
	Processor group: 0
Matrix calculation @ 1xN-Node 0004
	Mesh coverage: 4370000.00 %
	Estimated peak memory usage per node: 199 MB, tightness: 1.98 %
	GPU acceleration: off
	Processor group: 1
Matrix calculation @ 1xN-Node 0005
	Mesh coverage: 4370000.00 %
	Estimated peak memory usage per node: 197 MB, tightness: 1.96 %
	GPU acceleration: off
	Processor group: 2
Matrix calculation @ 1xN-Node 0002
	Mesh coverage: 4370000.00 %
	Estimated peak memory usage per node: 197 MB, tightness: 1.96 %
	GPU acceleration: off
	Processor group: 3
Matrix calculation @ 1xN-Node 0006
	Mesh coverage: 4370000.00 %
	Estimated peak memory usage per node: 188 MB, tightness: 1.88 %
	GPU acceleration: off
	Processor group: 4
Matrix calculation @ 1xN-Node 0001
	Mesh coverage: 4370000.00 %
	Estimated peak memory usage per node: 188 MB, tightness: 1.88 %
	GPU acceleration: off
	Processor group: 5
Node distribution on 8 numa nodes: 1 - 1 - 1 - 1 - 1 - 1 - 0 - 0
-------------------------------------------------------------------

-------------------------------------------------------------------
Matrix calculation job submit section 1
Currently running jobs: 5
Waiting jobs: 2
Concurrency for section: 1/6
Memory physically installed: 16.1193 GB
Memory currently available: 9.55923 GB
Memory already used: 6.56011 GB
Matrix calculation @ 1xN-Node 0007
	Mesh coverage: 4370000.00 %
	Estimated peak memory usage per node: 188 MB, tightness: 1.97 %
	GPU acceleration: off
	Processor group: 0
Node distribution on 8 numa nodes: 1 - 1 - 1 - 1 - 1 - 1 - 0 - 0
-------------------------------------------------------------------

-------------------------------------------------------------------
Matrix calculation job submit section 2
Currently running jobs: 5
Waiting jobs: 1
Concurrency for section: 1/6
Memory physically installed: 16.1193 GB
Memory currently available: 9.63261 GB
Memory already used: 6.48673 GB
Matrix calculation @ 1xN-Node 0000
	Mesh coverage: 4322500.00 %
	Estimated peak memory usage per node: 183 MB, tightness: 1.90 %
	GPU acceleration: off
	Processor group: 1
Node distribution on 8 numa nodes: 1 - 1 - 1 - 1 - 1 - 1 - 0 - 0
-------------------------------------------------------------------

------------------------------------
Mesh: # of points excl. TSTs: 379080
      # of points incl. TSTs: 379080
------------------------------------

===========================================
Data rearrangement statistics:
Disk IO directories:	00:00:00.0001
Disk IO node domain files:	00:00:00.0312
Disk IO FI domain files:	00:00:00.0000
Disk IO meta information:	00:00:00.0010
Sequential merge (TST):	00:00:00.0000
===========================================

1xN000:  ===================================================================================
         [Boundaries] - MCalc
         open-add-space, open-add-space, open-add-space, mpi, open-add-space, open-add-space
         ===================================================================================

1xN000:  ========================================
         [Mesh] Matrix calculation - NO ACIS mode
         [Mesh] 1xN MPI or parallelization mode
         ========================================

1xN000:  =============================
         [Mesh] Expansion: 0 0 0 1 0 0
         =============================

1xN000:  ==================================================
         [Mesh] world: o(0000,0000,0000) e(0020,0729,0026)
         [Mesh] l-1xN: o(0000,0000,0000) e(0020,0092,0026)
         [Mesh] e-1xN: o(0000,0000,0000) e(0020,0093,0026)
         [Mesh] g-MPI: not available
         [Mesh] bound offset: (0 | 0 | 0)
         ==================================================

1xN000:  =================================================================================
          - hardware info
            + cpu name                    : AMD Ryzen 7 4700U with Radeon Graphics
            + sockets                     : 1
            + cores per socket            : 8
            + hyperthreading              : off
            + max cpuid level             : 16
            + max cpuid ext. level        : 32
            + numa nodes                  : 1
            + sub numa nodes              : 8
            + internal cpu info           : CPUID: selected engine is 'Leaf 0xB detection'
         apic ids           : 0, 1, 2, 3, 4, 5, 6, 7
         apic ids (fallback): 0, 1, 2, 3, 4, 5, 6, 7
         from cpu registers: 0, 1, 2, 3, 4, 5, 6, 7
         from /Proc/cpuinfo: 0, 1, 2, 3, 4, 5, 6, 7
         combined: 0, 1, 2, 3, 4, 5, 6, 7
         max id per cpu: 64
         SMT mask: 0
         Core mask: 3f
         Package mask: ffffffc0
         set results:
           - packages: 1
           - cores: 8
           - smts: 1
         generate core map, new implementation
         0, 1, 2, 3, 4, 5, 6, 7
         packages: 1
         cores   : 8
         ht units: 1
          - pinning rule in use   : PINNING_RULE_MCALC_SKIP_ALL
          - desired group         : 1
          - num cores available   : 8
          - active core list from affinity:
            + num accessible procs          : 8
            + num logical procs             : 8
            + current affinity (env)        : 0,1,2,3,4,5,6,7
            + sockets ids in                : 0
            + core list                  (1): 0,1,2,3,4,5,6,7
          - active cores          : 0,1,2,3,4,5,6,7
          - allowed core ids      :
          - allowed core ids (aff): 00000000
          - pinning failed: no core defined in affinity mask
          - used mask (string)    : 00000000
         =================================================================================

1xN000:  ===========================================================================
         Version: 2024.0 Release from 2023-09-01 (change 1164796) [Release]
         Workflow: PBA matrix coefficients
         Operation: [fpba, meshfill, bg, port-path, tst, coeff, surface-imp]
         Architecture: Linux, ID: AMD64
         System Linux-64bit
         Using processor group 1/1
         Matrix calculation information:
         # of Nodes: 8
         Concurrency: 6
         Start ID: 7
         Node ID: 0
         HEX Mesh information:
         Hex mesh: node: [hxr o(0 | 0 | 0) s(20 | 92 | 26) np (no TSTs): 47840]
         Hex mesh: extended: [hxr o(0 | 0 | 0) s(20 | 93 | 26) np (no TSTs): 48360]
         ===========================================================================

1xN000:  -----------------------------------------------------
         Memory status on node "1xN000" for matrix calculation
         	Estimated memory consumption: 0.182612 GB
         	Physical memory installed: 16.1193 GB
         	Available physical memory: 9.67335 GB
         	Available relative memory: 60.0108 %
         -----------------------------------------------------

1xN000:  >>>>>>>>>>>>>>>>>>>>>>>>>>>>>>>>>>>>>>>>>>>>>>>>>
         Mon Mon 23 Jun 2025 02:56:33 PM CEST
         started: calculating matrix coefficients per node
         >>>>>>>>>>>>>>>>>>>>>>>>>>>>>>>>>>>>>>>>>>>>>>>>>

1xN000:  ===========================================================
         Matrix computation (PBA)
         	[Perfect Boundary Approximation (PBA), version: legacy]
         	[GPU acceleration: off (not supported)]
         Version: 2024.0 Release from 2023-09-01 (change 1164796)
         PBA version 2013051613
         Sub-Workflow: FPBA-1xN-TST1-Node
         Workflow updated: -
         Mon Mon 23 Jun 2025 02:56:33 PM CEST
         ===========================================================

1xN000:  -------------------------------------------------
         Geometry representation: compact
         Shared memory: none
         FARM allocation scheme: BBM
         Parallelization: on, used

1xN000:



1xN000:  ----------------------
         Acceleration mode: CPU
         ----------------------

1xN000:  Port homogenization method: FARM voxels copy
1xN000:  -------------------
         TST Statistics:
         E Split (0 | 0 | 0)
         E Adapt (0 | 0 | 0)
         B Split (0 | 0 | 0)
         B Adapt (0 | 0 | 0)
         -------------------

1xN000:  ssssssssssssssssssssssssssssssssssssssssss
         # of curls with SI accuracy enhancement: 0
         ssssssssssssssssssssssssssssssssssssssssss

1xN000:  ------------------------------------------------------------------------------
         PBA fill limit is applied in inverse mode.
         PBA fill limit is applied on faces filled with at least 93.77% metal material.
         --------------------------------------------------------------
         detailed accuracy settings:
         --------------------------------------------------------------
         augmented fill limit:       true
         augmented fill limit value: 93.77
         automatic fill limit:       true
         early fill limit:           true
         inverse fill limit:         true
         model complexity:           0.00
         legacy 2015:                false
         fixed point accuracy:       false
         minimum point accuracy:     0
         mesh step inheritance:      false
         accuracy mode:
         ------------------------------------------------------------------------------

1xN000:  =================================
         Finished matrix computation (PBA)
         =================================

1xN000:  <<<<<<<<<<<<<<<<<<<<<<<<<<<<<<<<<<<<<<<<<<<<<<<<<<<<<<<<<<<<
         Mon Mon 23 Jun 2025 02:56:49 PM CEST
         Resource usage for calculating matrix coefficients per node:
         	Runtime                          00:00:15.00650
         	Peak Memory Estimation:                  183 MB
         	Peak Memory Usage:                        96 MB
         <<<<<<<<<<<<<<<<<<<<<<<<<<<<<<<<<<<<<<<<<<<<<<<<<<<<<<<<<<<<



1xN001:  ========================================================================
         [Boundaries] - MCalc
         open-add-space, open-add-space, mpi, mpi, open-add-space, open-add-space
         ========================================================================

1xN001:  ========================================
         [Mesh] Matrix calculation - NO ACIS mode
         [Mesh] 1xN MPI or parallelization mode
         ========================================

1xN001:  ==============================
         [Mesh] Expansion: 0 0 -1 1 0 0
         ==============================

1xN001:  ==================================================
         [Mesh] world: o(0000,0000,0000) e(0020,0729,0026)
         [Mesh] l-1xN: o(0000,0090,0000) e(0020,0183,0026)
         [Mesh] e-1xN: o(0000,0089,0000) e(0020,0184,0026)
         [Mesh] g-MPI: not available
         [Mesh] bound offset: (0 | 0 | -1)
         ==================================================

1xN001:  =================================================================================
          - hardware info
            + cpu name                    : AMD Ryzen 7 4700U with Radeon Graphics
            + sockets                     : 1
            + cores per socket            : 8
            + hyperthreading              : off
            + max cpuid level             : 16
            + max cpuid ext. level        : 32
            + numa nodes                  : 1
            + sub numa nodes              : 8
            + internal cpu info           : CPUID: selected engine is 'Leaf 0xB detection'
         apic ids           : 0, 1, 2, 3, 4, 5, 6, 7
         apic ids (fallback): 0, 1, 2, 3, 4, 5, 6, 7
         from cpu registers: 0, 1, 2, 3, 4, 5, 6, 7
         from /Proc/cpuinfo: 0, 1, 2, 3, 4, 5, 6, 7
         combined: 0, 1, 2, 3, 4, 5, 6, 7
         max id per cpu: 64
         SMT mask: 0
         Core mask: 3f
         Package mask: ffffffc0
         set results:
           - packages: 1
           - cores: 8
           - smts: 1
         generate core map, new implementation
         0, 1, 2, 3, 4, 5, 6, 7
         packages: 1
         cores   : 8
         ht units: 1
          - pinning rule in use   : PINNING_RULE_MCALC_SKIP_ALL
          - desired group         : 5
          - num cores available   : 8
          - active core list from affinity:
            + num accessible procs          : 8
            + num logical procs             : 8
            + current affinity (env)        : 0,1,2,3,4,5,6,7
            + sockets ids in                : 0
            + core list                  (1): 0,1,2,3,4,5,6,7
          - active cores          : 0,1,2,3,4,5,6,7
          - allowed core ids      :
          - allowed core ids (aff): 00000000
          - pinning failed: no core defined in affinity mask
          - used mask (string)    : 00000000
         =================================================================================

1xN001:  ============================================================================
         Version: 2024.0 Release from 2023-09-01 (change 1164796) [Release]
         Workflow: PBA matrix coefficients
         Operation: [fpba, meshfill, bg, port-path, tst, coeff, surface-imp]
         Architecture: Linux, ID: AMD64
         System Linux-64bit
         Using processor group 5/1
         Matrix calculation information:
         # of Nodes: 8
         Concurrency: 6
         Start ID: 5
         Node ID: 1
         HEX Mesh information:
         Hex mesh: node: [hxr o(0 | 90 | 0) s(20 | 93 | 26) np (no TSTs): 48360]
         Hex mesh: extended: [hxr o(0 | 89 | 0) s(20 | 95 | 26) np (no TSTs): 49400]
         ============================================================================

1xN001:  -----------------------------------------------------
         Memory status on node "1xN001" for matrix calculation
         	Estimated memory consumption: 0.188479 GB
         	Physical memory installed: 16.1193 GB
         	Available physical memory: 10.0378 GB
         	Available relative memory: 62.2717 %
         -----------------------------------------------------

1xN001:  >>>>>>>>>>>>>>>>>>>>>>>>>>>>>>>>>>>>>>>>>>>>>>>>>
         Mon Mon 23 Jun 2025 02:56:17 PM CEST
         started: calculating matrix coefficients per node
         >>>>>>>>>>>>>>>>>>>>>>>>>>>>>>>>>>>>>>>>>>>>>>>>>

1xN001:  ===========================================================
         Matrix computation (PBA)
         	[Perfect Boundary Approximation (PBA), version: legacy]
         	[GPU acceleration: off (not supported)]
         Version: 2024.0 Release from 2023-09-01 (change 1164796)
         PBA version 2013051613
         Sub-Workflow: FPBA-1xN-TST1-Node
         Workflow updated: -
         Mon Mon 23 Jun 2025 02:56:17 PM CEST
         ===========================================================

1xN001:  -------------------------------------------------
         Geometry representation: compact
         Shared memory: none
         FARM allocation scheme: BBM
         Parallelization: on, used

1xN001:



1xN001:  ----------------------
         Acceleration mode: CPU
         ----------------------

1xN001:  Port homogenization method: FARM voxels copy
1xN001:  -------------------
         TST Statistics:
         E Split (0 | 0 | 0)
         E Adapt (0 | 0 | 0)
         B Split (0 | 0 | 0)
         B Adapt (0 | 0 | 0)
         -------------------

1xN001:  ssssssssssssssssssssssssssssssssssssssssss
         # of curls with SI accuracy enhancement: 0
         ssssssssssssssssssssssssssssssssssssssssss

1xN001:  ------------------------------------------------------------------------------
         PBA fill limit is applied in inverse mode.
         PBA fill limit is applied on faces filled with at least 93.77% metal material.
         --------------------------------------------------------------
         detailed accuracy settings:
         --------------------------------------------------------------
         augmented fill limit:       true
         augmented fill limit value: 93.77
         automatic fill limit:       true
         early fill limit:           true
         inverse fill limit:         true
         model complexity:           0.00
         legacy 2015:                false
         fixed point accuracy:       false
         minimum point accuracy:     0
         mesh step inheritance:      false
         accuracy mode:
         ------------------------------------------------------------------------------

1xN001:  =================================
         Finished matrix computation (PBA)
         =================================

1xN001:  <<<<<<<<<<<<<<<<<<<<<<<<<<<<<<<<<<<<<<<<<<<<<<<<<<<<<<<<<<<<
         Mon Mon 23 Jun 2025 02:56:33 PM CEST
         Resource usage for calculating matrix coefficients per node:
         	Runtime                          00:00:16.00118
         	Peak Memory Estimation:                  188 MB
         	Peak Memory Usage:                        96 MB
         <<<<<<<<<<<<<<<<<<<<<<<<<<<<<<<<<<<<<<<<<<<<<<<<<<<<<<<<<<<<



1xN002:  ========================================================================
         [Boundaries] - MCalc
         open-add-space, open-add-space, mpi, mpi, open-add-space, open-add-space
         ========================================================================

1xN002:  ========================================
         [Mesh] Matrix calculation - NO ACIS mode
         [Mesh] 1xN MPI or parallelization mode
         ========================================

1xN002:  ==============================
         [Mesh] Expansion: 0 0 -1 1 0 0
         ==============================

1xN002:  ==================================================
         [Mesh] world: o(0000,0000,0000) e(0020,0729,0026)
         [Mesh] l-1xN: o(0000,0181,0000) e(0020,0274,0026)
         [Mesh] e-1xN: o(0000,0180,0000) e(0020,0275,0026)
         [Mesh] g-MPI: not available
         [Mesh] bound offset: (0 | 0 | -1)
         ==================================================

1xN002:  =================================================================================
          - hardware info
            + cpu name                    : AMD Ryzen 7 4700U with Radeon Graphics
            + sockets                     : 1
            + cores per socket            : 8
            + hyperthreading              : off
            + max cpuid level             : 16
            + max cpuid ext. level        : 32
            + numa nodes                  : 1
            + sub numa nodes              : 8
            + internal cpu info           : CPUID: selected engine is 'Leaf 0xB detection'
         apic ids           : 0, 1, 2, 3, 4, 5, 6, 7
         apic ids (fallback): 0, 1, 2, 3, 4, 5, 6, 7
         from cpu registers: 0, 1, 2, 3, 4, 5, 6, 7
         from /Proc/cpuinfo: 0, 1, 2, 3, 4, 5, 6, 7
         combined: 0, 1, 2, 3, 4, 5, 6, 7
         max id per cpu: 64
         SMT mask: 0
         Core mask: 3f
         Package mask: ffffffc0
         set results:
           - packages: 1
           - cores: 8
           - smts: 1
         generate core map, new implementation
         0, 1, 2, 3, 4, 5, 6, 7
         packages: 1
         cores   : 8
         ht units: 1
          - pinning rule in use   : PINNING_RULE_MCALC_SKIP_ALL
          - desired group         : 3
          - num cores available   : 8
          - active core list from affinity:
            + num accessible procs          : 8
            + num logical procs             : 8
            + current affinity (env)        : 0,1,2,3,4,5,6,7
            + sockets ids in                : 0
            + core list                  (1): 0,1,2,3,4,5,6,7
          - active cores          : 0,1,2,3,4,5,6,7
          - allowed core ids      :
          - allowed core ids (aff): 00000000
          - pinning failed: no core defined in affinity mask
          - used mask (string)    : 00000000
         =================================================================================

1xN002:  =============================================================================
         Version: 2024.0 Release from 2023-09-01 (change 1164796) [Release]
         Workflow: PBA matrix coefficients
         Operation: [fpba, meshfill, bg, port-path, tst, coeff, surface-imp]
         Architecture: Linux, ID: AMD64
         System Linux-64bit
         Using processor group 3/1
         Matrix calculation information:
         # of Nodes: 8
         Concurrency: 6
         Start ID: 3
         Node ID: 2
         HEX Mesh information:
         Hex mesh: node: [hxr o(0 | 181 | 0) s(20 | 93 | 26) np (no TSTs): 48360]
         Hex mesh: extended: [hxr o(0 | 180 | 0) s(20 | 95 | 26) np (no TSTs): 49400]
         =============================================================================

1xN002:  -----------------------------------------------------
         Memory status on node "1xN002" for matrix calculation
         	Estimated memory consumption: 0.197193 GB
         	Physical memory installed: 16.1193 GB
         	Available physical memory: 10.0378 GB
         	Available relative memory: 62.2717 %
         -----------------------------------------------------

1xN002:  >>>>>>>>>>>>>>>>>>>>>>>>>>>>>>>>>>>>>>>>>>>>>>>>>
         Mon Mon 23 Jun 2025 02:56:17 PM CEST
         started: calculating matrix coefficients per node
         >>>>>>>>>>>>>>>>>>>>>>>>>>>>>>>>>>>>>>>>>>>>>>>>>

1xN002:  ===========================================================
         Matrix computation (PBA)
         	[Perfect Boundary Approximation (PBA), version: legacy]
         	[GPU acceleration: off (not supported)]
         Version: 2024.0 Release from 2023-09-01 (change 1164796)
         PBA version 2013051613
         Sub-Workflow: FPBA-1xN-TST1-Node
         Workflow updated: -
         Mon Mon 23 Jun 2025 02:56:17 PM CEST
         ===========================================================

1xN002:  -------------------------------------------------
         Geometry representation: compact
         Shared memory: none
         FARM allocation scheme: BBM
         Parallelization: on, used

1xN002:



1xN002:  ----------------------
         Acceleration mode: CPU
         ----------------------

1xN002:  Port homogenization method: FARM voxels copy
1xN002:  -------------------
         TST Statistics:
         E Split (0 | 0 | 0)
         E Adapt (0 | 0 | 0)
         B Split (0 | 0 | 0)
         B Adapt (0 | 0 | 0)
         -------------------

1xN002:  ssssssssssssssssssssssssssssssssssssssssss
         # of curls with SI accuracy enhancement: 0
         ssssssssssssssssssssssssssssssssssssssssss

1xN002:  ------------------------------------------------------------------------------
         PBA fill limit is applied in inverse mode.
         PBA fill limit is applied on faces filled with at least 93.77% metal material.
         --------------------------------------------------------------
         detailed accuracy settings:
         --------------------------------------------------------------
         augmented fill limit:       true
         augmented fill limit value: 93.77
         automatic fill limit:       true
         early fill limit:           true
         inverse fill limit:         true
         model complexity:           0.00
         legacy 2015:                false
         fixed point accuracy:       false
         minimum point accuracy:     0
         mesh step inheritance:      false
         accuracy mode:
         ------------------------------------------------------------------------------

1xN002:  =================================
         Finished matrix computation (PBA)
         =================================

1xN002:  <<<<<<<<<<<<<<<<<<<<<<<<<<<<<<<<<<<<<<<<<<<<<<<<<<<<<<<<<<<<
         Mon Mon 23 Jun 2025 02:56:33 PM CEST
         Resource usage for calculating matrix coefficients per node:
         	Runtime                          00:00:15.00627
         	Peak Memory Estimation:                  197 MB
         	Peak Memory Usage:                        97 MB
         <<<<<<<<<<<<<<<<<<<<<<<<<<<<<<<<<<<<<<<<<<<<<<<<<<<<<<<<<<<<



1xN003:  ========================================================================
         [Boundaries] - MCalc
         open-add-space, open-add-space, mpi, mpi, open-add-space, open-add-space
         ========================================================================

1xN003:  ========================================
         [Mesh] Matrix calculation - NO ACIS mode
         [Mesh] 1xN MPI or parallelization mode
         ========================================

1xN003:  ==============================
         [Mesh] Expansion: 0 0 -1 1 0 0
         ==============================

1xN003:  ==================================================
         [Mesh] world: o(0000,0000,0000) e(0020,0729,0026)
         [Mesh] l-1xN: o(0000,0272,0000) e(0020,0365,0026)
         [Mesh] e-1xN: o(0000,0271,0000) e(0020,0366,0026)
         [Mesh] g-MPI: not available
         [Mesh] bound offset: (0 | 0 | -1)
         ==================================================

1xN003:  =================================================================================
          - hardware info
            + cpu name                    : AMD Ryzen 7 4700U with Radeon Graphics
            + sockets                     : 1
            + cores per socket            : 8
            + hyperthreading              : off
            + max cpuid level             : 16
            + max cpuid ext. level        : 32
            + numa nodes                  : 1
            + sub numa nodes              : 8
            + internal cpu info           : CPUID: selected engine is 'Leaf 0xB detection'
         apic ids           : 0, 1, 2, 3, 4, 5, 6, 7
         apic ids (fallback): 0, 1, 2, 3, 4, 5, 6, 7
         from cpu registers: 0, 1, 2, 3, 4, 5, 6, 7
         from /Proc/cpuinfo: 0, 1, 2, 3, 4, 5, 6, 7
         combined: 0, 1, 2, 3, 4, 5, 6, 7
         max id per cpu: 64
         SMT mask: 0
         Core mask: 3f
         Package mask: ffffffc0
         set results:
           - packages: 1
           - cores: 8
           - smts: 1
         generate core map, new implementation
         0, 1, 2, 3, 4, 5, 6, 7
         packages: 1
         cores   : 8
         ht units: 1
          - pinning rule in use   : PINNING_RULE_MCALC_SKIP_ALL
          - desired group         : 0
          - num cores available   : 8
          - active core list from affinity:
            + num accessible procs          : 8
            + num logical procs             : 8
            + current affinity (env)        : 0,1,2,3,4,5,6,7
            + sockets ids in                : 0
            + core list                  (1): 0,1,2,3,4,5,6,7
          - active cores          : 0,1,2,3,4,5,6,7
          - skip pinning: + allowed number of sockets = available number of sockets
                          + hyperthreading off
         =================================================================================

1xN003:  =============================================================================
         Version: 2024.0 Release from 2023-09-01 (change 1164796) [Release]
         Workflow: PBA matrix coefficients
         Operation: [fpba, meshfill, bg, port-path, tst, coeff, surface-imp]
         Architecture: Linux, ID: AMD64
         System Linux-64bit
         Using processor group 0/1
         Matrix calculation information:
         # of Nodes: 8
         Concurrency: 6
         Start ID: 0
         Node ID: 3
         HEX Mesh information:
         Hex mesh: node: [hxr o(0 | 272 | 0) s(20 | 93 | 26) np (no TSTs): 48360]
         Hex mesh: extended: [hxr o(0 | 271 | 0) s(20 | 95 | 26) np (no TSTs): 49400]
         =============================================================================

1xN003:  -----------------------------------------------------
         Memory status on node "1xN003" for matrix calculation
         	Estimated memory consumption: 0.200764 GB
         	Physical memory installed: 16.1193 GB
         	Available physical memory: 10.0405 GB
         	Available relative memory: 62.2886 %
         -----------------------------------------------------

1xN003:  >>>>>>>>>>>>>>>>>>>>>>>>>>>>>>>>>>>>>>>>>>>>>>>>>
         Mon Mon 23 Jun 2025 02:56:17 PM CEST
         started: calculating matrix coefficients per node
         >>>>>>>>>>>>>>>>>>>>>>>>>>>>>>>>>>>>>>>>>>>>>>>>>

1xN003:  ===========================================================
         Matrix computation (PBA)
         	[Perfect Boundary Approximation (PBA), version: legacy]
         	[GPU acceleration: off (not supported)]
         Version: 2024.0 Release from 2023-09-01 (change 1164796)
         PBA version 2013051613
         Sub-Workflow: FPBA-1xN-TST1-Node
         Workflow updated: -
         Mon Mon 23 Jun 2025 02:56:17 PM CEST
         ===========================================================

1xN003:  -------------------------------------------------
         Geometry representation: compact
         Shared memory: none
         FARM allocation scheme: BBM
         Parallelization: on, used

1xN003:



1xN003:  ----------------------
         Acceleration mode: CPU
         ----------------------

1xN003:  Port homogenization method: FARM voxels copy
1xN003:  -------------------
         TST Statistics:
         E Split (0 | 0 | 0)
         E Adapt (0 | 0 | 0)
         B Split (0 | 0 | 0)
         B Adapt (0 | 0 | 0)
         -------------------

1xN003:  ssssssssssssssssssssssssssssssssssssssssss
         # of curls with SI accuracy enhancement: 0
         ssssssssssssssssssssssssssssssssssssssssss

1xN003:  ------------------------------------------------------------------------------
         PBA fill limit is applied in inverse mode.
         PBA fill limit is applied on faces filled with at least 93.77% metal material.
         --------------------------------------------------------------
         detailed accuracy settings:
         --------------------------------------------------------------
         augmented fill limit:       true
         augmented fill limit value: 93.77
         automatic fill limit:       true
         early fill limit:           true
         inverse fill limit:         true
         model complexity:           0.00
         legacy 2015:                false
         fixed point accuracy:       false
         minimum point accuracy:     0
         mesh step inheritance:      false
         accuracy mode:
         ------------------------------------------------------------------------------

1xN003:  =================================
         Finished matrix computation (PBA)
         =================================

1xN003:  <<<<<<<<<<<<<<<<<<<<<<<<<<<<<<<<<<<<<<<<<<<<<<<<<<<<<<<<<<<<
         Mon Mon 23 Jun 2025 02:56:32 PM CEST
         Resource usage for calculating matrix coefficients per node:
         	Runtime                          00:00:15.00162
         	Peak Memory Estimation:                  201 MB
         	Peak Memory Usage:                        95 MB
         <<<<<<<<<<<<<<<<<<<<<<<<<<<<<<<<<<<<<<<<<<<<<<<<<<<<<<<<<<<<



1xN004:  ========================================================================
         [Boundaries] - MCalc
         open-add-space, open-add-space, mpi, mpi, open-add-space, open-add-space
         ========================================================================

1xN004:  ========================================
         [Mesh] Matrix calculation - NO ACIS mode
         [Mesh] 1xN MPI or parallelization mode
         ========================================

1xN004:  ==============================
         [Mesh] Expansion: 0 0 -1 1 0 0
         ==============================

1xN004:  ==================================================
         [Mesh] world: o(0000,0000,0000) e(0020,0729,0026)
         [Mesh] l-1xN: o(0000,0363,0000) e(0020,0456,0026)
         [Mesh] e-1xN: o(0000,0362,0000) e(0020,0457,0026)
         [Mesh] g-MPI: not available
         [Mesh] bound offset: (0 | 0 | -1)
         ==================================================

1xN004:  =================================================================================
          - hardware info
            + cpu name                    : AMD Ryzen 7 4700U with Radeon Graphics
            + sockets                     : 1
            + cores per socket            : 8
            + hyperthreading              : off
            + max cpuid level             : 16
            + max cpuid ext. level        : 32
            + numa nodes                  : 1
            + sub numa nodes              : 8
            + internal cpu info           : CPUID: selected engine is 'Leaf 0xB detection'
         apic ids           : 0, 1, 2, 3, 4, 5, 6, 7
         apic ids (fallback): 0, 1, 2, 3, 4, 5, 6, 7
         from cpu registers: 0, 1, 2, 3, 4, 5, 6, 7
         from /Proc/cpuinfo: 0, 1, 2, 3, 4, 5, 6, 7
         combined: 0, 1, 2, 3, 4, 5, 6, 7
         max id per cpu: 64
         SMT mask: 0
         Core mask: 3f
         Package mask: ffffffc0
         set results:
           - packages: 1
           - cores: 8
           - smts: 1
         generate core map, new implementation
         0, 1, 2, 3, 4, 5, 6, 7
         packages: 1
         cores   : 8
         ht units: 1
          - pinning rule in use   : PINNING_RULE_MCALC_SKIP_ALL
          - desired group         : 1
          - num cores available   : 8
          - active core list from affinity:
            + num accessible procs          : 8
            + num logical procs             : 8
            + current affinity (env)        : 0,1,2,3,4,5,6,7
            + sockets ids in                : 0
            + core list                  (1): 0,1,2,3,4,5,6,7
          - active cores          : 0,1,2,3,4,5,6,7
          - allowed core ids      :
          - allowed core ids (aff): 00000000
          - pinning failed: no core defined in affinity mask
          - used mask (string)    : 00000000
         =================================================================================

1xN004:  =============================================================================
         Version: 2024.0 Release from 2023-09-01 (change 1164796) [Release]
         Workflow: PBA matrix coefficients
         Operation: [fpba, meshfill, bg, port-path, tst, coeff, surface-imp]
         Architecture: Linux, ID: AMD64
         System Linux-64bit
         Using processor group 1/1
         Matrix calculation information:
         # of Nodes: 8
         Concurrency: 6
         Start ID: 1
         Node ID: 4
         HEX Mesh information:
         Hex mesh: node: [hxr o(0 | 363 | 0) s(20 | 93 | 26) np (no TSTs): 48360]
         Hex mesh: extended: [hxr o(0 | 362 | 0) s(20 | 95 | 26) np (no TSTs): 49400]
         =============================================================================

1xN004:  -----------------------------------------------------
         Memory status on node "1xN004" for matrix calculation
         	Estimated memory consumption: 0.199244 GB
         	Physical memory installed: 16.1193 GB
         	Available physical memory: 10.0405 GB
         	Available relative memory: 62.2886 %
         -----------------------------------------------------

1xN004:  >>>>>>>>>>>>>>>>>>>>>>>>>>>>>>>>>>>>>>>>>>>>>>>>>
         Mon Mon 23 Jun 2025 02:56:17 PM CEST
         started: calculating matrix coefficients per node
         >>>>>>>>>>>>>>>>>>>>>>>>>>>>>>>>>>>>>>>>>>>>>>>>>

1xN004:  ===========================================================
         Matrix computation (PBA)
         	[Perfect Boundary Approximation (PBA), version: legacy]
         	[GPU acceleration: off (not supported)]
         Version: 2024.0 Release from 2023-09-01 (change 1164796)
         PBA version 2013051613
         Sub-Workflow: FPBA-1xN-TST1-Node
         Workflow updated: -
         Mon Mon 23 Jun 2025 02:56:17 PM CEST
         ===========================================================

1xN004:  -------------------------------------------------
         Geometry representation: compact
         Shared memory: none
         FARM allocation scheme: BBM
         Parallelization: on, used

1xN004:



1xN004:  ----------------------
         Acceleration mode: CPU
         ----------------------

1xN004:  Port homogenization method: FARM voxels copy
1xN004:  -------------------
         TST Statistics:
         E Split (0 | 0 | 0)
         E Adapt (0 | 0 | 0)
         B Split (0 | 0 | 0)
         B Adapt (0 | 0 | 0)
         -------------------

1xN004:  ssssssssssssssssssssssssssssssssssssssssss
         # of curls with SI accuracy enhancement: 0
         ssssssssssssssssssssssssssssssssssssssssss

1xN004:  ------------------------------------------------------------------------------
         PBA fill limit is applied in inverse mode.
         PBA fill limit is applied on faces filled with at least 93.77% metal material.
         --------------------------------------------------------------
         detailed accuracy settings:
         --------------------------------------------------------------
         augmented fill limit:       true
         augmented fill limit value: 93.77
         automatic fill limit:       true
         early fill limit:           true
         inverse fill limit:         true
         model complexity:           0.00
         legacy 2015:                false
         fixed point accuracy:       false
         minimum point accuracy:     0
         mesh step inheritance:      false
         accuracy mode:
         ------------------------------------------------------------------------------

1xN004:  =================================
         Finished matrix computation (PBA)
         =================================

1xN004:  <<<<<<<<<<<<<<<<<<<<<<<<<<<<<<<<<<<<<<<<<<<<<<<<<<<<<<<<<<<<
         Mon Mon 23 Jun 2025 02:56:33 PM CEST
         Resource usage for calculating matrix coefficients per node:
         	Runtime                          00:00:15.00267
         	Peak Memory Estimation:                  199 MB
         	Peak Memory Usage:                        96 MB
         <<<<<<<<<<<<<<<<<<<<<<<<<<<<<<<<<<<<<<<<<<<<<<<<<<<<<<<<<<<<



1xN005:  ========================================================================
         [Boundaries] - MCalc
         open-add-space, open-add-space, mpi, mpi, open-add-space, open-add-space
         ========================================================================

1xN005:  ========================================
         [Mesh] Matrix calculation - NO ACIS mode
         [Mesh] 1xN MPI or parallelization mode
         ========================================

1xN005:  ==============================
         [Mesh] Expansion: 0 0 -1 1 0 0
         ==============================

1xN005:  ==================================================
         [Mesh] world: o(0000,0000,0000) e(0020,0729,0026)
         [Mesh] l-1xN: o(0000,0454,0000) e(0020,0547,0026)
         [Mesh] e-1xN: o(0000,0453,0000) e(0020,0548,0026)
         [Mesh] g-MPI: not available
         [Mesh] bound offset: (0 | 0 | -1)
         ==================================================

1xN005:  =================================================================================
          - hardware info
            + cpu name                    : AMD Ryzen 7 4700U with Radeon Graphics
            + sockets                     : 1
            + cores per socket            : 8
            + hyperthreading              : off
            + max cpuid level             : 16
            + max cpuid ext. level        : 32
            + numa nodes                  : 1
            + sub numa nodes              : 8
            + internal cpu info           : CPUID: selected engine is 'Leaf 0xB detection'
         apic ids           : 0, 1, 2, 3, 4, 5, 6, 7
         apic ids (fallback): 0, 1, 2, 3, 4, 5, 6, 7
         from cpu registers: 0, 1, 2, 3, 4, 5, 6, 7
         from /Proc/cpuinfo: 0, 1, 2, 3, 4, 5, 6, 7
         combined: 0, 1, 2, 3, 4, 5, 6, 7
         max id per cpu: 64
         SMT mask: 0
         Core mask: 3f
         Package mask: ffffffc0
         set results:
           - packages: 1
           - cores: 8
           - smts: 1
         generate core map, new implementation
         0, 1, 2, 3, 4, 5, 6, 7
         packages: 1
         cores   : 8
         ht units: 1
          - pinning rule in use   : PINNING_RULE_MCALC_SKIP_ALL
          - desired group         : 2
          - num cores available   : 8
          - active core list from affinity:
            + num accessible procs          : 8
            + num logical procs             : 8
            + current affinity (env)        : 0,1,2,3,4,5,6,7
            + sockets ids in                : 0
            + core list                  (1): 0,1,2,3,4,5,6,7
          - active cores          : 0,1,2,3,4,5,6,7
          - allowed core ids      :
          - allowed core ids (aff): 00000000
          - pinning failed: no core defined in affinity mask
          - used mask (string)    : 00000000
         =================================================================================

1xN005:  =============================================================================
         Version: 2024.0 Release from 2023-09-01 (change 1164796) [Release]
         Workflow: PBA matrix coefficients
         Operation: [fpba, meshfill, bg, port-path, tst, coeff, surface-imp]
         Architecture: Linux, ID: AMD64
         System Linux-64bit
         Using processor group 2/1
         Matrix calculation information:
         # of Nodes: 8
         Concurrency: 6
         Start ID: 2
         Node ID: 5
         HEX Mesh information:
         Hex mesh: node: [hxr o(0 | 454 | 0) s(20 | 93 | 26) np (no TSTs): 48360]
         Hex mesh: extended: [hxr o(0 | 453 | 0) s(20 | 95 | 26) np (no TSTs): 49400]
         =============================================================================

1xN005:  -----------------------------------------------------
         Memory status on node "1xN005" for matrix calculation
         	Estimated memory consumption: 0.197193 GB
         	Physical memory installed: 16.1193 GB
         	Available physical memory: 10.0388 GB
         	Available relative memory: 62.2782 %
         -----------------------------------------------------

1xN005:  >>>>>>>>>>>>>>>>>>>>>>>>>>>>>>>>>>>>>>>>>>>>>>>>>
         Mon Mon 23 Jun 2025 02:56:17 PM CEST
         started: calculating matrix coefficients per node
         >>>>>>>>>>>>>>>>>>>>>>>>>>>>>>>>>>>>>>>>>>>>>>>>>

1xN005:  ===========================================================
         Matrix computation (PBA)
         	[Perfect Boundary Approximation (PBA), version: legacy]
         	[GPU acceleration: off (not supported)]
         Version: 2024.0 Release from 2023-09-01 (change 1164796)
         PBA version 2013051613
         Sub-Workflow: FPBA-1xN-TST1-Node
         Workflow updated: -
         Mon Mon 23 Jun 2025 02:56:17 PM CEST
         ===========================================================

1xN005:  -------------------------------------------------
         Geometry representation: compact
         Shared memory: none
         FARM allocation scheme: BBM
         Parallelization: on, used

1xN005:



1xN005:  ----------------------
         Acceleration mode: CPU
         ----------------------

1xN005:  Port homogenization method: FARM voxels copy
1xN005:  -------------------
         TST Statistics:
         E Split (0 | 0 | 0)
         E Adapt (0 | 0 | 0)
         B Split (0 | 0 | 0)
         B Adapt (0 | 0 | 0)
         -------------------

1xN005:  ssssssssssssssssssssssssssssssssssssssssss
         # of curls with SI accuracy enhancement: 0
         ssssssssssssssssssssssssssssssssssssssssss

1xN005:  ------------------------------------------------------------------------------
         PBA fill limit is applied in inverse mode.
         PBA fill limit is applied on faces filled with at least 93.77% metal material.
         --------------------------------------------------------------
         detailed accuracy settings:
         --------------------------------------------------------------
         augmented fill limit:       true
         augmented fill limit value: 93.77
         automatic fill limit:       true
         early fill limit:           true
         inverse fill limit:         true
         model complexity:           0.00
         legacy 2015:                false
         fixed point accuracy:       false
         minimum point accuracy:     0
         mesh step inheritance:      false
         accuracy mode:
         ------------------------------------------------------------------------------

1xN005:  =================================
         Finished matrix computation (PBA)
         =================================

1xN005:  <<<<<<<<<<<<<<<<<<<<<<<<<<<<<<<<<<<<<<<<<<<<<<<<<<<<<<<<<<<<
         Mon Mon 23 Jun 2025 02:56:33 PM CEST
         Resource usage for calculating matrix coefficients per node:
         	Runtime                          00:00:15.00771
         	Peak Memory Estimation:                  197 MB
         	Peak Memory Usage:                        97 MB
         <<<<<<<<<<<<<<<<<<<<<<<<<<<<<<<<<<<<<<<<<<<<<<<<<<<<<<<<<<<<



1xN006:  ========================================================================
         [Boundaries] - MCalc
         open-add-space, open-add-space, mpi, mpi, open-add-space, open-add-space
         ========================================================================

1xN006:  ========================================
         [Mesh] Matrix calculation - NO ACIS mode
         [Mesh] 1xN MPI or parallelization mode
         ========================================

1xN006:  ==============================
         [Mesh] Expansion: 0 0 -1 1 0 0
         ==============================

1xN006:  ==================================================
         [Mesh] world: o(0000,0000,0000) e(0020,0729,0026)
         [Mesh] l-1xN: o(0000,0545,0000) e(0020,0638,0026)
         [Mesh] e-1xN: o(0000,0544,0000) e(0020,0639,0026)
         [Mesh] g-MPI: not available
         [Mesh] bound offset: (0 | 0 | -1)
         ==================================================

1xN006:  =================================================================================
          - hardware info
            + cpu name                    : AMD Ryzen 7 4700U with Radeon Graphics
            + sockets                     : 1
            + cores per socket            : 8
            + hyperthreading              : off
            + max cpuid level             : 16
            + max cpuid ext. level        : 32
            + numa nodes                  : 1
            + sub numa nodes              : 8
            + internal cpu info           : CPUID: selected engine is 'Leaf 0xB detection'
         apic ids           : 0, 1, 2, 3, 4, 5, 6, 7
         apic ids (fallback): 0, 1, 2, 3, 4, 5, 6, 7
         from cpu registers: 0, 1, 2, 3, 4, 5, 6, 7
         from /Proc/cpuinfo: 0, 1, 2, 3, 4, 5, 6, 7
         combined: 0, 1, 2, 3, 4, 5, 6, 7
         max id per cpu: 64
         SMT mask: 0
         Core mask: 3f
         Package mask: ffffffc0
         set results:
           - packages: 1
           - cores: 8
           - smts: 1
         generate core map, new implementation
         0, 1, 2, 3, 4, 5, 6, 7
         packages: 1
         cores   : 8
         ht units: 1
          - pinning rule in use   : PINNING_RULE_MCALC_SKIP_ALL
          - desired group         : 4
          - num cores available   : 8
          - active core list from affinity:
            + num accessible procs          : 8
            + num logical procs             : 8
            + current affinity (env)        : 0,1,2,3,4,5,6,7
            + sockets ids in                : 0
            + core list                  (1): 0,1,2,3,4,5,6,7
          - active cores          : 0,1,2,3,4,5,6,7
          - allowed core ids      :
          - allowed core ids (aff): 00000000
          - pinning failed: no core defined in affinity mask
          - used mask (string)    : 00000000
         =================================================================================

1xN006:  =============================================================================
         Version: 2024.0 Release from 2023-09-01 (change 1164796) [Release]
         Workflow: PBA matrix coefficients
         Operation: [fpba, meshfill, bg, port-path, tst, coeff, surface-imp]
         Architecture: Linux, ID: AMD64
         System Linux-64bit
         Using processor group 4/1
         Matrix calculation information:
         # of Nodes: 8
         Concurrency: 6
         Start ID: 4
         Node ID: 6
         HEX Mesh information:
         Hex mesh: node: [hxr o(0 | 545 | 0) s(20 | 93 | 26) np (no TSTs): 48360]
         Hex mesh: extended: [hxr o(0 | 544 | 0) s(20 | 95 | 26) np (no TSTs): 49400]
         =============================================================================

1xN006:  -----------------------------------------------------
         Memory status on node "1xN006" for matrix calculation
         	Estimated memory consumption: 0.188479 GB
         	Physical memory installed: 16.1193 GB
         	Available physical memory: 10.0378 GB
         	Available relative memory: 62.2717 %
         -----------------------------------------------------

1xN006:  >>>>>>>>>>>>>>>>>>>>>>>>>>>>>>>>>>>>>>>>>>>>>>>>>
         Mon Mon 23 Jun 2025 02:56:17 PM CEST
         started: calculating matrix coefficients per node
         >>>>>>>>>>>>>>>>>>>>>>>>>>>>>>>>>>>>>>>>>>>>>>>>>

1xN006:  ===========================================================
         Matrix computation (PBA)
         	[Perfect Boundary Approximation (PBA), version: legacy]
         	[GPU acceleration: off (not supported)]
         Version: 2024.0 Release from 2023-09-01 (change 1164796)
         PBA version 2013051613
         Sub-Workflow: FPBA-1xN-TST1-Node
         Workflow updated: -
         Mon Mon 23 Jun 2025 02:56:17 PM CEST
         ===========================================================

1xN006:  -------------------------------------------------
         Geometry representation: compact
         Shared memory: none
         FARM allocation scheme: BBM
         Parallelization: on, used

1xN006:



1xN006:  ----------------------
         Acceleration mode: CPU
         ----------------------

1xN006:  Port homogenization method: FARM voxels copy
1xN006:  -------------------
         TST Statistics:
         E Split (0 | 0 | 0)
         E Adapt (0 | 0 | 0)
         B Split (0 | 0 | 0)
         B Adapt (0 | 0 | 0)
         -------------------

1xN006:  ssssssssssssssssssssssssssssssssssssssssss
         # of curls with SI accuracy enhancement: 0
         ssssssssssssssssssssssssssssssssssssssssss

1xN006:  ------------------------------------------------------------------------------
         PBA fill limit is applied in inverse mode.
         PBA fill limit is applied on faces filled with at least 93.77% metal material.
         --------------------------------------------------------------
         detailed accuracy settings:
         --------------------------------------------------------------
         augmented fill limit:       true
         augmented fill limit value: 93.77
         automatic fill limit:       true
         early fill limit:           true
         inverse fill limit:         true
         model complexity:           0.00
         legacy 2015:                false
         fixed point accuracy:       false
         minimum point accuracy:     0
         mesh step inheritance:      false
         accuracy mode:
         ------------------------------------------------------------------------------

1xN006:  =================================
         Finished matrix computation (PBA)
         =================================

1xN006:  <<<<<<<<<<<<<<<<<<<<<<<<<<<<<<<<<<<<<<<<<<<<<<<<<<<<<<<<<<<<
         Mon Mon 23 Jun 2025 02:56:34 PM CEST
         Resource usage for calculating matrix coefficients per node:
         	Runtime                          00:00:16.00326
         	Peak Memory Estimation:                  188 MB
         	Peak Memory Usage:                        95 MB
         <<<<<<<<<<<<<<<<<<<<<<<<<<<<<<<<<<<<<<<<<<<<<<<<<<<<<<<<<<<<



1xN007:  ===================================================================================
         [Boundaries] - MCalc
         open-add-space, open-add-space, mpi, open-add-space, open-add-space, open-add-space
         ===================================================================================

1xN007:  ========================================
         [Mesh] Matrix calculation - NO ACIS mode
         [Mesh] 1xN MPI or parallelization mode
         ========================================

1xN007:  ==============================
         [Mesh] Expansion: 0 0 -1 0 0 0
         ==============================

1xN007:  ==================================================
         [Mesh] world: o(0000,0000,0000) e(0020,0729,0026)
         [Mesh] l-1xN: o(0000,0636,0000) e(0020,0729,0026)
         [Mesh] e-1xN: o(0000,0635,0000) e(0020,0729,0026)
         [Mesh] g-MPI: not available
         [Mesh] bound offset: (0 | 0 | -1)
         ==================================================

1xN007:  =================================================================================
          - hardware info
            + cpu name                    : AMD Ryzen 7 4700U with Radeon Graphics
            + sockets                     : 1
            + cores per socket            : 8
            + hyperthreading              : off
            + max cpuid level             : 16
            + max cpuid ext. level        : 32
            + numa nodes                  : 1
            + sub numa nodes              : 8
            + internal cpu info           : CPUID: selected engine is 'Leaf 0xB detection'
         apic ids           : 0, 1, 2, 3, 4, 5, 6, 7
         apic ids (fallback): 0, 1, 2, 3, 4, 5, 6, 7
         from cpu registers: 0, 1, 2, 3, 4, 5, 6, 7
         from /Proc/cpuinfo: 0, 1, 2, 3, 4, 5, 6, 7
         combined: 0, 1, 2, 3, 4, 5, 6, 7
         max id per cpu: 64
         SMT mask: 0
         Core mask: 3f
         Package mask: ffffffc0
         set results:
           - packages: 1
           - cores: 8
           - smts: 1
         generate core map, new implementation
         0, 1, 2, 3, 4, 5, 6, 7
         packages: 1
         cores   : 8
         ht units: 1
          - pinning rule in use   : PINNING_RULE_MCALC_SKIP_ALL
          - desired group         : 0
          - num cores available   : 8
          - active core list from affinity:
            + num accessible procs          : 8
            + num logical procs             : 8
            + current affinity (env)        : 0,1,2,3,4,5,6,7
            + sockets ids in                : 0
            + core list                  (1): 0,1,2,3,4,5,6,7
          - active cores          : 0,1,2,3,4,5,6,7
          - skip pinning: + allowed number of sockets = available number of sockets
                          + hyperthreading off
         =================================================================================

1xN007:  =============================================================================
         Version: 2024.0 Release from 2023-09-01 (change 1164796) [Release]
         Workflow: PBA matrix coefficients
         Operation: [fpba, meshfill, bg, port-path, tst, coeff, surface-imp]
         Architecture: Linux, ID: AMD64
         System Linux-64bit
         Using processor group 0/1
         Matrix calculation information:
         # of Nodes: 8
         Concurrency: 6
         Start ID: 6
         Node ID: 7
         HEX Mesh information:
         Hex mesh: node: [hxr o(0 | 636 | 0) s(20 | 93 | 26) np (no TSTs): 48360]
         Hex mesh: extended: [hxr o(0 | 635 | 0) s(20 | 94 | 26) np (no TSTs): 48880]
         =============================================================================

1xN007:  -----------------------------------------------------
         Memory status on node "1xN007" for matrix calculation
         	Estimated memory consumption: 0.188023 GB
         	Physical memory installed: 16.1193 GB
         	Available physical memory: 9.6295 GB
         	Available relative memory: 59.7388 %
         -----------------------------------------------------

1xN007:  >>>>>>>>>>>>>>>>>>>>>>>>>>>>>>>>>>>>>>>>>>>>>>>>>
         Mon Mon 23 Jun 2025 02:56:33 PM CEST
         started: calculating matrix coefficients per node
         >>>>>>>>>>>>>>>>>>>>>>>>>>>>>>>>>>>>>>>>>>>>>>>>>

1xN007:  ===========================================================
         Matrix computation (PBA)
         	[Perfect Boundary Approximation (PBA), version: legacy]
         	[GPU acceleration: off (not supported)]
         Version: 2024.0 Release from 2023-09-01 (change 1164796)
         PBA version 2013051613
         Sub-Workflow: FPBA-1xN-TST1-Node
         Workflow updated: -
         Mon Mon 23 Jun 2025 02:56:33 PM CEST
         ===========================================================

1xN007:  -------------------------------------------------
         Geometry representation: compact
         Shared memory: none
         FARM allocation scheme: BBM
         Parallelization: on, used

1xN007:



1xN007:  ----------------------
         Acceleration mode: CPU
         ----------------------

1xN007:  Port homogenization method: FARM voxels copy
1xN007:  -------------------
         TST Statistics:
         E Split (0 | 0 | 0)
         E Adapt (0 | 0 | 0)
         B Split (0 | 0 | 0)
         B Adapt (0 | 0 | 0)
         -------------------

1xN007:  ssssssssssssssssssssssssssssssssssssssssss
         # of curls with SI accuracy enhancement: 0
         ssssssssssssssssssssssssssssssssssssssssss

1xN007:  ------------------------------------------------------------------------------
         PBA fill limit is applied in inverse mode.
         PBA fill limit is applied on faces filled with at least 93.77% metal material.
         --------------------------------------------------------------
         detailed accuracy settings:
         --------------------------------------------------------------
         augmented fill limit:       true
         augmented fill limit value: 93.77
         automatic fill limit:       true
         early fill limit:           true
         inverse fill limit:         true
         model complexity:           0.00
         legacy 2015:                false
         fixed point accuracy:       false
         minimum point accuracy:     0
         mesh step inheritance:      false
         accuracy mode:
         ------------------------------------------------------------------------------

1xN007:  =================================
         Finished matrix computation (PBA)
         =================================

1xN007:  <<<<<<<<<<<<<<<<<<<<<<<<<<<<<<<<<<<<<<<<<<<<<<<<<<<<<<<<<<<<
         Mon Mon 23 Jun 2025 02:56:48 PM CEST
         Resource usage for calculating matrix coefficients per node:
         	Runtime                          00:00:15.00125
         	Peak Memory Estimation:                  188 MB
         	Peak Memory Usage:                        93 MB
         <<<<<<<<<<<<<<<<<<<<<<<<<<<<<<<<<<<<<<<<<<<<<<<<<<<<<<<<<<<<



<<<<<<<<<<<<<<<<<<<<<<<<<<<<<<<<<<<<<<<<<<<<<<<
Mon Mon 23 Jun 2025 02:56:50 PM CEST
Resource usage for parallelization control:
	Runtime                      00:00:38.00737
<<<<<<<<<<<<<<<<<<<<<<<<<<<<<<<<<<<<<<<<<<<<<<<

------------------------------------------------------------------------------------------------------------------------------
PBAMeshFeedback - InfoMap: 0[ms] - SBCell navigation: Using legacy edges - CornerCorrectionLinesAndWires: 0[ms] - Write: 4[ms]
ConnectivityAXG - 
------------------------------------------------------------------------------------------------------------------------------

--------------------------------
# of staircase filled cells: 0
# of staircase filled areas: 0
# of staircase filled edges: 0
# of faces above fill limit: 0
# of edges with FPBA topology: 0
--------------------------------

--------------------------------
# of staircase filled cells: 0
# of staircase filled areas: 0
# of staircase filled edges: 0
# of faces above fill limit: 0
# of edges with FPBA topology: 0
--------------------------------

--------------------------------
# of staircase filled cells: 0
# of staircase filled areas: 0
# of staircase filled edges: 0
# of faces above fill limit: 0
# of edges with FPBA topology: 0
--------------------------------

--------------------------------
# of staircase filled cells: 0
# of staircase filled areas: 0
# of staircase filled edges: 0
# of faces above fill limit: 0
# of edges with FPBA topology: 0
--------------------------------

--------------------------------
# of staircase filled cells: 0
# of staircase filled areas: 0
# of staircase filled edges: 0
# of faces above fill limit: 0
# of edges with FPBA topology: 0
--------------------------------

--------------------------------
# of staircase filled cells: 0
# of staircase filled areas: 0
# of staircase filled edges: 0
# of faces above fill limit: 0
# of edges with FPBA topology: 0
--------------------------------

