Port monitor named: Port1_h1.prt

nx        = 20
ny        = 729
nz        = 26

nu        = 16
nv        = 10
iu        = 6
iv        = 6

idir      = 1
dcut      = -2.182345e-001
icut      = 4
type      = 1
frequency = 2.400000e+010

fcutoff   = 1.685116e+010
alpha     = 0.000000e+000
beta      = 3.581617e+002
accuracy  = 1.339446e-010

type          = TE
wave imp.     = 5.290806e+002
wave imp.sig. = 1.110347e-005
line imp.     = 0.000000e+000

ref. port     = 0

-0.000000e+000  -0.000000e+000  -0.000000e+000  -0.000000e+000  -0.000000e+000  -0.000000e+000  -0.000000e+000  -0.000000e+000  -0.000000e+000  -0.000000e+000  -0.000000e+000  -0.000000e+000  -0.000000e+000  -0.000000e+000  -0.000000e+000  -0.000000e+000  
-0.000000e+000  -0.000000e+000  -1.959846e+000  -3.848873e+000  -5.598818e+000  -7.996040e+000  -9.847536e+000  -1.042698e+001  -9.659527e+000  -8.017562e+000  -6.621426e+000  -4.986020e+000  -3.170442e+000  -1.604513e+000  -0.000000e+000  -0.000000e+000  
-0.000000e+000  -0.000000e+000  -1.959846e+000  -3.848873e+000  -5.598818e+000  -7.996040e+000  -9.847536e+000  -1.042698e+001  -9.659527e+000  -8.017562e+000  -6.621426e+000  -4.986020e+000  -3.170442e+000  -1.604513e+000  -0.000000e+000  -0.000000e+000  
-0.000000e+000  -0.000000e+000  -1.959846e+000  -3.848873e+000  -5.598818e+000  -7.996040e+000  -9.847536e+000  -1.042698e+001  -9.659527e+000  -8.017562e+000  -6.621426e+000  -4.986020e+000  -3.170442e+000  -1.604513e+000  -0.000000e+000  -0.000000e+000  
-0.000000e+000  -0.000000e+000  -1.959846e+000  -3.848873e+000  -5.598818e+000  -7.996040e+000  -9.847536e+000  -1.042698e+001  -9.659527e+000  -8.017562e+000  -6.621426e+000  -4.986020e+000  -3.170442e+000  -1.604513e+000  -0.000000e+000  -0.000000e+000  
-0.000000e+000  -0.000000e+000  -1.959846e+000  -3.848873e+000  -5.598818e+000  -7.996040e+000  -9.847536e+000  -1.042698e+001  -9.659527e+000  -8.017562e+000  -6.621426e+000  -4.986020e+000  -3.170442e+000  -1.604513e+000  -0.000000e+000  -0.000000e+000  
-0.000000e+000  -0.000000e+000  -1.959846e+000  -3.848873e+000  -5.598818e+000  -7.996040e+000  -9.847536e+000  -1.042698e+001  -9.659527e+000  -8.017562e+000  -6.621426e+000  -4.986020e+000  -3.170442e+000  -1.604513e+000  -0.000000e+000  -0.000000e+000  
-0.000000e+000  -0.000000e+000  -1.959846e+000  -3.848873e+000  -5.598818e+000  -7.996040e+000  -9.847536e+000  -1.042698e+001  -9.659527e+000  -8.017562e+000  -6.621426e+000  -4.986020e+000  -3.170442e+000  -1.604513e+000  -0.000000e+000  -0.000000e+000  
-0.000000e+000  -0.000000e+000  -0.000000e+000  -0.000000e+000  -0.000000e+000  -0.000000e+000  -0.000000e+000  -0.000000e+000  -0.000000e+000  -0.000000e+000  -0.000000e+000  -0.000000e+000  -0.000000e+000  -0.000000e+000  -0.000000e+000  -0.000000e+000  
-0.000000e+000  -0.000000e+000  -0.000000e+000  -0.000000e+000  -0.000000e+000  -0.000000e+000  -0.000000e+000  -0.000000e+000  -0.000000e+000  -0.000000e+000  -0.000000e+000  -0.000000e+000  -0.000000e+000  -0.000000e+000  -0.000000e+000  -0.000000e+000  

-0.000000e+000  -0.000000e+000  -0.000000e+000  -0.000000e+000  -0.000000e+000  -0.000000e+000  -0.000000e+000  -0.000000e+000  -0.000000e+000  -0.000000e+000  -0.000000e+000  -0.000000e+000  -0.000000e+000  -0.000000e+000  -0.000000e+000  -0.000000e+000  
-0.000000e+000  -0.000000e+000  -0.000000e+000  -0.000000e+000  -0.000000e+000  -0.000000e+000  -0.000000e+000  -0.000000e+000  -0.000000e+000  -0.000000e+000  -0.000000e+000  -0.000000e+000  -0.000000e+000  -0.000000e+000  -0.000000e+000  -0.000000e+000  
-0.000000e+000  -2.025572e-009  -2.969343e-010  1.381330e-009  3.153014e-010  -1.482921e-009  8.109970e-010  7.307115e-010  2.485002e-010  -7.137252e-010  2.765953e-009  -2.413525e-009  -0.000000e+000  2.836426e-010  -0.000000e+000  -0.000000e+000  
-0.000000e+000  1.428543e-009  -1.339684e-009  -1.765384e-009  -2.493014e-010  2.693593e-010  1.218921e-009  -1.797396e-010  1.666666e-009  -1.888917e-009  -5.874041e-010  -4.238110e-010  1.929420e-009  -2.162872e-009  -0.000000e+000  -0.000000e+000  
-0.000000e+000  3.412536e-009  -5.929273e-009  4.859311e-010  8.933362e-010  -4.905846e-010  6.128522e-010  1.804640e-009  -1.731339e-009  2.095116e-010  -2.683288e-009  4.146861e-009  -1.812352e-009  -4.020029e-010  -0.000000e+000  -0.000000e+000  
-0.000000e+000  -1.117413e-009  4.945284e-009  -4.408511e-009  5.128242e-010  -6.875873e-010  7.731515e-010  8.153137e-010  -8.083730e-010  4.751495e-009  -3.781431e-009  -3.778952e-009  7.981276e-009  -4.965502e-009  -0.000000e+000  -0.000000e+000  
-0.000000e+000  7.976891e-010  1.890375e-009  -2.465089e-009  -4.288975e-010  -6.717049e-010  -0.000000e+000  2.150058e-009  -2.219181e-009  4.145788e-010  -1.076083e-009  1.894655e-009  7.119027e-010  -1.067608e-009  -0.000000e+000  -0.000000e+000  
-0.000000e+000  2.637306e-009  -4.647173e-009  -0.000000e+000  2.224997e-009  -1.322464e-009  1.247364e-009  -6.861345e-010  1.842281e-010  -1.461349e-009  3.817107e-010  2.421977e-009  -4.882565e-010  -1.847252e-009  -0.000000e+000  -0.000000e+000  
-0.000000e+000  -0.000000e+000  -0.000000e+000  -0.000000e+000  -0.000000e+000  -0.000000e+000  -0.000000e+000  -0.000000e+000  -0.000000e+000  -0.000000e+000  -0.000000e+000  -0.000000e+000  -0.000000e+000  -0.000000e+000  -0.000000e+000  -0.000000e+000  
-0.000000e+000  -0.000000e+000  -0.000000e+000  -0.000000e+000  -0.000000e+000  -0.000000e+000  -0.000000e+000  -0.000000e+000  -0.000000e+000  -0.000000e+000  -0.000000e+000  -0.000000e+000  -0.000000e+000  -0.000000e+000  -0.000000e+000  -0.000000e+000  

0.000000e+000  0.000000e+000  0.000000e+000  0.000000e+000  0.000000e+000  0.000000e+000  0.000000e+000  0.000000e+000  0.000000e+000  0.000000e+000  0.000000e+000  0.000000e+000  0.000000e+000  0.000000e+000  0.000000e+000  0.000000e+000  
0.000000e+000  0.000000e+000  0.000000e+000  0.000000e+000  0.000000e+000  0.000000e+000  0.000000e+000  0.000000e+000  0.000000e+000  0.000000e+000  0.000000e+000  0.000000e+000  0.000000e+000  0.000000e+000  0.000000e+000  0.000000e+000  
0.000000e+000  0.000000e+000  0.000000e+000  0.000000e+000  0.000000e+000  0.000000e+000  0.000000e+000  0.000000e+000  0.000000e+000  0.000000e+000  0.000000e+000  0.000000e+000  0.000000e+000  0.000000e+000  0.000000e+000  0.000000e+000  
0.000000e+000  0.000000e+000  0.000000e+000  0.000000e+000  0.000000e+000  0.000000e+000  0.000000e+000  0.000000e+000  0.000000e+000  0.000000e+000  0.000000e+000  0.000000e+000  0.000000e+000  0.000000e+000  0.000000e+000  0.000000e+000  
0.000000e+000  0.000000e+000  0.000000e+000  0.000000e+000  0.000000e+000  0.000000e+000  0.000000e+000  0.000000e+000  0.000000e+000  0.000000e+000  0.000000e+000  0.000000e+000  0.000000e+000  0.000000e+000  0.000000e+000  0.000000e+000  
0.000000e+000  0.000000e+000  0.000000e+000  0.000000e+000  0.000000e+000  0.000000e+000  0.000000e+000  0.000000e+000  0.000000e+000  0.000000e+000  0.000000e+000  0.000000e+000  0.000000e+000  0.000000e+000  0.000000e+000  0.000000e+000  
0.000000e+000  0.000000e+000  0.000000e+000  0.000000e+000  0.000000e+000  0.000000e+000  0.000000e+000  0.000000e+000  0.000000e+000  0.000000e+000  0.000000e+000  0.000000e+000  0.000000e+000  0.000000e+000  0.000000e+000  0.000000e+000  
0.000000e+000  0.000000e+000  0.000000e+000  0.000000e+000  0.000000e+000  0.000000e+000  0.000000e+000  0.000000e+000  0.000000e+000  0.000000e+000  0.000000e+000  0.000000e+000  0.000000e+000  0.000000e+000  0.000000e+000  0.000000e+000  
0.000000e+000  0.000000e+000  0.000000e+000  0.000000e+000  0.000000e+000  0.000000e+000  0.000000e+000  0.000000e+000  0.000000e+000  0.000000e+000  0.000000e+000  0.000000e+000  0.000000e+000  0.000000e+000  0.000000e+000  0.000000e+000  
0.000000e+000  0.000000e+000  0.000000e+000  0.000000e+000  0.000000e+000  0.000000e+000  0.000000e+000  0.000000e+000  0.000000e+000  0.000000e+000  0.000000e+000  0.000000e+000  0.000000e+000  0.000000e+000  0.000000e+000  0.000000e+000  

0.000000e+000  0.000000e+000  0.000000e+000  0.000000e+000  0.000000e+000  0.000000e+000  0.000000e+000  0.000000e+000  0.000000e+000  0.000000e+000  0.000000e+000  0.000000e+000  0.000000e+000  0.000000e+000  0.000000e+000  0.000000e+000  
0.000000e+000  0.000000e+000  0.000000e+000  0.000000e+000  0.000000e+000  0.000000e+000  0.000000e+000  0.000000e+000  0.000000e+000  0.000000e+000  0.000000e+000  0.000000e+000  0.000000e+000  0.000000e+000  0.000000e+000  0.000000e+000  
0.000000e+000  0.000000e+000  0.000000e+000  0.000000e+000  0.000000e+000  0.000000e+000  0.000000e+000  0.000000e+000  0.000000e+000  0.000000e+000  0.000000e+000  0.000000e+000  0.000000e+000  0.000000e+000  0.000000e+000  0.000000e+000  
0.000000e+000  0.000000e+000  0.000000e+000  0.000000e+000  0.000000e+000  0.000000e+000  0.000000e+000  0.000000e+000  0.000000e+000  0.000000e+000  0.000000e+000  0.000000e+000  0.000000e+000  0.000000e+000  0.000000e+000  0.000000e+000  
0.000000e+000  0.000000e+000  0.000000e+000  0.000000e+000  0.000000e+000  0.000000e+000  0.000000e+000  0.000000e+000  0.000000e+000  0.000000e+000  0.000000e+000  0.000000e+000  0.000000e+000  0.000000e+000  0.000000e+000  0.000000e+000  
0.000000e+000  0.000000e+000  0.000000e+000  0.000000e+000  0.000000e+000  0.000000e+000  0.000000e+000  0.000000e+000  0.000000e+000  0.000000e+000  0.000000e+000  0.000000e+000  0.000000e+000  0.000000e+000  0.000000e+000  0.000000e+000  
0.000000e+000  0.000000e+000  0.000000e+000  0.000000e+000  0.000000e+000  0.000000e+000  0.000000e+000  0.000000e+000  0.000000e+000  0.000000e+000  0.000000e+000  0.000000e+000  0.000000e+000  0.000000e+000  0.000000e+000  0.000000e+000  
0.000000e+000  0.000000e+000  0.000000e+000  0.000000e+000  0.000000e+000  0.000000e+000  0.000000e+000  0.000000e+000  0.000000e+000  0.000000e+000  0.000000e+000  0.000000e+000  0.000000e+000  0.000000e+000  0.000000e+000  0.000000e+000  
0.000000e+000  0.000000e+000  0.000000e+000  0.000000e+000  0.000000e+000  0.000000e+000  0.000000e+000  0.000000e+000  0.000000e+000  0.000000e+000  0.000000e+000  0.000000e+000  0.000000e+000  0.000000e+000  0.000000e+000  0.000000e+000  
0.000000e+000  0.000000e+000  0.000000e+000  0.000000e+000  0.000000e+000  0.000000e+000  0.000000e+000  0.000000e+000  0.000000e+000  0.000000e+000  0.000000e+000  0.000000e+000  0.000000e+000  0.000000e+000  0.000000e+000  0.000000e+000  

0.000000e+000  0.000000e+000  0.000000e+000  0.000000e+000  0.000000e+000  0.000000e+000  0.000000e+000  0.000000e+000  0.000000e+000  0.000000e+000  0.000000e+000  0.000000e+000  0.000000e+000  0.000000e+000  0.000000e+000  0.000000e+000  
0.000000e+000  0.000000e+000  0.000000e+000  0.000000e+000  0.000000e+000  0.000000e+000  0.000000e+000  0.000000e+000  0.000000e+000  0.000000e+000  0.000000e+000  0.000000e+000  0.000000e+000  0.000000e+000  0.000000e+000  0.000000e+000  
0.000000e+000  0.000000e+000  0.000000e+000  0.000000e+000  0.000000e+000  0.000000e+000  0.000000e+000  0.000000e+000  0.000000e+000  0.000000e+000  0.000000e+000  0.000000e+000  0.000000e+000  0.000000e+000  0.000000e+000  0.000000e+000  
0.000000e+000  0.000000e+000  0.000000e+000  0.000000e+000  0.000000e+000  0.000000e+000  0.000000e+000  0.000000e+000  0.000000e+000  0.000000e+000  0.000000e+000  0.000000e+000  0.000000e+000  0.000000e+000  0.000000e+000  0.000000e+000  
0.000000e+000  0.000000e+000  0.000000e+000  0.000000e+000  0.000000e+000  0.000000e+000  0.000000e+000  0.000000e+000  0.000000e+000  0.000000e+000  0.000000e+000  0.000000e+000  0.000000e+000  0.000000e+000  0.000000e+000  0.000000e+000  
0.000000e+000  0.000000e+000  0.000000e+000  0.000000e+000  0.000000e+000  0.000000e+000  0.000000e+000  0.000000e+000  0.000000e+000  0.000000e+000  0.000000e+000  0.000000e+000  0.000000e+000  0.000000e+000  0.000000e+000  0.000000e+000  
0.000000e+000  0.000000e+000  0.000000e+000  0.000000e+000  0.000000e+000  0.000000e+000  0.000000e+000  0.000000e+000  0.000000e+000  0.000000e+000  0.000000e+000  0.000000e+000  0.000000e+000  0.000000e+000  0.000000e+000  0.000000e+000  
0.000000e+000  0.000000e+000  0.000000e+000  0.000000e+000  0.000000e+000  0.000000e+000  0.000000e+000  0.000000e+000  0.000000e+000  0.000000e+000  0.000000e+000  0.000000e+000  0.000000e+000  0.000000e+000  0.000000e+000  0.000000e+000  
0.000000e+000  0.000000e+000  0.000000e+000  0.000000e+000  0.000000e+000  0.000000e+000  0.000000e+000  0.000000e+000  0.000000e+000  0.000000e+000  0.000000e+000  0.000000e+000  0.000000e+000  0.000000e+000  0.000000e+000  0.000000e+000  
0.000000e+000  0.000000e+000  0.000000e+000  0.000000e+000  0.000000e+000  0.000000e+000  0.000000e+000  0.000000e+000  0.000000e+000  0.000000e+000  0.000000e+000  0.000000e+000  0.000000e+000  0.000000e+000  0.000000e+000  0.000000e+000  

0.000000e+000  0.000000e+000  0.000000e+000  0.000000e+000  0.000000e+000  0.000000e+000  0.000000e+000  0.000000e+000  0.000000e+000  0.000000e+000  0.000000e+000  0.000000e+000  0.000000e+000  0.000000e+000  0.000000e+000  0.000000e+000  
0.000000e+000  1.016634e+001  9.798974e+000  9.077517e+000  7.706010e+000  5.079772e+000  1.589769e+000  -2.105592e+000  -5.278190e+000  -7.242201e+000  -8.483363e+000  -9.417974e+000  -9.957517e+000  -1.020287e+001  0.000000e+000  0.000000e+000  
0.000000e+000  1.016634e+001  9.798974e+000  9.077517e+000  7.706010e+000  5.079772e+000  1.589769e+000  -2.105592e+000  -5.278190e+000  -7.242201e+000  -8.483363e+000  -9.417974e+000  -9.957517e+000  -1.020287e+001  0.000000e+000  0.000000e+000  
0.000000e+000  1.016634e+001  9.798974e+000  9.077517e+000  7.706010e+000  5.079772e+000  1.589769e+000  -2.105592e+000  -5.278190e+000  -7.242201e+000  -8.483363e+000  -9.417974e+000  -9.957517e+000  -1.020287e+001  0.000000e+000  0.000000e+000  
0.000000e+000  1.016634e+001  9.798974e+000  9.077517e+000  7.706010e+000  5.079772e+000  1.589769e+000  -2.105592e+000  -5.278190e+000  -7.242201e+000  -8.483363e+000  -9.417974e+000  -9.957517e+000  -1.020287e+001  0.000000e+000  0.000000e+000  
0.000000e+000  1.016634e+001  9.798974e+000  9.077517e+000  7.706010e+000  5.079772e+000  1.589769e+000  -2.105592e+000  -5.278190e+000  -7.242201e+000  -8.483363e+000  -9.417974e+000  -9.957517e+000  -1.020287e+001  0.000000e+000  0.000000e+000  
0.000000e+000  1.016634e+001  9.798974e+000  9.077517e+000  7.706010e+000  5.079772e+000  1.589769e+000  -2.105592e+000  -5.278190e+000  -7.242201e+000  -8.483363e+000  -9.417974e+000  -9.957517e+000  -1.020287e+001  0.000000e+000  0.000000e+000  
0.000000e+000  1.016634e+001  9.798974e+000  9.077517e+000  7.706010e+000  5.079772e+000  1.589769e+000  -2.105592e+000  -5.278190e+000  -7.242201e+000  -8.483363e+000  -9.417974e+000  -9.957517e+000  -1.020287e+001  0.000000e+000  0.000000e+000  
0.000000e+000  0.000000e+000  0.000000e+000  0.000000e+000  0.000000e+000  0.000000e+000  0.000000e+000  0.000000e+000  0.000000e+000  0.000000e+000  0.000000e+000  0.000000e+000  0.000000e+000  0.000000e+000  0.000000e+000  0.000000e+000  
0.000000e+000  0.000000e+000  0.000000e+000  0.000000e+000  0.000000e+000  0.000000e+000  0.000000e+000  0.000000e+000  0.000000e+000  0.000000e+000  0.000000e+000  0.000000e+000  0.000000e+000  0.000000e+000  0.000000e+000  0.000000e+000  

